<?xml version="1.0" encoding="utf-8"?>
<!DOCTYPE coverage SYSTEM "http://cobertura.sourceforge.net/xml/coverage-04.dtd">
<coverage line-rate="0.863113897596656" branch-rate="0.805479452054795" lines-covered="3304" lines-valid="3828" branches-covered="294" branches-valid="365" complexity="920" version="0" timestamp="1708346350">
  <sources>
    <source>C:\Users\Ekste\</source>
  </sources>
  <packages>
    <package name="EstablishmentProject.test" line-rate="0.892978208232446" branch-rate="0.714285714285714" complexity="290">
      <classes>
        <class name="AutoGeneratedProgram" filename="C:\Users\Ekste\.nuget\packages\microsoft.net.test.sdk\17.5.0\build\netcoreapp3.1\Microsoft.NET.Test.Sdk.Program.cs" line-rate="0" branch-rate="1" complexity="1">
          <methods>
            <method name="Main" signature="(...)" line-rate="0" branch-rate="1" complexity="1">
              <lines>
                <line number="4" hits="0" branch="false" />
              </lines>
            </method>
          </methods>
          <lines>
            <line number="4" hits="0" branch="false" />
          </lines>
        </class>
        <class name="BaseIntegrationTest" filename="C:\Users\Ekste\Documents\GitHub\EstablishmentProject\Backend_test\BaseIntegrationTest.cs" line-rate="1" branch-rate="1" complexity="2">
          <methods>
            <method name="clearDatabase" signature="()" line-rate="1" branch-rate="1" complexity="1">
              <lines>
                <line number="23" hits="17" branch="false" />
                <line number="24" hits="17" branch="false" />
                <line number="25" hits="17" branch="false" />
                <line number="26" hits="17" branch="false" />
              </lines>
            </method>
            <method name=".ctor" signature="(...)" line-rate="1" branch-rate="1" complexity="1">
              <lines>
                <line number="14" hits="26" branch="false" />
                <line number="15" hits="26" branch="false" />
                <line number="16" hits="26" branch="false" />
                <line number="17" hits="26" branch="false" />
                <line number="18" hits="26" branch="false" />
                <line number="19" hits="26" branch="false" />
                <line number="20" hits="26" branch="false" />
              </lines>
            </method>
          </methods>
          <lines>
            <line number="14" hits="26" branch="false" />
            <line number="15" hits="26" branch="false" />
            <line number="16" hits="26" branch="false" />
            <line number="17" hits="26" branch="false" />
            <line number="18" hits="26" branch="false" />
            <line number="19" hits="26" branch="false" />
            <line number="20" hits="26" branch="false" />
            <line number="23" hits="17" branch="false" />
            <line number="24" hits="17" branch="false" />
            <line number="25" hits="17" branch="false" />
            <line number="26" hits="17" branch="false" />
          </lines>
        </class>
        <class name="Clustering_TimeOfVisit_TotalPrice_Test" filename="C:\Users\Ekste\Documents\GitHub\EstablishmentProject\Backend_test\Application_Test\Handlers_Test\Clustering\Clustering_TimeOfVisit_TotalPrice_Test.cs" line-rate="0.932432432432432" branch-rate="0.9375" complexity="18">
          <methods>
            <method name="Arrange_SimpleButRandomSales" signature="()" line-rate="0.857142857142857" branch-rate="0.916666666666667" complexity="12">
              <lines>
                <line number="71" hits="1" branch="false" />
                <line number="72" hits="1" branch="false" />
                <line number="73" hits="1" branch="false" />
                <line number="74" hits="1" branch="false" />
                <line number="76" hits="1" branch="false" />
                <line number="77" hits="1" branch="false" />
                <line number="79" hits="115" branch="true" condition-coverage="100% (2/2)" />
                <line number="80" hits="56" branch="false" />
                <line number="81" hits="2016" branch="true" condition-coverage="100% (2/2)" />
                <line number="82" hits="952" branch="false" />
                <line number="83" hits="952" branch="true" condition-coverage="100% (2/2)" />
                <line number="84" hits="350" branch="false" />
                <line number="85" hits="350" branch="false" />
                <line number="86" hits="350" branch="false" />
                <line number="87" hits="350" branch="false" />
                <line number="88" hits="350" branch="false" />
                <line number="89" hits="602" branch="true" condition-coverage="100% (4/4)" />
                <line number="90" hits="119" branch="false" />
                <line number="91" hits="119" branch="false" />
                <line number="92" hits="119" branch="false" />
                <line number="93" hits="119" branch="false" />
                <line number="94" hits="119" branch="false" />
                <line number="95" hits="483" branch="true" condition-coverage="50% (1/2)" />
                <line number="96" hits="0" branch="false" />
                <line number="97" hits="0" branch="false" />
                <line number="98" hits="0" branch="false" />
                <line number="99" hits="0" branch="false" />
                <line number="100" hits="0" branch="false" />
                <line number="101" hits="952" branch="false" />
                <line number="102" hits="56" branch="false" />
                <line number="104" hits="1" branch="false" />
                <line number="105" hits="1" branch="false" />
                <line number="106" hits="1" branch="false" />
                <line number="107" hits="1" branch="false" />
                <line number="108" hits="1" branch="false" />
              </lines>
            </method>
            <method name="timeVariance" signature="(...)" line-rate="1" branch-rate="1" complexity="1">
              <lines>
                <line number="111" hits="469" branch="false" />
                <line number="112" hits="469" branch="false" />
                <line number="113" hits="469" branch="false" />
              </lines>
            </method>
            <method name=".ctor" signature="()" line-rate="1" branch-rate="1" complexity="1">
              <lines>
                <line number="15" hits="1" branch="false" />
                <line number="19" hits="1" branch="false" />
                <line number="22" hits="1" branch="false" />
                <line number="23" hits="1" branch="false" />
                <line number="24" hits="1" branch="false" />
                <line number="25" hits="1" branch="false" />
                <line number="26" hits="1" branch="false" />
                <line number="29" hits="1" branch="false" />
                <line number="30" hits="1" branch="false" />
                <line number="31" hits="1" branch="false" />
                <line number="32" hits="1" branch="false" />
                <line number="33" hits="1" branch="false" />
                <line number="34" hits="1" branch="false" />
                <line number="35" hits="1" branch="false" />
                <line number="36" hits="1" branch="false" />
              </lines>
            </method>
            <method name="Cluster_WithLargeTimeBandwith_ShouldCreateClustersWithOnlyOneTypeOfItem" signature="()" line-rate="1" branch-rate="1" complexity="4">
              <lines>
                <line number="40" hits="1" branch="false" />
                <line number="42" hits="1" branch="false" />
                <line number="44" hits="1" branch="false" />
                <line number="45" hits="1" branch="false" />
                <line number="46" hits="1" branch="false" />
                <line number="47" hits="1" branch="false" />
                <line number="48" hits="1" branch="false" />
                <line number="49" hits="469" branch="false" />
                <line number="50" hits="1" branch="false" />
                <line number="51" hits="1" branch="false" />
                <line number="54" hits="1" branch="false" />
                <line number="57" hits="110692" branch="false" />
                <line number="58" hits="477" branch="false" />
                <line number="61" hits="17" branch="true" condition-coverage="100% (2/2)" />
                <line number="62" hits="7" branch="false" />
                <line number="63" hits="959" branch="true" condition-coverage="100% (2/2)" />
                <line number="64" hits="469" branch="false" />
                <line number="65" hits="469" branch="false" />
                <line number="66" hits="469" branch="false" />
                <line number="67" hits="7" branch="false" />
                <line number="68" hits="1" branch="false" />
              </lines>
            </method>
          </methods>
          <lines>
            <line number="15" hits="1" branch="false" />
            <line number="19" hits="1" branch="false" />
            <line number="22" hits="1" branch="false" />
            <line number="23" hits="1" branch="false" />
            <line number="24" hits="1" branch="false" />
            <line number="25" hits="1" branch="false" />
            <line number="26" hits="1" branch="false" />
            <line number="29" hits="1" branch="false" />
            <line number="30" hits="1" branch="false" />
            <line number="31" hits="1" branch="false" />
            <line number="32" hits="1" branch="false" />
            <line number="33" hits="1" branch="false" />
            <line number="34" hits="1" branch="false" />
            <line number="35" hits="1" branch="false" />
            <line number="36" hits="1" branch="false" />
            <line number="40" hits="1" branch="false" />
            <line number="42" hits="1" branch="false" />
            <line number="44" hits="1" branch="false" />
            <line number="45" hits="1" branch="false" />
            <line number="46" hits="1" branch="false" />
            <line number="47" hits="1" branch="false" />
            <line number="48" hits="1" branch="false" />
            <line number="49" hits="469" branch="false" />
            <line number="50" hits="1" branch="false" />
            <line number="51" hits="1" branch="false" />
            <line number="54" hits="1" branch="false" />
            <line number="57" hits="110692" branch="false" />
            <line number="58" hits="477" branch="false" />
            <line number="61" hits="17" branch="true" condition-coverage="100% (2/2)" />
            <line number="62" hits="7" branch="false" />
            <line number="63" hits="959" branch="true" condition-coverage="100% (2/2)" />
            <line number="64" hits="469" branch="false" />
            <line number="65" hits="469" branch="false" />
            <line number="66" hits="469" branch="false" />
            <line number="67" hits="7" branch="false" />
            <line number="68" hits="1" branch="false" />
            <line number="71" hits="1" branch="false" />
            <line number="72" hits="1" branch="false" />
            <line number="73" hits="1" branch="false" />
            <line number="74" hits="1" branch="false" />
            <line number="76" hits="1" branch="false" />
            <line number="77" hits="1" branch="false" />
            <line number="79" hits="115" branch="true" condition-coverage="100% (2/2)" />
            <line number="80" hits="56" branch="false" />
            <line number="81" hits="2016" branch="true" condition-coverage="100% (2/2)" />
            <line number="82" hits="952" branch="false" />
            <line number="83" hits="952" branch="true" condition-coverage="100% (2/2)" />
            <line number="84" hits="350" branch="false" />
            <line number="85" hits="350" branch="false" />
            <line number="86" hits="350" branch="false" />
            <line number="87" hits="350" branch="false" />
            <line number="88" hits="350" branch="false" />
            <line number="89" hits="602" branch="true" condition-coverage="100% (4/4)" />
            <line number="90" hits="119" branch="false" />
            <line number="91" hits="119" branch="false" />
            <line number="92" hits="119" branch="false" />
            <line number="93" hits="119" branch="false" />
            <line number="94" hits="119" branch="false" />
            <line number="95" hits="483" branch="true" condition-coverage="50% (1/2)" />
            <line number="96" hits="0" branch="false" />
            <line number="97" hits="0" branch="false" />
            <line number="98" hits="0" branch="false" />
            <line number="99" hits="0" branch="false" />
            <line number="100" hits="0" branch="false" />
            <line number="101" hits="952" branch="false" />
            <line number="102" hits="56" branch="false" />
            <line number="104" hits="1" branch="false" />
            <line number="105" hits="1" branch="false" />
            <line number="106" hits="1" branch="false" />
            <line number="107" hits="1" branch="false" />
            <line number="108" hits="1" branch="false" />
            <line number="111" hits="469" branch="false" />
            <line number="112" hits="469" branch="false" />
            <line number="113" hits="469" branch="false" />
          </lines>
        </class>
        <class name="Clustering_TimeOfVisitVSLengthOfVisit_Test" filename="C:\Users\Ekste\Documents\GitHub\EstablishmentProject\Backend_test\Application_Test\Handlers_Test\Clustering\Clustering_TimeOfVisitVSLengthOfVisit_Test.cs" line-rate="0" branch-rate="0" complexity="2">
          <methods>
            <method name=".ctor" signature="()" line-rate="0" branch-rate="0" complexity="2">
              <lines>
                <line number="14" hits="0" branch="false" />
                <line number="15" hits="0" branch="false" />
                <line number="16" hits="0" branch="false" />
                <line number="17" hits="0" branch="false" />
                <line number="18" hits="0" branch="false" />
                <line number="20" hits="0" branch="false" />
                <line number="22" hits="0" branch="false" />
                <line number="23" hits="0" branch="false" />
                <line number="24" hits="0" branch="false" />
                <line number="26" hits="0" branch="false" />
                <line number="28" hits="0" branch="false" />
                <line number="29" hits="0" branch="true" condition-coverage="0% (0/2)" />
                <line number="30" hits="0" branch="false" />
                <line number="32" hits="0" branch="false" />
                <line number="34" hits="0" branch="false" />
                <line number="35" hits="0" branch="false" />
                <line number="36" hits="0" branch="false" />
                <line number="37" hits="0" branch="false" />
                <line number="38" hits="0" branch="false" />
                <line number="40" hits="0" branch="false" />
              </lines>
            </method>
          </methods>
          <lines>
            <line number="14" hits="0" branch="false" />
            <line number="15" hits="0" branch="false" />
            <line number="16" hits="0" branch="false" />
            <line number="17" hits="0" branch="false" />
            <line number="18" hits="0" branch="false" />
            <line number="20" hits="0" branch="false" />
            <line number="22" hits="0" branch="false" />
            <line number="23" hits="0" branch="false" />
            <line number="24" hits="0" branch="false" />
            <line number="26" hits="0" branch="false" />
            <line number="28" hits="0" branch="false" />
            <line number="29" hits="0" branch="true" condition-coverage="0% (0/2)" />
            <line number="30" hits="0" branch="false" />
            <line number="32" hits="0" branch="false" />
            <line number="34" hits="0" branch="false" />
            <line number="35" hits="0" branch="false" />
            <line number="36" hits="0" branch="false" />
            <line number="37" hits="0" branch="false" />
            <line number="38" hits="0" branch="false" />
            <line number="40" hits="0" branch="false" />
          </lines>
        </class>
        <class name="EstablishmentProject.test.Algortihm.CrossCorrelationTest" filename="C:\Users\Ekste\Documents\GitHub\EstablishmentProject\Backend_test\Algortihm\CrossCorrelationTest.cs" line-rate="1" branch-rate="1" complexity="16">
          <methods>
            <method name="CommonArrange" signature="()" line-rate="1" branch-rate="1" complexity="2">
              <lines>
                <line number="18" hits="10" branch="false" />
                <line number="19" hits="10" branch="false" />
                <line number="20" hits="200" branch="true" condition-coverage="100% (2/2)" />
                <line number="21" hits="90" branch="false" />
                <line number="22" hits="90" branch="false" />
                <line number="23" hits="90" branch="false" />
                <line number="24" hits="10" branch="false" />
              </lines>
            </method>
            <method name="Analysis_WithPerfectData_ShouldReturn1" signature="()" line-rate="1" branch-rate="1" complexity="1">
              <lines>
                <line number="27" hits="1" branch="false" />
                <line number="29" hits="1" branch="false" />
                <line number="30" hits="1" branch="false" />
                <line number="33" hits="1" branch="false" />
                <line number="36" hits="1" branch="false" />
                <line number="37" hits="1" branch="false" />
                <line number="38" hits="1" branch="false" />
                <line number="39" hits="1" branch="false" />
              </lines>
            </method>
            <method name="Analysis_WithPerfectDataAndCrossing_ShouldReturn1AtLag1" signature="()" line-rate="1" branch-rate="1" complexity="1">
              <lines>
                <line number="43" hits="1" branch="false" />
                <line number="45" hits="1" branch="false" />
                <line number="46" hits="1" branch="false" />
                <line number="47" hits="1" branch="false" />
                <line number="48" hits="1" branch="false" />
                <line number="49" hits="1" branch="false" />
                <line number="50" hits="1" branch="false" />
                <line number="51" hits="12" branch="false" />
                <line number="54" hits="1" branch="false" />
                <line number="57" hits="1" branch="false" />
                <line number="58" hits="1" branch="false" />
                <line number="59" hits="1" branch="false" />
                <line number="60" hits="1" branch="false" />
              </lines>
            </method>
            <method name="Analysis_WithPerfectConstantOffsetData" signature="()" line-rate="1" branch-rate="1" complexity="1">
              <lines>
                <line number="65" hits="1" branch="false" />
                <line number="66" hits="1" branch="false" />
                <line number="67" hits="1" branch="false" />
                <line number="68" hits="10" branch="false" />
                <line number="71" hits="1" branch="false" />
                <line number="74" hits="1" branch="false" />
                <line number="75" hits="1" branch="false" />
                <line number="76" hits="1" branch="false" />
                <line number="77" hits="1" branch="false" />
              </lines>
            </method>
            <method name="Analysis_WithPerfectWithScalingFactorOffset_ShouldReturn1" signature="()" line-rate="1" branch-rate="1" complexity="1">
              <lines>
                <line number="81" hits="1" branch="false" />
                <line number="82" hits="1" branch="false" />
                <line number="83" hits="1" branch="false" />
                <line number="84" hits="10" branch="false" />
                <line number="87" hits="1" branch="false" />
                <line number="90" hits="1" branch="false" />
                <line number="91" hits="1" branch="false" />
                <line number="92" hits="1" branch="false" />
                <line number="93" hits="1" branch="false" />
              </lines>
            </method>
            <method name="Analysis_WithPerfectInvertedData_ShouldReturn1" signature="()" line-rate="1" branch-rate="1" complexity="1">
              <lines>
                <line number="97" hits="1" branch="false" />
                <line number="98" hits="1" branch="false" />
                <line number="99" hits="1" branch="false" />
                <line number="100" hits="10" branch="false" />
                <line number="103" hits="1" branch="false" />
                <line number="106" hits="1" branch="false" />
                <line number="107" hits="1" branch="false" />
                <line number="108" hits="1" branch="false" />
                <line number="109" hits="1" branch="false" />
              </lines>
            </method>
            <method name="Analysis_WithMonotonicAllignedNormalAndSinusDistribution_ShouldReturn1" signature="()" line-rate="1" branch-rate="1" complexity="2">
              <lines>
                <line number="112" hits="1" branch="false" />
                <line number="113" hits="1" branch="false" />
                <line number="114" hits="1" branch="false" />
                <line number="115" hits="1" branch="false" />
                <line number="116" hits="20" branch="true" condition-coverage="100% (2/2)" />
                <line number="117" hits="9" branch="false" />
                <line number="118" hits="9" branch="false" />
                <line number="119" hits="9" branch="false" />
                <line number="122" hits="1" branch="false" />
                <line number="125" hits="1" branch="false" />
                <line number="126" hits="1" branch="false" />
                <line number="127" hits="1" branch="false" />
                <line number="128" hits="1" branch="false" />
              </lines>
            </method>
            <method name="Analysis_WithRandomAndChaoticData_ShouldNotReturn1" signature="()" line-rate="1" branch-rate="1" complexity="2">
              <lines>
                <line number="132" hits="1" branch="false" />
                <line number="133" hits="1" branch="false" />
                <line number="134" hits="1" branch="false" />
                <line number="135" hits="1" branch="false" />
                <line number="136" hits="20" branch="true" condition-coverage="100% (2/2)" />
                <line number="137" hits="9" branch="false" />
                <line number="138" hits="9" branch="false" />
                <line number="139" hits="9" branch="false" />
                <line number="140" hits="9" branch="false" />
                <line number="143" hits="1" branch="false" />
                <line number="146" hits="1" branch="false" />
                <line number="147" hits="1" branch="false" />
              </lines>
            </method>
            <method name="Analysis_WithEmptyLists_ShouldThrowException" signature="()" line-rate="1" branch-rate="1" complexity="1">
              <lines>
                <line number="152" hits="1" branch="false" />
                <line number="153" hits="1" branch="false" />
                <line number="154" hits="1" branch="false" />
                <line number="157" hits="2" branch="false" />
                <line number="160" hits="1" branch="false" />
                <line number="161" hits="1" branch="false" />
              </lines>
            </method>
            <method name="Analysis_WithShiftingListShorterThanReferenceList_ShouldThrowException" signature="()" line-rate="1" branch-rate="1" complexity="1">
              <lines>
                <line number="165" hits="1" branch="false" />
                <line number="166" hits="1" branch="false" />
                <line number="167" hits="1" branch="false" />
                <line number="168" hits="1" branch="false" />
                <line number="171" hits="2" branch="false" />
                <line number="174" hits="1" branch="false" />
                <line number="175" hits="1" branch="false" />
              </lines>
            </method>
            <method name="Analysis_WithDataWithOnlyOneValue_ShouldThrowException" signature="()" line-rate="1" branch-rate="1" complexity="2">
              <lines>
                <line number="179" hits="1" branch="false" />
                <line number="181" hits="1" branch="false" />
                <line number="182" hits="1" branch="false" />
                <line number="183" hits="20" branch="true" condition-coverage="100% (2/2)" />
                <line number="184" hits="9" branch="false" />
                <line number="185" hits="9" branch="false" />
                <line number="186" hits="9" branch="false" />
                <line number="187" hits="9" branch="false" />
                <line number="189" hits="2" branch="false" />
                <line number="192" hits="1" branch="false" />
                <line number="193" hits="1" branch="false" />
              </lines>
            </method>
            <method name=".ctor" signature="()" line-rate="1" branch-rate="1" complexity="1">
              <lines>
                <line number="9" hits="10" branch="false" />
                <line number="12" hits="10" branch="false" />
                <line number="13" hits="10" branch="false" />
                <line number="14" hits="10" branch="false" />
                <line number="15" hits="10" branch="false" />
              </lines>
            </method>
          </methods>
          <lines>
            <line number="9" hits="10" branch="false" />
            <line number="12" hits="10" branch="false" />
            <line number="13" hits="10" branch="false" />
            <line number="14" hits="10" branch="false" />
            <line number="15" hits="10" branch="false" />
            <line number="18" hits="10" branch="false" />
            <line number="19" hits="10" branch="false" />
            <line number="20" hits="200" branch="true" condition-coverage="100% (2/2)" />
            <line number="21" hits="90" branch="false" />
            <line number="22" hits="90" branch="false" />
            <line number="23" hits="90" branch="false" />
            <line number="24" hits="10" branch="false" />
            <line number="27" hits="1" branch="false" />
            <line number="29" hits="1" branch="false" />
            <line number="30" hits="1" branch="false" />
            <line number="33" hits="1" branch="false" />
            <line number="36" hits="1" branch="false" />
            <line number="37" hits="1" branch="false" />
            <line number="38" hits="1" branch="false" />
            <line number="39" hits="1" branch="false" />
            <line number="43" hits="1" branch="false" />
            <line number="45" hits="1" branch="false" />
            <line number="46" hits="1" branch="false" />
            <line number="47" hits="1" branch="false" />
            <line number="48" hits="1" branch="false" />
            <line number="49" hits="1" branch="false" />
            <line number="50" hits="1" branch="false" />
            <line number="51" hits="12" branch="false" />
            <line number="54" hits="1" branch="false" />
            <line number="57" hits="1" branch="false" />
            <line number="58" hits="1" branch="false" />
            <line number="59" hits="1" branch="false" />
            <line number="60" hits="1" branch="false" />
            <line number="65" hits="1" branch="false" />
            <line number="66" hits="1" branch="false" />
            <line number="67" hits="1" branch="false" />
            <line number="68" hits="10" branch="false" />
            <line number="71" hits="1" branch="false" />
            <line number="74" hits="1" branch="false" />
            <line number="75" hits="1" branch="false" />
            <line number="76" hits="1" branch="false" />
            <line number="77" hits="1" branch="false" />
            <line number="81" hits="1" branch="false" />
            <line number="82" hits="1" branch="false" />
            <line number="83" hits="1" branch="false" />
            <line number="84" hits="10" branch="false" />
            <line number="87" hits="1" branch="false" />
            <line number="90" hits="1" branch="false" />
            <line number="91" hits="1" branch="false" />
            <line number="92" hits="1" branch="false" />
            <line number="93" hits="1" branch="false" />
            <line number="97" hits="1" branch="false" />
            <line number="98" hits="1" branch="false" />
            <line number="99" hits="1" branch="false" />
            <line number="100" hits="10" branch="false" />
            <line number="103" hits="1" branch="false" />
            <line number="106" hits="1" branch="false" />
            <line number="107" hits="1" branch="false" />
            <line number="108" hits="1" branch="false" />
            <line number="109" hits="1" branch="false" />
            <line number="112" hits="1" branch="false" />
            <line number="113" hits="1" branch="false" />
            <line number="114" hits="1" branch="false" />
            <line number="115" hits="1" branch="false" />
            <line number="116" hits="20" branch="true" condition-coverage="100% (2/2)" />
            <line number="117" hits="9" branch="false" />
            <line number="118" hits="9" branch="false" />
            <line number="119" hits="9" branch="false" />
            <line number="122" hits="1" branch="false" />
            <line number="125" hits="1" branch="false" />
            <line number="126" hits="1" branch="false" />
            <line number="127" hits="1" branch="false" />
            <line number="128" hits="1" branch="false" />
            <line number="132" hits="1" branch="false" />
            <line number="133" hits="1" branch="false" />
            <line number="134" hits="1" branch="false" />
            <line number="135" hits="1" branch="false" />
            <line number="136" hits="20" branch="true" condition-coverage="100% (2/2)" />
            <line number="137" hits="9" branch="false" />
            <line number="138" hits="9" branch="false" />
            <line number="139" hits="9" branch="false" />
            <line number="140" hits="9" branch="false" />
            <line number="143" hits="1" branch="false" />
            <line number="146" hits="1" branch="false" />
            <line number="147" hits="1" branch="false" />
            <line number="152" hits="1" branch="false" />
            <line number="153" hits="1" branch="false" />
            <line number="154" hits="1" branch="false" />
            <line number="157" hits="2" branch="false" />
            <line number="160" hits="1" branch="false" />
            <line number="161" hits="1" branch="false" />
            <line number="165" hits="1" branch="false" />
            <line number="166" hits="1" branch="false" />
            <line number="167" hits="1" branch="false" />
            <line number="168" hits="1" branch="false" />
            <line number="171" hits="2" branch="false" />
            <line number="174" hits="1" branch="false" />
            <line number="175" hits="1" branch="false" />
            <line number="179" hits="1" branch="false" />
            <line number="181" hits="1" branch="false" />
            <line number="182" hits="1" branch="false" />
            <line number="183" hits="20" branch="true" condition-coverage="100% (2/2)" />
            <line number="184" hits="9" branch="false" />
            <line number="185" hits="9" branch="false" />
            <line number="186" hits="9" branch="false" />
            <line number="187" hits="9" branch="false" />
            <line number="189" hits="2" branch="false" />
            <line number="192" hits="1" branch="false" />
            <line number="193" hits="1" branch="false" />
          </lines>
        </class>
        <class name="EstablishmentProject.test.Algortihm.MeanShiftClusteringTest" filename="C:\Users\Ekste\Documents\GitHub\EstablishmentProject\Backend_test\Algortihm\MeanShiftClusteringTest.cs" line-rate="1" branch-rate="0.6875" complexity="17">
          <methods>
            <method name="Cluster_ReturnsCorrectClusters" signature="()" line-rate="1" branch-rate="0.833333333333333" complexity="6">
              <lines>
                <line number="11" hits="1" branch="false" />
                <line number="13" hits="1" branch="false" />
                <line number="14" hits="1" branch="false" />
                <line number="15" hits="1" branch="false" />
                <line number="16" hits="1" branch="false" />
                <line number="17" hits="1" branch="false" />
                <line number="18" hits="1" branch="false" />
                <line number="19" hits="1" branch="false" />
                <line number="20" hits="1" branch="false" />
                <line number="21" hits="1" branch="false" />
                <line number="22" hits="1" branch="false" />
                <line number="24" hits="1" branch="false" />
                <line number="27" hits="1" branch="false" />
                <line number="30" hits="1" branch="false" />
                <line number="31" hits="2" branch="true" condition-coverage="50% (1/2)" />
                <line number="32" hits="3" branch="true" condition-coverage="100% (2/2)" />
                <line number="33" hits="4" branch="true" condition-coverage="100% (2/2)" />
                <line number="34" hits="1" branch="false" />
              </lines>
            </method>
            <method name="Cluster_EmptyInput_ReturnsEmptyClusters" signature="()" line-rate="1" branch-rate="1" complexity="1">
              <lines>
                <line number="38" hits="1" branch="false" />
                <line number="40" hits="1" branch="false" />
                <line number="41" hits="1" branch="false" />
                <line number="44" hits="1" branch="false" />
                <line number="47" hits="1" branch="false" />
                <line number="48" hits="1" branch="false" />
              </lines>
            </method>
            <method name="Cluster_SingleClusterScenario_ReturnsSingleCluster" signature="()" line-rate="1" branch-rate="0.5" complexity="4">
              <lines>
                <line number="52" hits="1" branch="false" />
                <line number="54" hits="1" branch="false" />
                <line number="55" hits="1" branch="false" />
                <line number="56" hits="1" branch="false" />
                <line number="57" hits="1" branch="false" />
                <line number="58" hits="1" branch="false" />
                <line number="59" hits="1" branch="false" />
                <line number="61" hits="1" branch="false" />
                <line number="64" hits="1" branch="false" />
                <line number="67" hits="1" branch="false" />
                <line number="68" hits="2" branch="true" condition-coverage="50% (2/4)" />
                <line number="69" hits="1" branch="false" />
              </lines>
            </method>
            <method name="Cluster_LargeBandwidth_ReturnsSingleCluster" signature="()" line-rate="1" branch-rate="0.5" complexity="4">
              <lines>
                <line number="73" hits="1" branch="false" />
                <line number="75" hits="1" branch="false" />
                <line number="76" hits="1" branch="false" />
                <line number="77" hits="1" branch="false" />
                <line number="78" hits="1" branch="false" />
                <line number="79" hits="1" branch="false" />
                <line number="80" hits="1" branch="false" />
                <line number="82" hits="1" branch="false" />
                <line number="85" hits="1" branch="false" />
                <line number="88" hits="1" branch="false" />
                <line number="89" hits="2" branch="true" condition-coverage="50% (2/4)" />
                <line number="90" hits="1" branch="false" />
              </lines>
            </method>
            <method name="Cluster_2DNormalCenteredMass" signature="()" line-rate="1" branch-rate="1" complexity="2">
              <lines>
                <line number="94" hits="1" branch="false" />
                <line number="96" hits="1" branch="false" />
                <line number="97" hits="1" branch="false" />
                <line number="98" hits="1" branch="false" />
                <line number="100" hits="1" branch="false" />
                <line number="101" hits="202" branch="true" condition-coverage="100% (2/2)" />
                <line number="102" hits="100" branch="false" />
                <line number="104" hits="100" branch="false" />
                <line number="105" hits="100" branch="false" />
                <line number="106" hits="100" branch="false" />
                <line number="107" hits="101" branch="false" />
                <line number="109" hits="1" branch="false" />
                <line number="112" hits="1" branch="false" />
                <line number="115" hits="1" branch="false" />
                <line number="116" hits="1" branch="false" />
                <line number="117" hits="1" branch="false" />
              </lines>
            </method>
          </methods>
          <lines>
            <line number="11" hits="1" branch="false" />
            <line number="13" hits="1" branch="false" />
            <line number="14" hits="1" branch="false" />
            <line number="15" hits="1" branch="false" />
            <line number="16" hits="1" branch="false" />
            <line number="17" hits="1" branch="false" />
            <line number="18" hits="1" branch="false" />
            <line number="19" hits="1" branch="false" />
            <line number="20" hits="1" branch="false" />
            <line number="21" hits="1" branch="false" />
            <line number="22" hits="1" branch="false" />
            <line number="24" hits="1" branch="false" />
            <line number="27" hits="1" branch="false" />
            <line number="30" hits="1" branch="false" />
            <line number="31" hits="2" branch="true" condition-coverage="50% (1/2)" />
            <line number="32" hits="3" branch="true" condition-coverage="100% (2/2)" />
            <line number="33" hits="4" branch="true" condition-coverage="100% (2/2)" />
            <line number="34" hits="1" branch="false" />
            <line number="38" hits="1" branch="false" />
            <line number="40" hits="1" branch="false" />
            <line number="41" hits="1" branch="false" />
            <line number="44" hits="1" branch="false" />
            <line number="47" hits="1" branch="false" />
            <line number="48" hits="1" branch="false" />
            <line number="52" hits="1" branch="false" />
            <line number="54" hits="1" branch="false" />
            <line number="55" hits="1" branch="false" />
            <line number="56" hits="1" branch="false" />
            <line number="57" hits="1" branch="false" />
            <line number="58" hits="1" branch="false" />
            <line number="59" hits="1" branch="false" />
            <line number="61" hits="1" branch="false" />
            <line number="64" hits="1" branch="false" />
            <line number="67" hits="1" branch="false" />
            <line number="68" hits="2" branch="true" condition-coverage="50% (2/4)" />
            <line number="69" hits="1" branch="false" />
            <line number="73" hits="1" branch="false" />
            <line number="75" hits="1" branch="false" />
            <line number="76" hits="1" branch="false" />
            <line number="77" hits="1" branch="false" />
            <line number="78" hits="1" branch="false" />
            <line number="79" hits="1" branch="false" />
            <line number="80" hits="1" branch="false" />
            <line number="82" hits="1" branch="false" />
            <line number="85" hits="1" branch="false" />
            <line number="88" hits="1" branch="false" />
            <line number="89" hits="2" branch="true" condition-coverage="50% (2/4)" />
            <line number="90" hits="1" branch="false" />
            <line number="94" hits="1" branch="false" />
            <line number="96" hits="1" branch="false" />
            <line number="97" hits="1" branch="false" />
            <line number="98" hits="1" branch="false" />
            <line number="100" hits="1" branch="false" />
            <line number="101" hits="202" branch="true" condition-coverage="100% (2/2)" />
            <line number="102" hits="100" branch="false" />
            <line number="104" hits="100" branch="false" />
            <line number="105" hits="100" branch="false" />
            <line number="106" hits="100" branch="false" />
            <line number="107" hits="101" branch="false" />
            <line number="109" hits="1" branch="false" />
            <line number="112" hits="1" branch="false" />
            <line number="115" hits="1" branch="false" />
            <line number="116" hits="1" branch="false" />
            <line number="117" hits="1" branch="false" />
          </lines>
        </class>
        <class name="EstablishmentProject.test.Application.Handlers.Correlation.CrossCorrelationHandlerTest" filename="C:\Users\Ekste\Documents\GitHub\EstablishmentProject\Backend_test\Application_Test\Handlers_Test\Correlation\CrossCorrelationHandlerTest.cs" line-rate="0" branch-rate="1" complexity="2">
          <methods>
            <method name="createTestData" signature="()" line-rate="0" branch-rate="1" complexity="1">
              <lines>
                <line number="33" hits="0" branch="false" />
                <line number="34" hits="0" branch="false" />
                <line number="35" hits="0" branch="false" />
                <line number="36" hits="0" branch="false" />
                <line number="37" hits="0" branch="false" />
                <line number="38" hits="0" branch="false" />
                <line number="40" hits="0" branch="false" />
                <line number="41" hits="0" branch="false" />
                <line number="42" hits="0" branch="false" />
                <line number="44" hits="0" branch="false" />
                <line number="46" hits="0" branch="false" />
                <line number="47" hits="0" branch="false" />
              </lines>
            </method>
            <method name=".ctor" signature="(...)" line-rate="0" branch-rate="1" complexity="1">
              <lines>
                <line number="19" hits="0" branch="false" />
                <line number="20" hits="0" branch="false" />
                <line number="22" hits="0" branch="false" />
                <line number="23" hits="0" branch="false" />
                <line number="24" hits="0" branch="false" />
                <line number="25" hits="0" branch="false" />
                <line number="26" hits="0" branch="false" />
                <line number="30" hits="0" branch="false" />
              </lines>
            </method>
          </methods>
          <lines>
            <line number="19" hits="0" branch="false" />
            <line number="20" hits="0" branch="false" />
            <line number="22" hits="0" branch="false" />
            <line number="23" hits="0" branch="false" />
            <line number="24" hits="0" branch="false" />
            <line number="25" hits="0" branch="false" />
            <line number="26" hits="0" branch="false" />
            <line number="30" hits="0" branch="false" />
            <line number="33" hits="0" branch="false" />
            <line number="34" hits="0" branch="false" />
            <line number="35" hits="0" branch="false" />
            <line number="36" hits="0" branch="false" />
            <line number="37" hits="0" branch="false" />
            <line number="38" hits="0" branch="false" />
            <line number="40" hits="0" branch="false" />
            <line number="41" hits="0" branch="false" />
            <line number="42" hits="0" branch="false" />
            <line number="44" hits="0" branch="false" />
            <line number="46" hits="0" branch="false" />
            <line number="47" hits="0" branch="false" />
          </lines>
        </class>
        <class name="EstablishmentProject.test.Application_Test.Handlers_Test.Entities_Test.GetEstablishmentsHandler_Test" filename="C:\Users\Ekste\Documents\GitHub\EstablishmentProject\Backend_test\Application_Test\Handlers_Test\Entities_Test\GetEstablishmentsHandler_Test.cs" line-rate="1" branch-rate="1" complexity="5">
          <methods>
            <method name="createTestData" signature="()" line-rate="1" branch-rate="1" complexity="1">
              <lines>
                <line number="35" hits="3" branch="false" />
                <line number="36" hits="3" branch="false" />
                <line number="37" hits="3" branch="false" />
                <line number="38" hits="3" branch="false" />
                <line number="39" hits="3" branch="false" />
                <line number="40" hits="3" branch="false" />
                <line number="41" hits="3" branch="false" />
              </lines>
            </method>
            <method name=".ctor" signature="()" line-rate="1" branch-rate="1" complexity="1">
              <lines>
                <line number="21" hits="3" branch="false" />
                <line number="22" hits="3" branch="false" />
                <line number="24" hits="3" branch="false" />
                <line number="25" hits="3" branch="false" />
                <line number="28" hits="3" branch="false" />
                <line number="29" hits="3" branch="false" />
                <line number="30" hits="3" branch="false" />
                <line number="31" hits="3" branch="false" />
                <line number="32" hits="3" branch="false" />
              </lines>
            </method>
            <method name="GetEstablishments_WithGetEstablishmentsIdReturn_ShouldReturnDTO" signature="()" line-rate="1" branch-rate="1" complexity="1">
              <lines>
                <line number="59" hits="1" branch="false" />
                <line number="61" hits="1" branch="false" />
                <line number="64" hits="1" branch="false" />
                <line number="67" hits="1" branch="false" />
                <line number="68" hits="1" branch="false" />
                <line number="69" hits="1" branch="false" />
              </lines>
            </method>
            <method name="GetEstablishments_WithGetEstablishmentsIdReturn_ShouldReturnEntity" signature="()" line-rate="1" branch-rate="1" complexity="1">
              <lines>
                <line number="74" hits="1" branch="false" />
                <line number="76" hits="1" branch="false" />
                <line number="79" hits="1" branch="false" />
                <line number="82" hits="1" branch="false" />
                <line number="83" hits="1" branch="false" />
                <line number="84" hits="1" branch="false" />
              </lines>
            </method>
            <method name="GetEstablishments_WithGetEstablishmentsIdReturn_ShouldReturnId" signature="()" line-rate="1" branch-rate="1" complexity="1">
              <lines>
                <line number="45" hits="1" branch="false" />
                <line number="47" hits="1" branch="false" />
                <line number="50" hits="1" branch="false" />
                <line number="53" hits="1" branch="false" />
                <line number="54" hits="1" branch="false" />
                <line number="55" hits="1" branch="false" />
              </lines>
            </method>
          </methods>
          <lines>
            <line number="21" hits="3" branch="false" />
            <line number="22" hits="3" branch="false" />
            <line number="24" hits="3" branch="false" />
            <line number="25" hits="3" branch="false" />
            <line number="28" hits="3" branch="false" />
            <line number="29" hits="3" branch="false" />
            <line number="30" hits="3" branch="false" />
            <line number="31" hits="3" branch="false" />
            <line number="32" hits="3" branch="false" />
            <line number="35" hits="3" branch="false" />
            <line number="36" hits="3" branch="false" />
            <line number="37" hits="3" branch="false" />
            <line number="38" hits="3" branch="false" />
            <line number="39" hits="3" branch="false" />
            <line number="40" hits="3" branch="false" />
            <line number="41" hits="3" branch="false" />
            <line number="45" hits="1" branch="false" />
            <line number="47" hits="1" branch="false" />
            <line number="50" hits="1" branch="false" />
            <line number="53" hits="1" branch="false" />
            <line number="54" hits="1" branch="false" />
            <line number="55" hits="1" branch="false" />
            <line number="59" hits="1" branch="false" />
            <line number="61" hits="1" branch="false" />
            <line number="64" hits="1" branch="false" />
            <line number="67" hits="1" branch="false" />
            <line number="68" hits="1" branch="false" />
            <line number="69" hits="1" branch="false" />
            <line number="74" hits="1" branch="false" />
            <line number="76" hits="1" branch="false" />
            <line number="79" hits="1" branch="false" />
            <line number="82" hits="1" branch="false" />
            <line number="83" hits="1" branch="false" />
            <line number="84" hits="1" branch="false" />
          </lines>
        </class>
        <class name="EstablishmentProject.test.Application_Test.Handlers_Test.Entities_Test.GetItemsHandler_Test" filename="C:\Users\Ekste\Documents\GitHub\EstablishmentProject\Backend_test\Application_Test\Handlers_Test\Entities_Test\GetItemsHandler_Test.cs" line-rate="1" branch-rate="1" complexity="5">
          <methods>
            <method name="createTestData" signature="()" line-rate="1" branch-rate="1" complexity="1">
              <lines>
                <line number="31" hits="3" branch="false" />
                <line number="32" hits="3" branch="false" />
                <line number="33" hits="3" branch="false" />
                <line number="34" hits="3" branch="false" />
                <line number="36" hits="3" branch="false" />
                <line number="37" hits="3" branch="false" />
                <line number="38" hits="3" branch="false" />
                <line number="39" hits="3" branch="false" />
                <line number="40" hits="3" branch="false" />
              </lines>
            </method>
            <method name=".ctor" signature="()" line-rate="1" branch-rate="1" complexity="1">
              <lines>
                <line number="21" hits="3" branch="false" />
                <line number="22" hits="3" branch="false" />
                <line number="24" hits="3" branch="false" />
                <line number="25" hits="3" branch="false" />
                <line number="27" hits="3" branch="false" />
                <line number="28" hits="3" branch="false" />
              </lines>
            </method>
            <method name="GetItems_WithGetItemsDTOReturn_ShouldReturnDTO" signature="()" line-rate="1" branch-rate="1" complexity="1">
              <lines>
                <line number="74" hits="1" branch="false" />
                <line number="76" hits="1" branch="false" />
                <line number="79" hits="1" branch="false" />
                <line number="82" hits="1" branch="false" />
                <line number="83" hits="1" branch="false" />
                <line number="84" hits="1" branch="false" />
              </lines>
            </method>
            <method name="GetItems_WithGetItemsEntityReturn_ShouldReturnEntity" signature="()" line-rate="1" branch-rate="1" complexity="1">
              <lines>
                <line number="59" hits="1" branch="false" />
                <line number="61" hits="1" branch="false" />
                <line number="64" hits="1" branch="false" />
                <line number="67" hits="1" branch="false" />
                <line number="68" hits="1" branch="false" />
                <line number="69" hits="1" branch="false" />
              </lines>
            </method>
            <method name="GetItems_WithGetItemsIdReturn_ShouldReturnId" signature="()" line-rate="1" branch-rate="1" complexity="1">
              <lines>
                <line number="44" hits="1" branch="false" />
                <line number="46" hits="1" branch="false" />
                <line number="49" hits="1" branch="false" />
                <line number="52" hits="1" branch="false" />
                <line number="53" hits="1" branch="false" />
                <line number="54" hits="1" branch="false" />
              </lines>
            </method>
          </methods>
          <lines>
            <line number="21" hits="3" branch="false" />
            <line number="22" hits="3" branch="false" />
            <line number="24" hits="3" branch="false" />
            <line number="25" hits="3" branch="false" />
            <line number="27" hits="3" branch="false" />
            <line number="28" hits="3" branch="false" />
            <line number="31" hits="3" branch="false" />
            <line number="32" hits="3" branch="false" />
            <line number="33" hits="3" branch="false" />
            <line number="34" hits="3" branch="false" />
            <line number="36" hits="3" branch="false" />
            <line number="37" hits="3" branch="false" />
            <line number="38" hits="3" branch="false" />
            <line number="39" hits="3" branch="false" />
            <line number="40" hits="3" branch="false" />
            <line number="44" hits="1" branch="false" />
            <line number="46" hits="1" branch="false" />
            <line number="49" hits="1" branch="false" />
            <line number="52" hits="1" branch="false" />
            <line number="53" hits="1" branch="false" />
            <line number="54" hits="1" branch="false" />
            <line number="59" hits="1" branch="false" />
            <line number="61" hits="1" branch="false" />
            <line number="64" hits="1" branch="false" />
            <line number="67" hits="1" branch="false" />
            <line number="68" hits="1" branch="false" />
            <line number="69" hits="1" branch="false" />
            <line number="74" hits="1" branch="false" />
            <line number="76" hits="1" branch="false" />
            <line number="79" hits="1" branch="false" />
            <line number="82" hits="1" branch="false" />
            <line number="83" hits="1" branch="false" />
            <line number="84" hits="1" branch="false" />
          </lines>
        </class>
        <class name="EstablishmentProject.test.Application_Test.Handlers_Test.Entities_Test.GetSalesHandler_test" filename="C:\Users\Ekste\Documents\GitHub\EstablishmentProject\Backend_test\Application_Test\Handlers_Test\Entities_Test\GetSalesHandler_test.cs" line-rate="1" branch-rate="1" complexity="6">
          <methods>
            <method name="createTestData" signature="()" line-rate="1" branch-rate="1" complexity="1">
              <lines>
                <line number="41" hits="4" branch="false" />
                <line number="42" hits="4" branch="false" />
                <line number="43" hits="4" branch="false" />
                <line number="44" hits="4" branch="false" />
                <line number="45" hits="4" branch="false" />
                <line number="46" hits="4" branch="false" />
                <line number="48" hits="4" branch="false" />
                <line number="49" hits="4" branch="false" />
                <line number="50" hits="4" branch="false" />
                <line number="51" hits="4" branch="false" />
                <line number="52" hits="4" branch="false" />
              </lines>
            </method>
            <method name=".ctor" signature="()" line-rate="1" branch-rate="1" complexity="1">
              <lines>
                <line number="21" hits="4" branch="false" />
                <line number="22" hits="4" branch="false" />
                <line number="24" hits="4" branch="false" />
                <line number="25" hits="4" branch="false" />
                <line number="27" hits="4" branch="false" />
                <line number="28" hits="4" branch="false" />
                <line number="29" hits="4" branch="false" />
                <line number="30" hits="4" branch="false" />
                <line number="31" hits="4" branch="false" />
                <line number="33" hits="4" branch="false" />
                <line number="34" hits="4" branch="false" />
                <line number="35" hits="4" branch="false" />
                <line number="36" hits="4" branch="false" />
                <line number="37" hits="4" branch="false" />
                <line number="38" hits="4" branch="false" />
              </lines>
            </method>
            <method name="GetSales_WithSalesIds_WithGetSalesDTOReturn_ShouldReturnDTO" signature="()" line-rate="1" branch-rate="1" complexity="1">
              <lines>
                <line number="85" hits="1" branch="false" />
                <line number="87" hits="1" branch="false" />
                <line number="90" hits="1" branch="false" />
                <line number="93" hits="1" branch="false" />
                <line number="94" hits="1" branch="false" />
                <line number="95" hits="1" branch="false" />
              </lines>
            </method>
            <method name="GetSales_WithSalesIds_WithGetSalesRawReturn_ShouldReturnEntity" signature="()" line-rate="1" branch-rate="1" complexity="1">
              <lines>
                <line number="70" hits="1" branch="false" />
                <line number="72" hits="1" branch="false" />
                <line number="75" hits="1" branch="false" />
                <line number="78" hits="1" branch="false" />
                <line number="79" hits="1" branch="false" />
                <line number="80" hits="1" branch="false" />
              </lines>
            </method>
            <method name="GetSales_WithSalesIds_WithGetSalesReturn_ShouldReturnIds" signature="()" line-rate="1" branch-rate="1" complexity="1">
              <lines>
                <line number="56" hits="1" branch="false" />
                <line number="58" hits="1" branch="false" />
                <line number="61" hits="1" branch="false" />
                <line number="64" hits="1" branch="false" />
                <line number="65" hits="1" branch="false" />
                <line number="66" hits="1" branch="false" />
              </lines>
            </method>
            <method name="GetSales_WithSalesSorting_WithGetSalesReturn_ShouldReturnIds" signature="()" line-rate="1" branch-rate="1" complexity="1">
              <lines>
                <line number="99" hits="1" branch="false" />
                <line number="101" hits="1" branch="false" />
                <line number="104" hits="1" branch="false" />
                <line number="107" hits="1" branch="false" />
                <line number="108" hits="1" branch="false" />
                <line number="109" hits="1" branch="false" />
              </lines>
            </method>
          </methods>
          <lines>
            <line number="21" hits="4" branch="false" />
            <line number="22" hits="4" branch="false" />
            <line number="24" hits="4" branch="false" />
            <line number="25" hits="4" branch="false" />
            <line number="27" hits="4" branch="false" />
            <line number="28" hits="4" branch="false" />
            <line number="29" hits="4" branch="false" />
            <line number="30" hits="4" branch="false" />
            <line number="31" hits="4" branch="false" />
            <line number="33" hits="4" branch="false" />
            <line number="34" hits="4" branch="false" />
            <line number="35" hits="4" branch="false" />
            <line number="36" hits="4" branch="false" />
            <line number="37" hits="4" branch="false" />
            <line number="38" hits="4" branch="false" />
            <line number="41" hits="4" branch="false" />
            <line number="42" hits="4" branch="false" />
            <line number="43" hits="4" branch="false" />
            <line number="44" hits="4" branch="false" />
            <line number="45" hits="4" branch="false" />
            <line number="46" hits="4" branch="false" />
            <line number="48" hits="4" branch="false" />
            <line number="49" hits="4" branch="false" />
            <line number="50" hits="4" branch="false" />
            <line number="51" hits="4" branch="false" />
            <line number="52" hits="4" branch="false" />
            <line number="56" hits="1" branch="false" />
            <line number="58" hits="1" branch="false" />
            <line number="61" hits="1" branch="false" />
            <line number="64" hits="1" branch="false" />
            <line number="65" hits="1" branch="false" />
            <line number="66" hits="1" branch="false" />
            <line number="70" hits="1" branch="false" />
            <line number="72" hits="1" branch="false" />
            <line number="75" hits="1" branch="false" />
            <line number="78" hits="1" branch="false" />
            <line number="79" hits="1" branch="false" />
            <line number="80" hits="1" branch="false" />
            <line number="85" hits="1" branch="false" />
            <line number="87" hits="1" branch="false" />
            <line number="90" hits="1" branch="false" />
            <line number="93" hits="1" branch="false" />
            <line number="94" hits="1" branch="false" />
            <line number="95" hits="1" branch="false" />
            <line number="99" hits="1" branch="false" />
            <line number="101" hits="1" branch="false" />
            <line number="104" hits="1" branch="false" />
            <line number="107" hits="1" branch="false" />
            <line number="108" hits="1" branch="false" />
            <line number="109" hits="1" branch="false" />
          </lines>
        </class>
        <class name="EstablishmentProject.test.Application_Test.HandlerService_Test.HandlerVerifyEstablishment_Test" filename="C:\Users\Ekste\Documents\GitHub\EstablishmentProject\Backend_test\Application_Test\HandlerService_Test\HandlerVerifyEstablishment_Test.cs" line-rate="1" branch-rate="1" complexity="8">
          <methods>
            <method name="CommonArrange" signature="()" line-rate="1" branch-rate="1" complexity="1">
              <lines>
                <line number="28" hits="4" branch="false" />
                <line number="29" hits="4" branch="false" />
                <line number="30" hits="4" branch="false" />
                <line number="31" hits="4" branch="false" />
                <line number="32" hits="4" branch="false" />
                <line number="34" hits="4" branch="false" />
                <line number="35" hits="4" branch="false" />
                <line number="37" hits="4" branch="false" />
                <line number="38" hits="4" branch="false" />
                <line number="40" hits="4" branch="false" />
                <line number="41" hits="4" branch="false" />
                <line number="42" hits="4" branch="false" />
                <line number="43" hits="4" branch="false" />
                <line number="44" hits="4" branch="false" />
                <line number="45" hits="4" branch="false" />
                <line number="46" hits="4" branch="false" />
                <line number="48" hits="4" branch="false" />
                <line number="49" hits="4" branch="false" />
              </lines>
            </method>
            <method name="VerifyEstablishment_WithValidEstablishment_ShouldPassValidation" signature="()" line-rate="1" branch-rate="1" complexity="1">
              <lines>
                <line number="53" hits="1" branch="false" />
                <line number="55" hits="1" branch="false" />
                <line number="58" hits="1" branch="false" />
                <line number="59" hits="1" branch="false" />
              </lines>
            </method>
            <method name="VerifyEstablishment_WithInvalidEstablishment_ShouldNotPassValidation" signature="()" line-rate="1" branch-rate="1" complexity="1">
              <lines>
                <line number="63" hits="1" branch="false" />
                <line number="65" hits="1" branch="false" />
                <line number="68" hits="2" branch="false" />
                <line number="71" hits="1" branch="false" />
                <line number="72" hits="1" branch="false" />
              </lines>
            </method>
            <method name="VerifyEstablishment_WithValidEstablishments_ShouldPassValidation" signature="()" line-rate="1" branch-rate="1" complexity="1">
              <lines>
                <line number="75" hits="1" branch="false" />
                <line number="77" hits="1" branch="false" />
                <line number="80" hits="1" branch="false" />
                <line number="81" hits="1" branch="false" />
              </lines>
            </method>
            <method name="VerifyEstablishment_WithInvalidEstablishments_ShouldNotPassValidation" signature="()" line-rate="1" branch-rate="1" complexity="1">
              <lines>
                <line number="85" hits="1" branch="false" />
                <line number="87" hits="1" branch="false" />
                <line number="90" hits="2" branch="false" />
                <line number="93" hits="1" branch="false" />
                <line number="94" hits="1" branch="false" />
              </lines>
            </method>
            <method name=".ctor" signature="()" line-rate="1" branch-rate="1" complexity="1">
              <lines>
                <line number="19" hits="4" branch="false" />
                <line number="20" hits="4" branch="false" />
                <line number="21" hits="4" branch="false" />
                <line number="22" hits="4" branch="false" />
                <line number="23" hits="4" branch="false" />
                <line number="24" hits="4" branch="false" />
                <line number="25" hits="4" branch="false" />
              </lines>
            </method>
            <method name="get_EstablishmentId" signature="()" line-rate="1" branch-rate="1" complexity="1">
              <lines>
                <line number="98" hits="4" branch="false" />
              </lines>
            </method>
            <method name="get_EstablishmentIds" signature="()" line-rate="1" branch-rate="1" complexity="1">
              <lines>
                <line number="103" hits="4" branch="false" />
              </lines>
            </method>
          </methods>
          <lines>
            <line number="19" hits="4" branch="false" />
            <line number="20" hits="4" branch="false" />
            <line number="21" hits="4" branch="false" />
            <line number="22" hits="4" branch="false" />
            <line number="23" hits="4" branch="false" />
            <line number="24" hits="4" branch="false" />
            <line number="25" hits="4" branch="false" />
            <line number="28" hits="4" branch="false" />
            <line number="29" hits="4" branch="false" />
            <line number="30" hits="4" branch="false" />
            <line number="31" hits="4" branch="false" />
            <line number="32" hits="4" branch="false" />
            <line number="34" hits="4" branch="false" />
            <line number="35" hits="4" branch="false" />
            <line number="37" hits="4" branch="false" />
            <line number="38" hits="4" branch="false" />
            <line number="40" hits="4" branch="false" />
            <line number="41" hits="4" branch="false" />
            <line number="42" hits="4" branch="false" />
            <line number="43" hits="4" branch="false" />
            <line number="44" hits="4" branch="false" />
            <line number="45" hits="4" branch="false" />
            <line number="46" hits="4" branch="false" />
            <line number="48" hits="4" branch="false" />
            <line number="49" hits="4" branch="false" />
            <line number="53" hits="1" branch="false" />
            <line number="55" hits="1" branch="false" />
            <line number="58" hits="1" branch="false" />
            <line number="59" hits="1" branch="false" />
            <line number="63" hits="1" branch="false" />
            <line number="65" hits="1" branch="false" />
            <line number="68" hits="2" branch="false" />
            <line number="71" hits="1" branch="false" />
            <line number="72" hits="1" branch="false" />
            <line number="75" hits="1" branch="false" />
            <line number="77" hits="1" branch="false" />
            <line number="80" hits="1" branch="false" />
            <line number="81" hits="1" branch="false" />
            <line number="85" hits="1" branch="false" />
            <line number="87" hits="1" branch="false" />
            <line number="90" hits="2" branch="false" />
            <line number="93" hits="1" branch="false" />
            <line number="94" hits="1" branch="false" />
            <line number="98" hits="4" branch="false" />
            <line number="103" hits="4" branch="false" />
          </lines>
        </class>
        <class name="EstablishmentProject.test.Application_Test.HandlerService_Test.HandlerVerifyItems_Test" filename="C:\Users\Ekste\Documents\GitHub\EstablishmentProject\Backend_test\Application_Test\HandlerService_Test\HandlerVerifyItems_Test.cs" line-rate="0.9375" branch-rate="1" complexity="7">
          <methods>
            <method name="CommonArrange" signature="()" line-rate="1" branch-rate="1" complexity="1">
              <lines>
                <line number="29" hits="2" branch="false" />
                <line number="30" hits="2" branch="false" />
                <line number="31" hits="2" branch="false" />
                <line number="32" hits="2" branch="false" />
                <line number="34" hits="2" branch="false" />
                <line number="35" hits="2" branch="false" />
                <line number="37" hits="2" branch="false" />
                <line number="38" hits="2" branch="false" />
                <line number="40" hits="2" branch="false" />
                <line number="41" hits="2" branch="false" />
                <line number="43" hits="2" branch="false" />
                <line number="44" hits="2" branch="false" />
                <line number="45" hits="2" branch="false" />
                <line number="46" hits="2" branch="false" />
                <line number="47" hits="2" branch="false" />
                <line number="48" hits="2" branch="false" />
                <line number="50" hits="2" branch="false" />
                <line number="51" hits="2" branch="false" />
              </lines>
            </method>
            <method name=".ctor" signature="()" line-rate="1" branch-rate="1" complexity="1">
              <lines>
                <line number="20" hits="2" branch="false" />
                <line number="21" hits="2" branch="false" />
                <line number="22" hits="2" branch="false" />
                <line number="23" hits="2" branch="false" />
                <line number="24" hits="2" branch="false" />
                <line number="25" hits="2" branch="false" />
                <line number="26" hits="2" branch="false" />
              </lines>
            </method>
            <method name="get_EstablishmentId" signature="()" line-rate="1" branch-rate="1" complexity="1">
              <lines>
                <line number="91" hits="4" branch="false" />
              </lines>
            </method>
            <method name="get_ItemsIds" signature="()" line-rate="1" branch-rate="1" complexity="1">
              <lines>
                <line number="92" hits="4" branch="false" />
              </lines>
            </method>
            <method name="Handle" signature="(...)" line-rate="0" branch-rate="1" complexity="1">
              <lines>
                <line number="98" hits="0" branch="false" />
                <line number="99" hits="0" branch="false" />
                <line number="100" hits="0" branch="false" />
              </lines>
            </method>
            <method name="VerifyItems_WithInvalidItemsFromEstablishment_ShouldNotPassValidation" signature="()" line-rate="1" branch-rate="1" complexity="1">
              <lines>
                <line number="73" hits="1" branch="false" />
                <line number="75" hits="1" branch="false" />
                <line number="76" hits="1" branch="false" />
                <line number="77" hits="1" branch="false" />
                <line number="78" hits="1" branch="false" />
                <line number="79" hits="1" branch="false" />
                <line number="82" hits="2" branch="false" />
                <line number="85" hits="1" branch="false" />
                <line number="87" hits="1" branch="false" />
              </lines>
            </method>
            <method name="VerifyItems_WithValidItemsFromEstablishment_ShouldPassValidation" signature="()" line-rate="1" branch-rate="1" complexity="1">
              <lines>
                <line number="56" hits="1" branch="false" />
                <line number="58" hits="1" branch="false" />
                <line number="59" hits="1" branch="false" />
                <line number="60" hits="1" branch="false" />
                <line number="61" hits="1" branch="false" />
                <line number="62" hits="1" branch="false" />
                <line number="65" hits="1" branch="false" />
                <line number="68" hits="1" branch="false" />
                <line number="69" hits="1" branch="false" />
              </lines>
            </method>
          </methods>
          <lines>
            <line number="20" hits="2" branch="false" />
            <line number="21" hits="2" branch="false" />
            <line number="22" hits="2" branch="false" />
            <line number="23" hits="2" branch="false" />
            <line number="24" hits="2" branch="false" />
            <line number="25" hits="2" branch="false" />
            <line number="26" hits="2" branch="false" />
            <line number="29" hits="2" branch="false" />
            <line number="30" hits="2" branch="false" />
            <line number="31" hits="2" branch="false" />
            <line number="32" hits="2" branch="false" />
            <line number="34" hits="2" branch="false" />
            <line number="35" hits="2" branch="false" />
            <line number="37" hits="2" branch="false" />
            <line number="38" hits="2" branch="false" />
            <line number="40" hits="2" branch="false" />
            <line number="41" hits="2" branch="false" />
            <line number="43" hits="2" branch="false" />
            <line number="44" hits="2" branch="false" />
            <line number="45" hits="2" branch="false" />
            <line number="46" hits="2" branch="false" />
            <line number="47" hits="2" branch="false" />
            <line number="48" hits="2" branch="false" />
            <line number="50" hits="2" branch="false" />
            <line number="51" hits="2" branch="false" />
            <line number="56" hits="1" branch="false" />
            <line number="58" hits="1" branch="false" />
            <line number="59" hits="1" branch="false" />
            <line number="60" hits="1" branch="false" />
            <line number="61" hits="1" branch="false" />
            <line number="62" hits="1" branch="false" />
            <line number="65" hits="1" branch="false" />
            <line number="68" hits="1" branch="false" />
            <line number="69" hits="1" branch="false" />
            <line number="73" hits="1" branch="false" />
            <line number="75" hits="1" branch="false" />
            <line number="76" hits="1" branch="false" />
            <line number="77" hits="1" branch="false" />
            <line number="78" hits="1" branch="false" />
            <line number="79" hits="1" branch="false" />
            <line number="82" hits="2" branch="false" />
            <line number="85" hits="1" branch="false" />
            <line number="87" hits="1" branch="false" />
            <line number="91" hits="4" branch="false" />
            <line number="92" hits="4" branch="false" />
            <line number="98" hits="0" branch="false" />
            <line number="99" hits="0" branch="false" />
            <line number="100" hits="0" branch="false" />
          </lines>
        </class>
        <class name="EstablishmentProject.test.Application_Test.HandlerService_Test.HandlerVerifySales_Test" filename="C:\Users\Ekste\Documents\GitHub\EstablishmentProject\Backend_test\Application_Test\HandlerService_Test\HandlerVerifySales_Test.cs" line-rate="1" branch-rate="1" complexity="6">
          <methods>
            <method name="CommonArrange" signature="()" line-rate="1" branch-rate="1" complexity="1">
              <lines>
                <line number="28" hits="2" branch="false" />
                <line number="29" hits="2" branch="false" />
                <line number="30" hits="2" branch="false" />
                <line number="31" hits="2" branch="false" />
                <line number="33" hits="2" branch="false" />
                <line number="34" hits="2" branch="false" />
                <line number="36" hits="2" branch="false" />
                <line number="37" hits="2" branch="false" />
                <line number="39" hits="2" branch="false" />
                <line number="40" hits="2" branch="false" />
                <line number="42" hits="2" branch="false" />
                <line number="43" hits="2" branch="false" />
                <line number="44" hits="2" branch="false" />
                <line number="45" hits="2" branch="false" />
                <line number="46" hits="2" branch="false" />
                <line number="47" hits="2" branch="false" />
                <line number="49" hits="2" branch="false" />
                <line number="50" hits="2" branch="false" />
              </lines>
            </method>
            <method name="VerifySales_WithValidSalesFromEstablishment_ShouldPassValidation" signature="()" line-rate="1" branch-rate="1" complexity="1">
              <lines>
                <line number="54" hits="1" branch="false" />
                <line number="56" hits="1" branch="false" />
                <line number="57" hits="1" branch="false" />
                <line number="58" hits="1" branch="false" />
                <line number="59" hits="1" branch="false" />
                <line number="60" hits="1" branch="false" />
                <line number="63" hits="1" branch="false" />
                <line number="66" hits="1" branch="false" />
                <line number="67" hits="1" branch="false" />
[...]
            <line number="105" hits="1" branch="false" />
            <line number="106" hits="5" branch="false" />
            <line number="107" hits="1" branch="false" />
            <line number="108" hits="4" branch="true" condition-coverage="100% (2/2)" />
            <line number="109" hits="1" branch="false" />
            <line number="110" hits="5" branch="false" />
            <line number="111" hits="1" branch="false" />
            <line number="112" hits="4" branch="false" />
            <line number="113" hits="4" branch="false" />
          </lines>
        </class>
        <class name="WebApplication1.Utils.SalesSorting" filename="C:\Users\Ekste\Documents\GitHub\EstablishmentProject\Backend\Application Layer\Utils\SalesHelper.cs" line-rate="1" branch-rate="1" complexity="6">
          <methods>
            <method name="get_Any" signature="()" line-rate="1" branch-rate="1" complexity="1">
              <lines>
                <line number="17" hits="23" branch="false" />
              </lines>
            </method>
            <method name="get_Excatly" signature="()" line-rate="1" branch-rate="1" complexity="1">
              <lines>
                <line number="18" hits="23" branch="false" />
              </lines>
            </method>
            <method name="get_All" signature="()" line-rate="1" branch-rate="1" complexity="1">
              <lines>
                <line number="19" hits="23" branch="false" />
              </lines>
            </method>
            <method name="get_WithinTimeperiods" signature="()" line-rate="1" branch-rate="1" complexity="1">
              <lines>
                <line number="20" hits="24" branch="false" />
              </lines>
            </method>
            <method name="get_MustContainAllAttributes" signature="()" line-rate="1" branch-rate="1" complexity="1">
              <lines>
                <line number="21" hits="29" branch="false" />
              </lines>
            </method>
            <method name=".ctor" signature="(...)" line-rate="1" branch-rate="1" complexity="1">
              <lines>
                <line number="23" hits="12" branch="false" />
                <line number="24" hits="12" branch="false" />
                <line number="25" hits="12" branch="false" />
                <line number="26" hits="12" branch="false" />
                <line number="27" hits="12" branch="false" />
                <line number="28" hits="12" branch="false" />
                <line number="29" hits="12" branch="false" />
                <line number="30" hits="12" branch="false" />
                <line number="31" hits="12" branch="false" />
                <line number="32" hits="12" branch="false" />
                <line number="33" hits="12" branch="false" />
                <line number="34" hits="12" branch="false" />
                <line number="35" hits="12" branch="false" />
              </lines>
            </method>
          </methods>
          <lines>
            <line number="17" hits="23" branch="false" />
            <line number="18" hits="23" branch="false" />
            <line number="19" hits="23" branch="false" />
            <line number="20" hits="24" branch="false" />
            <line number="21" hits="29" branch="false" />
            <line number="23" hits="12" branch="false" />
            <line number="24" hits="12" branch="false" />
            <line number="25" hits="12" branch="false" />
            <line number="26" hits="12" branch="false" />
            <line number="27" hits="12" branch="false" />
            <line number="28" hits="12" branch="false" />
            <line number="29" hits="12" branch="false" />
            <line number="30" hits="12" branch="false" />
            <line number="31" hits="12" branch="false" />
            <line number="32" hits="12" branch="false" />
            <line number="33" hits="12" branch="false" />
            <line number="34" hits="12" branch="false" />
            <line number="35" hits="12" branch="false" />
          </lines>
        </class>
        <class name="WebApplication1.Utils.SalesSortingParametersExecute" filename="C:\Users\Ekste\Documents\GitHub\EstablishmentProject\Backend\Application Layer\Utils\SalesHelper.cs" line-rate="1" branch-rate="1" complexity="10">
          <methods>
            <method name="SortSales" signature="(...)" line-rate="1" branch-rate="1" complexity="10">
              <lines>
                <line number="41" hits="9" branch="false" />
                <line number="42" hits="9" branch="true" condition-coverage="100% (2/2)" />
                <line number="43" hits="1" branch="false" />
                <line number="44" hits="1" branch="false" />
                <line number="45" hits="1" branch="false" />
                <line number="46" hits="9" branch="true" condition-coverage="100% (2/2)" />
                <line number="47" hits="1" branch="false" />
                <line number="48" hits="1" branch="false" />
                <line number="49" hits="1" branch="false" />
                <line number="50" hits="9" branch="true" condition-coverage="100% (2/2)" />
                <line number="51" hits="1" branch="false" />
                <line number="52" hits="1" branch="false" />
                <line number="53" hits="1" branch="false" />
                <line number="54" hits="9" branch="true" condition-coverage="100% (2/2)" />
                <line number="55" hits="2" branch="false" />
                <line number="56" hits="2" branch="false" />
                <line number="57" hits="2" branch="false" />
                <line number="58" hits="9" branch="true" condition-coverage="100% (2/2)" />
                <line number="59" hits="4" branch="false" />
                <line number="60" hits="4" branch="false" />
                <line number="61" hits="4" branch="false" />
                <line number="62" hits="9" branch="false" />
                <line number="63" hits="9" branch="false" />
              </lines>
            </method>
          </methods>
          <lines>
            <line number="41" hits="9" branch="false" />
            <line number="42" hits="9" branch="true" condition-coverage="100% (2/2)" />
            <line number="43" hits="1" branch="false" />
            <line number="44" hits="1" branch="false" />
            <line number="45" hits="1" branch="false" />
            <line number="46" hits="9" branch="true" condition-coverage="100% (2/2)" />
            <line number="47" hits="1" branch="false" />
            <line number="48" hits="1" branch="false" />
            <line number="49" hits="1" branch="false" />
            <line number="50" hits="9" branch="true" condition-coverage="100% (2/2)" />
            <line number="51" hits="1" branch="false" />
            <line number="52" hits="1" branch="false" />
            <line number="53" hits="1" branch="false" />
            <line number="54" hits="9" branch="true" condition-coverage="100% (2/2)" />
            <line number="55" hits="2" branch="false" />
            <line number="56" hits="2" branch="false" />
            <line number="57" hits="2" branch="false" />
            <line number="58" hits="9" branch="true" condition-coverage="100% (2/2)" />
            <line number="59" hits="4" branch="false" />
            <line number="60" hits="4" branch="false" />
            <line number="61" hits="4" branch="false" />
            <line number="62" hits="9" branch="false" />
            <line number="63" hits="9" branch="false" />
          </lines>
        </class>
        <class name="WebApplication1.Utils.TimeHelper" filename="C:\Users\Ekste\Documents\GitHub\EstablishmentProject\Backend\Application Layer\Utils\TimeHelper.cs" line-rate="0.692307692307692" branch-rate="0.5" complexity="39">
          <methods>
            <method name="FromTimeSpanToHours" signature="(...)" line-rate="0" branch-rate="1" complexity="1">
              <lines>
                <line number="70" hits="0" branch="false" />
                <line number="71" hits="0" branch="false" />
                <line number="72" hits="0" branch="false" />
              </lines>
            </method>
            <method name="DateTimeToLocalTime" signature="(...)" line-rate="0" branch-rate="1" complexity="1">
              <lines>
                <line number="75" hits="0" branch="false" />
                <line number="76" hits="0" branch="false" />
                <line number="77" hits="0" branch="false" />
              </lines>
            </method>
            <method name="LocalDateAndLocalTimeToDateTime" signature="(...)" line-rate="1" branch-rate="1" complexity="1">
              <lines>
                <line number="80" hits="12" branch="false" />
                <line number="81" hits="12" branch="false" />
                <line number="82" hits="12" branch="false" />
              </lines>
            </method>
            <method name="IsWithinPeriod_StartAndEndIndluded" signature="(...)" line-rate="0" branch-rate="0" complexity="2">
              <lines>
                <line number="85" hits="0" branch="false" />
                <line number="86" hits="0" branch="true" condition-coverage="0% (0/2)" />
                <line number="87" hits="0" branch="false" />
              </lines>
            </method>
            <method name="IsTimeWithinPeriod_EndNotIncluded" signature="(...)" line-rate="1" branch-rate="0.5" complexity="2">
              <lines>
                <line number="90" hits="26" branch="false" />
                <line number="91" hits="26" branch="true" condition-coverage="50% (1/2)" />
                <line number="92" hits="26" branch="false" />
              </lines>
            </method>
            <method name="DateTimeExtractorFunction" signature="(...)" line-rate="0.5" branch-rate="0.2" complexity="5">
              <lines>
                <line number="95" hits="1" branch="false" />
                <line number="96" hits="1" branch="true" condition-coverage="20% (1/5)" />
                <line number="99" hits="57" branch="false" />
                <line number="101" hits="0" branch="false" />
                <line number="103" hits="0" branch="false" />
                <line number="105" hits="0" branch="false" />
                <line number="107" hits="0" branch="false" />
                <line number="109" hits="1" branch="false" />
              </lines>
            </method>
            <method name="AddToDateTime" signature="(...)" line-rate="0.625" branch-rate="0.4" complexity="5">
              <lines>
                <line number="112" hits="2" branch="false" />
                <line number="113" hits="2" branch="true" condition-coverage="40% (2/5)" />
                <line number="116" hits="0" branch="false" />
                <line number="118" hits="0" branch="false" />
                <line number="120" hits="1" branch="false" />
                <line number="122" hits="0" branch="false" />
                <line number="124" hits="1" branch="false" />
                <line number="126" hits="1" branch="false" />
              </lines>
            </method>
            <method name="CreateTimelineAsList" signature="(...)" line-rate="0.851851851851852" branch-rate="0.555555555555556" complexity="9">
              <lines>
                <line number="129" hits="6" branch="false" />
                <line number="130" hits="6" branch="true" condition-coverage="100% (2/2)" />
                <line number="131" hits="1" branch="false" />
                <line number="132" hits="1" branch="false" />
                <line number="135" hits="5" branch="false" />
                <line number="136" hits="600" branch="false" />
                <line number="137" hits="600" branch="true" condition-coverage="20% (1/5)" />
                <line number="138" hits="5" branch="false" />
                <line number="139" hits="5" branch="false" />
                <line number="140" hits="600" branch="false" />
                <line number="141" hits="5" branch="false" />
                <line number="142" hits="0" branch="false" />
                <line number="143" hits="5" branch="false" />
                <line number="144" hits="0" branch="false" />
                <line number="145" hits="5" branch="false" />
                <line number="146" hits="0" branch="false" />
                <line number="147" hits="5" branch="false" />
                <line number="148" hits="0" branch="false" />
                <line number="149" hits="5" branch="false" />
                <line number="150" hits="605" branch="false" />
                <line number="152" hits="5" branch="false" />
                <line number="154" hits="1210" branch="true" condition-coverage="100% (2/2)" />
                <line number="155" hits="600" branch="false" />
                <line number="156" hits="600" branch="false" />
                <line number="157" hits="600" branch="false" />
                <line number="159" hits="5" branch="false" />
                <line number="160" hits="5" branch="false" />
              </lines>
            </method>
            <method name="TimeResolutionUniqueRounder" signature="(...)" line-rate="0.5" branch-rate="0.2" complexity="5">
              <lines>
                <line number="163" hits="29" branch="false" />
                <line number="164" hits="29" branch="true" condition-coverage="20% (1/5)" />
                <line number="167" hits="29" branch="false" />
                <line number="169" hits="0" branch="false" />
                <line number="171" hits="0" branch="false" />
                <line number="173" hits="0" branch="false" />
                <line number="175" hits="0" branch="false" />
                <line number="177" hits="29" branch="false" />
              </lines>
            </method>
            <method name="MapObjectsToTimeline" signature="(...)" line-rate="1" branch-rate="1" complexity="8">
              <lines>
                <line number="180" hits="1" branch="false" />
                <line number="182" hits="49" branch="true" condition-coverage="100% (4/4)" />
                <line number="185" hits="51" branch="true" condition-coverage="100% (2/2)" />
                <line number="186" hits="24" branch="false" />
                <line number="187" hits="24" branch="false" />
                <line number="189" hits="24" branch="true" condition-coverage="100% (2/2)" />
                <line number="190" hits="24" branch="false" />
                <line number="191" hits="24" branch="false" />
                <line number="192" hits="24" branch="false" />
                <line number="193" hits="24" branch="false" />
                <line number="194" hits="1" branch="false" />
                <line number="195" hits="1" branch="false" />
              </lines>
            </method>
          </methods>
          <lines>
            <line number="70" hits="0" branch="false" />
            <line number="71" hits="0" branch="false" />
            <line number="72" hits="0" branch="false" />
            <line number="75" hits="0" branch="false" />
            <line number="76" hits="0" branch="false" />
            <line number="77" hits="0" branch="false" />
            <line number="80" hits="12" branch="false" />
            <line number="81" hits="12" branch="false" />
            <line number="82" hits="12" branch="false" />
            <line number="85" hits="0" branch="false" />
            <line number="86" hits="0" branch="true" condition-coverage="0% (0/2)" />
            <line number="87" hits="0" branch="false" />
            <line number="90" hits="26" branch="false" />
            <line number="91" hits="26" branch="true" condition-coverage="50% (1/2)" />
            <line number="92" hits="26" branch="false" />
            <line number="95" hits="1" branch="false" />
            <line number="96" hits="1" branch="true" condition-coverage="20% (1/5)" />
            <line number="99" hits="57" branch="false" />
            <line number="101" hits="0" branch="false" />
            <line number="103" hits="0" branch="false" />
            <line number="105" hits="0" branch="false" />
            <line number="107" hits="0" branch="false" />
            <line number="109" hits="1" branch="false" />
            <line number="112" hits="2" branch="false" />
            <line number="113" hits="2" branch="true" condition-coverage="40% (2/5)" />
            <line number="116" hits="0" branch="false" />
            <line number="118" hits="0" branch="false" />
            <line number="120" hits="1" branch="false" />
            <line number="122" hits="0" branch="false" />
            <line number="124" hits="1" branch="false" />
            <line number="126" hits="1" branch="false" />
            <line number="129" hits="6" branch="false" />
            <line number="130" hits="6" branch="true" condition-coverage="100% (2/2)" />
            <line number="131" hits="1" branch="false" />
            <line number="132" hits="1" branch="false" />
            <line number="135" hits="5" branch="false" />
            <line number="136" hits="600" branch="false" />
            <line number="137" hits="600" branch="true" condition-coverage="20% (1/5)" />
            <line number="138" hits="5" branch="false" />
            <line number="139" hits="5" branch="false" />
            <line number="140" hits="600" branch="false" />
            <line number="141" hits="5" branch="false" />
            <line number="142" hits="0" branch="false" />
            <line number="143" hits="5" branch="false" />
            <line number="144" hits="0" branch="false" />
            <line number="145" hits="5" branch="false" />
            <line number="146" hits="0" branch="false" />
            <line number="147" hits="5" branch="false" />
            <line number="148" hits="0" branch="false" />
            <line number="149" hits="5" branch="false" />
            <line number="150" hits="605" branch="false" />
            <line number="152" hits="5" branch="false" />
            <line number="154" hits="1210" branch="true" condition-coverage="100% (2/2)" />
            <line number="155" hits="600" branch="false" />
            <line number="156" hits="600" branch="false" />
            <line number="157" hits="600" branch="false" />
            <line number="159" hits="5" branch="false" />
            <line number="160" hits="5" branch="false" />
            <line number="163" hits="29" branch="false" />
            <line number="164" hits="29" branch="true" condition-coverage="20% (1/5)" />
            <line number="167" hits="29" branch="false" />
            <line number="169" hits="0" branch="false" />
            <line number="171" hits="0" branch="false" />
            <line number="173" hits="0" branch="false" />
            <line number="175" hits="0" branch="false" />
            <line number="177" hits="29" branch="false" />
            <line number="180" hits="1" branch="false" />
            <line number="182" hits="49" branch="true" condition-coverage="100% (4/4)" />
            <line number="185" hits="51" branch="true" condition-coverage="100% (2/2)" />
            <line number="186" hits="24" branch="false" />
            <line number="187" hits="24" branch="false" />
            <line number="189" hits="24" branch="true" condition-coverage="100% (2/2)" />
            <line number="190" hits="24" branch="false" />
            <line number="191" hits="24" branch="false" />
            <line number="192" hits="24" branch="false" />
            <line number="193" hits="24" branch="false" />
            <line number="194" hits="1" branch="false" />
            <line number="195" hits="1" branch="false" />
          </lines>
        </class>
      </classes>
    </package>
  </packages>
</coverage>