TpTrace Verbose: 0 : 25140, 1, 2024/02/27, 15:43:04.544, 4984639827142, vstest.console.dll, Version: 17.7.2-release-23423-01 Current process architecture: X64
TpTrace Verbose: 0 : 25140, 1, 2024/02/27, 15:43:04.546, 4984639853063, vstest.console.dll, Runtime location: C:\Program Files\dotnet\shared\Microsoft.NETCore.App\7.0.13
TpTrace Verbose: 0 : 25140, 1, 2024/02/27, 15:43:04.551, 4984639898201, vstest.console.dll, ArtifactProcessingPostProcessModeProcessorExecutor.Initialize: ArtifactProcessingMode.Collect
TpTrace Verbose: 0 : 25140, 1, 2024/02/27, 15:43:04.551, 4984639899952, vstest.console.dll, TestSessionCorrelationIdProcessorModeProcessorExecutor.Initialize: TestSessionCorrelationId '10164_a3e96332-0d83-4f6c-93d4-8a2df7297ca0'
TpTrace Information: 0 : 25140, 1, 2024/02/27, 15:43:04.578, 4984640172792, vstest.console.dll, FilePatternParser: The given file C:\Users\Ekste\Documents\GitHub\EstablishmentProject\Backend_test\bin\Debug\net7.0\fine-code-coverage\build-output\EstablishmentProject.test.dll is a full path.
TpTrace Verbose: 0 : 25140, 1, 2024/02/27, 15:43:04.586, 4984640254419, vstest.console.dll, TestPluginCache.DiscoverTestExtensions: finding test extensions in assemblies ends with: RuntimeProvider.dll TPluginInfo: Microsoft.VisualStudio.TestPlatform.Common.ExtensionFramework.Utilities.TestRuntimePluginInformation TExtension: Microsoft.VisualStudio.TestPlatform.ObjectModel.Host.ITestRuntimeProvider
TpTrace Verbose: 0 : 25140, 1, 2024/02/27, 15:43:04.587, 4984640259769, vstest.console.dll, TestPluginCache.GetExtensionPaths: Filtered extension paths: 
TpTrace Verbose: 0 : 25140, 1, 2024/02/27, 15:43:04.587, 4984640261159, vstest.console.dll, TestPluginCache.GetExtensionPaths: Added default extension paths: C:\Program Files\dotnet\sdk\7.0.403\Extensions\Microsoft.Diagnostics.NETCore.Client.dll
C:\Program Files\dotnet\sdk\7.0.403\Extensions\Microsoft.TestPlatform.Extensions.BlameDataCollector.dll
C:\Program Files\dotnet\sdk\7.0.403\Extensions\Microsoft.TestPlatform.Extensions.EventLogCollector.dll
C:\Program Files\dotnet\sdk\7.0.403\Extensions\Microsoft.TestPlatform.TestHostRuntimeProvider.dll
C:\Program Files\dotnet\sdk\7.0.403\Extensions\Microsoft.VisualStudio.TestPlatform.Extensions.Html.TestLogger.dll
C:\Program Files\dotnet\sdk\7.0.403\Extensions\Microsoft.VisualStudio.TestPlatform.Extensions.Trx.TestLogger.dll
TpTrace Verbose: 0 : 25140, 1, 2024/02/27, 15:43:04.587, 4984640261730, vstest.console.dll, TestPluginCache.GetExtensionPaths: Added unfilterableExtensionPaths: 
TpTrace Information: 0 : 25140, 1, 2024/02/27, 15:43:04.588, 4984640271826, vstest.console.dll, AssemblyResolver.ctor: Creating AssemblyResolver with searchDirectories C:\Program Files\dotnet\sdk\7.0.403\Extensions,C:\Program Files\dotnet\sdk\7.0.403
TpTrace Verbose: 0 : 25140, 1, 2024/02/27, 15:43:04.590, 4984640285818, vstest.console.dll, TestPluginCache.DiscoverTestExtensions: Discovering the extensions using extension path.
TpTrace Verbose: 0 : 25140, 1, 2024/02/27, 15:43:04.590, 4984640287379, vstest.console.dll, TestPluginCache.GetExtensionPaths: Filtered extension paths: 
TpTrace Verbose: 0 : 25140, 1, 2024/02/27, 15:43:04.590, 4984640288051, vstest.console.dll, TestPluginCache.GetExtensionPaths: Added default extension paths: C:\Program Files\dotnet\sdk\7.0.403\Extensions\Microsoft.Diagnostics.NETCore.Client.dll
C:\Program Files\dotnet\sdk\7.0.403\Extensions\Microsoft.TestPlatform.Extensions.BlameDataCollector.dll
C:\Program Files\dotnet\sdk\7.0.403\Extensions\Microsoft.TestPlatform.Extensions.EventLogCollector.dll
C:\Program Files\dotnet\sdk\7.0.403\Extensions\Microsoft.TestPlatform.TestHostRuntimeProvider.dll
C:\Program Files\dotnet\sdk\7.0.403\Extensions\Microsoft.VisualStudio.TestPlatform.Extensions.Html.TestLogger.dll
C:\Program Files\dotnet\sdk\7.0.403\Extensions\Microsoft.VisualStudio.TestPlatform.Extensions.Trx.TestLogger.dll
TpTrace Verbose: 0 : 25140, 1, 2024/02/27, 15:43:04.590, 4984640288500, vstest.console.dll, TestPluginCache.GetExtensionPaths: Added unfilterableExtensionPaths: 
TpTrace Verbose: 0 : 25140, 1, 2024/02/27, 15:43:04.590, 4984640290494, vstest.console.dll, TestPluginCache.DiscoverTestExtensions: Discovering the extensions using allExtensionPaths: C:\Program Files\dotnet\sdk\7.0.403\Extensions\Microsoft.Diagnostics.NETCore.Client.dll
C:\Program Files\dotnet\sdk\7.0.403\Extensions\Microsoft.TestPlatform.Extensions.BlameDataCollector.dll
C:\Program Files\dotnet\sdk\7.0.403\Extensions\Microsoft.TestPlatform.Extensions.EventLogCollector.dll
C:\Program Files\dotnet\sdk\7.0.403\Extensions\Microsoft.TestPlatform.TestHostRuntimeProvider.dll
C:\Program Files\dotnet\sdk\7.0.403\Extensions\Microsoft.VisualStudio.TestPlatform.Extensions.Html.TestLogger.dll
C:\Program Files\dotnet\sdk\7.0.403\Extensions\Microsoft.VisualStudio.TestPlatform.Extensions.Trx.TestLogger.dll
TpTrace Information: 0 : 25140, 1, 2024/02/27, 15:43:04.590, 4984640293157, vstest.console.dll, AssemblyResolver.AddSearchDirectories: Adding more searchDirectories C:\Program Files\dotnet\sdk\7.0.403\Extensions,C:\Program Files\dotnet\sdk\7.0.403
TpTrace Information: 0 : 25140, 1, 2024/02/27, 15:43:04.590, 4984640294180, vstest.console.dll, AssemblyResolver.AddSearchDirectories: Adding more searchDirectories C:\Program Files\dotnet\sdk\7.0.403\Extensions,C:\Program Files\dotnet\sdk\7.0.403
TpTrace Information: 0 : 25140, 1, 2024/02/27, 15:43:04.590, 4984640294805, vstest.console.dll, AssemblyResolver.AddSearchDirectories: Adding more searchDirectories C:\Program Files\dotnet\sdk\7.0.403\Extensions,C:\Program Files\dotnet\sdk\7.0.403
TpTrace Information: 0 : 25140, 1, 2024/02/27, 15:43:04.591, 4984640295332, vstest.console.dll, AssemblyResolver.AddSearchDirectories: Adding more searchDirectories C:\Program Files\dotnet\sdk\7.0.403\Extensions,C:\Program Files\dotnet\sdk\7.0.403
TpTrace Information: 0 : 25140, 1, 2024/02/27, 15:43:04.591, 4984640296037, vstest.console.dll, AssemblyResolver.AddSearchDirectories: Adding more searchDirectories C:\Program Files\dotnet\sdk\7.0.403\Extensions,C:\Program Files\dotnet\sdk\7.0.403
TpTrace Information: 0 : 25140, 1, 2024/02/27, 15:43:04.591, 4984640296586, vstest.console.dll, AssemblyResolver.AddSearchDirectories: Adding more searchDirectories C:\Program Files\dotnet\sdk\7.0.403\Extensions,C:\Program Files\dotnet\sdk\7.0.403
TpTrace Information: 0 : 25140, 1, 2024/02/27, 15:43:04.591, 4984640303240, vstest.console.dll, AssemblyResolver.OnResolve: Microsoft.Diagnostics.NETCore.Client: Resolving assembly.
TpTrace Information: 0 : 25140, 1, 2024/02/27, 15:43:04.591, 4984640304726, vstest.console.dll, AssemblyResolver.OnResolve: Microsoft.Diagnostics.NETCore.Client: Searching in: 'C:\Program Files\dotnet\sdk\7.0.403\Extensions'.
TpTrace Information: 0 : 25140, 1, 2024/02/27, 15:43:04.601, 4984640399143, vstest.console.dll, AssemblyResolver.OnResolve: Microsoft.Diagnostics.NETCore.Client: Loading assembly 'C:\Program Files\dotnet\sdk\7.0.403\Extensions\Microsoft.Diagnostics.NETCore.Client.dll'.
TpTrace Information: 0 : 25140, 1, 2024/02/27, 15:43:04.602, 4984640408614, vstest.console.dll, AssemblyResolver.OnResolve: Resolved assembly: Microsoft.Diagnostics.NETCore.Client, from path: C:\Program Files\dotnet\sdk\7.0.403\Extensions\Microsoft.Diagnostics.NETCore.Client.dll
TpTrace Verbose: 0 : 25140, 1, 2024/02/27, 15:43:04.603, 4984640424627, vstest.console.dll, MetadataReaderExtensionsHelper: Discovering extensions inside assembly 'Microsoft.Diagnostics.NETCore.Client, Version=0.2.8.21101, Culture=neutral, PublicKeyToken=31bf3856ad364e35' file path 'C:\Program Files\dotnet\sdk\7.0.403\Extensions\Microsoft.Diagnostics.NETCore.Client.dll'
TpTrace Information: 0 : 25140, 1, 2024/02/27, 15:43:04.609, 4984640481103, vstest.console.dll, AssemblyResolver.OnResolve: Microsoft.Bcl.AsyncInterfaces: Resolving assembly.
TpTrace Information: 0 : 25140, 1, 2024/02/27, 15:43:04.609, 4984640482639, vstest.console.dll, AssemblyResolver.OnResolve: Microsoft.Bcl.AsyncInterfaces: Searching in: 'C:\Program Files\dotnet\sdk\7.0.403\Extensions'.
TpTrace Information: 0 : 25140, 1, 2024/02/27, 15:43:04.609, 4984640483976, vstest.console.dll, AssemblyResolver.OnResolve: Microsoft.Bcl.AsyncInterfaces: Assembly path does not exist: 'C:\Program Files\dotnet\sdk\7.0.403\Extensions\Microsoft.Bcl.AsyncInterfaces.dll', returning.
TpTrace Information: 0 : 25140, 1, 2024/02/27, 15:43:04.610, 4984640485885, vstest.console.dll, AssemblyResolver.OnResolve: Microsoft.Bcl.AsyncInterfaces: Assembly path does not exist: 'C:\Program Files\dotnet\sdk\7.0.403\Extensions\Microsoft.Bcl.AsyncInterfaces.exe', returning.
TpTrace Information: 0 : 25140, 1, 2024/02/27, 15:43:04.610, 4984640486437, vstest.console.dll, AssemblyResolver.OnResolve: Microsoft.Bcl.AsyncInterfaces: Searching in: 'C:\Program Files\dotnet\sdk\7.0.403'.
TpTrace Information: 0 : 25140, 1, 2024/02/27, 15:43:04.610, 4984640487374, vstest.console.dll, AssemblyResolver.OnResolve: Microsoft.Bcl.AsyncInterfaces: Assembly path does not exist: 'C:\Program Files\dotnet\sdk\7.0.403\Microsoft.Bcl.AsyncInterfaces.dll', returning.
TpTrace Information: 0 : 25140, 1, 2024/02/27, 15:43:04.610, 4984640488272, vstest.console.dll, AssemblyResolver.OnResolve: Microsoft.Bcl.AsyncInterfaces: Assembly path does not exist: 'C:\Program Files\dotnet\sdk\7.0.403\Microsoft.Bcl.AsyncInterfaces.exe', returning.
TpTrace Information: 0 : 25140, 1, 2024/02/27, 15:43:04.610, 4984640488780, vstest.console.dll, AssemblyResolver.OnResolve: Microsoft.Bcl.AsyncInterfaces: Failed to load assembly.
TpTrace Verbose: 0 : 25140, 1, 2024/02/27, 15:43:04.610, 4984640489325, vstest.console.dll, CurrentDomainAssemblyResolve: Resolving assembly 'Microsoft.Bcl.AsyncInterfaces'.
TpTrace Information: 0 : 25140, 1, 2024/02/27, 15:43:04.610, 4984640490168, vstest.console.dll, AssemblyResolver.OnResolve: Microsoft.Bcl.AsyncInterfaces: Resolving assembly.
TpTrace Information: 0 : 25140, 1, 2024/02/27, 15:43:04.610, 4984640490776, vstest.console.dll, AssemblyResolver.OnResolve: Microsoft.Bcl.AsyncInterfaces: Resolved from cache.
TpTrace Verbose: 0 : 25140, 1, 2024/02/27, 15:43:04.610, 4984640491312, vstest.console.dll, CurrentDomainAssemblyResolve: Resolving assembly 'Microsoft.Bcl.AsyncInterfaces'.
TpTrace Verbose: 0 : 25140, 1, 2024/02/27, 15:43:04.610, 4984640491845, vstest.console.dll, CurrentDomainAssemblyResolve: Failed to resolve assembly 'Microsoft.Bcl.AsyncInterfaces'.
TpTrace Verbose: 0 : 25140, 1, 2024/02/27, 15:43:04.611, 4984640501614, vstest.console.dll, CurrentDomainAssemblyResolve: Failed to resolve assembly 'Microsoft.Bcl.AsyncInterfaces'.
TpTrace Warning: 0 : 25140, 1, 2024/02/27, 15:43:04.625, 4984640634993, vstest.console.dll, TestPluginDiscoverer: Failed to get types from assembly 'Microsoft.Diagnostics.NETCore.Client, Version=0.2.8.21101, Culture=neutral, PublicKeyToken=31bf3856ad364e35'. Error: System.Reflection.ReflectionTypeLoadException: Unable to load one or more of the requested types.
Could not load file or assembly 'Microsoft.Bcl.AsyncInterfaces, Version=1.0.0.0, Culture=neutral, PublicKeyToken=cc7b13ffcd2ddd51'. Den angivne fil blev ikke fundet.
   at System.Reflection.RuntimeModule.GetTypes(RuntimeModule module)
   at System.Reflection.Assembly.GetTypes()
   at Microsoft.VisualStudio.TestPlatform.Common.ExtensionFramework.TestPluginDiscoverer.GetTestExtensionsFromAssembly[TPluginInfo,TExtension](Assembly assembly, Dictionary`2 pluginInfos, String filePath) in /_/src/Microsoft.TestPlatform.Common/ExtensionFramework/TestPluginDiscoverer.cs:line 158
System.IO.FileNotFoundException: Could not load file or assembly 'Microsoft.Bcl.AsyncInterfaces, Version=1.0.0.0, Culture=neutral, PublicKeyToken=cc7b13ffcd2ddd51'. Den angivne fil blev ikke fundet.
File name: 'Microsoft.Bcl.AsyncInterfaces, Version=1.0.0.0, Culture=neutral, PublicKeyToken=cc7b13ffcd2ddd51'
 ---> System.IO.FileNotFoundException: Could not load file or assembly 'Microsoft.Bcl.AsyncInterfaces, Culture=neutral, PublicKeyToken=null'. Den angivne fil blev ikke fundet.
File name: 'Microsoft.Bcl.AsyncInterfaces, Culture=neutral, PublicKeyToken=null'
   at System.Reflection.RuntimeAssembly.InternalLoad(AssemblyName assemblyName, StackCrawlMark& stackMark, AssemblyLoadContext assemblyLoadContext, RuntimeAssembly requestingAssembly, Boolean throwOnFileNotFound)
   at System.Reflection.Assembly.Load(AssemblyName assemblyRef)
   at Microsoft.VisualStudio.TestPlatform.Common.ExtensionFramework.TestPluginCache.CurrentDomainAssemblyResolve(Object sender, AssemblyResolveEventArgs args) in /_/src/Microsoft.TestPlatform.Common/ExtensionFramework/TestPluginCache.cs:line 513
   at System.Runtime.Loader.AssemblyLoadContext.GetFirstResolvedAssemblyFromResolvingEvent(AssemblyName assemblyName)
   at System.Runtime.Loader.AssemblyLoadContext.ResolveUsingEvent(AssemblyName assemblyName)
   at System.Runtime.Loader.AssemblyLoadContext.ResolveUsingResolvingEvent(IntPtr gchManagedAssemblyLoadContext, AssemblyName assemblyName)
TpTrace Warning: 0 : 25140, 1, 2024/02/27, 15:43:04.626, 4984640645585, vstest.console.dll, LoaderExceptions: System.IO.FileNotFoundException: Could not load file or assembly 'Microsoft.Bcl.AsyncInterfaces, Version=1.0.0.0, Culture=neutral, PublicKeyToken=cc7b13ffcd2ddd51'. Den angivne fil blev ikke fundet.
File name: 'Microsoft.Bcl.AsyncInterfaces, Version=1.0.0.0, Culture=neutral, PublicKeyToken=cc7b13ffcd2ddd51'
 ---> System.IO.FileNotFoundException: Could not load file or assembly 'Microsoft.Bcl.AsyncInterfaces, Culture=neutral, PublicKeyToken=null'. Den angivne fil blev ikke fundet.
File name: 'Microsoft.Bcl.AsyncInterfaces, Culture=neutral, PublicKeyToken=null'
   at System.Reflection.RuntimeAssembly.InternalLoad(AssemblyName assemblyName, StackCrawlMark& stackMark, AssemblyLoadContext assemblyLoadContext, RuntimeAssembly requestingAssembly, Boolean throwOnFileNotFound)
   at System.Reflection.Assembly.Load(AssemblyName assemblyRef)
   at Microsoft.VisualStudio.TestPlatform.Common.ExtensionFramework.TestPluginCache.CurrentDomainAssemblyResolve(Object sender, AssemblyResolveEventArgs args) in /_/src/Microsoft.TestPlatform.Common/ExtensionFramework/TestPluginCache.cs:line 513
   at System.Runtime.Loader.AssemblyLoadContext.GetFirstResolvedAssemblyFromResolvingEvent(AssemblyName assemblyName)
   at System.Runtime.Loader.AssemblyLoadContext.ResolveUsingEvent(AssemblyName assemblyName)
   at System.Runtime.Loader.AssemblyLoadContext.ResolveUsingResolvingEvent(IntPtr gchManagedAssemblyLoadContext, AssemblyName assemblyName)
TpTrace Information: 0 : 25140, 1, 2024/02/27, 15:43:04.626, 4984640649805, vstest.console.dll, AssemblyResolver.OnResolve: Microsoft.TestPlatform.Extensions.BlameDataCollector: Resolving assembly.
TpTrace Information: 0 : 25140, 1, 2024/02/27, 15:43:04.626, 4984640651124, vstest.console.dll, AssemblyResolver.OnResolve: Microsoft.TestPlatform.Extensions.BlameDataCollector: Searching in: 'C:\Program Files\dotnet\sdk\7.0.403\Extensions'.
TpTrace Information: 0 : 25140, 1, 2024/02/27, 15:43:04.628, 4984640667654, vstest.console.dll, AssemblyResolver.OnResolve: Microsoft.TestPlatform.Extensions.BlameDataCollector: Loading assembly 'C:\Program Files\dotnet\sdk\7.0.403\Extensions\Microsoft.TestPlatform.Extensions.BlameDataCollector.dll'.
TpTrace Information: 0 : 25140, 1, 2024/02/27, 15:43:04.629, 4984640680581, vstest.console.dll, AssemblyResolver.OnResolve: Resolved assembly: Microsoft.TestPlatform.Extensions.BlameDataCollector, from path: C:\Program Files\dotnet\sdk\7.0.403\Extensions\Microsoft.TestPlatform.Extensions.BlameDataCollector.dll
TpTrace Verbose: 0 : 25140, 1, 2024/02/27, 15:43:04.629, 4984640682517, vstest.console.dll, MetadataReaderExtensionsHelper: Discovering extensions inside assembly 'Microsoft.TestPlatform.Extensions.BlameDataCollector, Version=15.0.0.0, Culture=neutral, PublicKeyToken=b03f5f7f11d50a3a' file path 'C:\Program Files\dotnet\sdk\7.0.403\Extensions\Microsoft.TestPlatform.Extensions.BlameDataCollector.dll'
TpTrace Information: 0 : 25140, 1, 2024/02/27, 15:43:04.633, 4984640715345, vstest.console.dll, AssemblyResolver.OnResolve: Microsoft.TestPlatform.Extensions.EventLogCollector: Resolving assembly.
TpTrace Information: 0 : 25140, 1, 2024/02/27, 15:43:04.633, 4984640716725, vstest.console.dll, AssemblyResolver.OnResolve: Microsoft.TestPlatform.Extensions.EventLogCollector: Searching in: 'C:\Program Files\dotnet\sdk\7.0.403\Extensions'.
TpTrace Information: 0 : 25140, 1, 2024/02/27, 15:43:04.634, 4984640726736, vstest.console.dll, AssemblyResolver.OnResolve: Microsoft.TestPlatform.Extensions.EventLogCollector: Loading assembly 'C:\Program Files\dotnet\sdk\7.0.403\Extensions\Microsoft.TestPlatform.Extensions.EventLogCollector.dll'.
TpTrace Information: 0 : 25140, 1, 2024/02/27, 15:43:04.635, 4984640734921, vstest.console.dll, AssemblyResolver.OnResolve: Resolved assembly: Microsoft.TestPlatform.Extensions.EventLogCollector, from path: C:\Program Files\dotnet\sdk\7.0.403\Extensions\Microsoft.TestPlatform.Extensions.EventLogCollector.dll
TpTrace Verbose: 0 : 25140, 1, 2024/02/27, 15:43:04.635, 4984640736173, vstest.console.dll, MetadataReaderExtensionsHelper: Discovering extensions inside assembly 'Microsoft.TestPlatform.Extensions.EventLogCollector, Version=15.0.0.0, Culture=neutral, PublicKeyToken=b03f5f7f11d50a3a' file path 'C:\Program Files\dotnet\sdk\7.0.403\Extensions\Microsoft.TestPlatform.Extensions.EventLogCollector.dll'
TpTrace Information: 0 : 25140, 1, 2024/02/27, 15:43:04.637, 4984640763169, vstest.console.dll, AssemblyResolver.OnResolve: Microsoft.TestPlatform.TestHostRuntimeProvider: Resolving assembly.
TpTrace Information: 0 : 25140, 1, 2024/02/27, 15:43:04.637, 4984640764506, vstest.console.dll, AssemblyResolver.OnResolve: Microsoft.TestPlatform.TestHostRuntimeProvider: Searching in: 'C:\Program Files\dotnet\sdk\7.0.403\Extensions'.
TpTrace Information: 0 : 25140, 1, 2024/02/27, 15:43:04.638, 4984640771669, vstest.console.dll, AssemblyResolver.OnResolve: Microsoft.TestPlatform.TestHostRuntimeProvider: Loading assembly 'C:\Program Files\dotnet\sdk\7.0.403\Extensions\Microsoft.TestPlatform.TestHostRuntimeProvider.dll'.
TpTrace Information: 0 : 25140, 1, 2024/02/27, 15:43:04.639, 4984640778842, vstest.console.dll, AssemblyResolver.OnResolve: Resolved assembly: Microsoft.TestPlatform.TestHostRuntimeProvider, from path: C:\Program Files\dotnet\sdk\7.0.403\Extensions\Microsoft.TestPlatform.TestHostRuntimeProvider.dll
TpTrace Verbose: 0 : 25140, 1, 2024/02/27, 15:43:04.639, 4984640779919, vstest.console.dll, MetadataReaderExtensionsHelper: Discovering extensions inside assembly 'Microsoft.TestPlatform.TestHostRuntimeProvider, Version=15.0.0.0, Culture=neutral, PublicKeyToken=b03f5f7f11d50a3a' file path 'C:\Program Files\dotnet\sdk\7.0.403\Extensions\Microsoft.TestPlatform.TestHostRuntimeProvider.dll'
TpTrace Information: 0 : 25140, 1, 2024/02/27, 15:43:04.651, 4984640900256, vstest.console.dll, GetTestExtensionFromType: Register extension with identifier data 'HostProvider://DefaultTestHost' and type 'Microsoft.VisualStudio.TestPlatform.CrossPlatEngine.Hosting.DefaultTestHostManager, Microsoft.TestPlatform.TestHostRuntimeProvider, Version=15.0.0.0, Culture=neutral, PublicKeyToken=b03f5f7f11d50a3a' inside file 'C:\Program Files\dotnet\sdk\7.0.403\Extensions\Microsoft.TestPlatform.TestHostRuntimeProvider.dll'
TpTrace Information: 0 : 25140, 1, 2024/02/27, 15:43:04.652, 4984640908241, vstest.console.dll, GetTestExtensionFromType: Register extension with identifier data 'HostProvider://DotnetTestHost' and type 'Microsoft.VisualStudio.TestPlatform.CrossPlatEngine.Hosting.DotnetTestHostManager, Microsoft.TestPlatform.TestHostRuntimeProvider, Version=15.0.0.0, Culture=neutral, PublicKeyToken=b03f5f7f11d50a3a' inside file 'C:\Program Files\dotnet\sdk\7.0.403\Extensions\Microsoft.TestPlatform.TestHostRuntimeProvider.dll'
TpTrace Information: 0 : 25140, 1, 2024/02/27, 15:43:04.652, 4984640910179, vstest.console.dll, AssemblyResolver.OnResolve: Microsoft.VisualStudio.TestPlatform.Extensions.Html.TestLogger: Resolving assembly.
TpTrace Information: 0 : 25140, 1, 2024/02/27, 15:43:04.652, 4984640911742, vstest.console.dll, AssemblyResolver.OnResolve: Microsoft.VisualStudio.TestPlatform.Extensions.Html.TestLogger: Searching in: 'C:\Program Files\dotnet\sdk\7.0.403\Extensions'.
TpTrace Information: 0 : 25140, 1, 2024/02/27, 15:43:04.653, 4984640922732, vstest.console.dll, AssemblyResolver.OnResolve: Microsoft.VisualStudio.TestPlatform.Extensions.Html.TestLogger: Loading assembly 'C:\Program Files\dotnet\sdk\7.0.403\Extensions\Microsoft.VisualStudio.TestPlatform.Extensions.Html.TestLogger.dll'.
TpTrace Information: 0 : 25140, 1, 2024/02/27, 15:43:04.654, 4984640932551, vstest.console.dll, AssemblyResolver.OnResolve: Resolved assembly: Microsoft.VisualStudio.TestPlatform.Extensions.Html.TestLogger, from path: C:\Program Files\dotnet\sdk\7.0.403\Extensions\Microsoft.VisualStudio.TestPlatform.Extensions.Html.TestLogger.dll
TpTrace Verbose: 0 : 25140, 1, 2024/02/27, 15:43:04.654, 4984640934434, vstest.console.dll, MetadataReaderExtensionsHelper: Discovering extensions inside assembly 'Microsoft.VisualStudio.TestPlatform.Extensions.Html.TestLogger, Version=15.0.0.0, Culture=neutral, PublicKeyToken=b03f5f7f11d50a3a' file path 'C:\Program Files\dotnet\sdk\7.0.403\Extensions\Microsoft.VisualStudio.TestPlatform.Extensions.Html.TestLogger.dll'
TpTrace Information: 0 : 25140, 1, 2024/02/27, 15:43:04.657, 4984640955449, vstest.console.dll, AssemblyResolver.OnResolve: Microsoft.VisualStudio.TestPlatform.Extensions.Trx.TestLogger: Resolving assembly.
TpTrace Information: 0 : 25140, 1, 2024/02/27, 15:43:04.657, 4984640957288, vstest.console.dll, AssemblyResolver.OnResolve: Microsoft.VisualStudio.TestPlatform.Extensions.Trx.TestLogger: Searching in: 'C:\Program Files\dotnet\sdk\7.0.403\Extensions'.
TpTrace Information: 0 : 25140, 1, 2024/02/27, 15:43:04.658, 4984640966291, vstest.console.dll, AssemblyResolver.OnResolve: Microsoft.VisualStudio.TestPlatform.Extensions.Trx.TestLogger: Loading assembly 'C:\Program Files\dotnet\sdk\7.0.403\Extensions\Microsoft.VisualStudio.TestPlatform.Extensions.Trx.TestLogger.dll'.
TpTrace Information: 0 : 25140, 1, 2024/02/27, 15:43:04.659, 4984640979150, vstest.console.dll, AssemblyResolver.OnResolve: Resolved assembly: Microsoft.VisualStudio.TestPlatform.Extensions.Trx.TestLogger, from path: C:\Program Files\dotnet\sdk\7.0.403\Extensions\Microsoft.VisualStudio.TestPlatform.Extensions.Trx.TestLogger.dll
TpTrace Verbose: 0 : 25140, 1, 2024/02/27, 15:43:04.659, 4984640981012, vstest.console.dll, MetadataReaderExtensionsHelper: Discovering extensions inside assembly 'Microsoft.VisualStudio.TestPlatform.Extensions.Trx.TestLogger, Version=15.0.0.0, Culture=neutral, PublicKeyToken=b03f5f7f11d50a3a' file path 'C:\Program Files\dotnet\sdk\7.0.403\Extensions\Microsoft.VisualStudio.TestPlatform.Extensions.Trx.TestLogger.dll'
TpTrace Verbose: 0 : 25140, 1, 2024/02/27, 15:43:04.662, 4984641011177, vstest.console.dll, TestPluginCache: Discovered the extensions using extension path ''.
TpTrace Verbose: 0 : 25140, 1, 2024/02/27, 15:43:04.662, 4984641013104, vstest.console.dll, TestPluginCache: Discoverers are ''.
TpTrace Verbose: 0 : 25140, 1, 2024/02/27, 15:43:04.662, 4984641013881, vstest.console.dll, TestPluginCache: Executors are ''.
TpTrace Verbose: 0 : 25140, 1, 2024/02/27, 15:43:04.662, 4984641014431, vstest.console.dll, TestPluginCache: Executors2 are ''.
TpTrace Verbose: 0 : 25140, 1, 2024/02/27, 15:43:04.663, 4984641015080, vstest.console.dll, TestPluginCache: Setting providers are ''.
TpTrace Verbose: 0 : 25140, 1, 2024/02/27, 15:43:04.663, 4984641015643, vstest.console.dll, TestPluginCache: Loggers are ''.
TpTrace Verbose: 0 : 25140, 1, 2024/02/27, 15:43:04.663, 4984641018603, vstest.console.dll, TestPluginCache: TestHosts are 'HostProvider://DefaultTestHost,HostProvider://DotnetTestHost'.
TpTrace Verbose: 0 : 25140, 1, 2024/02/27, 15:43:04.663, 4984641019534, vstest.console.dll, TestPluginCache: DataCollectors are ''.
TpTrace Information: 0 : 25140, 1, 2024/02/27, 15:43:04.684, 4984641228724, vstest.console.dll, RunTestsArgumentProcessor:Execute: Test run is starting.
TpTrace Verbose: 0 : 25140, 1, 2024/02/27, 15:43:04.684, 4984641230324, vstest.console.dll, RunTestsArgumentProcessor:Execute: Queuing Test run.
TpTrace Information: 0 : 25140, 1, 2024/02/27, 15:43:04.685, 4984641235041, vstest.console.dll, TestRequestManager.RunTests: run tests started.
TpTrace Information: 0 : 25140, 1, 2024/02/27, 15:43:04.687, 4984641261777, vstest.console.dll, AssemblyMetadataProvider.GetFrameworkName: Determined framework:'.NETCoreApp,Version=v7.0' for source: 'C:\Users\Ekste\Documents\GitHub\EstablishmentProject\Backend_test\bin\Debug\net7.0\fine-code-coverage\build-output\EstablishmentProject.test.dll'
TpTrace Information: 0 : 25140, 1, 2024/02/27, 15:43:04.688, 4984641266629, vstest.console.dll, Determined framework for all sources: .NETCoreApp,Version=v7.0
TpTrace Verbose: 0 : 25140, 1, 2024/02/27, 15:43:04.689, 4984641278658, vstest.console.dll, TestRequestManager.UpdateRunSettingsIfRequired: Default architecture: X64 IsDefaultTargetArchitecture: True, Current process architecture: X64 OperatingSystem: Windows.
TpTrace Information: 0 : 25140, 1, 2024/02/27, 15:43:04.693, 4984641318837, vstest.console.dll, AssemblyMetadataProvider.GetArchitecture: Determined architecture:AnyCPU info for assembly: C:\Users\Ekste\Documents\GitHub\EstablishmentProject\Backend_test\bin\Debug\net7.0\fine-code-coverage\build-output\EstablishmentProject.test.dll
TpTrace Information: 0 : 25140, 1, 2024/02/27, 15:43:04.693, 4984641320490, vstest.console.dll, Determined platform for source 'C:\Users\Ekste\Documents\GitHub\EstablishmentProject\Backend_test\bin\Debug\net7.0\fine-code-coverage\build-output\EstablishmentProject.test.dll' was AnyCPU and it will use the default plaform X64.
TpTrace Information: 0 : 25140, 1, 2024/02/27, 15:43:04.693, 4984641321289, vstest.console.dll, None of the sources provided any runnable platform, using the default platform: X64
TpTrace Information: 0 : 25140, 1, 2024/02/27, 15:43:04.693, 4984641323411, vstest.console.dll, Platform was updated to 'X64'.
TpTrace Information: 0 : 25140, 1, 2024/02/27, 15:43:04.702, 4984641406204, vstest.console.dll, InferRunSettingsHelper.IsTestSettingsEnabled: Unable to navigate to RunSettings/MSTest. Current node: RunSettings
TpTrace Information: 0 : 25140, 1, 2024/02/27, 15:43:04.703, 4984641420799, vstest.console.dll, AssemblyResolver.OnResolve: Microsoft.VisualStudio.TestPlatform.Fakes: Resolving assembly.
TpTrace Information: 0 : 25140, 1, 2024/02/27, 15:43:04.703, 4984641422430, vstest.console.dll, AssemblyResolver.OnResolve: Microsoft.VisualStudio.TestPlatform.Fakes: Searching in: 'C:\Program Files\dotnet\sdk\7.0.403\Extensions'.
TpTrace Information: 0 : 25140, 1, 2024/02/27, 15:43:04.703, 4984641424354, vstest.console.dll, AssemblyResolver.OnResolve: Microsoft.VisualStudio.TestPlatform.Fakes: Assembly path does not exist: 'C:\Program Files\dotnet\sdk\7.0.403\Extensions\Microsoft.VisualStudio.TestPlatform.Fakes.dll', returning.
TpTrace Information: 0 : 25140, 1, 2024/02/27, 15:43:04.704, 4984641426103, vstest.console.dll, AssemblyResolver.OnResolve: Microsoft.VisualStudio.TestPlatform.Fakes: Assembly path does not exist: 'C:\Program Files\dotnet\sdk\7.0.403\Extensions\Microsoft.VisualStudio.TestPlatform.Fakes.exe', returning.
TpTrace Information: 0 : 25140, 1, 2024/02/27, 15:43:04.704, 4984641427055, vstest.console.dll, AssemblyResolver.OnResolve: Microsoft.VisualStudio.TestPlatform.Fakes: Searching in: 'C:\Program Files\dotnet\sdk\7.0.403'.
TpTrace Information: 0 : 25140, 1, 2024/02/27, 15:43:04.704, 4984641428577, vstest.console.dll, AssemblyResolver.OnResolve: Microsoft.VisualStudio.TestPlatform.Fakes: Assembly path does not exist: 'C:\Program Files\dotnet\sdk\7.0.403\Microsoft.VisualStudio.TestPlatform.Fakes.dll', returning.
TpTrace Information: 0 : 25140, 1, 2024/02/27, 15:43:04.704, 4984641430165, vstest.console.dll, AssemblyResolver.OnResolve: Microsoft.VisualStudio.TestPlatform.Fakes: Assembly path does not exist: 'C:\Program Files\dotnet\sdk\7.0.403\Microsoft.VisualStudio.TestPlatform.Fakes.exe', returning.
TpTrace Information: 0 : 25140, 1, 2024/02/27, 15:43:04.704, 4984641430995, vstest.console.dll, AssemblyResolver.OnResolve: Microsoft.VisualStudio.TestPlatform.Fakes: Failed to load assembly.
TpTrace Information: 0 : 25140, 1, 2024/02/27, 15:43:04.705, 4984641436241, vstest.console.dll, Failed to load assembly Microsoft.VisualStudio.TestPlatform.Fakes, Version=17.0.0.0, Culture=neutral. Reason:System.IO.FileNotFoundException: Could not load file or assembly 'Microsoft.VisualStudio.TestPlatform.Fakes, Version=17.0.0.0, Culture=neutral, PublicKeyToken=null'. Den angivne fil blev ikke fundet.
File name: 'Microsoft.VisualStudio.TestPlatform.Fakes, Version=17.0.0.0, Culture=neutral, PublicKeyToken=null'
   at System.Reflection.RuntimeAssembly.InternalLoad(AssemblyName assemblyName, StackCrawlMark& stackMark, AssemblyLoadContext assemblyLoadContext, RuntimeAssembly requestingAssembly, Boolean throwOnFileNotFound)
   at System.Reflection.Assembly.Load(AssemblyName assemblyRef)
   at Microsoft.VisualStudio.TestPlatform.Common.Utilities.FakesUtilities.LoadTestPlatformAssembly() in /_/src/Microsoft.TestPlatform.Common/Utilities/FakesUtilities.cs:line 272
TpTrace Verbose: 0 : 25140, 1, 2024/02/27, 15:43:04.759, 4984641984560, vstest.console.dll, TestPluginCache.DiscoverTestExtensions: finding test extensions in assemblies ends with: TestLogger.dll TPluginInfo: Microsoft.VisualStudio.TestPlatform.Common.ExtensionFramework.Utilities.TestLoggerPluginInformation TExtension: Microsoft.VisualStudio.TestPlatform.ObjectModel.Client.ITestLogger
TpTrace Verbose: 0 : 25140, 1, 2024/02/27, 15:43:04.760, 4984641986716, vstest.console.dll, TestPluginCache.GetExtensionPaths: Filtered extension paths: 
TpTrace Verbose: 0 : 25140, 1, 2024/02/27, 15:43:04.760, 4984641987595, vstest.console.dll, TestPluginCache.GetExtensionPaths: Added default extension paths: C:\Program Files\dotnet\sdk\7.0.403\Extensions\Microsoft.Diagnostics.NETCore.Client.dll
C:\Program Files\dotnet\sdk\7.0.403\Extensions\Microsoft.TestPlatform.Extensions.BlameDataCollector.dll
C:\Program Files\dotnet\sdk\7.0.403\Extensions\Microsoft.TestPlatform.Extensions.EventLogCollector.dll
C:\Program Files\dotnet\sdk\7.0.403\Extensions\Microsoft.TestPlatform.TestHostRuntimeProvider.dll
C:\Program Files\dotnet\sdk\7.0.403\Extensions\Microsoft.VisualStudio.TestPlatform.Extensions.Html.TestLogger.dll
C:\Program Files\dotnet\sdk\7.0.403\Extensions\Microsoft.VisualStudio.TestPlatform.Extensions.Trx.TestLogger.dll
TpTrace Verbose: 0 : 25140, 1, 2024/02/27, 15:43:04.760, 4984641988344, vstest.console.dll, TestPluginCache.GetExtensionPaths: Added unfilterableExtensionPaths: 
TpTrace Information: 0 : 25140, 1, 2024/02/27, 15:43:04.760, 4984641990976, vstest.console.dll, AssemblyResolver.AddSearchDirectories: Adding more searchDirectories C:\Program Files\dotnet\sdk\7.0.403\Extensions,C:\Program Files\dotnet\sdk\7.0.403
TpTrace Verbose: 0 : 25140, 1, 2024/02/27, 15:43:04.760, 4984641992053, vstest.console.dll, TestPluginCache.DiscoverTestExtensions: Discovering the extensions using extension path.
TpTrace Verbose: 0 : 25140, 1, 2024/02/27, 15:43:04.760, 4984641992895, vstest.console.dll, TestPluginCache.GetExtensionPaths: Filtered extension paths: 
TpTrace Verbose: 0 : 25140, 1, 2024/02/27, 15:43:04.760, 4984641993709, vstest.console.dll, TestPluginCache.GetExtensionPaths: Added default extension paths: C:\Program Files\dotnet\sdk\7.0.403\Extensions\Microsoft.Diagnostics.NETCore.Client.dll
C:\Program Files\dotnet\sdk\7.0.403\Extensions\Microsoft.TestPlatform.Extensions.BlameDataCollector.dll
C:\Program Files\dotnet\sdk\7.0.403\Extensions\Microsoft.TestPlatform.Extensions.EventLogCollector.dll
C:\Program Files\dotnet\sdk\7.0.403\Extensions\Microsoft.TestPlatform.TestHostRuntimeProvider.dll
C:\Program Files\dotnet\sdk\7.0.403\Extensions\Microsoft.VisualStudio.TestPlatform.Extensions.Html.TestLogger.dll
C:\Program Files\dotnet\sdk\7.0.403\Extensions\Microsoft.VisualStudio.TestPlatform.Extensions.Trx.TestLogger.dll
TpTrace Verbose: 0 : 25140, 1, 2024/02/27, 15:43:04.760, 4984641994428, vstest.console.dll, TestPluginCache.GetExtensionPaths: Added unfilterableExtensionPaths: 
TpTrace Verbose: 0 : 25140, 1, 2024/02/27, 15:43:04.761, 4984641995215, vstest.console.dll, TestPluginCache.DiscoverTestExtensions: Discovering the extensions using allExtensionPaths: C:\Program Files\dotnet\sdk\7.0.403\Extensions\Microsoft.Diagnostics.NETCore.Client.dll
C:\Program Files\dotnet\sdk\7.0.403\Extensions\Microsoft.TestPlatform.Extensions.BlameDataCollector.dll
C:\Program Files\dotnet\sdk\7.0.403\Extensions\Microsoft.TestPlatform.Extensions.EventLogCollector.dll
C:\Program Files\dotnet\sdk\7.0.403\Extensions\Microsoft.TestPlatform.TestHostRuntimeProvider.dll
C:\Program Files\dotnet\sdk\7.0.403\Extensions\Microsoft.VisualStudio.TestPlatform.Extensions.Html.TestLogger.dll
C:\Program Files\dotnet\sdk\7.0.403\Extensions\Microsoft.VisualStudio.TestPlatform.Extensions.Trx.TestLogger.dll
TpTrace Information: 0 : 25140, 1, 2024/02/27, 15:43:04.761, 4984641997142, vstest.console.dll, AssemblyResolver.AddSearchDirectories: Adding more searchDirectories C:\Program Files\dotnet\sdk\7.0.403\Extensions,C:\Program Files\dotnet\sdk\7.0.403
TpTrace Information: 0 : 25140, 1, 2024/02/27, 15:43:04.761, 4984641998151, vstest.console.dll, AssemblyResolver.AddSearchDirectories: Adding more searchDirectories C:\Program Files\dotnet\sdk\7.0.403\Extensions,C:\Program Files\dotnet\sdk\7.0.403
TpTrace Information: 0 : 25140, 1, 2024/02/27, 15:43:04.761, 4984641998876, vstest.console.dll, AssemblyResolver.AddSearchDirectories: Adding more searchDirectories C:\Program Files\dotnet\sdk\7.0.403\Extensions,C:\Program Files\dotnet\sdk\7.0.403
TpTrace Information: 0 : 25140, 1, 2024/02/27, 15:43:04.761, 4984641999624, vstest.console.dll, AssemblyResolver.AddSearchDirectories: Adding more searchDirectories C:\Program Files\dotnet\sdk\7.0.403\Extensions,C:\Program Files\dotnet\sdk\7.0.403
TpTrace Information: 0 : 25140, 1, 2024/02/27, 15:43:04.761, 4984642001812, vstest.console.dll, AssemblyResolver.AddSearchDirectories: Adding more searchDirectories C:\Program Files\dotnet\sdk\7.0.403\Extensions,C:\Program Files\dotnet\sdk\7.0.403
TpTrace Information: 0 : 25140, 1, 2024/02/27, 15:43:04.761, 4984642002579, vstest.console.dll, AssemblyResolver.AddSearchDirectories: Adding more searchDirectories C:\Program Files\dotnet\sdk\7.0.403\Extensions,C:\Program Files\dotnet\sdk\7.0.403
TpTrace Verbose: 0 : 25140, 1, 2024/02/27, 15:43:04.761, 4984642004621, vstest.console.dll, MetadataReaderExtensionsHelper: Discovering extensions inside assembly 'Microsoft.Diagnostics.NETCore.Client, Version=0.2.8.21101, Culture=neutral, PublicKeyToken=31bf3856ad364e35' file path 'C:\Program Files\dotnet\sdk\7.0.403\Extensions\Microsoft.Diagnostics.NETCore.Client.dll'
TpTrace Information: 0 : 25140, 1, 2024/02/27, 15:43:04.764, 4984642027078, vstest.console.dll, AssemblyResolver.OnResolve: Microsoft.Bcl.AsyncInterfaces: Resolving assembly.
TpTrace Information: 0 : 25140, 1, 2024/02/27, 15:43:04.764, 4984642028460, vstest.console.dll, AssemblyResolver.OnResolve: Microsoft.Bcl.AsyncInterfaces: Resolved from cache.
TpTrace Verbose: 0 : 25140, 1, 2024/02/27, 15:43:04.764, 4984642029119, vstest.console.dll, CurrentDomainAssemblyResolve: Resolving assembly 'Microsoft.Bcl.AsyncInterfaces'.
TpTrace Information: 0 : 25140, 1, 2024/02/27, 15:43:04.764, 4984642030104, vstest.console.dll, AssemblyResolver.OnResolve: Microsoft.Bcl.AsyncInterfaces: Resolving assembly.
TpTrace Information: 0 : 25140, 1, 2024/02/27, 15:43:04.764, 4984642030757, vstest.console.dll, AssemblyResolver.OnResolve: Microsoft.Bcl.AsyncInterfaces: Resolved from cache.
TpTrace Verbose: 0 : 25140, 1, 2024/02/27, 15:43:04.764, 4984642031462, vstest.console.dll, CurrentDomainAssemblyResolve: Resolving assembly 'Microsoft.Bcl.AsyncInterfaces'.
TpTrace Verbose: 0 : 25140, 1, 2024/02/27, 15:43:04.764, 4984642032110, vstest.console.dll, CurrentDomainAssemblyResolve: Failed to resolve assembly 'Microsoft.Bcl.AsyncInterfaces'.
TpTrace Verbose: 0 : 25140, 1, 2024/02/27, 15:43:04.764, 4984642034656, vstest.console.dll, CurrentDomainAssemblyResolve: Failed to resolve assembly 'Microsoft.Bcl.AsyncInterfaces'.
TpTrace Warning: 0 : 25140, 1, 2024/02/27, 15:43:04.765, 4984642042430, vstest.console.dll, TestPluginDiscoverer: Failed to get types from assembly 'Microsoft.Diagnostics.NETCore.Client, Version=0.2.8.21101, Culture=neutral, PublicKeyToken=31bf3856ad364e35'. Error: System.Reflection.ReflectionTypeLoadException: Unable to load one or more of the requested types.
Could not load file or assembly 'Microsoft.Bcl.AsyncInterfaces, Version=1.0.0.0, Culture=neutral, PublicKeyToken=cc7b13ffcd2ddd51'. Den angivne fil blev ikke fundet.
   at System.Reflection.RuntimeModule.GetTypes(RuntimeModule module)
   at System.Reflection.Assembly.GetTypes()
   at Microsoft.VisualStudio.TestPlatform.Common.ExtensionFramework.TestPluginDiscoverer.GetTestExtensionsFromAssembly[TPluginInfo,TExtension](Assembly assembly, Dictionary`2 pluginInfos, String filePath) in /_/src/Microsoft.TestPlatform.Common/ExtensionFramework/TestPluginDiscoverer.cs:line 158
System.IO.FileNotFoundException: Could not load file or assembly 'Microsoft.Bcl.AsyncInterfaces, Version=1.0.0.0, Culture=neutral, PublicKeyToken=cc7b13ffcd2ddd51'. Den angivne fil blev ikke fundet.
File name: 'Microsoft.Bcl.AsyncInterfaces, Version=1.0.0.0, Culture=neutral, PublicKeyToken=cc7b13ffcd2ddd51'
 ---> System.IO.FileNotFoundException: Could not load file or assembly 'Microsoft.Bcl.AsyncInterfaces, Culture=neutral, PublicKeyToken=null'. Den angivne fil blev ikke fundet.
File name: 'Microsoft.Bcl.AsyncInterfaces, Culture=neutral, PublicKeyToken=null'
   at System.Reflection.RuntimeAssembly.InternalLoad(AssemblyName assemblyName, StackCrawlMark& stackMark, AssemblyLoadContext assemblyLoadContext, RuntimeAssembly requestingAssembly, Boolean throwOnFileNotFound)
   at System.Reflection.Assembly.Load(AssemblyName assemblyRef)
   at Microsoft.VisualStudio.TestPlatform.Common.ExtensionFramework.TestPluginCache.CurrentDomainAssemblyResolve(Object sender, AssemblyResolveEventArgs args) in /_/src/Microsoft.TestPlatform.Common/ExtensionFramework/TestPluginCache.cs:line 513
   at System.Runtime.Loader.AssemblyLoadContext.GetFirstResolvedAssemblyFromResolvingEvent(AssemblyName assemblyName)
   at System.Runtime.Loader.AssemblyLoadContext.ResolveUsingEvent(AssemblyName assemblyName)
   at System.Runtime.Loader.AssemblyLoadContext.ResolveUsingResolvingEvent(IntPtr gchManagedAssemblyLoadContext, AssemblyName assemblyName)
TpTrace Warning: 0 : 25140, 1, 2024/02/27, 15:43:04.766, 4984642045946, vstest.console.dll, LoaderExceptions: System.IO.FileNotFoundException: Could not load file or assembly 'Microsoft.Bcl.AsyncInterfaces, Version=1.0.0.0, Culture=neutral, PublicKeyToken=cc7b13ffcd2ddd51'. Den angivne fil blev ikke fundet.
File name: 'Microsoft.Bcl.AsyncInterfaces, Version=1.0.0.0, Culture=neutral, PublicKeyToken=cc7b13ffcd2ddd51'
 ---> System.IO.FileNotFoundException: Could not load file or assembly 'Microsoft.Bcl.AsyncInterfaces, Culture=neutral, PublicKeyToken=null'. Den angivne fil blev ikke fundet.
File name: 'Microsoft.Bcl.AsyncInterfaces, Culture=neutral, PublicKeyToken=null'
   at System.Reflection.RuntimeAssembly.InternalLoad(AssemblyName assemblyName, StackCrawlMark& stackMark, AssemblyLoadContext assemblyLoadContext, RuntimeAssembly requestingAssembly, Boolean throwOnFileNotFound)
   at System.Reflection.Assembly.Load(AssemblyName assemblyRef)
   at Microsoft.VisualStudio.TestPlatform.Common.ExtensionFramework.TestPluginCache.CurrentDomainAssemblyResolve(Object sender, AssemblyResolveEventArgs args) in /_/src/Microsoft.TestPlatform.Common/ExtensionFramework/TestPluginCache.cs:line 513
   at System.Runtime.Loader.AssemblyLoadContext.GetFirstResolvedAssemblyFromResolvingEvent(AssemblyName assemblyName)
   at System.Runtime.Loader.AssemblyLoadContext.ResolveUsingEvent(AssemblyName assemblyName)
   at System.Runtime.Loader.AssemblyLoadContext.ResolveUsingResolvingEvent(IntPtr gchManagedAssemblyLoadContext, AssemblyName assemblyName)
TpTrace Verbose: 0 : 25140, 1, 2024/02/27, 15:43:04.766, 4984642047928, vstest.console.dll, MetadataReaderExtensionsHelper: Discovering extensions inside assembly 'Microsoft.TestPlatform.Extensions.BlameDataCollector, Version=15.0.0.0, Culture=neutral, PublicKeyToken=b03f5f7f11d50a3a' file path 'C:\Program Files\dotnet\sdk\7.0.403\Extensions\Microsoft.TestPlatform.Extensions.BlameDataCollector.dll'
TpTrace Information: 0 : 25140, 1, 2024/02/27, 15:43:04.767, 4984642061358, vstest.console.dll, GetTestExtensionFromType: Register extension with identifier data 'logger://Microsoft/TestPlatform/Extensions/Blame/v1' and type 'Microsoft.TestPlatform.Extensions.BlameDataCollector.BlameLogger, Microsoft.TestPlatform.Extensions.BlameDataCollector, Version=15.0.0.0, Culture=neutral, PublicKeyToken=b03f5f7f11d50a3a' inside file 'C:\Program Files\dotnet\sdk\7.0.403\Extensions\Microsoft.TestPlatform.Extensions.BlameDataCollector.dll'
TpTrace Verbose: 0 : 25140, 1, 2024/02/27, 15:43:04.767, 4984642062753, vstest.console.dll, MetadataReaderExtensionsHelper: Discovering extensions inside assembly 'Microsoft.TestPlatform.Extensions.EventLogCollector, Version=15.0.0.0, Culture=neutral, PublicKeyToken=b03f5f7f11d50a3a' file path 'C:\Program Files\dotnet\sdk\7.0.403\Extensions\Microsoft.TestPlatform.Extensions.EventLogCollector.dll'
TpTrace Verbose: 0 : 25140, 1, 2024/02/27, 15:43:04.768, 4984642070763, vstest.console.dll, MetadataReaderExtensionsHelper: Discovering extensions inside assembly 'Microsoft.TestPlatform.TestHostRuntimeProvider, Version=15.0.0.0, Culture=neutral, PublicKeyToken=b03f5f7f11d50a3a' file path 'C:\Program Files\dotnet\sdk\7.0.403\Extensions\Microsoft.TestPlatform.TestHostRuntimeProvider.dll'
TpTrace Verbose: 0 : 25140, 1, 2024/02/27, 15:43:04.769, 4984642078899, vstest.console.dll, MetadataReaderExtensionsHelper: Discovering extensions inside assembly 'Microsoft.VisualStudio.TestPlatform.Extensions.Html.TestLogger, Version=15.0.0.0, Culture=neutral, PublicKeyToken=b03f5f7f11d50a3a' file path 'C:\Program Files\dotnet\sdk\7.0.403\Extensions\Microsoft.VisualStudio.TestPlatform.Extensions.Html.TestLogger.dll'
TpTrace Information: 0 : 25140, 1, 2024/02/27, 15:43:04.770, 4984642090771, vstest.console.dll, GetTestExtensionFromType: Register extension with identifier data 'logger://Microsoft/TestPlatform/HtmlLogger/v1' and type 'Microsoft.VisualStudio.TestPlatform.Extensions.HtmlLogger.HtmlLogger, Microsoft.VisualStudio.TestPlatform.Extensions.Html.TestLogger, Version=15.0.0.0, Culture=neutral, PublicKeyToken=b03f5f7f11d50a3a' inside file 'C:\Program Files\dotnet\sdk\7.0.403\Extensions\Microsoft.VisualStudio.TestPlatform.Extensions.Html.TestLogger.dll'
TpTrace Verbose: 0 : 25140, 1, 2024/02/27, 15:43:04.770, 4984642092168, vstest.console.dll, MetadataReaderExtensionsHelper: Discovering extensions inside assembly 'Microsoft.VisualStudio.TestPlatform.Extensions.Trx.TestLogger, Version=15.0.0.0, Culture=neutral, PublicKeyToken=b03f5f7f11d50a3a' file path 'C:\Program Files\dotnet\sdk\7.0.403\Extensions\Microsoft.VisualStudio.TestPlatform.Extensions.Trx.TestLogger.dll'
TpTrace Information: 0 : 25140, 1, 2024/02/27, 15:43:04.771, 4984642103775, vstest.console.dll, GetTestExtensionFromType: Register extension with identifier data 'logger://Microsoft/TestPlatform/TrxLogger/v1' and type 'Microsoft.VisualStudio.TestPlatform.Extensions.TrxLogger.TrxLogger, Microsoft.VisualStudio.TestPlatform.Extensions.Trx.TestLogger, Version=15.0.0.0, Culture=neutral, PublicKeyToken=b03f5f7f11d50a3a' inside file 'C:\Program Files\dotnet\sdk\7.0.403\Extensions\Microsoft.VisualStudio.TestPlatform.Extensions.Trx.TestLogger.dll'
TpTrace Verbose: 0 : 25140, 1, 2024/02/27, 15:43:04.772, 4984642105901, vstest.console.dll, TestPluginCache: Discovered the extensions using extension path ''.
TpTrace Verbose: 0 : 25140, 1, 2024/02/27, 15:43:04.772, 4984642106748, vstest.console.dll, TestPluginCache: Discoverers are ''.
TpTrace Verbose: 0 : 25140, 1, 2024/02/27, 15:43:04.772, 4984642107363, vstest.console.dll, TestPluginCache: Executors are ''.
TpTrace Verbose: 0 : 25140, 1, 2024/02/27, 15:43:04.772, 4984642107921, vstest.console.dll, TestPluginCache: Executors2 are ''.
TpTrace Verbose: 0 : 25140, 1, 2024/02/27, 15:43:04.772, 4984642109020, vstest.console.dll, TestPluginCache: Setting providers are ''.
TpTrace Verbose: 0 : 25140, 1, 2024/02/27, 15:43:04.772, 4984642110712, vstest.console.dll, TestPluginCache: Loggers are 'logger://Microsoft/TestPlatform/Extensions/Blame/v1,logger://Microsoft/TestPlatform/HtmlLogger/v1,logger://Microsoft/TestPlatform/TrxLogger/v1'.
TpTrace Verbose: 0 : 25140, 1, 2024/02/27, 15:43:04.772, 4984642111937, vstest.console.dll, TestPluginCache: TestHosts are 'HostProvider://DefaultTestHost,HostProvider://DotnetTestHost'.
TpTrace Verbose: 0 : 25140, 1, 2024/02/27, 15:43:04.772, 4984642112696, vstest.console.dll, TestPluginCache: DataCollectors are ''.
TpTrace Information: 0 : 25140, 1, 2024/02/27, 15:43:04.775, 4984642135453, vstest.console.dll, TestPluginManager.CreateTestExtension: Attempting to load test extension: Microsoft.TestPlatform.Extensions.BlameDataCollector.BlameLogger
TpTrace Verbose: 0 : 25140, 1, 2024/02/27, 15:43:04.791, 4984642301144, vstest.console.dll, TestEngine: Initializing Parallel Execution as MaxCpuCount is set to: 1
TpTrace Information: 0 : 25140, 1, 2024/02/27, 15:43:04.803, 4984642421271, vstest.console.dll, TestPluginManager.CreateTestExtension: Attempting to load test extension: Microsoft.VisualStudio.TestPlatform.CrossPlatEngine.Hosting.DefaultTestHostManager
TpTrace Information: 0 : 25140, 1, 2024/02/27, 15:43:04.805, 4984642443899, vstest.console.dll, TestPluginManager.CreateTestExtension: Attempting to load test extension: Microsoft.VisualStudio.TestPlatform.CrossPlatEngine.Hosting.DotnetTestHostManager
TpTrace Information: 0 : 25140, 1, 2024/02/27, 15:43:04.811, 4984642497622, vstest.console.dll, InferRunSettingsHelper.IsTestSettingsEnabled: Unable to navigate to RunSettings/MSTest. Current node: RunSettings
TpTrace Verbose: 0 : 25140, 1, 2024/02/27, 15:43:04.813, 4984642519669, vstest.console.dll, ParallelOperationManager.ClearSlots: Clearing all slots. Slots should accept more work: True
TpTrace Verbose: 0 : 25140, 1, 2024/02/27, 15:43:04.816, 4984642552460, vstest.console.dll, ParallelOperationManager.SetOccupiedSlotCount: Setting slot counts AvailableSlotCount = 1, OccupiedSlotCount = 0.
TpTrace Verbose: 0 : 25140, 1, 2024/02/27, 15:43:04.819, 4984642576870, vstest.console.dll, Occupied slots:

TpTrace Verbose: 0 : 25140, 1, 2024/02/27, 15:43:04.836, 4984642745756, vstest.console.dll, TestEngine.GetExecutionManager: Chosen execution manager 'Microsoft.VisualStudio.TestPlatform.CrossPlatEngine.Client.Parallel.ParallelProxyExecutionManager, Microsoft.TestPlatform.CrossPlatEngine, Version=15.0.0.0, Culture=neutral, PublicKeyToken=b03f5f7f11d50a3a' ParallelLevel '1'.
TpTrace Verbose: 0 : 25140, 1, 2024/02/27, 15:43:04.836, 4984642752438, vstest.console.dll, TestRunRequest.ExecuteAsync: Creating test run request.
TpTrace Verbose: 0 : 25140, 1, 2024/02/27, 15:43:04.838, 4984642766995, vstest.console.dll, TestRunRequest.ExecuteAsync: Starting.
TpTrace Information: 0 : 25140, 1, 2024/02/27, 15:43:04.838, 4984642774046, vstest.console.dll, TestRunRequest.ExecuteAsync: Starting run with settings:TestRunCriteria:
   KeepAlive=False,FrequencyOfRunStatsChangeEvent=10,RunStatsChangeEventTimeout=00:00:01.5000000,TestCaseFilter=,TestExecutorLauncher=
   Settingsxml=<RunSettings>
  <RunConfiguration>
    <ResultsDirectory>C:\Users\Ekste\Documents\GitHub\EstablishmentProject\Backend_test\bin\Debug\net7.0\fine-code-coverage\coverage-tool-output</ResultsDirectory>
    <TargetPlatform>X64</TargetPlatform>
    <TargetFrameworkVersion>.NETCoreApp,Version=v7.0</TargetFrameworkVersion>
    <DesignMode>False</DesignMode>
    <CollectSourceInformation>False</CollectSourceInformation>
  </RunConfiguration>
  <LoggerRunSettings>
    <Loggers>
      <Logger friendlyName="blame" enabled="True" />
      <Logger friendlyName="Console" uri="logger://microsoft/TestPlatform/ConsoleLogger/v1" assemblyQualifiedName="Microsoft.VisualStudio.TestPlatform.CommandLine.Internal.ConsoleLogger, vstest.console, Version=15.0.0.0, Culture=neutral, PublicKeyToken=b03f5f7f11d50a3a" codeBase="C:\Program Files\dotnet\sdk\7.0.403\vstest.console.dll" enabled="True" />
    </Loggers>
  </LoggerRunSettings>
  <DataCollectionRunSettings>
    <DataCollectors>
      <DataCollector friendlyName="blame" enabled="True">
        <Configuration>
          <ResultsDirectory>C:\Users\Ekste\Documents\GitHub\EstablishmentProject\Backend_test\bin\Debug\net7.0\fine-code-coverage\coverage-tool-output</ResultsDirectory>
        </Configuration>
      </DataCollector>
    </DataCollectors>
  </DataCollectionRunSettings>
</RunSettings>

TpTrace Verbose: 0 : 25140, 1, 2024/02/27, 15:43:04.839, 4984642775424, vstest.console.dll, TestRunRequest.ExecuteAsync: Wait for the first run request is over.
TpTrace Verbose: 0 : 25140, 1, 2024/02/27, 15:43:04.839, 4984642781213, vstest.console.dll, MulticastDelegateUtilities.SafeInvoke: TestRun.TestRunStart: Invoking callbacks was skipped because there are no subscribers.
TpTrace Verbose: 0 : 25140, 4, 2024/02/27, 15:43:04.840, 4984642785842, vstest.console.dll, MulticastDelegateUtilities.SafeInvoke: InternalTestLoggerEvents.SendTestRunStart: Invoking callback 1/1 for Microsoft.VisualStudio.TestPlatform.CommandLine.Internal.ConsoleLogger., took 0 ms.
TpTrace Verbose: 0 : 25140, 1, 2024/02/27, 15:43:04.849, 4984642875878, vstest.console.dll, ParallelProxyExecutionManager: Start execution. Total sources: 1
TpTrace Verbose: 0 : 25140, 1, 2024/02/27, 15:43:04.849, 4984642884845, vstest.console.dll, ParallelOperationManager.StartWork: Starting adding 1 workloads.
TpTrace Verbose: 0 : 25140, 1, 2024/02/27, 15:43:04.850, 4984642889873, vstest.console.dll, ParallelOperationManager.ClearSlots: Clearing all slots. Slots should accept more work: True
TpTrace Verbose: 0 : 25140, 1, 2024/02/27, 15:43:04.850, 4984642891795, vstest.console.dll, ParallelOperationManager.SetOccupiedSlotCount: Setting slot counts AvailableSlotCount = 1, OccupiedSlotCount = 0.
TpTrace Verbose: 0 : 25140, 1, 2024/02/27, 15:43:04.850, 4984642892899, vstest.console.dll, Occupied slots:

TpTrace Verbose: 0 : 25140, 1, 2024/02/27, 15:43:04.854, 4984642933044, vstest.console.dll, TestRequestSender is acting as server.
TpTrace Verbose: 0 : 25140, 1, 2024/02/27, 15:43:04.857, 4984642963056, vstest.console.dll, ParallelOperationManager.RunWorkInParallel: Adding 1 workload to slot, remaining workloads 0.
TpTrace Verbose: 0 : 25140, 1, 2024/02/27, 15:43:04.858, 4984642964901, vstest.console.dll, ParallelOperationManager.SetOccupiedSlotCount: Setting slot counts AvailableSlotCount = 0, OccupiedSlotCount = 1.
TpTrace Verbose: 0 : 25140, 1, 2024/02/27, 15:43:04.858, 4984642967379, vstest.console.dll, Occupied slots:
0: C:\Users\Ekste\Documents\GitHub\EstablishmentProject\Backend_test\bin\Debug\net7.0\fine-code-coverage\build-output\EstablishmentProject.test.dll
TpTrace Verbose: 0 : 25140, 1, 2024/02/27, 15:43:04.861, 4984642998543, vstest.console.dll, ParallelOperationManager.RunWorkInParallel: Started host in slot number 0 for work (source): C:\Users\Ekste\Documents\GitHub\EstablishmentProject\Backend_test\bin\Debug\net7.0\fine-code-coverage\build-output\EstablishmentProject.test.dll.
TpTrace Verbose: 0 : 25140, 1, 2024/02/27, 15:43:04.864, 4984643033041, vstest.console.dll, ParallelOperationManager.RunWorkInParallel: We started 1 work items, which is the max parallel level. Won't start more work.
TpTrace Verbose: 0 : 25140, 1, 2024/02/27, 15:43:04.864, 4984643034633, vstest.console.dll, ParallelOperationManager.RunWorkInParallel: We started 1 work items in here, returning True.
TpTrace Information: 0 : 25140, 1, 2024/02/27, 15:43:04.865, 4984643035440, vstest.console.dll, TestRunRequest.ExecuteAsync: Started.
TpTrace Verbose: 0 : 25140, 1, 2024/02/27, 15:43:04.865, 4984643036862, vstest.console.dll, TestRunRequest.WaitForCompletion: Waiting with timeout -1.
TpTrace Verbose: 0 : 25140, 5, 2024/02/27, 15:43:04.865, 4984643038485, vstest.console.dll, ParallelProxyExecutionManager.StartTestRunOnConcurrentManager: Initializing uninitialized client. Started clients: 0
TpTrace Verbose: 0 : 25140, 5, 2024/02/27, 15:43:04.865, 4984643041938, vstest.console.dll, DataCollectionRequestSender.InitializeCommunication : Initialize communication. 
TpTrace Information: 0 : 25140, 5, 2024/02/27, 15:43:04.874, 4984643129957, vstest.console.dll, Listening on Endpoint : 127.0.0.1:60984
TpTrace Verbose: 0 : 25140, 5, 2024/02/27, 15:43:04.888, 4984643269238, vstest.console.dll, DotnetDataCollectionLauncher: Adding  --runtimeconfig "C:\Program Files\dotnet\sdk\7.0.403\datacollector.runtimeconfig.json" in args
TpTrace Verbose: 0 : 25140, 5, 2024/02/27, 15:43:04.888, 4984643271888, vstest.console.dll, DotnetDataCollectionLauncher: Adding  --depsfile "C:\Program Files\dotnet\sdk\7.0.403\datacollector.deps.json" in args
TpTrace Verbose: 0 : 25140, 5, 2024/02/27, 15:43:04.889, 4984643276187, vstest.console.dll, DotnetDataCollectionLauncher: Full path of dotnet.exe is C:\Program Files\dotnet\dotnet.exe
TpTrace Information: 0 : 25140, 5, 2024/02/27, 15:43:04.907, 4984643463016, vstest.console.dll, ProxyDataCollectionManager.Initialize: Launched datacollector processId: 27260 port: 60984
TpTrace Information: 0 : 25140, 5, 2024/02/27, 15:43:04.908, 4984643465585, vstest.console.dll, ProxyDataCollectionManager.Initialize: waiting for connection with timeout: 90 seconds
TpTrace Verbose: 0 : 25140, 5, 2024/02/27, 15:43:04.908, 4984643466989, vstest.console.dll, DataCollectionRequestSender.WaitForRequestHandlerConnection : Waiting for connection with timeout: 90000
TpTrace Information: 0 : 25140, 7, 2024/02/27, 15:43:05.148, 4984645866899, vstest.console.dll, Using the buffer size of 16384 bytes
TpTrace Verbose: 0 : 25140, 5, 2024/02/27, 15:43:05.148, 4984645867133, vstest.console.dll, SocketCommunicationManager.WaitForClientConnection took: 239 ms, with 90000 ms timeout, and finished with True.
TpTrace Information: 0 : 25140, 7, 2024/02/27, 15:43:05.148, 4984645868680, vstest.console.dll, Accepted Client request and set the flag
TpTrace Verbose: 0 : 25140, 5, 2024/02/27, 15:43:05.148, 4984645870328, vstest.console.dll, ProxyDataCollectionManager.InvokeDataCollectionServiceAction: Starting.
TpTrace Information: 0 : 25140, 5, 2024/02/27, 15:43:05.148, 4984645871630, vstest.console.dll, ProxyDataCollectionManager.BeforeTestRunStart: Get environment variable and port for datacollector processId: 27260 port: 60984
TpTrace Verbose: 0 : 25140, 5, 2024/02/27, 15:43:05.148, 4984645873460, vstest.console.dll, DataCollectionRequestSender.SendBeforeTestRunStartAndGetResult: Send BeforeTestRunStart message with settingsXml <RunSettings><RunConfiguration><ResultsDirectory>C:\Users\Ekste\Documents\GitHub\EstablishmentProject\Backend_test\bin\Debug\net7.0\fine-code-coverage\coverage-tool-output</ResultsDirectory><TargetPlatform>X64</TargetPlatform><TargetFrameworkVersion>.NETCoreApp,Version=v7.0</TargetFrameworkVersion><DesignMode>False</DesignMode><CollectSourceInformation>False</CollectSourceInformation><TestAdaptersPaths>C:\Program Files\dotnet\sdk\7.0.403\Extensions</TestAdaptersPaths></RunConfiguration><LoggerRunSettings><Loggers><Logger friendlyName="blame" enabled="True" /><Logger friendlyName="Console" uri="logger://microsoft/TestPlatform/ConsoleLogger/v1" assemblyQualifiedName="Microsoft.VisualStudio.TestPlatform.CommandLine.Internal.ConsoleLogger, vstest.console, Version=15.0.0.0, Culture=neutral, PublicKeyToken=b03f5f7f11d50a3a" codeBase="C:\Program Files\dotnet\sdk\7.0.403\vstest.console.dll" enabled="True" /></Loggers></LoggerRunSettings><DataCollectionRunSettings><DataCollectors><DataCollector friendlyName="blame" enabled="True"><Configuration><ResultsDirectory>C:\Users\Ekste\Documents\GitHub\EstablishmentProject\Backend_test\bin\Debug\net7.0\fine-code-coverage\coverage-tool-output</ResultsDirectory></Configuration></DataCollector></DataCollectors></DataCollectionRunSettings></RunSettings> and sources System.Collections.Generic.List`1[System.String]: 
TpTrace Verbose: 0 : 25140, 5, 2024/02/27, 15:43:05.321, 4984647598388, vstest.console.dll, DataCollectionRequestSender.SendBeforeTestRunStartAndGetResult: Received message: (DataCollection.SendMessage) -> {"MessageType":"DataCollection.SendMessage","Payload":{"FriendlyName":null,"Uri":null,"TestCaseId":"00000000-0000-0000-0000-000000000000","Message":"Logging DataCollector Diagnostics in file: C:\\Users\\Ekste\\Documents\\GitHub\\EstablishmentProject\\Backend_test\\bin\\Debug\\net7.0\\fine-code-coverage\\coverage-tool-output\\diagnostics.datacollector.24-02-27_15-43-04_88807_5.log","Level":0}}
TpTrace Verbose: 0 : 25140, 5, 2024/02/27, 15:43:05.465, 4984649035889, vstest.console.dll, DataCollectionRequestSender.SendBeforeTestRunStartAndGetResult: Received message: (DataCollection.BeforeTestRunStartResult) -> {"MessageType":"DataCollection.BeforeTestRunStartResult","Payload":{"EnvironmentVariables":{},"DataCollectionEventsPort":60987}}
TpTrace Information: 0 : 25140, 5, 2024/02/27, 15:43:05.472, 4984649110135, vstest.console.dll, ProxyDataCollectionManager.BeforeTestRunStart: SendBeforeTestRunStartAndGetResult successful, env variable from datacollector:   and testhost port: 60987
TpTrace Information: 0 : 25140, 5, 2024/02/27, 15:43:05.472, 4984649111923, vstest.console.dll, ProxyDataCollectionManager.InvokeDataCollectionServiceAction: Completed.
TpTrace Verbose: 0 : 25140, 5, 2024/02/27, 15:43:05.472, 4984649112655, vstest.console.dll, ParallelProxyExecutionManager.StartTestRunOnConcurrentManager: Initializing test run. Started clients: 0
TpTrace Verbose: 0 : 25140, 5, 2024/02/27, 15:43:05.472, 4984649114033, vstest.console.dll, ProxyExecutionManager: Test host is always Lazy initialize.
TpTrace Verbose: 0 : 25140, 5, 2024/02/27, 15:43:05.473, 4984649120264, vstest.console.dll, TestRequestSender.InitializeCommunication: initialize communication. 
TpTrace Information: 0 : 25140, 5, 2024/02/27, 15:43:05.474, 4984649128369, vstest.console.dll, SocketServer.Start: Listening on endpoint : 127.0.0.1:60988
TpTrace Verbose: 0 : 25140, 5, 2024/02/27, 15:43:05.475, 4984649144344, vstest.console.dll, DotnetTestHostmanager.GetTestHostProcessStartInfo: Platform environment 'X64' target architecture 'X64' framework '.NETCoreApp,Version=v7.0' OS 'Windows'
TpTrace Verbose: 0 : 25140, 5, 2024/02/27, 15:43:05.476, 4984649147947, vstest.console.dll, DotnetTestHostmanager: Adding  --runtimeconfig "C:\Users\Ekste\Documents\GitHub\EstablishmentProject\Backend_test\bin\Debug\net7.0\fine-code-coverage\build-output\EstablishmentProject.test.runtimeconfig.json" in args
TpTrace Verbose: 0 : 25140, 5, 2024/02/27, 15:43:05.476, 4984649149622, vstest.console.dll, DotnetTestHostmanager: Adding  --depsfile "C:\Users\Ekste\Documents\GitHub\EstablishmentProject\Backend_test\bin\Debug\net7.0\fine-code-coverage\build-output\EstablishmentProject.test.deps.json" in args
TpTrace Verbose: 0 : 25140, 5, 2024/02/27, 15:43:05.476, 4984649152207, vstest.console.dll, DotnetTestHostmanager.IsWinOnArm: Current PROCESSOR_ARCHITECTURE from environment variable 'AMD64'
TpTrace Verbose: 0 : 25140, 5, 2024/02/27, 15:43:05.476, 4984649153215, vstest.console.dll, DotnetTestHostmanager.IsWinOnArm: Is Windows on ARM 'False'
TpTrace Verbose: 0 : 25140, 5, 2024/02/27, 15:43:05.476, 4984649154660, vstest.console.dll, DotnetTestHostManager: testhost.exe found at path: C:\Users\Ekste\Documents\GitHub\EstablishmentProject\Backend_test\bin\Debug\net7.0\fine-code-coverage\build-output\testhost.exe
TpTrace Verbose: 0 : 25140, 5, 2024/02/27, 15:43:05.477, 4984649155493, vstest.console.dll, DotnetTestHostmanager: Full path of host exe is C:\Users\Ekste\Documents\GitHub\EstablishmentProject\Backend_test\bin\Debug\net7.0\fine-code-coverage\build-output\testhost.exe
TpTrace Verbose: 0 : 25140, 5, 2024/02/27, 15:43:05.477, 4984649157463, vstest.console.dll, DotnetTestHostmanager.LaunchTestHostAsync: Found 'VSTEST_WINAPPHOST_DOTNET_ROOT' in env variables, value 'C:\Program Files\dotnet', forwarding to 'DOTNET_ROOT'
TpTrace Verbose: 0 : 25140, 5, 2024/02/27, 15:43:05.477, 4984649161034, vstest.console.dll, DotnetTestHostManager: Starting process 'C:\Users\Ekste\Documents\GitHub\EstablishmentProject\Backend_test\bin\Debug\net7.0\fine-code-coverage\build-output\testhost.exe' with command line ' --runtimeconfig "C:\Users\Ekste\Documents\GitHub\EstablishmentProject\Backend_test\bin\Debug\net7.0\fine-code-coverage\build-output\EstablishmentProject.test.runtimeconfig.json" --depsfile "C:\Users\Ekste\Documents\GitHub\EstablishmentProject\Backend_test\bin\Debug\net7.0\fine-code-coverage\build-output\EstablishmentProject.test.deps.json" --port 60988 --endpoint 127.0.0.1:060988 --role client --parentprocessid 25140 --diag "C:\Users\Ekste\Documents\GitHub\EstablishmentProject\Backend_test\bin\Debug\net7.0\fine-code-coverage\coverage-tool-output\diagnostics.host.24-02-27_15-43-05_47511_5.log" --tracelevel 4 --datacollectionport 60987 --telemetryoptedin false'
TpTrace Verbose: 0 : 25140, 5, 2024/02/27, 15:43:05.487, 4984649264127, vstest.console.dll, MulticastDelegateUtilities.SafeInvoke: HostProviderEvents.OnHostLaunched: Invoking callback 1/2 for Microsoft.VisualStudio.TestPlatform.CrossPlatEngine.Client.ProxyExecutionManagerWithDataCollection., took 2 ms.
TpTrace Verbose: 0 : 25140, 5, 2024/02/27, 15:43:05.488, 4984649269484, vstest.console.dll, Test Runtime launched
TpTrace Verbose: 0 : 25140, 5, 2024/02/27, 15:43:05.488, 4984649270855, vstest.console.dll, MulticastDelegateUtilities.SafeInvoke: HostProviderEvents.OnHostLaunched: Invoking callback 2/2 for Microsoft.VisualStudio.TestPlatform.CrossPlatEngine.Client.ProxyOperationManager., took 0 ms.
TpTrace Verbose: 0 : 25140, 5, 2024/02/27, 15:43:05.488, 4984649273770, vstest.console.dll, TestRequestSender.WaitForRequestHandlerConnection: waiting for connection with timeout: 90000.
TpTrace Verbose: 0 : 25140, 7, 2024/02/27, 15:43:05.731, 4984651700258, vstest.console.dll, MulticastDelegateUtilities.SafeInvoke: SocketServer: ClientConnected: Invoking callback 1/1 for Microsoft.VisualStudio.TestPlatform.CommunicationUtilities.TestRequestSender., took 0 ms.
TpTrace Verbose: 0 : 25140, 5, 2024/02/27, 15:43:05.731, 4984651700258, vstest.console.dll, TestRequestSender.WaitForRequestHandlerConnection: waiting took 242 ms, with timeout 90000 ms, and result 0, which is success.
TpTrace Verbose: 0 : 25140, 7, 2024/02/27, 15:43:05.731, 4984651702027, vstest.console.dll, SocketServer.OnClientConnected: Client connected for endPoint: 127.0.0.1:60988, starting MessageLoopAsync:
TpTrace Verbose: 0 : 25140, 13, 2024/02/27, 15:43:05.732, 4984651707281, vstest.console.dll, TcpClientExtensions.MessageLoopAsync: Polling on remoteEndPoint: 127.0.0.1:60989 localEndPoint: 127.0.0.1:60988
TpTrace Verbose: 0 : 25140, 5, 2024/02/27, 15:43:05.733, 4984651715356, vstest.console.dll, TestRequestSender.CheckVersionWithTestHost: Sending check version message: {"MessageType":"ProtocolVersion","Payload":7}
TpTrace Verbose: 0 : 25140, 13, 2024/02/27, 15:43:05.918, 4984653573905, vstest.console.dll, TcpClientExtensions.MessageLoopAsync: NotifyDataAvailable remoteEndPoint: 127.0.0.1:60989 localEndPoint: 127.0.0.1:60988
TpTrace Verbose: 0 : 25140, 13, 2024/02/27, 15:43:05.919, 4984653577625, vstest.console.dll, TestRequestSender.CheckVersionWithTestHost: onMessageReceived received message: (ProtocolVersion) -> {"MessageType":"ProtocolVersion","Payload":7}
TpTrace Verbose: 0 : 25140, 13, 2024/02/27, 15:43:05.920, 4984653585553, vstest.console.dll, MulticastDelegateUtilities.SafeInvoke: LengthPrefixCommunicationChannel: MessageReceived: Invoking callback 1/1 for Microsoft.VisualStudio.TestPlatform.CommunicationUtilities.TestRequestSender+<>c__DisplayClass29_0., took 0 ms.
TpTrace Verbose: 0 : 25140, 5, 2024/02/27, 15:43:05.920, 4984653586946, vstest.console.dll, TestPluginCache.GetExtensionPaths: Filtered extension paths: 
TpTrace Verbose: 0 : 25140, 13, 2024/02/27, 15:43:05.920, 4984653587193, vstest.console.dll, TcpClientExtensions.MessageLoopAsync: Polling on remoteEndPoint: 127.0.0.1:60989 localEndPoint: 127.0.0.1:60988
TpTrace Verbose: 0 : 25140, 5, 2024/02/27, 15:43:05.920, 4984653588315, vstest.console.dll, TestPluginCache.GetExtensionPaths: Added default extension paths: C:\Program Files\dotnet\sdk\7.0.403\Extensions\Microsoft.Diagnostics.NETCore.Client.dll
C:\Program Files\dotnet\sdk\7.0.403\Extensions\Microsoft.TestPlatform.Extensions.BlameDataCollector.dll
C:\Program Files\dotnet\sdk\7.0.403\Extensions\Microsoft.TestPlatform.Extensions.EventLogCollector.dll
C:\Program Files\dotnet\sdk\7.0.403\Extensions\Microsoft.TestPlatform.TestHostRuntimeProvider.dll
C:\Program Files\dotnet\sdk\7.0.403\Extensions\Microsoft.VisualStudio.TestPlatform.Extensions.Html.TestLogger.dll
C:\Program Files\dotnet\sdk\7.0.403\Extensions\Microsoft.VisualStudio.TestPlatform.Extensions.Trx.TestLogger.dll
TpTrace Verbose: 0 : 25140, 5, 2024/02/27, 15:43:05.920, 4984653590996, vstest.console.dll, TestPluginCache.GetExtensionPaths: Added unfilterableExtensionPaths: 
TpTrace Verbose: 0 : 25140, 5, 2024/02/27, 15:43:05.926, 4984653645647, vstest.console.dll, TestRequestSender.InitializeExecution: Sending initialize execution with message: {"Version":7,"MessageType":"TestExecution.Initialize","Payload":["C:\\Users\\Ekste\\Documents\\GitHub\\EstablishmentProject\\Backend_test\\bin\\Debug\\net7.0\\fine-code-coverage\\build-output\\xunit.runner.visualstudio.dotnetcore.testadapter.dll"]}
TpTrace Verbose: 0 : 25140, 5, 2024/02/27, 15:43:05.926, 4984653650679, vstest.console.dll, ParallelProxyExecutionManager.StartTestRunOnConcurrentManager: Execution starting. Started clients: 1
TpTrace Verbose: 0 : 25140, 5, 2024/02/27, 15:43:05.927, 4984653655499, vstest.console.dll, TestRunRequest:SendTestRunMessage: Starting.
TpTrace Verbose: 0 : 25140, 5, 2024/02/27, 15:43:05.927, 4984653658128, vstest.console.dll, MulticastDelegateUtilities.SafeInvoke: TestRun.LogMessages: Invoking callback 1/1 for Microsoft.VisualStudio.TestPlatform.CommandLine.TestRunResultAggregator., took 0 ms.
TpTrace Information: 0 : 25140, 5, 2024/02/27, 15:43:05.927, 4984653659620, vstest.console.dll, TestRunRequest:SendTestRunMessage: Completed.
TpTrace Verbose: 0 : 25140, 13, 2024/02/27, 15:43:05.927, 4984653661540, vstest.console.dll, TcpClientExtensions.MessageLoopAsync: NotifyDataAvailable remoteEndPoint: 127.0.0.1:60989 localEndPoint: 127.0.0.1:60988
TpTrace Verbose: 0 : 25140, 4, 2024/02/27, 15:43:05.927, 4984653662487, vstest.console.dll, MulticastDelegateUtilities.SafeInvoke: InternalTestLoggerEvents.SendTestRunMessage: Invoking callback 1/1 for Microsoft.VisualStudio.TestPlatform.CommandLine.Internal.ConsoleLogger., took 0 ms.
TpTrace Verbose: 0 : 25140, 13, 2024/02/27, 15:43:05.927, 4984653664526, vstest.console.dll, LengthPrefixCommunicationChannel.NotifyDataAvailable: New data are waiting to be received, but there is no subscriber to be notified. Not reading them from the stream.
TpTrace Verbose: 0 : 25140, 13, 2024/02/27, 15:43:05.928, 4984653665456, vstest.console.dll, TcpClientExtensions.MessageLoopAsync: Polling on remoteEndPoint: 127.0.0.1:60989 localEndPoint: 127.0.0.1:60988
TpTrace Verbose: 0 : 25140, 13, 2024/02/27, 15:43:05.928, 4984653666361, vstest.console.dll, TcpClientExtensions.MessageLoopAsync: NotifyDataAvailable remoteEndPoint: 127.0.0.1:60989 localEndPoint: 127.0.0.1:60988
TpTrace Verbose: 0 : 25140, 13, 2024/02/27, 15:43:05.928, 4984653667234, vstest.console.dll, LengthPrefixCommunicationChannel.NotifyDataAvailable: New data are waiting to be received, but there is no subscriber to be notified. Not reading them from the stream.
TpTrace Verbose: 0 : 25140, 13, 2024/02/27, 15:43:05.928, 4984653667932, vstest.console.dll, TcpClientExtensions.MessageLoopAsync: Polling on remoteEndPoint: 127.0.0.1:60989 localEndPoint: 127.0.0.1:60988
TpTrace Verbose: 0 : 25140, 13, 2024/02/27, 15:43:05.928, 4984653668733, vstest.console.dll, TcpClientExtensions.MessageLoopAsync: NotifyDataAvailable remoteEndPoint: 127.0.0.1:60989 localEndPoint: 127.0.0.1:60988
TpTrace Verbose: 0 : 25140, 13, 2024/02/27, 15:43:05.928, 4984653669395, vstest.console.dll, LengthPrefixCommunicationChannel.NotifyDataAvailable: New data are waiting to be received, but there is no subscriber to be notified. Not reading them from the stream.
TpTrace Warning: 0 : 25140, 5, 2024/02/27, 15:43:05.928, 4984653669587, vstest.console.dll, InferRunSettingsHelper.MakeRunsettingsCompatible: Removing the following settings: TargetPlatform from RunSettings file. To use those settings please move to latest version of Microsoft.NET.Test.Sdk
TpTrace Verbose: 0 : 25140, 13, 2024/02/27, 15:43:05.928, 4984653670130, vstest.console.dll, TcpClientExtensions.MessageLoopAsync: Polling on remoteEndPoint: 127.0.0.1:60989 localEndPoint: 127.0.0.1:60988
TpTrace Verbose: 0 : 25140, 13, 2024/02/27, 15:43:05.928, 4984653672304, vstest.console.dll, TcpClientExtensions.MessageLoopAsync: NotifyDataAvailable remoteEndPoint: 127.0.0.1:60989 localEndPoint: 127.0.0.1:60988
TpTrace Verbose: 0 : 25140, 13, 2024/02/27, 15:43:05.928, 4984653673036, vstest.console.dll, LengthPrefixCommunicationChannel.NotifyDataAvailable: New data are waiting to be received, but there is no subscriber to be notified. Not reading them from the stream.
TpTrace Verbose: 0 : 25140, 13, 2024/02/27, 15:43:05.928, 4984653673704, vstest.console.dll, TcpClientExtensions.MessageLoopAsync: Polling on remoteEndPoint: 127.0.0.1:60989 localEndPoint: 127.0.0.1:60988
TpTrace Verbose: 0 : 25140, 13, 2024/02/27, 15:43:05.928, 4984653674477, vstest.console.dll, TcpClientExtensions.MessageLoopAsync: NotifyDataAvailable remoteEndPoint: 127.0.0.1:60989 localEndPoint: 127.0.0.1:60988
TpTrace Verbose: 0 : 25140, 13, 2024/02/27, 15:43:05.929, 4984653675137, vstest.console.dll, LengthPrefixCommunicationChannel.NotifyDataAvailable: New data are waiting to be received, but there is no subscriber to be notified. Not reading them from the stream.
TpTrace Verbose: 0 : 25140, 13, 2024/02/27, 15:43:05.929, 4984653675760, vstest.console.dll, TcpClientExtensions.MessageLoopAsync: Polling on remoteEndPoint: 127.0.0.1:60989 localEndPoint: 127.0.0.1:60988
TpTrace Verbose: 0 : 25140, 13, 2024/02/27, 15:43:05.929, 4984653676449, vstest.console.dll, TcpClientExtensions.MessageLoopAsync: NotifyDataAvailable remoteEndPoint: 127.0.0.1:60989 localEndPoint: 127.0.0.1:60988
TpTrace Verbose: 0 : 25140, 13, 2024/02/27, 15:43:05.929, 4984653677197, vstest.console.dll, LengthPrefixCommunicationChannel.NotifyDataAvailable: New data are waiting to be received, but there is no subscriber to be notified. Not reading them from the stream.
TpTrace Verbose: 0 : 25140, 13, 2024/02/27, 15:43:05.929, 4984653677976, vstest.console.dll, TcpClientExtensions.MessageLoopAsync: Polling on remoteEndPoint: 127.0.0.1:60989 localEndPoint: 127.0.0.1:60988
TpTrace Verbose: 0 : 25140, 13, 2024/02/27, 15:43:05.929, 4984653678704, vstest.console.dll, TcpClientExtensions.MessageLoopAsync: NotifyDataAvailable remoteEndPoint: 127.0.0.1:60989 localEndPoint: 127.0.0.1:60988
TpTrace Verbose: 0 : 25140, 13, 2024/02/27, 15:43:05.929, 4984653679399, vstest.console.dll, LengthPrefixCommunicationChannel.NotifyDataAvailable: New data are waiting to be received, but there is no subscriber to be notified. Not reading them from the stream.
TpTrace Verbose: 0 : 25140, 13, 2024/02/27, 15:43:05.929, 4984653680085, vstest.console.dll, TcpClientExtensions.MessageLoopAsync: Polling on remoteEndPoint: 127.0.0.1:60989 localEndPoint: 127.0.0.1:60988
TpTrace Verbose: 0 : 25140, 13, 2024/02/27, 15:43:05.929, 4984653680889, vstest.console.dll, TcpClientExtensions.MessageLoopAsync: NotifyDataAvailable remoteEndPoint: 127.0.0.1:60989 localEndPoint: 127.0.0.1:60988
TpTrace Verbose: 0 : 25140, 13, 2024/02/27, 15:43:05.930, 4984653684983, vstest.console.dll, TestRequestSender.OnExecutionMessageReceived: Received message: {"Version":7,"MessageType":"TestSession.Message","Payload":{"MessageLevel":0,"Message":"Logging TestHost Diagnostics in file: C:\\Users\\Ekste\\Documents\\GitHub\\EstablishmentProject\\Backend_test\\bin\\Debug\\net7.0\\fine-code-coverage\\coverage-tool-output\\diagnostics.host.24-02-27_15-43-05_47511_5.log"}}
TpTrace Verbose: 0 : 25140, 13, 2024/02/27, 15:43:05.933, 4984653723836, vstest.console.dll, TestRunRequest:SendTestRunMessage: Starting.
TpTrace Verbose: 0 : 25140, 13, 2024/02/27, 15:43:05.934, 4984653728331, vstest.console.dll, MulticastDelegateUtilities.SafeInvoke: TestRun.LogMessages: Invoking callback 1/1 for Microsoft.VisualStudio.TestPlatform.CommandLine.TestRunResultAggregator., took 0 ms.
TpTrace Verbose: 0 : 25140, 4, 2024/02/27, 15:43:05.934, 4984653728434, vstest.console.dll, MulticastDelegateUtilities.SafeInvoke: InternalTestLoggerEvents.SendTestRunMessage: Invoking callback 1/1 for Microsoft.VisualStudio.TestPlatform.CommandLine.Internal.ConsoleLogger., took 0 ms.
TpTrace Information: 0 : 25140, 13, 2024/02/27, 15:43:05.934, 4984653729458, vstest.console.dll, TestRunRequest:SendTestRunMessage: Completed.
TpTrace Verbose: 0 : 25140, 13, 2024/02/27, 15:43:05.934, 4984653731453, vstest.console.dll, MulticastDelegateUtilities.SafeInvoke: LengthPrefixCommunicationChannel: MessageReceived: Invoking callback 1/1 for Microsoft.VisualStudio.TestPlatform.CommunicationUtilities.TestRequestSender+<>c__DisplayClass34_0., took 4 ms.
TpTrace Verbose: 0 : 25140, 13, 2024/02/27, 15:43:05.934, 4984653732206, vstest.console.dll, TcpClientExtensions.MessageLoopAsync: Polling on remoteEndPoint: 127.0.0.1:60989 localEndPoint: 127.0.0.1:60988
TpTrace Verbose: 0 : 25140, 5, 2024/02/27, 15:43:05.942, 4984653812750, vstest.console.dll, TestRequestSender.StartTestRun: Sending test run with message: {"Version":7,"MessageType":"TestExecution.StartWithSources","Payload":{"AdapterSourceMap":{"_none_":["C:\\Users\\Ekste\\Documents\\GitHub\\EstablishmentProject\\Backend_test\\bin\\Debug\\net7.0\\fine-code-coverage\\build-output\\EstablishmentProject.test.dll"]},"RunSettings":"<RunSettings>\r\n  <RunConfiguration>\r\n    <ResultsDirectory>C:\\Users\\Ekste\\Documents\\GitHub\\EstablishmentProject\\Backend_test\\bin\\Debug\\net7.0\\fine-code-coverage\\coverage-tool-output</ResultsDirectory>\r\n    <TargetFrameworkVersion>.NETCoreApp,Version=v7.0</TargetFrameworkVersion>\r\n    <DesignMode>False</DesignMode>\r\n    <CollectSourceInformation>False</CollectSourceInformation>\r\n  </RunConfiguration>\r\n  <LoggerRunSettings>\r\n    <Loggers>\r\n      <Logger friendlyName=\"blame\" enabled=\"True\" />\r\n      <Logger friendlyName=\"Console\" uri=\"logger://microsoft/TestPlatform/ConsoleLogger/v1\" assemblyQualifiedName=\"Microsoft.VisualStudio.TestPlatform.CommandLine.Internal.ConsoleLogger, vstest.console, Version=15.0.0.0, Culture=neutral, PublicKeyToken=b03f5f7f11d50a3a\" codeBase=\"C:\\Program Files\\dotnet\\sdk\\7.0.403\\vstest.console.dll\" enabled=\"True\" />\r\n    </Loggers>\r\n  </LoggerRunSettings>\r\n  <DataCollectionRunSettings>\r\n    <DataCollectors>\r\n      <DataCollector friendlyName=\"blame\" enabled=\"True\">\r\n        <Configuration>\r\n          <ResultsDirectory>C:\\Users\\Ekste\\Documents\\GitHub\\EstablishmentProject\\Backend_test\\bin\\Debug\\net7.0\\fine-code-coverage\\coverage-tool-output</ResultsDirectory>\r\n        </Configuration>\r\n      </DataCollector>\r\n    </DataCollectors>\r\n  </DataCollectionRunSettings>\r\n</RunSettings>","TestExecutionContext":{"FrequencyOfRunStatsChangeEvent":10,"RunStatsChangeEventTimeout":"00:00:01.5000000","InIsolation":false,"KeepAlive":false,"AreTestCaseLevelEventsRequired":false,"IsDebug":false,"TestCaseFilter":null,"FilterOptions":null},"Package":null}}
TpTrace Verbose: 0 : 25140, 5, 2024/02/27, 15:43:05.943, 4984653815610, vstest.console.dll, ParallelProxyExecutionManager.StartTestRunOnConcurrentManager: Execution started. Started clients: 1
TpTrace Verbose: 0 : 25140, 13, 2024/02/27, 15:43:06.163, 4984656015746, vstest.console.dll, TcpClientExtensions.MessageLoopAsync: NotifyDataAvailable remoteEndPoint: 127.0.0.1:60989 localEndPoint: 127.0.0.1:60988
TpTrace Verbose: 0 : 25140, 13, 2024/02/27, 15:43:06.163, 4984656018158, vstest.console.dll, TestRequestSender.OnExecutionMessageReceived: Received message: {"Version":7,"MessageType":"TestSession.Message","Payload":{"MessageLevel":0,"Message":"[xUnit.net 00:00:00.00] xUnit.net VSTest Adapter v2.4.5+1caef2f33e (64-bit .NET 7.0.13)"}}
TpTrace Verbose: 0 : 25140, 13, 2024/02/27, 15:43:06.164, 4984656025372, vstest.console.dll, TestRunRequest:SendTestRunMessage: Starting.
TpTrace Verbose: 0 : 25140, 13, 2024/02/27, 15:43:06.164, 4984656026837, vstest.console.dll, MulticastDelegateUtilities.SafeInvoke: TestRun.LogMessages: Invoking callback 1/1 for Microsoft.VisualStudio.TestPlatform.CommandLine.TestRunResultAggregator., took 0 ms.
TpTrace Verbose: 0 : 25140, 4, 2024/02/27, 15:43:06.164, 4984656027010, vstest.console.dll, MulticastDelegateUtilities.SafeInvoke: InternalTestLoggerEvents.SendTestRunMessage: Invoking callback 1/1 for Microsoft.VisualStudio.TestPlatform.CommandLine.Internal.ConsoleLogger., took 0 ms.
TpTrace Information: 0 : 25140, 13, 2024/02/27, 15:43:06.164, 4984656028023, vstest.console.dll, TestRunRequest:SendTestRunMessage: Completed.
TpTrace Verbose: 0 : 25140, 13, 2024/02/27, 15:43:06.164, 4984656029765, vstest.console.dll, MulticastDelegateUtilities.SafeInvoke: LengthPrefixCommunicationChannel: MessageReceived: Invoking callback 1/1 for Microsoft.VisualStudio.TestPlatform.CommunicationUtilities.TestRequestSender+<>c__DisplayClass34_0., took 1 ms.
TpTrace Verbose: 0 : 25140, 13, 2024/02/27, 15:43:06.164, 4984656030302, vstest.console.dll, TcpClientExtensions.MessageLoopAsync: Polling on remoteEndPoint: 127.0.0.1:60989 localEndPoint: 127.0.0.1:60988
TpTrace Verbose: 0 : 25140, 13, 2024/02/27, 15:43:07.169, 4984666082177, vstest.console.dll, TcpClientExtensions.MessageLoopAsync: Polling on remoteEndPoint: 127.0.0.1:60989 localEndPoint: 127.0.0.1:60988
TpTrace Verbose: 0 : 25140, 13, 2024/02/27, 15:43:07.635, 4984670737308, vstest.console.dll, TcpClientExtensions.MessageLoopAsync: NotifyDataAvailable remoteEndPoint: 127.0.0.1:60989 localEndPoint: 127.0.0.1:60988
TpTrace Verbose: 0 : 25140, 13, 2024/02/27, 15:43:07.635, 4984670738829, vstest.console.dll, TestRequestSender.OnExecutionMessageReceived: Received message: {"Version":7,"MessageType":"TestSession.Message","Payload":{"MessageLevel":0,"Message":"[xUnit.net 00:00:01.47]   Discovering: EstablishmentProject.test"}}
TpTrace Verbose: 0 : 25140, 13, 2024/02/27, 15:43:07.635, 4984670740154, vstest.console.dll, TestRunRequest:SendTestRunMessage: Starting.
TpTrace Verbose: 0 : 25140, 13, 2024/02/27, 15:43:07.635, 4984670740912, vstest.console.dll, MulticastDelegateUtilities.SafeInvoke: TestRun.LogMessages: Invoking callback 1/1 for Microsoft.VisualStudio.TestPlatform.CommandLine.TestRunResultAggregator., took 0 ms.
TpTrace Information: 0 : 25140, 13, 2024/02/27, 15:43:07.635, 4984670741257, vstest.console.dll, TestRunRequest:SendTestRunMessage: Completed.
TpTrace Verbose: 0 : 25140, 4, 2024/02/27, 15:43:07.635, 4984670741258, vstest.console.dll, MulticastDelegateUtilities.SafeInvoke: InternalTestLoggerEvents.SendTestRunMessage: Invoking callback 1/1 for Microsoft.VisualStudio.TestPlatform.CommandLine.Internal.ConsoleLogger., took 0 ms.
TpTrace Verbose: 0 : 25140, 13, 2024/02/27, 15:43:07.635, 4984670741613, vstest.console.dll, MulticastDelegateUtilities.SafeInvoke: LengthPrefixCommunicationChannel: MessageReceived: Invoking callback 1/1 for Microsoft.VisualStudio.TestPlatform.CommunicationUtilities.TestRequestSender+<>c__DisplayClass34_0., took 0 ms.
TpTrace Verbose: 0 : 25140, 13, 2024/02/27, 15:43:07.635, 4984670743082, vstest.console.dll, TcpClientExtensions.MessageLoopAsync: Polling on remoteEndPoint: 127.0.0.1:60989 localEndPoint: 127.0.0.1:60988
TpTrace Verbose: 0 : 25140, 13, 2024/02/27, 15:43:07.717, 4984671555653, vstest.console.dll, TcpClientExtensions.MessageLoopAsync: NotifyDataAvailable remoteEndPoint: 127.0.0.1:60989 localEndPoint: 127.0.0.1:60988
TpTrace Verbose: 0 : 25140, 13, 2024/02/27, 15:43:07.717, 4984671557266, vstest.console.dll, TestRequestSender.OnExecutionMessageReceived: Received message: {"Version":7,"MessageType":"TestSession.Message","Payload":{"MessageLevel":0,"Message":"[xUnit.net 00:00:01.56]   Discovered:  EstablishmentProject.test"}}
TpTrace Verbose: 0 : 25140, 13, 2024/02/27, 15:43:07.717, 4984671558446, vstest.console.dll, TestRunRequest:SendTestRunMessage: Starting.
TpTrace Verbose: 0 : 25140, 13, 2024/02/27, 15:43:07.717, 4984671559198, vstest.console.dll, MulticastDelegateUtilities.SafeInvoke: TestRun.LogMessages: Invoking callback 1/1 for Microsoft.VisualStudio.TestPlatform.CommandLine.TestRunResultAggregator., took 0 ms.
TpTrace Information: 0 : 25140, 13, 2024/02/27, 15:43:07.717, 4984671559621, vstest.console.dll, TestRunRequest:SendTestRunMessage: Completed.
TpTrace Verbose: 0 : 25140, 4, 2024/02/27, 15:43:07.717, 4984671559510, vstest.console.dll, MulticastDelegateUtilities.SafeInvoke: InternalTestLoggerEvents.SendTestRunMessage: Invoking callback 1/1 for Microsoft.VisualStudio.TestPlatform.CommandLine.Internal.ConsoleLogger., took 0 ms.
TpTrace Verbose: 0 : 25140, 13, 2024/02/27, 15:43:07.717, 4984671560360, vstest.console.dll, MulticastDelegateUtilities.SafeInvoke: LengthPrefixCommunicationChannel: MessageReceived: Invoking callback 1/1 for Microsoft.VisualStudio.TestPlatform.CommunicationUtilities.TestRequestSender+<>c__DisplayClass34_0., took 0 ms.
TpTrace Verbose: 0 : 25140, 13, 2024/02/27, 15:43:07.717, 4984671561445, vstest.console.dll, TcpClientExtensions.MessageLoopAsync: Polling on remoteEndPoint: 127.0.0.1:60989 localEndPoint: 127.0.0.1:60988
TpTrace Verbose: 0 : 25140, 13, 2024/02/27, 15:43:07.721, 4984671595150, vstest.console.dll, TcpClientExtensions.MessageLoopAsync: NotifyDataAvailable remoteEndPoint: 127.0.0.1:60989 localEndPoint: 127.0.0.1:60988
TpTrace Verbose: 0 : 25140, 13, 2024/02/27, 15:43:07.721, 4984671596179, vstest.console.dll, TestRequestSender.OnExecutionMessageReceived: Received message: {"Version":7,"MessageType":"TestSession.Message","Payload":{"MessageLevel":0,"Message":"[xUnit.net 00:00:01.56]   Starting:    EstablishmentProject.test"}}
TpTrace Verbose: 0 : 25140, 13, 2024/02/27, 15:43:07.721, 4984671597119, vstest.console.dll, TestRunRequest:SendTestRunMessage: Starting.
TpTrace Verbose: 0 : 25140, 13, 2024/02/27, 15:43:07.721, 4984671597756, vstest.console.dll, MulticastDelegateUtilities.SafeInvoke: TestRun.LogMessages: Invoking callback 1/1 for Microsoft.VisualStudio.TestPlatform.CommandLine.TestRunResultAggregator., took 0 ms.
TpTrace Verbose: 0 : 25140, 4, 2024/02/27, 15:43:07.721, 4984671597973, vstest.console.dll, MulticastDelegateUtilities.SafeInvoke: InternalTestLoggerEvents.SendTestRunMessage: Invoking callback 1/1 for Microsoft.VisualStudio.TestPlatform.CommandLine.Internal.ConsoleLogger., took 0 ms.
TpTrace Information: 0 : 25140, 13, 2024/02/27, 15:43:07.721, 4984671598082, vstest.console.dll, TestRunRequest:SendTestRunMessage: Completed.
TpTrace Verbose: 0 : 25140, 13, 2024/02/27, 15:43:07.721, 4984671599399, vstest.console.dll, MulticastDelegateUtilities.SafeInvoke: LengthPrefixCommunicationChannel: MessageReceived: Invoking callback 1/1 for Microsoft.VisualStudio.TestPlatform.CommunicationUtilities.TestRequestSender+<>c__DisplayClass34_0., took 0 ms.
TpTrace Verbose: 0 : 25140, 13, 2024/02/27, 15:43:07.721, 4984671599770, vstest.console.dll, TcpClientExtensions.MessageLoopAsync: Polling on remoteEndPoint: 127.0.0.1:60989 localEndPoint: 127.0.0.1:60988
TpTrace Verbose: 0 : 25140, 13, 2024/02/27, 15:43:07.782, 4984672211626, vstest.console.dll, TcpClientExtensions.MessageLoopAsync: NotifyDataAvailable remoteEndPoint: 127.0.0.1:60989 localEndPoint: 127.0.0.1:60988
TpTrace Verbose: 0 : 25140, 13, 2024/02/27, 15:43:07.782, 4984672214204, vstest.console.dll, TestRequestSender.OnExecutionMessageReceived: Received message: {"Version":7,"MessageType":"TestExecution.StatsChange","Payload":{"NewTestResults":[],"TestRunStatistics":{"ExecutedTests":0,"Stats":{}},"ActiveTests":[{"Id":"13b895b8-6f81-385e-5810-53cd37c02d21","FullyQualifiedName":"EstablishmentProject.test.Application.Handlers.Correlation.CrossCorrelationHandlerTest.CrossCorrelation_WithActualWeatherDataForToday_ShouldReturnCorrelation","DisplayName":"EstablishmentProject.test.Application.Handlers.Correlation.CrossCorrelationHandlerTest.CrossCorrelation_WithActualWeatherDataForToday_ShouldReturnCorrelation","ExecutorUri":"executor://xunit/VsTestRunner2/netcoreapp","Source":"C:\\Users\\Ekste\\Documents\\GitHub\\EstablishmentProject\\Backend_test\\bin\\Debug\\net7.0\\fine-code-coverage\\build-output\\EstablishmentProject.test.dll","CodeFilePath":null,"LineNumber":0,"Properties":[]}]}}
TpTrace Verbose: 0 : 25140, 13, 2024/02/27, 15:43:07.800, 4984672387881, vstest.console.dll, TestRunRequest:SendTestRunStatsChange: Starting.
TpTrace Verbose: 0 : 25140, 13, 2024/02/27, 15:43:07.800, 4984672391190, vstest.console.dll, InProgress is EstablishmentProject.test.Application.Handlers.Correlation.CrossCorrelationHandlerTest.CrossCorrelation_WithActualWeatherDataForToday_ShouldReturnCorrelation
TpTrace Verbose: 0 : 25140, 13, 2024/02/27, 15:43:07.800, 4984672392990, vstest.console.dll, MulticastDelegateUtilities.SafeInvoke: TestRun.RunStatsChanged: Invoking callbacks was skipped because there are no subscribers.
TpTrace Information: 0 : 25140, 13, 2024/02/27, 15:43:07.800, 4984672393533, vstest.console.dll, TestRunRequest:SendTestRunStatsChange: Completed.
TpTrace Verbose: 0 : 25140, 13, 2024/02/27, 15:43:07.800, 4984672393912, vstest.console.dll, MulticastDelegateUtilities.SafeInvoke: LengthPrefixCommunicationChannel: MessageReceived: Invoking callback 1/1 for Microsoft.VisualStudio.TestPlatform.CommunicationUtilities.TestRequestSender+<>c__DisplayClass34_0., took 18 ms.
TpTrace Verbose: 0 : 25140, 13, 2024/02/27, 15:43:07.800, 4984672394300, vstest.console.dll, TcpClientExtensions.MessageLoopAsync: Polling on remoteEndPoint: 127.0.0.1:60989 localEndPoint: 127.0.0.1:60988
TpTrace Verbose: 0 : 25140, 13, 2024/02/27, 15:43:08.815, 4984682535900, vstest.console.dll, TcpClientExtensions.MessageLoopAsync: Polling on remoteEndPoint: 127.0.0.1:60989 localEndPoint: 127.0.0.1:60988
TpTrace Verbose: 0 : 25140, 13, 2024/02/27, 15:43:09.827, 4984692662014, vstest.console.dll, TcpClientExtensions.MessageLoopAsync: Polling on remoteEndPoint: 127.0.0.1:60989 localEndPoint: 127.0.0.1:60988
TpTrace Verbose: 0 : 25140, 13, 2024/02/27, 15:43:10.842, 4984702811032, vstest.console.dll, TcpClientExtensions.MessageLoopAsync: Polling on remoteEndPoint: 127.0.0.1:60989 localEndPoint: 127.0.0.1:60988
TpTrace Verbose: 0 : 25140, 13, 2024/02/27, 15:43:11.845, 4984712842467, vstest.console.dll, TcpClientExtensions.MessageLoopAsync: Polling on remoteEndPoint: 127.0.0.1:60989 localEndPoint: 127.0.0.1:60988
TpTrace Verbose: 0 : 25140, 13, 2024/02/27, 15:43:12.853, 4984722917651, vstest.console.dll, TcpClientExtensions.MessageLoopAsync: Polling on remoteEndPoint: 127.0.0.1:60989 localEndPoint: 127.0.0.1:60988
TpTrace Verbose: 0 : 25140, 13, 2024/02/27, 15:43:13.866, 4984733051655, vstest.console.dll, TcpClientExtensions.MessageLoopAsync: Polling on remoteEndPoint: 127.0.0.1:60989 localEndPoint: 127.0.0.1:60988
TpTrace Verbose: 0 : 25140, 13, 2024/02/27, 15:43:14.878, 4984743174430, vstest.console.dll, TcpClientExtensions.MessageLoopAsync: Polling on remoteEndPoint: 127.0.0.1:60989 localEndPoint: 127.0.0.1:60988
TpTrace Verbose: 0 : 25140, 13, 2024/02/27, 15:43:15.889, 4984753283293, vstest.console.dll, TcpClientExtensions.MessageLoopAsync: Polling on remoteEndPoint: 127.0.0.1:60989 localEndPoint: 127.0.0.1:60988
TpTrace Verbose: 0 : 25140, 13, 2024/02/27, 15:43:16.420, 4984758586450, vstest.console.dll, TcpClientExtensions.MessageLoopAsync: NotifyDataAvailable remoteEndPoint: 127.0.0.1:60989 localEndPoint: 127.0.0.1:60988
TpTrace Verbose: 0 : 25140, 13, 2024/02/27, 15:43:16.420, 4984758589549, vstest.console.dll, TestRequestSender.OnExecutionMessageReceived: Received message: {"Version":7,"MessageType":"TestExecution.StatsChange","Payload":{"NewTestResults":[{"TestCase":{"Id":"13b895b8-6f81-385e-5810-53cd37c02d21","FullyQualifiedName":"EstablishmentProject.test.Application.Handlers.Correlation.CrossCorrelationHandlerTest.CrossCorrelation_WithActualWeatherDataForToday_ShouldReturnCorrelation","DisplayName":"EstablishmentProject.test.Application.Handlers.Correlation.CrossCorrelationHandlerTest.CrossCorrelation_WithActualWeatherDataForToday_ShouldReturnCorrelation","ExecutorUri":"executor://xunit/VsTestRunner2/netcoreapp","Source":"C:\\Users\\Ekste\\Documents\\GitHub\\EstablishmentProject\\Backend_test\\bin\\Debug\\net7.0\\fine-code-coverage\\build-output\\EstablishmentProject.test.dll","CodeFilePath":null,"LineNumber":0,"Properties":[]},"Attachments":[],"Outcome":1,"ErrorMessage":null,"ErrorStackTrace":null,"DisplayName":"EstablishmentProject.test.Application.Handlers.Correlation.CrossCorrelationHandlerTest.CrossCorrelation_WithActualWeatherDataForToday_ShouldReturnCorrelation","Messages":[],"ComputerName":"XPS","Duration":"00:00:08.6180570","StartTime":"2024-02-27T14:43:16.3977109+00:00","EndTime":"2024-02-27T14:43:16.3977599+00:00","Properties":[]}],"TestRunStatistics":{"ExecutedTests":1,"Stats":{"Passed":1}},"ActiveTests":[{"Id":"a8e5789a-18ff-1b5c-690c-589ad868e754","FullyQualifiedName":"EstablishmentProject.test.Infrastructure_Layer.DTO.EstablishmentDTO_Test.EstablishmentDTO_ShouldCreateEstablishmentDTO","DisplayName":"EstablishmentProject.test.Infrastructure_Layer.DTO.EstablishmentDTO_Test.EstablishmentDTO_ShouldCreateEstablishmentDTO","ExecutorUri":"executor://xunit/VsTestRunner2/netcoreapp","Source":"C:\\Users\\Ekste\\Documents\\GitHub\\EstablishmentProject\\Backend_test\\bin\\Debug\\net7.0\\fine-code-coverage\\build-output\\EstablishmentProject.test.dll","CodeFilePath":null,"LineNumber":0,"Properties":[]}]}}
TpTrace Verbose: 0 : 25140, 13, 2024/02/27, 15:43:16.428, 4984758668430, vstest.console.dll, TestRunRequest:SendTestRunStatsChange: Starting.
TpTrace Verbose: 0 : 25140, 13, 2024/02/27, 15:43:16.428, 4984758669172, vstest.console.dll, InProgress is EstablishmentProject.test.Infrastructure_Layer.DTO.EstablishmentDTO_Test.EstablishmentDTO_ShouldCreateEstablishmentDTO
TpTrace Verbose: 0 : 25140, 13, 2024/02/27, 15:43:16.428, 4984758673200, vstest.console.dll, MulticastDelegateUtilities.SafeInvoke: TestRun.RunStatsChanged: Invoking callbacks was skipped because there are no subscribers.
TpTrace Information: 0 : 25140, 13, 2024/02/27, 15:43:16.428, 4984758673779, vstest.console.dll, TestRunRequest:SendTestRunStatsChange: Completed.
TpTrace Verbose: 0 : 25140, 13, 2024/02/27, 15:43:16.428, 4984758674297, vstest.console.dll, MulticastDelegateUtilities.SafeInvoke: LengthPrefixCommunicationChannel: MessageReceived: Invoking callback 1/1 for Microsoft.VisualStudio.TestPlatform.CommunicationUtilities.TestRequestSender+<>c__DisplayClass34_0., took 8 ms.
TpTrace Verbose: 0 : 25140, 13, 2024/02/27, 15:43:16.428, 4984758674762, vstest.console.dll, TcpClientExtensions.MessageLoopAsync: Polling on remoteEndPoint: 127.0.0.1:60989 localEndPoint: 127.0.0.1:60988
TpTrace Verbose: 0 : 25140, 13, 2024/02/27, 15:43:16.432, 4984758706998, vstest.console.dll, TcpClientExtensions.MessageLoopAsync: NotifyDataAvailable remoteEndPoint: 127.0.0.1:60989 localEndPoint: 127.0.0.1:60988
TpTrace Verbose: 0 : 25140, 4, 2024/02/27, 15:43:16.432, 4984758708543, vstest.console.dll, MulticastDelegateUtilities.SafeInvoke: InternalTestLoggerEvents.SendTestResult: Invoking callback 1/1 for Microsoft.VisualStudio.TestPlatform.CommandLine.Internal.ConsoleLogger., took 3 ms.
TpTrace Verbose: 0 : 25140, 13, 2024/02/27, 15:43:16.432, 4984758710217, vstest.console.dll, TestRequestSender.OnExecutionMessageReceived: Received message: {"Version":7,"MessageType":"TestSession.Message","Payload":{"MessageLevel":2,"Message":"[xUnit.net 00:00:10.27]     EstablishmentProject.test.Domain.Entities_Test.Establishment_Sale_SalesItems_Test.AddSalesItem_WithSalesItemsCreatedForDifferentEstablishment_ShouldAddSalesItems [FAIL]"}}
TpTrace Verbose: 0 : 25140, 13, 2024/02/27, 15:43:16.432, 4984758711251, vstest.console.dll, TestRunRequest:SendTestRunMessage: Starting.
TpTrace Verbose: 0 : 25140, 13, 2024/02/27, 15:43:16.432, 4984758711867, vstest.console.dll, MulticastDelegateUtilities.SafeInvoke: TestRun.LogMessages: Invoking callback 1/1 for Microsoft.VisualStudio.TestPlatform.CommandLine.TestRunResultAggregator., took 0 ms.
TpTrace Information: 0 : 25140, 13, 2024/02/27, 15:43:16.432, 4984758712164, vstest.console.dll, TestRunRequest:SendTestRunMessage: Completed.
TpTrace Verbose: 0 : 25140, 13, 2024/02/27, 15:43:16.432, 4984758712419, vstest.console.dll, MulticastDelegateUtilities.SafeInvoke: LengthPrefixCommunicationChannel: MessageReceived: Invoking callback 1/1 for Microsoft.VisualStudio.TestPlatform.CommunicationUtilities.TestRequestSender+<>c__DisplayClass34_0., took 0 ms.
TpTrace Verbose: 0 : 25140, 13, 2024/02/27, 15:43:16.432, 4984758712748, vstest.console.dll, TcpClientExtensions.MessageLoopAsync: Polling on remoteEndPoint: 127.0.0.1:60989 localEndPoint: 127.0.0.1:60988
TpTrace Verbose: 0 : 25140, 4, 2024/02/27, 15:43:16.432, 4984758714565, vstest.console.dll, MulticastDelegateUtilities.SafeInvoke: InternalTestLoggerEvents.SendTestRunMessage: Invoking callback 1/1 for Microsoft.VisualStudio.TestPlatform.CommandLine.Internal.ConsoleLogger., took 0 ms.
TpTrace Verbose: 0 : 25140, 13, 2024/02/27, 15:43:16.433, 4984758715842, vstest.console.dll, TcpClientExtensions.MessageLoopAsync: NotifyDataAvailable remoteEndPoint: 127.0.0.1:60989 localEndPoint: 127.0.0.1:60988
TpTrace Verbose: 0 : 25140, 13, 2024/02/27, 15:43:16.433, 4984758716730, vstest.console.dll, TestRequestSender.OnExecutionMessageReceived: Received message: {"Version":7,"MessageType":"TestSession.Message","Payload":{"MessageLevel":0,"Message":"[xUnit.net 00:00:10.27]       System.InvalidOperationException : Sale does not exist within establishment"}}
TpTrace Verbose: 0 : 25140, 13, 2024/02/27, 15:43:16.433, 4984758717611, vstest.console.dll, TestRunRequest:SendTestRunMessage: Starting.
TpTrace Verbose: 0 : 25140, 13, 2024/02/27, 15:43:16.433, 4984758718239, vstest.console.dll, MulticastDelegateUtilities.SafeInvoke: TestRun.LogMessages: Invoking callback 1/1 for Microsoft.VisualStudio.TestPlatform.CommandLine.TestRunResultAggregator., took 0 ms.
TpTrace Verbose: 0 : 25140, 4, 2024/02/27, 15:43:16.433, 4984758718471, vstest.console.dll, MulticastDelegateUtilities.SafeInvoke: InternalTestLoggerEvents.SendTestRunMessage: Invoking callback 1/1 for Microsoft.VisualStudio.TestPlatform.CommandLine.Internal.ConsoleLogger., took 0 ms.
TpTrace Information: 0 : 25140, 13, 2024/02/27, 15:43:16.433, 4984758718638, vstest.console.dll, TestRunRequest:SendTestRunMessage: Completed.
TpTrace Verbose: 0 : 25140, 13, 2024/02/27, 15:43:16.433, 4984758719992, vstest.console.dll, MulticastDelegateUtilities.SafeInvoke: LengthPrefixCommunicationChannel: MessageReceived: Invoking callback 1/1 for Microsoft.VisualStudio.TestPlatform.CommunicationUtilities.TestRequestSender+<>c__DisplayClass34_0., took 0 ms.
TpTrace Verbose: 0 : 25140, 13, 2024/02/27, 15:43:16.433, 4984758720335, vstest.console.dll, TcpClientExtensions.MessageLoopAsync: Polling on remoteEndPoint: 127.0.0.1:60989 localEndPoint: 127.0.0.1:60988
TpTrace Verbose: 0 : 25140, 13, 2024/02/27, 15:43:16.433, 4984758721992, vstest.console.dll, TcpClientExtensions.MessageLoopAsync: NotifyDataAvailable remoteEndPoint: 127.0.0.1:60989 localEndPoint: 127.0.0.1:60988
TpTrace Verbose: 0 : 25140, 13, 2024/02/27, 15:43:16.433, 4984758722938, vstest.console.dll, TestRequestSender.OnExecutionMessageReceived: Received message: {"Version":7,"MessageType":"TestSession.Message","Payload":{"MessageLevel":0,"Message":"[xUnit.net 00:00:10.27]       Stack Trace:"}}
TpTrace Verbose: 0 : 25140, 13, 2024/02/27, 15:43:16.433, 4984758723573, vstest.console.dll, TestRunRequest:SendTestRunMessage: Starting.
TpTrace Verbose: 0 : 25140, 13, 2024/02/27, 15:43:16.433, 4984758724018, vstest.console.dll, MulticastDelegateUtilities.SafeInvoke: TestRun.LogMessages: Invoking callback 1/1 for Microsoft.VisualStudio.TestPlatform.CommandLine.TestRunResultAggregator., took 0 ms.
TpTrace Information: 0 : 25140, 13, 2024/02/27, 15:43:16.433, 4984758724296, vstest.console.dll, TestRunRequest:SendTestRunMessage: Completed.
TpTrace Verbose: 0 : 25140, 13, 2024/02/27, 15:43:16.433, 4984758724545, vstest.console.dll, MulticastDelegateUtilities.SafeInvoke: LengthPrefixCommunicationChannel: MessageReceived: Invoking callback 1/1 for Microsoft.VisualStudio.TestPlatform.CommunicationUtilities.TestRequestSender+<>c__DisplayClass34_0., took 0 ms.
TpTrace Verbose: 0 : 25140, 4, 2024/02/27, 15:43:16.433, 4984758724530, vstest.console.dll, MulticastDelegateUtilities.SafeInvoke: InternalTestLoggerEvents.SendTestRunMessage: Invoking callback 1/1 for Microsoft.VisualStudio.TestPlatform.CommandLine.Internal.ConsoleLogger., took 0 ms.
TpTrace Verbose: 0 : 25140, 13, 2024/02/27, 15:43:16.434, 4984758724903, vstest.console.dll, TcpClientExtensions.MessageLoopAsync: Polling on remoteEndPoint: 127.0.0.1:60989 localEndPoint: 127.0.0.1:60988
TpTrace Verbose: 0 : 25140, 13, 2024/02/27, 15:43:16.434, 4984758728538, vstest.console.dll, TcpClientExtensions.MessageLoopAsync: NotifyDataAvailable remoteEndPoint: 127.0.0.1:60989 localEndPoint: 127.0.0.1:60988
TpTrace Verbose: 0 : 25140, 13, 2024/02/27, 15:43:16.434, 4984758729275, vstest.console.dll, TestRequestSender.OnExecutionMessageReceived: Received message: {"Version":7,"MessageType":"TestSession.Message","Payload":{"MessageLevel":0,"Message":"[xUnit.net 00:00:10.27]         C:\\Users\\Ekste\\Documents\\GitHub\\EstablishmentProject\\Backend\\Domain Layer\\Entities\\Establishment\\Establishment.Sales.cs(73,0): at WebApplication1.Domain_Layer.Entities.Establishment.SaleMustExist(Sale sale)"}}
TpTrace Verbose: 0 : 25140, 13, 2024/02/27, 15:43:16.434, 4984758729963, vstest.console.dll, TestRunRequest:SendTestRunMessage: Starting.
TpTrace Verbose: 0 : 25140, 13, 2024/02/27, 15:43:16.434, 4984758730440, vstest.console.dll, MulticastDelegateUtilities.SafeInvoke: TestRun.LogMessages: Invoking callback 1/1 for Microsoft.VisualStudio.TestPlatform.CommandLine.TestRunResultAggregator., took 0 ms.
TpTrace Information: 0 : 25140, 13, 2024/02/27, 15:43:16.434, 4984758730723, vstest.console.dll, TestRunRequest:SendTestRunMessage: Completed.
TpTrace Verbose: 0 : 25140, 4, 2024/02/27, 15:43:16.434, 4984758730887, vstest.console.dll, MulticastDelegateUtilities.SafeInvoke: InternalTestLoggerEvents.SendTestRunMessage: Invoking callback 1/1 for Microsoft.VisualStudio.TestPlatform.CommandLine.Internal.ConsoleLogger., took 0 ms.
TpTrace Verbose: 0 : 25140, 13, 2024/02/27, 15:43:16.434, 4984758730979, vstest.console.dll, MulticastDelegateUtilities.SafeInvoke: LengthPrefixCommunicationChannel: MessageReceived: Invoking callback 1/1 for Microsoft.VisualStudio.TestPlatform.CommunicationUtilities.TestRequestSender+<>c__DisplayClass34_0., took 0 ms.
TpTrace Verbose: 0 : 25140, 13, 2024/02/27, 15:43:16.434, 4984758731989, vstest.console.dll, TcpClientExtensions.MessageLoopAsync: Polling on remoteEndPoint: 127.0.0.1:60989 localEndPoint: 127.0.0.1:60988
TpTrace Verbose: 0 : 25140, 13, 2024/02/27, 15:43:16.434, 4984758732321, vstest.console.dll, TcpClientExtensions.MessageLoopAsync: NotifyDataAvailable remoteEndPoint: 127.0.0.1:60989 localEndPoint: 127.0.0.1:60988
TpTrace Verbose: 0 : 25140, 13, 2024/02/27, 15:43:16.434, 4984758732802, vstest.console.dll, TestRequestSender.OnExecutionMessageReceived: Received message: {"Version":7,"MessageType":"TestSession.Message","Payload":{"MessageLevel":0,"Message":"[xUnit.net 00:00:10.27]         C:\\Users\\Ekste\\Documents\\GitHub\\EstablishmentProject\\Backend\\Domain Layer\\Entities\\Establishment\\Establishment.Sale_SalesItems.cs(25,0): at WebApplication1.Domain_Layer.Entities.Establishment.CreateSalesItem(Sale sale, Item item, Int32 quantity)"}}
TpTrace Verbose: 0 : 25140, 13, 2024/02/27, 15:43:16.434, 4984758733392, vstest.console.dll, TestRunRequest:SendTestRunMessage: Starting.
TpTrace Verbose: 0 : 25140, 13, 2024/02/27, 15:43:16.434, 4984758733815, vstest.console.dll, MulticastDelegateUtilities.SafeInvoke: TestRun.LogMessages: Invoking callback 1/1 for Microsoft.VisualStudio.TestPlatform.CommandLine.TestRunResultAggregator., took 0 ms.
TpTrace Information: 0 : 25140, 13, 2024/02/27, 15:43:16.434, 4984758734159, vstest.console.dll, TestRunRequest:SendTestRunMessage: Completed.
TpTrace Verbose: 0 : 25140, 4, 2024/02/27, 15:43:16.434, 4984758734290, vstest.console.dll, MulticastDelegateUtilities.SafeInvoke: InternalTestLoggerEvents.SendTestRunMessage: Invoking callback 1/1 for Microsoft.VisualStudio.TestPlatform.CommandLine.Internal.ConsoleLogger., took 0 ms.
TpTrace Verbose: 0 : 25140, 13, 2024/02/27, 15:43:16.434, 4984758734418, vstest.console.dll, MulticastDelegateUtilities.SafeInvoke: LengthPrefixCommunicationChannel: MessageReceived: Invoking callback 1/1 for Microsoft.VisualStudio.TestPlatform.CommunicationUtilities.TestRequestSender+<>c__DisplayClass34_0., took 0 ms.
TpTrace Verbose: 0 : 25140, 13, 2024/02/27, 15:43:16.435, 4984758735603, vstest.console.dll, TcpClientExtensions.MessageLoopAsync: Polling on remoteEndPoint: 127.0.0.1:60989 localEndPoint: 127.0.0.1:60988
TpTrace Verbose: 0 : 25140, 13, 2024/02/27, 15:43:16.435, 4984758736217, vstest.console.dll, TcpClientExtensions.MessageLoopAsync: NotifyDataAvailable remoteEndPoint: 127.0.0.1:60989 localEndPoint: 127.0.0.1:60988
TpTrace Verbose: 0 : 25140, 13, 2024/02/27, 15:43:16.435, 4984758736825, vstest.console.dll, TestRequestSender.OnExecutionMessageReceived: Received message: {"Version":7,"MessageType":"TestSession.Message","Payload":{"MessageLevel":0,"Message":"[xUnit.net 00:00:10.27]         C:\\Users\\Ekste\\Documents\\GitHub\\EstablishmentProject\\Backend_test\\Domain\\Entities_Test\\Establishment_Test\\Establishment_Sale_SalesItems_Test.cs(72,0): at EstablishmentProject.test.Domain.Entities_Test.Establishment_Sale_SalesItems_Test.AddSalesItem_WithSalesItemsCreatedForDifferentEstablishment_ShouldAddSalesItems()"}}
TpTrace Verbose: 0 : 25140, 13, 2024/02/27, 15:43:16.435, 4984758737451, vstest.console.dll, TestRunRequest:SendTestRunMessage: Starting.
TpTrace Verbose: 0 : 25140, 13, 2024/02/27, 15:43:16.435, 4984758737897, vstest.console.dll, MulticastDelegateUtilities.SafeInvoke: TestRun.LogMessages: Invoking callback 1/1 for Microsoft.VisualStudio.TestPlatform.CommandLine.TestRunResultAggregator., took 0 ms.
TpTrace Verbose: 0 : 25140, 4, 2024/02/27, 15:43:16.435, 4984758738080, vstest.console.dll, MulticastDelegateUtilities.SafeInvoke: InternalTestLoggerEvents.SendTestRunMessage: Invoking callback 1/1 for Microsoft.VisualStudio.TestPlatform.CommandLine.Internal.ConsoleLogger., took 0 ms.
TpTrace Information: 0 : 25140, 13, 2024/02/27, 15:43:16.435, 4984758738171, vstest.console.dll, TestRunRequest:SendTestRunMessage: Completed.
TpTrace Verbose: 0 : 25140, 13, 2024/02/27, 15:43:16.435, 4984758739500, vstest.console.dll, MulticastDelegateUtilities.SafeInvoke: LengthPrefixCommunicationChannel: MessageReceived: Invoking callback 1/1 for Microsoft.VisualStudio.TestPlatform.CommunicationUtilities.TestRequestSender+<>c__DisplayClass34_0., took 0 ms.
TpTrace Verbose: 0 : 25140, 13, 2024/02/27, 15:43:16.435, 4984758739812, vstest.console.dll, TcpClientExtensions.MessageLoopAsync: Polling on remoteEndPoint: 127.0.0.1:60989 localEndPoint: 127.0.0.1:60988
TpTrace Verbose: 0 : 25140, 13, 2024/02/27, 15:43:16.435, 4984758740149, vstest.console.dll, TcpClientExtensions.MessageLoopAsync: NotifyDataAvailable remoteEndPoint: 127.0.0.1:60989 localEndPoint: 127.0.0.1:60988
TpTrace Verbose: 0 : 25140, 13, 2024/02/27, 15:43:16.435, 4984758740610, vstest.console.dll, TestRequestSender.OnExecutionMessageReceived: Received message: {"Version":7,"MessageType":"TestSession.Message","Payload":{"MessageLevel":0,"Message":"[xUnit.net 00:00:10.27]            at System.RuntimeMethodHandle.InvokeMethod(Object target, Void** arguments, Signature sig, Boolean isConstructor)"}}
TpTrace Verbose: 0 : 25140, 13, 2024/02/27, 15:43:16.435, 4984758741199, vstest.console.dll, TestRunRequest:SendTestRunMessage: Starting.
TpTrace Verbose: 0 : 25140, 13, 2024/02/27, 15:43:16.435, 4984758741669, vstest.console.dll, MulticastDelegateUtilities.SafeInvoke: TestRun.LogMessages: Invoking callback 1/1 for Microsoft.VisualStudio.TestPlatform.CommandLine.TestRunResultAggregator., took 0 ms.
TpTrace Verbose: 0 : 25140, 4, 2024/02/27, 15:43:16.435, 4984758741871, vstest.console.dll, MulticastDelegateUtilities.SafeInvoke: InternalTestLoggerEvents.SendTestRunMessage: Invoking callback 1/1 for Microsoft.VisualStudio.TestPlatform.CommandLine.Internal.ConsoleLogger., took 0 ms.
TpTrace Information: 0 : 25140, 13, 2024/02/27, 15:43:16.435, 4984758742122, vstest.console.dll, TestRunRequest:SendTestRunMessage: Completed.
TpTrace Verbose: 0 : 25140, 13, 2024/02/27, 15:43:16.435, 4984758743047, vstest.console.dll, MulticastDelegateUtilities.SafeInvoke: LengthPrefixCommunicationChannel: MessageReceived: Invoking callback 1/1 for Microsoft.VisualStudio.TestPlatform.CommunicationUtilities.TestRequestSender+<>c__DisplayClass34_0., took 0 ms.
TpTrace Verbose: 0 : 25140, 13, 2024/02/27, 15:43:16.435, 4984758743380, vstest.console.dll, TcpClientExtensions.MessageLoopAsync: Polling on remoteEndPoint: 127.0.0.1:60989 localEndPoint: 127.0.0.1:60988
TpTrace Verbose: 0 : 25140, 13, 2024/02/27, 15:43:16.435, 4984758743758, vstest.console.dll, TcpClientExtensions.MessageLoopAsync: NotifyDataAvailable remoteEndPoint: 127.0.0.1:60989 localEndPoint: 127.0.0.1:60988
TpTrace Verbose: 0 : 25140, 13, 2024/02/27, 15:43:16.435, 4984758744241, vstest.console.dll, TestRequestSender.OnExecutionMessageReceived: Received message: {"Version":7,"MessageType":"TestSession.Message","Payload":{"MessageLevel":0,"Message":"[xUnit.net 00:00:10.27]            at System.Reflection.MethodInvoker.Invoke(Object obj, IntPtr* args, BindingFlags invokeAttr)"}}
TpTrace Verbose: 0 : 25140, 13, 2024/02/27, 15:43:16.436, 4984758744817, vstest.console.dll, TestRunRequest:SendTestRunMessage: Starting.
TpTrace Verbose: 0 : 25140, 13, 2024/02/27, 15:43:16.436, 4984758745242, vstest.console.dll, MulticastDelegateUtilities.SafeInvoke: TestRun.LogMessages: Invoking callback 1/1 for Microsoft.VisualStudio.TestPlatform.CommandLine.TestRunResultAggregator., took 0 ms.
TpTrace Information: 0 : 25140, 13, 2024/02/27, 15:43:16.436, 4984758745535, vstest.console.dll, TestRunRequest:SendTestRunMessage: Completed.
TpTrace Verbose: 0 : 25140, 4, 2024/02/27, 15:43:16.436, 4984758745730, vstest.console.dll, MulticastDelegateUtilities.SafeInvoke: InternalTestLoggerEvents.SendTestRunMessage: Invoking callback 1/1 for Microsoft.VisualStudio.TestPlatform.CommandLine.Internal.ConsoleLogger., took 0 ms.
TpTrace Verbose: 0 : 25140, 13, 2024/02/27, 15:43:16.436, 4984758745786, vstest.console.dll, MulticastDelegateUtilities.SafeInvoke: LengthPrefixCommunicationChannel: MessageReceived: Invoking callback 1/1 for Microsoft.VisualStudio.TestPlatform.CommunicationUtilities.TestRequestSender+<>c__DisplayClass34_0., took 0 ms.
TpTrace Verbose: 0 : 25140, 13, 2024/02/27, 15:43:16.436, 4984758746678, vstest.console.dll, TcpClientExtensions.MessageLoopAsync: Polling on remoteEndPoint: 127.0.0.1:60989 localEndPoint: 127.0.0.1:60988
TpTrace Verbose: 0 : 25140, 13, 2024/02/27, 15:43:16.447, 4984758859796, vstest.console.dll, TcpClientExtensions.MessageLoopAsync: NotifyDataAvailable remoteEndPoint: 127.0.0.1:60989 localEndPoint: 127.0.0.1:60988
TpTrace Verbose: 0 : 25140, 13, 2024/02/27, 15:43:16.447, 4984758863082, vstest.console.dll, TestRequestSender.OnExecutionMessageReceived: Received message: {"Version":7,"MessageType":"TestExecution.StatsChange","Payload":{"NewTestResults":[{"TestCase":{"Id":"a8e5789a-18ff-1b5c-690c-589ad868e754","FullyQualifiedName":"EstablishmentProject.test.Infrastructure_Layer.DTO.EstablishmentDTO_Test.EstablishmentDTO_ShouldCreateEstablishmentDTO","DisplayName":"EstablishmentProject.test.Infrastructure_Layer.DTO.EstablishmentDTO_Test.EstablishmentDTO_ShouldCreateEstablishmentDTO","ExecutorUri":"executor://xunit/VsTestRunner2/netcoreapp","Source":"C:\\Users\\Ekste\\Documents\\GitHub\\EstablishmentProject\\Backend_test\\bin\\Debug\\net7.0\\fine-code-coverage\\build-output\\EstablishmentProject.test.dll","CodeFilePath":null,"LineNumber":0,"Properties":[]},"Attachments":[],"Outcome":1,"ErrorMessage":null,"ErrorStackTrace":null,"DisplayName":"EstablishmentProject.test.Infrastructure_Layer.DTO.EstablishmentDTO_Test.EstablishmentDTO_ShouldCreateEstablishmentDTO","Messages":[],"ComputerName":"XPS","Duration":"00:00:00.0064354","StartTime":"2024-02-27T14:43:16.4217471+00:00","EndTime":"2024-02-27T14:43:16.4217472+00:00","Properties":[]},{"TestCase":{"Id":"a0dd3783-23ee-8872-7660-643360db639e","FullyQualifiedName":"EstablishmentProject.test.Domain.Entities_Test.Establishment_Sale_SalesItems_Test.CreateSalesItem_WithItemCreatedForEstablishmentAndNegativeQuantity_ShouldNotCreateSalesItems","DisplayName":"EstablishmentProject.test.Domain.Entities_Test.Establishment_Sale_SalesItems_Test.CreateSalesItem_WithItemCreatedForEstablishmentAndNegativeQuantity_ShouldNotCreateSalesItems","ExecutorUri":"executor://xunit/VsTestRunner2/netcoreapp","Source":"C:\\Users\\Ekste\\Documents\\GitHub\\EstablishmentProject\\Backend_test\\bin\\Debug\\net7.0\\fine-code-coverage\\build-output\\EstablishmentProject.test.dll","CodeFilePath":null,"LineNumber":0,"Properties":[]},"Attachments":[],"Outcome":1,"ErrorMessage":null,"ErrorStackTrace":null,"DisplayName":"EstablishmentProject.test.Domain.Entities_Test.Establishment_Sale_SalesItems_Test.CreateSalesItem_WithItemCreatedForEstablishmentAndNegativeQuantity_ShouldNotCreateSalesItems","Messages":[],"ComputerName":"XPS","Duration":"00:00:00.0010131","StartTime":"2024-02-27T14:43:16.4255899+00:00","EndTime":"2024-02-27T14:43:16.4255901+00:00","Properties":[]},{"TestCase":{"Id":"786af440-395c-cd30-4fa5-aaab93e30082","FullyQualifiedName":"EstablishmentProject.test.Domain.Entities_Test.Establishment_Sale_SalesItems_Test.AddSalesItems_WithSalesItemsForSale_ShouldAddSalesItems","DisplayName":"EstablishmentProject.test.Domain.Entities_Test.Establishment_Sale_SalesItems_Test.AddSalesItems_WithSalesItemsForSale_ShouldAddSalesItems","ExecutorUri":"executor://xunit/VsTestRunner2/netcoreapp","Source":"C:\\Users\\Ekste\\Documents\\GitHub\\EstablishmentProject\\Backend_test\\bin\\Debug\\net7.0\\fine-code-coverage\\build-output\\EstablishmentProject.test.dll","CodeFilePath":null,"LineNumber":0,"Properties":[]},"Attachments":[],"Outcome":1,"ErrorMessage":null,"ErrorStackTrace":null,"DisplayName":"EstablishmentProject.test.Domain.Entities_Test.Establishment_Sale_SalesItems_Test.AddSalesItems_WithSalesItemsForSale_ShouldAddSalesItems","Messages":[],"ComputerName":"XPS","Duration":"00:00:00.0005562","StartTime":"2024-02-27T14:43:16.427605+00:00","EndTime":"2024-02-27T14:43:16.4276051+00:00","Properties":[]},{"TestCase":{"Id":"d758881b-4637-b610-f5e6-8a4571bfe555","FullyQualifiedName":"EstablishmentProject.test.Domain.Entities_Test.Establishment_Sale_SalesItems_Test.AddSalesItem_WithSalesItemsCreatedForDifferentEstablishment_ShouldAddSalesItems","DisplayName":"EstablishmentProject.test.Domain.Entities_Test.Establishment_Sale_SalesItems_Test.AddSalesItem_WithSalesItemsCreatedForDifferentEstablishment_ShouldAddSalesItems","ExecutorUri":"executor://xunit/VsTestRunner2/netcoreapp","Source":"C:\\Users\\Ekste\\Documents\\GitHub\\EstablishmentProject\\Backend_test\\bin\\Debug\\net7.0\\fine-code-coverage\\build-output\\EstablishmentProject.test.dll","CodeFilePath":null,"LineNumber":0,"Properties":[]},"Attachments":[],"Outcome":2,"ErrorMessage":"System.InvalidOperationException : Sale does not exist within establishment","ErrorStackTrace":"   at WebApplication1.Domain_Layer.Entities.Establishment.SaleMustExist(Sale sale) in C:\\Users\\Ekste\\Documents\\GitHub\\EstablishmentProject\\Backend\\Domain Layer\\Entities\\Establishment\\Establishment.Sales.cs:line 73\r\n   at WebApplication1.Domain_Layer.Entities.Establishment.CreateSalesItem(Sale sale, Item item, Int32 quantity) in C:\\Users\\Ekste\\Documents\\GitHub\\EstablishmentProject\\Backend\\Domain Layer\\Entities\\Establishment\\Establishment.Sale_SalesItems.cs:line 25\r\n   at EstablishmentProject.test.Domain.Entities_Test.Establishment_Sale_SalesItems_Test.AddSalesItem_WithSalesItemsCreatedForDifferentEstablishment_ShouldAddSalesItems() in C:\\Users\\Ekste\\Documents\\GitHub\\EstablishmentProject\\Backend_test\\Domain\\Entities_Test\\Establishment_Test\\Establishment_Sale_SalesItems_Test.cs:line 72\r\n   at System.RuntimeMethodHandle.InvokeMethod(Object target, Void** arguments, Signature sig, Boolean isConstructor)\r\n   at System.Reflection.MethodInvoker.Invoke(Object obj, IntPtr* args, BindingFlags invokeAttr)","DisplayName":"EstablishmentProject.test.Domain.Entities_Test.Establishment_Sale_SalesItems_Test.AddSalesItem_WithSalesItemsCreatedForDifferentEstablishment_ShouldAddSalesItems","Messages":[],"ComputerName":"XPS","Duration":"00:00:00.0005449","StartTime":"2024-02-27T14:43:16.4356771+00:00","EndTime":"2024-02-27T14:43:16.4356773+00:00","Properties":[]},{"TestCase":{"Id":"22dbdbf1-1c67-906d-eb86-8577f922c1fd","FullyQualifiedName":"EstablishmentProject.test.Domain.Entities_Test.Establishment_Sale_SalesItems_Test.CreateSalesItem_WithItemCreatedForEstablishmentAndPositiveQuantity_ShouldCreateSalesItems","DisplayName":"EstablishmentProject.test.Domain.Entities_Test.Establishment_Sale_SalesItems_Test.CreateSalesItem_WithItemCreatedForEstablishmentAndPositiveQuantity_ShouldCreateSalesItems","ExecutorUri":"executor://xunit/VsTestRunner2/netcoreapp","Source":"C:\\Users\\Ekste\\Documents\\GitHub\\EstablishmentProject\\Backend_test\\bin\\Debug\\net7.0\\fine-code-coverage\\build-output\\EstablishmentProject.test.dll","CodeFilePath":null,"LineNumber":0,"Properties":[]},"Attachments":[],"Outcome":1,"ErrorMessage":null,"ErrorStackTrace":null,"DisplayName":"EstablishmentProject.test.Domain.Entities_Test.Establishment_Sale_SalesItems_Test.CreateSalesItem_WithItemCreatedForEstablishmentAndPositiveQuantity_ShouldCreateSalesItems","Messages":[],"ComputerName":"XPS","Duration":"00:00:00.0001844","StartTime":"2024-02-27T14:43:16.4379259+00:00","EndTime":"2024-02-27T14:43:16.437926+00:00","Properties":[]},{"TestCase":{"Id":"8377058b-a490-dbb8-a9f3-10d099c1a80d","FullyQualifiedName":"EstablishmentProject.test.Domain.Entities_Test.Establishment_Sale_SalesItems_Test.AddSalesItems_WithItemThatAlreadyExistingForSale_SholdNotAddSalesItems","DisplayName":"EstablishmentProject.test.Domain.Entities_Test.Establishment_Sale_SalesItems_Test.AddSalesItems_WithItemThatAlreadyExistingForSale_SholdNotAddSalesItems","ExecutorUri":"executor://xunit/VsTestRunner2/netcoreapp","Source":"C:\\Users\\Ekste\\Documents\\GitHub\\EstablishmentProject\\Backend_test\\bin\\Debug\\net7.0\\fine-code-coverage\\build-output\\EstablishmentProject.test.dll","CodeFilePath":null,"LineNumber":0,"Properties":[]},"Attachments":[],"Outcome":1,"ErrorMessage":null,"ErrorStackTrace":null,"DisplayName":"EstablishmentProject.test.Domain.Entities_Test.Establishment_Sale_SalesItems_Test.AddSalesItems_WithItemThatAlreadyExistingForSale_SholdNotAddSalesItems","Messages":[],"ComputerName":"XPS","Duration":"00:00:00.0009812","StartTime":"2024-02-27T14:43:16.439488+00:00","EndTime":"2024-02-27T14:43:16.4394881+00:00","Properties":[]},{"TestCase":{"Id":"e314480a-1690-9e69-703e-9d90dd41bfb9","FullyQualifiedName":"EstablishmentProject.test.Domain.Entities_Test.Establishment_Sale_SalesItems_Test.AddSalesItems_WithSaleCreatedForDifferentDifferentEstablishment_ShouldAddSalesItems","DisplayName":"EstablishmentProject.test.Domain.Entities_Test.Establishment_Sale_SalesItems_Test.AddSalesItems_WithSaleCreatedForDifferentDifferentEstablishment_ShouldAddSalesItems","ExecutorUri":"executor://xunit/VsTestRunner2/netcoreapp","Source":"C:\\Users\\Ekste\\Documents\\GitHub\\EstablishmentProject\\Backend_test\\bin\\Debug\\net7.0\\fine-code-coverage\\build-output\\EstablishmentProject.test.dll","CodeFilePath":null,"LineNumber":0,"Properties":[]},"Attachments":[],"Outcome":1,"ErrorMessage":null,"ErrorStackTrace":null,"DisplayName":"EstablishmentProject.test.Domain.Entities_Test.Establishment_Sale_SalesItems_Test.AddSalesItems_WithSaleCreatedForDifferentDifferentEstablishment_ShouldAddSalesItems","Messages":[],"ComputerName":"XPS","Duration":"00:00:00.0004015","StartTime":"2024-02-27T14:43:16.4412145+00:00","EndTime":"2024-02-27T14:43:16.4412147+00:00","Properties":[]},{"TestCase":{"Id":"4c7bd48b-312d-481d-d6a1-8db1e5c6174a","FullyQualifiedName":"EstablishmentProject.test.Domain.Entities_Test.Establishment_Sale_SalesItems_Test.CreateSalesItem_WithItemCreatedForDifferentEstablishmentAndPositiveQuantity_ShouldNotCreateSalesItems","DisplayName":"EstablishmentProject.test.Domain.Entities_Test.Establishment_Sale_SalesItems_Test.CreateSalesItem_WithItemCreatedForDifferentEstablishmentAndPositiveQuantity_ShouldNotCreateSalesItems","ExecutorUri":"executor://xunit/VsTestRunner2/netcoreapp","Source":"C:\\Users\\Ekste\\Documents\\GitHub\\EstablishmentProject\\Backend_test\\bin\\Debug\\net7.0\\fine-code-coverage\\build-output\\EstablishmentProject.test.dll","CodeFilePath":null,"LineNumber":0,"Properties":[]},"Attachments":[],"Outcome":1,"ErrorMessage":null,"ErrorStackTrace":null,"DisplayName":"EstablishmentProject.test.Domain.Entities_Test.Establishment_Sale_SalesItems_Test.CreateSalesItem_WithItemCreatedForDifferentEstablishmentAndPositiveQuantity_ShouldNotCreateSalesItems","Messages":[],"ComputerName":"XPS","Duration":"00:00:00.0003199","StartTime":"2024-02-27T14:43:16.4433532+00:00","EndTime":"2024-02-27T14:43:16.443354+00:00","Properties":[]},{"TestCase":{"Id":"94eebfad-6508-af22-24bd-6af15ab858cc","FullyQualifiedName":"EstablishmentProject.test.Domain.Entities_Test.Establishment_Sale_SalesItems_Test.AddSalesItems_WithSalesItemsCreatedForDifferentSale_ShouldNotAddSalesItems","DisplayName":"EstablishmentProject.test.Domain.Entities_Test.Establishment_Sale_SalesItems_Test.AddSalesItems_WithSalesItemsCreatedForDifferentSale_ShouldNotAddSalesItems","ExecutorUri":"executor://xunit/VsTestRunner2/netcoreapp","Source":"C:\\Users\\Ekste\\Documents\\GitHub\\EstablishmentProject\\Backend_test\\bin\\Debug\\net7.0\\fine-code-coverage\\build-output\\EstablishmentProject.test.dll","CodeFilePath":null,"LineNumber":0,"Properties":[]},"Attachments":[],"Outcome":1,"ErrorMessage":null,"ErrorStackTrace":null,"DisplayName":"EstablishmentProject.test.Domain.Entities_Test.Establishment_Sale_SalesItems_Test.AddSalesItems_WithSalesItemsCreatedForDifferentSale_ShouldNotAddSalesItems","Messages":[],"ComputerName":"XPS","Duration":"00:00:00.0008836","StartTime":"2024-02-27T14:43:16.4451171+00:00","EndTime":"2024-02-27T14:43:16.4451173+00:00","Properties":[]}],"TestRunStatistics":{"ExecutedTests":10,"Stats":{"Passed":9,"Failed":1}},"ActiveTests":[{"Id":"b23c0a9a-938f-4421-b6be-b0ea69a529d6","FullyQualifiedName":"EstablishmentProject.test.Domain.Entities_Test.Establishment_Sale_Test.SetTimeOfPayment_WithNoTimeOfArrival_ShouldSetTimeOfPayment","DisplayName":"EstablishmentProject.test.Domain.Entities_Test.Establishment_Sale_Test.SetTimeOfPayment_WithNoTimeOfArrival_ShouldSetTimeOfPayment","ExecutorUri":"executor://xunit/VsTestRunner2/netcoreapp","Source":"C:\\Users\\Ekste\\Documents\\GitHub\\EstablishmentProject\\Backend_test\\bin\\Debug\\net7.0\\fine-code-coverage\\build-output\\EstablishmentProject.test.dll","CodeFilePath":null,"LineNumber":0,"Properties":[]}]}}
TpTrace Verbose: 0 : 25140, 13, 2024/02/27, 15:43:16.449, 4984758876055, vstest.console.dll, TestRunRequest:SendTestRunStatsChange: Starting.
TpTrace Verbose: 0 : 25140, 13, 2024/02/27, 15:43:16.449, 4984758876711, vstest.console.dll, InProgress is EstablishmentProject.test.Domain.Entities_Test.Establishment_Sale_Test.SetTimeOfPayment_WithNoTimeOfArrival_ShouldSetTimeOfPayment
TpTrace Verbose: 0 : 25140, 13, 2024/02/27, 15:43:16.449, 4984758877812, vstest.console.dll, MulticastDelegateUtilities.SafeInvoke: TestRun.RunStatsChanged: Invoking callbacks was skipped because there are no subscribers.
TpTrace Information: 0 : 25140, 13, 2024/02/27, 15:43:16.449, 4984758878194, vstest.console.dll, TestRunRequest:SendTestRunStatsChange: Completed.
TpTrace Verbose: 0 : 25140, 13, 2024/02/27, 15:43:16.449, 4984758878493, vstest.console.dll, MulticastDelegateUtilities.SafeInvoke: LengthPrefixCommunicationChannel: MessageReceived: Invoking callback 1/1 for Microsoft.VisualStudio.TestPlatform.CommunicationUtilities.TestRequestSender+<>c__DisplayClass34_0., took 1 ms.
TpTrace Verbose: 0 : 25140, 13, 2024/02/27, 15:43:16.449, 4984758879223, vstest.console.dll, TcpClientExtensions.MessageLoopAsync: Polling on remoteEndPoint: 127.0.0.1:60989 localEndPoint: 127.0.0.1:60988
TpTrace Verbose: 0 : 25140, 4, 2024/02/27, 15:43:16.449, 4984758881787, vstest.console.dll, MulticastDelegateUtilities.SafeInvoke: InternalTestLoggerEvents.SendTestResult: Invoking callback 1/1 for Microsoft.VisualStudio.TestPlatform.CommandLine.Internal.ConsoleLogger., took 0 ms.
TpTrace Verbose: 0 : 25140, 4, 2024/02/27, 15:43:16.449, 4984758882876, vstest.console.dll, MulticastDelegateUtilities.SafeInvoke: InternalTestLoggerEvents.SendTestResult: Invoking callback 1/1 for Microsoft.VisualStudio.TestPlatform.CommandLine.Internal.ConsoleLogger., took 0 ms.
TpTrace Verbose: 0 : 25140, 4, 2024/02/27, 15:43:16.449, 4984758883647, vstest.console.dll, MulticastDelegateUtilities.SafeInvoke: InternalTestLoggerEvents.SendTestResult: Invoking callback 1/1 for Microsoft.VisualStudio.TestPlatform.CommandLine.Internal.ConsoleLogger., took 0 ms.
TpTrace Verbose: 0 : 25140, 4, 2024/02/27, 15:43:16.451, 4984758896154, vstest.console.dll, MulticastDelegateUtilities.SafeInvoke: InternalTestLoggerEvents.SendTestResult: Invoking callback 1/1 for Microsoft.VisualStudio.TestPlatform.CommandLine.Internal.ConsoleLogger., took 1 ms.
TpTrace Verbose: 0 : 25140, 4, 2024/02/27, 15:43:16.452, 4984758906268, vstest.console.dll, MulticastDelegateUtilities.SafeInvoke: InternalTestLoggerEvents.SendTestResult: Invoking callback 1/1 for Microsoft.VisualStudio.TestPlatform.CommandLine.Internal.ConsoleLogger., took 0 ms.
TpTrace Verbose: 0 : 25140, 4, 2024/02/27, 15:43:16.452, 4984758907248, vstest.console.dll, MulticastDelegateUtilities.SafeInvoke: InternalTestLoggerEvents.SendTestResult: Invoking callback 1/1 for Microsoft.VisualStudio.TestPlatform.CommandLine.Internal.ConsoleLogger., took 0 ms.
TpTrace Verbose: 0 : 25140, 4, 2024/02/27, 15:43:16.452, 4984758907727, vstest.console.dll, MulticastDelegateUtilities.SafeInvoke: InternalTestLoggerEvents.SendTestResult: Invoking callback 1/1 for Microsoft.VisualStudio.TestPlatform.CommandLine.Internal.ConsoleLogger., took 0 ms.
TpTrace Verbose: 0 : 25140, 4, 2024/02/27, 15:43:16.452, 4984758908137, vstest.console.dll, MulticastDelegateUtilities.SafeInvoke: InternalTestLoggerEvents.SendTestResult: Invoking callback 1/1 for Microsoft.VisualStudio.TestPlatform.CommandLine.Internal.ConsoleLogger., took 0 ms.
TpTrace Verbose: 0 : 25140, 4, 2024/02/27, 15:43:16.452, 4984758908542, vstest.console.dll, MulticastDelegateUtilities.SafeInvoke: InternalTestLoggerEvents.SendTestResult: Invoking callback 1/1 for Microsoft.VisualStudio.TestPlatform.CommandLine.Internal.ConsoleLogger., took 0 ms.
TpTrace Verbose: 0 : 25140, 13, 2024/02/27, 15:43:17.462, 4984769007708, vstest.console.dll, TcpClientExtensions.MessageLoopAsync: Polling on remoteEndPoint: 127.0.0.1:60989 localEndPoint: 127.0.0.1:60988
TpTrace Verbose: 0 : 25140, 13, 2024/02/27, 15:43:17.952, 4984773914559, vstest.console.dll, TcpClientExtensions.MessageLoopAsync: NotifyDataAvailable remoteEndPoint: 127.0.0.1:60989 localEndPoint: 127.0.0.1:60988
TpTrace Verbose: 0 : 25140, 13, 2024/02/27, 15:43:17.953, 4984773918061, vstest.console.dll, TestRequestSender.OnExecutionMessageReceived: Received message: {"Version":7,"MessageType":"TestExecution.StatsChange","Payload":{"NewTestResults":[{"TestCase":{"Id":"b23c0a9a-938f-4421-b6be-b0ea69a529d6","FullyQualifiedName":"EstablishmentProject.test.Domain.Entities_Test.Establishment_Sale_Test.SetTimeOfPayment_WithNoTimeOfArrival_ShouldSetTimeOfPayment","DisplayName":"EstablishmentProject.test.Domain.Entities_Test.Establishment_Sale_Test.SetTimeOfPayment_WithNoTimeOfArrival_ShouldSetTimeOfPayment","ExecutorUri":"executor://xunit/VsTestRunner2/netcoreapp","Source":"C:\\Users\\Ekste\\Documents\\GitHub\\EstablishmentProject\\Backend_test\\bin\\Debug\\net7.0\\fine-code-coverage\\build-output\\EstablishmentProject.test.dll","CodeFilePath":null,"LineNumber":0,"Properties":[]},"Attachments":[],"Outcome":1,"ErrorMessage":null,"ErrorStackTrace":null,"DisplayName":"EstablishmentProject.test.Domain.Entities_Test.Establishment_Sale_Test.SetTimeOfPayment_WithNoTimeOfArrival_ShouldSetTimeOfPayment","Messages":[],"ComputerName":"XPS","Duration":"00:00:00.0016457","StartTime":"2024-02-27T14:43:16.4484199+00:00","EndTime":"2024-02-27T14:43:16.4484201+00:00","Properties":[]},{"TestCase":{"Id":"3d2cd979-e942-a0c8-7165-0a25af0c2417","FullyQualifiedName":"EstablishmentProject.test.Domain.Entities_Test.Establishment_Sale_Test.GetSales_WithMultipleSales_ShouldReturnAllSales","DisplayName":"EstablishmentProject.test.Domain.Entities_Test.Establishment_Sale_Test.GetSales_WithMultipleSales_ShouldReturnAllSales","ExecutorUri":"executor://xunit/VsTestRunner2/netcoreapp","Source":"C:\\Users\\Ekste\\Documents\\GitHub\\EstablishmentProject\\Backend_test\\bin\\Debug\\net7.0\\fine-code-coverage\\build-output\\EstablishmentProject.test.dll","CodeFilePath":null,"LineNumber":0,"Properties":[]},"Attachments":[],"Outcome":1,"ErrorMessage":null,"ErrorStackTrace":null,"DisplayName":"EstablishmentProject.test.Domain.Entities_Test.Establishment_Sale_Test.GetSales_WithMultipleSales_ShouldReturnAllSales","Messages":[],"ComputerName":"XPS","Duration":"00:00:00.0004636","StartTime":"2024-02-27T14:43:16.4508797+00:00","EndTime":"2024-02-27T14:43:16.45088+00:00","Properties":[]},{"TestCase":{"Id":"4c887464-d556-3b3b-fdad-b4711886ebaa","FullyQualifiedName":"EstablishmentProject.test.Domain.Entities_Test.Establishment_Sale_Test.RemoveSale_WithSaleFromDifferentEstablishment_ShouldNotRemoveSale","DisplayName":"EstablishmentProject.test.Domain.Entities_Test.Establishment_Sale_Test.RemoveSale_WithSaleFromDifferentEstablishment_ShouldNotRemoveSale","ExecutorUri":"executor://xunit/VsTestRunner2/netcoreapp","Source":"C:\\Users\\Ekste\\Documents\\GitHub\\EstablishmentProject\\Backend_test\\bin\\Debug\\net7.0\\fine-code-coverage\\build-output\\EstablishmentProject.test.dll","CodeFilePath":null,"LineNumber":0,"Properties":[]},"Attachments":[],"Outcome":1,"ErrorMessage":null,"ErrorStackTrace":null,"DisplayName":"EstablishmentProject.test.Domain.Entities_Test.Establishment_Sale_Test.RemoveSale_WithSaleFromDifferentEstablishment_ShouldNotRemoveSale","Messages":[],"ComputerName":"XPS","Duration":"00:00:00.0005720","StartTime":"2024-02-27T14:43:16.4538138+00:00","EndTime":"2024-02-27T14:43:16.453814+00:00","Properties":[]},{"TestCase":{"Id":"f8a564c5-7f92-b01b-2252-de4cfd4c64ff","FullyQualifiedName":"EstablishmentProject.test.Domain.Entities_Test.Establishment_Sale_Test.CreateSale_ShouldCreateSale","DisplayName":"EstablishmentProject.test.Domain.Entities_Test.Establishment_Sale_Test.CreateSale_ShouldCreateSale","ExecutorUri":"executor://xunit/VsTestRunner2/netcoreapp","Source":"C:\\Users\\Ekste\\Documents\\GitHub\\EstablishmentProject\\Backend_test\\bin\\Debug\\net7.0\\fine-code-coverage\\build-output\\EstablishmentProject.test.dll","CodeFilePath":null,"LineNumber":0,"Properties":[]},"Attachments":[],"Outcome":1,"ErrorMessage":null,"ErrorStackTrace":null,"DisplayName":"EstablishmentProject.test.Domain.Entities_Test.Establishment_Sale_Test.CreateSale_ShouldCreateSale","Messages":[],"ComputerName":"XPS","Duration":"00:00:00.0114164","StartTime":"2024-02-27T14:43:16.4556426+00:00","EndTime":"2024-02-27T14:43:16.455643+00:00","Properties":[]},{"TestCase":{"Id":"5adf57ae-7a7f-4391-081e-d8b31a635c1c","FullyQualifiedName":"EstablishmentProject.test.Domain.Entities_Test.Establishment_Sale_Test.RemoveSale_WithSaleFromEstablishment_ShouldRemoveSale","DisplayName":"EstablishmentProject.test.Domain.Entities_Test.Establishment_Sale_Test.RemoveSale_WithSaleFromEstablishment_ShouldRemoveSale","ExecutorUri":"executor://xunit/VsTestRunner2/netcoreapp","Source":"C:\\Users\\Ekste\\Documents\\GitHub\\EstablishmentProject\\Backend_test\\bin\\Debug\\net7.0\\fine-code-coverage\\build-output\\EstablishmentProject.test.dll","CodeFilePath":null,"LineNumber":0,"Properties":[]},"Attachments":[],"Outcome":1,"ErrorMessage":null,"ErrorStackTrace":null,"DisplayName":"EstablishmentProject.test.Domain.Entities_Test.Establishment_Sale_Test.RemoveSale_WithSaleFromEstablishment_ShouldRemoveSale","Messages":[],"ComputerName":"XPS","Duration":"00:00:00.0006808","StartTime":"2024-02-27T14:43:16.457563+00:00","EndTime":"2024-02-27T14:43:16.4575641+00:00","Properties":[]},{"TestCase":{"Id":"5e98fb00-a078-02e7-08a5-11e63424a2eb","FullyQualifiedName":"EstablishmentProject.test.Domain.Entities_Test.Establishment_Sale_Test.SetTimeOfPayment_WithTimeBeingAfterTimeOfArrival_ShouldSetTimeOfPayment","DisplayName":"EstablishmentProject.test.Domain.Entities_Test.Establishment_Sale_Test.SetTimeOfPayment_WithTimeBeingAfterTimeOfArrival_ShouldSetTimeOfPayment","ExecutorUri":"executor://xunit/VsTestRunner2/netcoreapp","Source":"C:\\Users\\Ekste\\Documents\\GitHub\\EstablishmentProject\\Backend_test\\bin\\Debug\\net7.0\\fine-code-coverage\\build-output\\EstablishmentProject.test.dll","CodeFilePath":null,"LineNumber":0,"Properties":[]},"Attachments":[],"Outcome":1,"ErrorMessage":null,"ErrorStackTrace":null,"DisplayName":"EstablishmentProject.test.Domain.Entities_Test.Establishment_Sale_Test.SetTimeOfPayment_WithTimeBeingAfterTimeOfArrival_ShouldSetTimeOfPayment","Messages":[],"ComputerName":"XPS","Duration":"00:00:00.0002033","StartTime":"2024-02-27T14:43:16.4596522+00:00","EndTime":"2024-02-27T14:43:16.4596525+00:00","Properties":[]},{"TestCase":{"Id":"14baf175-aeb6-fa07-31e1-23a1459327ff","FullyQualifiedName":"EstablishmentProject.test.Domain.Entities_Test.Establishment_Sale_Test.AddSale_WithSaleCreatedForEstablishment_ShouldAddSale","DisplayName":"EstablishmentProject.test.Domain.Entities_Test.Establishment_Sale_Test.AddSale_WithSaleCreatedForEstablishment_ShouldAddSale","ExecutorUri":"executor://xunit/VsTestRunner2/netcoreapp","Source":"C:\\Users\\Ekste\\Documents\\GitHub\\EstablishmentProject\\Backend_test\\bin\\Debug\\net7.0\\fine-code-coverage\\build-output\\EstablishmentProject.test.dll","CodeFilePath":null,"LineNumber":0,"Properties":[]},"Attachments":[],"Outcome":1,"ErrorMessage":null,"ErrorStackTrace":null,"DisplayName":"EstablishmentProject.test.Domain.Entities_Test.Establishment_Sale_Test.AddSale_WithSaleCreatedForEstablishment_ShouldAddSale","Messages":[],"ComputerName":"XPS","Duration":"00:00:00.0001568","StartTime":"2024-02-27T14:43:16.4614141+00:00","EndTime":"2024-02-27T14:43:16.4614143+00:00","Properties":[]}],"TestRunStatistics":{"ExecutedTests":17,"Stats":{"Passed":16,"Failed":1}},"ActiveTests":[{"Id":"efb172a5-c553-6d73-8d00-7b584b86ace0","FullyQualifiedName":"EstablishmentProject.test.Application_Test.Handlers_Test.Entities_Test.GetSalesStatisticsHandler_Test.GetSalesAverageSeatTime_ShouldReturnAverageSeatTime","DisplayName":"EstablishmentProject.test.Application_Test.Handlers_Test.Entities_Test.GetSalesStatisticsHandler_Test.GetSalesAverageSeatTime_ShouldReturnAverageSeatTime","ExecutorUri":"executor://xunit/VsTestRunner2/netcoreapp","Source":"C:\\Users\\Ekste\\Documents\\GitHub\\EstablishmentProject\\Backend_test\\bin\\Debug\\net7.0\\fine-code-coverage\\build-output\\EstablishmentProject.test.dll","CodeFilePath":null,"LineNumber":0,"Properties":[]}]}}
TpTrace Verbose: 0 : 25140, 13, 2024/02/27, 15:43:17.954, 4984773926863, vstest.console.dll, TestRunRequest:SendTestRunStatsChange: Starting.
TpTrace Verbose: 0 : 25140, 13, 2024/02/27, 15:43:17.954, 4984773927609, vstest.console.dll, InProgress is EstablishmentProject.test.Application_Test.Handlers_Test.Entities_Test.GetSalesStatisticsHandler_Test.GetSalesAverageSeatTime_ShouldReturnAverageSeatTime
TpTrace Verbose: 0 : 25140, 13, 2024/02/27, 15:43:17.954, 4984773928607, vstest.console.dll, MulticastDelegateUtilities.SafeInvoke: TestRun.RunStatsChanged: Invoking callbacks was skipped because there are no subscribers.
TpTrace Information: 0 : 25140, 13, 2024/02/27, 15:43:17.954, 4984773929066, vstest.console.dll, TestRunRequest:SendTestRunStatsChange: Completed.
TpTrace Verbose: 0 : 25140, 13, 2024/02/27, 15:43:17.954, 4984773929482, vstest.console.dll, MulticastDelegateUtilities.SafeInvoke: LengthPrefixCommunicationChannel: MessageReceived: Invoking callback 1/1 for Microsoft.VisualStudio.TestPlatform.CommunicationUtilities.TestRequestSender+<>c__DisplayClass34_0., took 1 ms.
TpTrace Verbose: 0 : 25140, 13, 2024/02/27, 15:43:17.954, 4984773929945, vstest.console.dll, TcpClientExtensions.MessageLoopAsync: Polling on remoteEndPoint: 127.0.0.1:60989 localEndPoint: 127.0.0.1:60988
TpTrace Verbose: 0 : 25140, 4, 2024/02/27, 15:43:17.954, 4984773930883, vstest.console.dll, MulticastDelegateUtilities.SafeInvoke: InternalTestLoggerEvents.SendTestResult: Invoking callback 1/1 for Microsoft.VisualStudio.TestPlatform.CommandLine.Internal.ConsoleLogger., took 0 ms.
TpTrace Verbose: 0 : 25140, 4, 2024/02/27, 15:43:17.954, 4984773931984, vstest.console.dll, MulticastDelegateUtilities.SafeInvoke: InternalTestLoggerEvents.SendTestResult: Invoking callback 1/1 for Microsoft.VisualStudio.TestPlatform.CommandLine.Internal.ConsoleLogger., took 0 ms.
TpTrace Verbose: 0 : 25140, 4, 2024/02/27, 15:43:17.954, 4984773932811, vstest.console.dll, MulticastDelegateUtilities.SafeInvoke: InternalTestLoggerEvents.SendTestResult: Invoking callback 1/1 for Microsoft.VisualStudio.TestPlatform.CommandLine.Internal.ConsoleLogger., took 0 ms.
TpTrace Verbose: 0 : 25140, 4, 2024/02/27, 15:43:17.954, 4984773933583, vstest.console.dll, MulticastDelegateUtilities.SafeInvoke: InternalTestLoggerEvents.SendTestResult: Invoking callback 1/1 for Microsoft.VisualStudio.TestPlatform.CommandLine.Internal.ConsoleLogger., took 0 ms.
TpTrace Verbose: 0 : 25140, 4, 2024/02/27, 15:43:17.954, 4984773934279, vstest.console.dll, MulticastDelegateUtilities.SafeInvoke: InternalTestLoggerEvents.SendTestResult: Invoking callback 1/1 for Microsoft.VisualStudio.TestPlatform.CommandLine.Internal.ConsoleLogger., took 0 ms.
TpTrace Verbose: 0 : 25140, 4, 2024/02/27, 15:43:17.955, 4984773934986, vstest.console.dll, MulticastDelegateUtilities.SafeInvoke: InternalTestLoggerEvents.SendTestResult: Invoking callback 1/1 for Microsoft.VisualStudio.TestPlatform.CommandLine.Internal.ConsoleLogger., took 0 ms.
TpTrace Verbose: 0 : 25140, 4, 2024/02/27, 15:43:17.955, 4984773935635, vstest.console.dll, MulticastDelegateUtilities.SafeInvoke: InternalTestLoggerEvents.SendTestResult: Invoking callback 1/1 for Microsoft.VisualStudio.TestPlatform.CommandLine.Internal.ConsoleLogger., took 0 ms.
TpTrace Verbose: 0 : 25140, 13, 2024/02/27, 15:43:18.960, 4984783986573, vstest.console.dll, TcpClientExtensions.MessageLoopAsync: Polling on remoteEndPoint: 127.0.0.1:60989 localEndPoint: 127.0.0.1:60988
TpTrace Verbose: 0 : 25140, 13, 2024/02/27, 15:43:19.970, 4984794091935, vstest.console.dll, TcpClientExtensions.MessageLoopAsync: Polling on remoteEndPoint: 127.0.0.1:60989 localEndPoint: 127.0.0.1:60988
TpTrace Verbose: 0 : 25140, 13, 2024/02/27, 15:43:20.976, 4984804145965, vstest.console.dll, TcpClientExtensions.MessageLoopAsync: Polling on remoteEndPoint: 127.0.0.1:60989 localEndPoint: 127.0.0.1:60988
TpTrace Verbose: 0 : 25140, 13, 2024/02/27, 15:43:21.488, 4984809269694, vstest.console.dll, TcpClientExtensions.MessageLoopAsync: NotifyDataAvailable remoteEndPoint: 127.0.0.1:60989 localEndPoint: 127.0.0.1:60988
TpTrace Verbose: 0 : 25140, 13, 2024/02/27, 15:43:21.488, 4984809271405, vstest.console.dll, TestRequestSender.OnExecutionMessageReceived: Received message: {"Version":7,"MessageType":"TestSession.Message","Payload":{"MessageLevel":2,"Message":"[xUnit.net 00:00:15.33]     EstablishmentProject.test.Application_Test.Handlers_Test.Entities_Test.GetSalesStatisticsHandler_Test.GetSalesAverageSeatTime_ShouldReturnAverageSeatTime [FAIL]"}}
TpTrace Verbose: 0 : 25140, 13, 2024/02/27, 15:43:21.488, 4984809274240, vstest.console.dll, TestRunRequest:SendTestRunMessage: Starting.
TpTrace Verbose: 0 : 25140, 13, 2024/02/27, 15:43:21.489, 4984809275760, vstest.console.dll, MulticastDelegateUtilities.SafeInvoke: TestRun.LogMessages: Invoking callback 1/1 for Microsoft.VisualStudio.TestPlatform.CommandLine.TestRunResultAggregator., took 0 ms.
TpTrace Information: 0 : 25140, 13, 2024/02/27, 15:43:21.489, 4984809276517, vstest.console.dll, TestRunRequest:SendTestRunMessage: Completed.
TpTrace Verbose: 0 : 25140, 13, 2024/02/27, 15:43:21.489, 4984809277108, vstest.console.dll, MulticastDelegateUtilities.SafeInvoke: LengthPrefixCommunicationChannel: MessageReceived: Invoking callback 1/1 for Microsoft.VisualStudio.TestPlatform.CommunicationUtilities.TestRequestSender+<>c__DisplayClass34_0., took 0 ms.
TpTrace Verbose: 0 : 25140, 4, 2024/02/27, 15:43:21.489, 4984809277294, vstest.console.dll, MulticastDelegateUtilities.SafeInvoke: InternalTestLoggerEvents.SendTestRunMessage: Invoking callback 1/1 for Microsoft.VisualStudio.TestPlatform.CommandLine.Internal.ConsoleLogger., took 0 ms.
TpTrace Verbose: 0 : 25140, 13, 2024/02/27, 15:43:21.489, 4984809277701, vstest.console.dll, TcpClientExtensions.MessageLoopAsync: Polling on remoteEndPoint: 127.0.0.1:60989 localEndPoint: 127.0.0.1:60988
TpTrace Verbose: 0 : 25140, 13, 2024/02/27, 15:43:21.489, 4984809280524, vstest.console.dll, TcpClientExtensions.MessageLoopAsync: NotifyDataAvailable remoteEndPoint: 127.0.0.1:60989 localEndPoint: 127.0.0.1:60988
TpTrace Verbose: 0 : 25140, 13, 2024/02/27, 15:43:21.489, 4984809282027, vstest.console.dll, TestRequestSender.OnExecutionMessageReceived: Received message: {"Version":7,"MessageType":"TestSession.Message","Payload":{"MessageLevel":0,"Message":"[xUnit.net 00:00:15.33]       System.InvalidOperationException : No service for type 'WebApplication1.CommandHandlers.IHandler`2[WebApplication1.Application_Layer.Handlers.SalesHandlers.GetSalesAverageSeatTime,WebApplication1.Application_Layer.Handlers.SalesHandlers.GetSalesStatisticsReturn]' has been registered."}}
TpTrace Verbose: 0 : 25140, 13, 2024/02/27, 15:43:21.489, 4984809283244, vstest.console.dll, TestRunRequest:SendTestRunMessage: Starting.
TpTrace Verbose: 0 : 25140, 13, 2024/02/27, 15:43:21.489, 4984809283968, vstest.console.dll, MulticastDelegateUtilities.SafeInvoke: TestRun.LogMessages: Invoking callback 1/1 for Microsoft.VisualStudio.TestPlatform.CommandLine.TestRunResultAggregator., took 0 ms.
TpTrace Verbose: 0 : 25140, 4, 2024/02/27, 15:43:21.489, 4984809284195, vstest.console.dll, MulticastDelegateUtilities.SafeInvoke: InternalTestLoggerEvents.SendTestRunMessage: Invoking callback 1/1 for Microsoft.VisualStudio.TestPlatform.CommandLine.Internal.ConsoleLogger., took 0 ms.
TpTrace Information: 0 : 25140, 13, 2024/02/27, 15:43:21.489, 4984809284495, vstest.console.dll, TestRunRequest:SendTestRunMessage: Completed.
TpTrace Verbose: 0 : 25140, 13, 2024/02/27, 15:43:21.490, 4984809285744, vstest.console.dll, MulticastDelegateUtilities.SafeInvoke: LengthPrefixCommunicationChannel: MessageReceived: Invoking callback 1/1 for Microsoft.VisualStudio.TestPlatform.CommunicationUtilities.TestRequestSender+<>c__DisplayClass34_0., took 0 ms.
TpTrace Verbose: 0 : 25140, 13, 2024/02/27, 15:43:21.490, 4984809286105, vstest.console.dll, TcpClientExtensions.MessageLoopAsync: Polling on remoteEndPoint: 127.0.0.1:60989 localEndPoint: 127.0.0.1:60988
TpTrace Verbose: 0 : 25140, 13, 2024/02/27, 15:43:21.490, 4984809286638, vstest.console.dll, TcpClientExtensions.MessageLoopAsync: NotifyDataAvailable remoteEndPoint: 127.0.0.1:60989 localEndPoint: 127.0.0.1:60988
TpTrace Verbose: 0 : 25140, 13, 2024/02/27, 15:43:21.490, 4984809287384, vstest.console.dll, TestRequestSender.OnExecutionMessageReceived: Received message: {"Version":7,"MessageType":"TestSession.Message","Payload":{"MessageLevel":0,"Message":"[xUnit.net 00:00:15.33]       Stack Trace:"}}
TpTrace Verbose: 0 : 25140, 13, 2024/02/27, 15:43:21.490, 4984809288335, vstest.console.dll, TestRunRequest:SendTestRunMessage: Starting.
TpTrace Verbose: 0 : 25140, 13, 2024/02/27, 15:43:21.490, 4984809288991, vstest.console.dll, MulticastDelegateUtilities.SafeInvoke: TestRun.LogMessages: Invoking callback 1/1 for Microsoft.VisualStudio.TestPlatform.CommandLine.TestRunResultAggregator., took 0 ms.
TpTrace Verbose: 0 : 25140, 4, 2024/02/27, 15:43:21.490, 4984809289213, vstest.console.dll, MulticastDelegateUtilities.SafeInvoke: InternalTestLoggerEvents.SendTestRunMessage: Invoking callback 1/1 for Microsoft.VisualStudio.TestPlatform.CommandLine.Internal.ConsoleLogger., took 0 ms.
TpTrace Information: 0 : 25140, 13, 2024/02/27, 15:43:21.490, 4984809290124, vstest.console.dll, TestRunRequest:SendTestRunMessage: Completed.
TpTrace Verbose: 0 : 25140, 13, 2024/02/27, 15:43:21.490, 4984809290823, vstest.console.dll, MulticastDelegateUtilities.SafeInvoke: LengthPrefixCommunicationChannel: MessageReceived: Invoking callback 1/1 for Microsoft.VisualStudio.TestPlatform.CommunicationUtilities.TestRequestSender+<>c__DisplayClass34_0., took 0 ms.
TpTrace Verbose: 0 : 25140, 13, 2024/02/27, 15:43:21.490, 4984809291675, vstest.console.dll, TcpClientExtensions.MessageLoopAsync: Polling on remoteEndPoint: 127.0.0.1:60989 localEndPoint: 127.0.0.1:60988
TpTrace Verbose: 0 : 25140, 13, 2024/02/27, 15:43:21.490, 4984809292470, vstest.console.dll, TcpClientExtensions.MessageLoopAsync: NotifyDataAvailable remoteEndPoint: 127.0.0.1:60989 localEndPoint: 127.0.0.1:60988
TpTrace Verbose: 0 : 25140, 13, 2024/02/27, 15:43:21.490, 4984809293244, vstest.console.dll, TestRequestSender.OnExecutionMessageReceived: Received message: {"Version":7,"MessageType":"TestSession.Message","Payload":{"MessageLevel":0,"Message":"[xUnit.net 00:00:15.33]            at Microsoft.Extensions.DependencyInjection.ServiceProviderServiceExtensions.GetRequiredService(IServiceProvider provider, Type serviceType)"}}
TpTrace Verbose: 0 : 25140, 13, 2024/02/27, 15:43:21.490, 4984809294242, vstest.console.dll, TestRunRequest:SendTestRunMessage: Starting.
TpTrace Verbose: 0 : 25140, 13, 2024/02/27, 15:43:21.491, 4984809294931, vstest.console.dll, MulticastDelegateUtilities.SafeInvoke: TestRun.LogMessages: Invoking callback 1/1 for Microsoft.VisualStudio.TestPlatform.CommandLine.TestRunResultAggregator., took 0 ms.
TpTrace Information: 0 : 25140, 13, 2024/02/27, 15:43:21.491, 4984809295438, vstest.console.dll, TestRunRequest:SendTestRunMessage: Completed.
TpTrace Verbose: 0 : 25140, 13, 2024/02/27, 15:43:21.491, 4984809295908, vstest.console.dll, MulticastDelegateUtilities.SafeInvoke: LengthPrefixCommunicationChannel: MessageReceived: Invoking callback 1/1 for Microsoft.VisualStudio.TestPlatform.CommunicationUtilities.TestRequestSender+<>c__DisplayClass34_0., took 0 ms.
TpTrace Verbose: 0 : 25140, 4, 2024/02/27, 15:43:21.491, 4984809295137, vstest.console.dll, MulticastDelegateUtilities.SafeInvoke: InternalTestLoggerEvents.SendTestRunMessage: Invoking callback 1/1 for Microsoft.VisualStudio.TestPlatform.CommandLine.Internal.ConsoleLogger., took 0 ms.
TpTrace Verbose: 0 : 25140, 13, 2024/02/27, 15:43:21.491, 4984809297132, vstest.console.dll, TcpClientExtensions.MessageLoopAsync: Polling on remoteEndPoint: 127.0.0.1:60989 localEndPoint: 127.0.0.1:60988
TpTrace Verbose: 0 : 25140, 13, 2024/02/27, 15:43:21.491, 4984809298880, vstest.console.dll, TcpClientExtensions.MessageLoopAsync: NotifyDataAvailable remoteEndPoint: 127.0.0.1:60989 localEndPoint: 127.0.0.1:60988
TpTrace Verbose: 0 : 25140, 13, 2024/02/27, 15:43:21.491, 4984809299438, vstest.console.dll, TestRequestSender.OnExecutionMessageReceived: Received message: {"Version":7,"MessageType":"TestSession.Message","Payload":{"MessageLevel":0,"Message":"[xUnit.net 00:00:15.33]            at Microsoft.Extensions.DependencyInjection.ServiceProviderServiceExtensions.GetRequiredService[T](IServiceProvider provider)"}}
TpTrace Verbose: 0 : 25140, 13, 2024/02/27, 15:43:21.491, 4984809300655, vstest.console.dll, TestRunRequest:SendTestRunMessage: Starting.
TpTrace Verbose: 0 : 25140, 13, 2024/02/27, 15:43:21.491, 4984809301453, vstest.console.dll, MulticastDelegateUtilities.SafeInvoke: TestRun.LogMessages: Invoking callback 1/1 for Microsoft.VisualStudio.TestPlatform.CommandLine.TestRunResultAggregator., took 0 ms.
TpTrace Verbose: 0 : 25140, 4, 2024/02/27, 15:43:21.491, 4984809301761, vstest.console.dll, MulticastDelegateUtilities.SafeInvoke: InternalTestLoggerEvents.SendTestRunMessage: Invoking callback 1/1 for Microsoft.VisualStudio.TestPlatform.CommandLine.Internal.ConsoleLogger., took 0 ms.
TpTrace Information: 0 : 25140, 13, 2024/02/27, 15:43:21.491, 4984809301964, vstest.console.dll, TestRunRequest:SendTestRunMessage: Completed.
TpTrace Verbose: 0 : 25140, 13, 2024/02/27, 15:43:21.491, 4984809303199, vstest.console.dll, MulticastDelegateUtilities.SafeInvoke: LengthPrefixCommunicationChannel: MessageReceived: Invoking callback 1/1 for Microsoft.VisualStudio.TestPlatform.CommunicationUtilities.TestRequestSender+<>c__DisplayClass34_0., took 0 ms.
TpTrace Verbose: 0 : 25140, 13, 2024/02/27, 15:43:21.491, 4984809304005, vstest.console.dll, TcpClientExtensions.MessageLoopAsync: Polling on remoteEndPoint: 127.0.0.1:60989 localEndPoint: 127.0.0.1:60988
TpTrace Verbose: 0 : 25140, 13, 2024/02/27, 15:43:21.491, 4984809304691, vstest.console.dll, TcpClientExtensions.MessageLoopAsync: NotifyDataAvailable remoteEndPoint: 127.0.0.1:60989 localEndPoint: 127.0.0.1:60988
TpTrace Verbose: 0 : 25140, 13, 2024/02/27, 15:43:21.492, 4984809305480, vstest.console.dll, TestRequestSender.OnExecutionMessageReceived: Received message: {"Version":7,"MessageType":"TestSession.Message","Payload":{"MessageLevel":0,"Message":"[xUnit.net 00:00:15.33]         C:\\Users\\Ekste\\Documents\\GitHub\\EstablishmentProject\\Backend_test\\Application_Test\\Handlers_Test\\Entities_Test\\GetSalesStatisticsHandler_Test.cs(130,0): at EstablishmentProject.test.Application_Test.Handlers_Test.Entities_Test.GetSalesStatisticsHandler_Test.GetSalesAverageSeatTime_ShouldReturnAverageSeatTime()"}}
TpTrace Verbose: 0 : 25140, 13, 2024/02/27, 15:43:21.492, 4984809306257, vstest.console.dll, TestRunRequest:SendTestRunMessage: Starting.
TpTrace Verbose: 0 : 25140, 13, 2024/02/27, 15:43:21.492, 4984809307346, vstest.console.dll, MulticastDelegateUtilities.SafeInvoke: TestRun.LogMessages: Invoking callback 1/1 for Microsoft.VisualStudio.TestPlatform.CommandLine.TestRunResultAggregator., took 0 ms.
TpTrace Verbose: 0 : 25140, 4, 2024/02/27, 15:43:21.492, 4984809307523, vstest.console.dll, MulticastDelegateUtilities.SafeInvoke: InternalTestLoggerEvents.SendTestRunMessage: Invoking callback 1/1 for Microsoft.VisualStudio.TestPlatform.CommandLine.Internal.ConsoleLogger., took 0 ms.
TpTrace Information: 0 : 25140, 13, 2024/02/27, 15:43:21.492, 4984809308018, vstest.console.dll, TestRunRequest:SendTestRunMessage: Completed.
TpTrace Verbose: 0 : 25140, 13, 2024/02/27, 15:43:21.492, 4984809309525, vstest.console.dll, MulticastDelegateUtilities.SafeInvoke: LengthPrefixCommunicationChannel: MessageReceived: Invoking callback 1/1 for Microsoft.VisualStudio.TestPlatform.CommunicationUtilities.TestRequestSender+<>c__DisplayClass34_0., took 0 ms.
TpTrace Verbose: 0 : 25140, 13, 2024/02/27, 15:43:21.492, 4984809310085, vstest.console.dll, TcpClientExtensions.MessageLoopAsync: Polling on remoteEndPoint: 127.0.0.1:60989 localEndPoint: 127.0.0.1:60988
TpTrace Verbose: 0 : 25140, 13, 2024/02/27, 15:43:21.492, 4984809310521, vstest.console.dll, TcpClientExtensions.MessageLoopAsync: NotifyDataAvailable remoteEndPoint: 127.0.0.1:60989 localEndPoint: 127.0.0.1:60988
TpTrace Verbose: 0 : 25140, 13, 2024/02/27, 15:43:21.492, 4984809311159, vstest.console.dll, TestRequestSender.OnExecutionMessageReceived: Received message: {"Version":7,"MessageType":"TestSession.Message","Payload":{"MessageLevel":0,"Message":"[xUnit.net 00:00:15.33]         --- End of stack trace from previous location ---"}}
TpTrace Verbose: 0 : 25140, 13, 2024/02/27, 15:43:21.492, 4984809311890, vstest.console.dll, TestRunRequest:SendTestRunMessage: Starting.
TpTrace Verbose: 0 : 25140, 13, 2024/02/27, 15:43:21.492, 4984809312600, vstest.console.dll, MulticastDelegateUtilities.SafeInvoke: TestRun.LogMessages: Invoking callback 1/1 for Microsoft.VisualStudio.TestPlatform.CommandLine.TestRunResultAggregator., took 0 ms.
TpTrace Verbose: 0 : 25140, 4, 2024/02/27, 15:43:21.492, 4984809312792, vstest.console.dll, MulticastDelegateUtilities.SafeInvoke: InternalTestLoggerEvents.SendTestRunMessage: Invoking callback 1/1 for Microsoft.VisualStudio.TestPlatform.CommandLine.Internal.ConsoleLogger., took 0 ms.
TpTrace Information: 0 : 25140, 13, 2024/02/27, 15:43:21.492, 4984809312921, vstest.console.dll, TestRunRequest:SendTestRunMessage: Completed.
TpTrace Verbose: 0 : 25140, 13, 2024/02/27, 15:43:21.492, 4984809314243, vstest.console.dll, MulticastDelegateUtilities.SafeInvoke: LengthPrefixCommunicationChannel: MessageReceived: Invoking callback 1/1 for Microsoft.VisualStudio.TestPlatform.CommunicationUtilities.TestRequestSender+<>c__DisplayClass34_0., took 0 ms.
TpTrace Verbose: 0 : 25140, 13, 2024/02/27, 15:43:21.492, 4984809314583, vstest.console.dll, TcpClientExtensions.MessageLoopAsync: Polling on remoteEndPoint: 127.0.0.1:60989 localEndPoint: 127.0.0.1:60988
TpTrace Verbose: 0 : 25140, 13, 2024/02/27, 15:43:21.493, 4984809316392, vstest.console.dll, TcpClientExtensions.MessageLoopAsync: NotifyDataAvailable remoteEndPoint: 127.0.0.1:60989 localEndPoint: 127.0.0.1:60988
TpTrace Verbose: 0 : 25140, 13, 2024/02/27, 15:43:21.493, 4984809317609, vstest.console.dll, TestRequestSender.OnExecutionMessageReceived: Received message: {"Version":7,"MessageType":"TestExecution.StatsChange","Payload":{"NewTestResults":[{"TestCase":{"Id":"efb172a5-c553-6d73-8d00-7b584b86ace0","FullyQualifiedName":"EstablishmentProject.test.Application_Test.Handlers_Test.Entities_Test.GetSalesStatisticsHandler_Test.GetSalesAverageSeatTime_ShouldReturnAverageSeatTime","DisplayName":"EstablishmentProject.test.Application_Test.Handlers_Test.Entities_Test.GetSalesStatisticsHandler_Test.GetSalesAverageSeatTime_ShouldReturnAverageSeatTime","ExecutorUri":"executor://xunit/VsTestRunner2/netcoreapp","Source":"C:\\Users\\Ekste\\Documents\\GitHub\\EstablishmentProject\\Backend_test\\bin\\Debug\\net7.0\\fine-code-coverage\\build-output\\EstablishmentProject.test.dll","CodeFilePath":null,"LineNumber":0,"Properties":[]},"Attachments":[],"Outcome":2,"ErrorMessage":"System.InvalidOperationException : No service for type 'WebApplication1.CommandHandlers.IHandler`2[WebApplication1.Application_Layer.Handlers.SalesHandlers.GetSalesAverageSeatTime,WebApplication1.Application_Layer.Handlers.SalesHandlers.GetSalesStatisticsReturn]' has been registered.","ErrorStackTrace":"   at Microsoft.Extensions.DependencyInjection.ServiceProviderServiceExtensions.GetRequiredService(IServiceProvider provider, Type serviceType)\r\n   at Microsoft.Extensions.DependencyInjection.ServiceProviderServiceExtensions.GetRequiredService[T](IServiceProvider provider)\r\n   at EstablishmentProject.test.Application_Test.Handlers_Test.Entities_Test.GetSalesStatisticsHandler_Test.GetSalesAverageSeatTime_ShouldReturnAverageSeatTime() in C:\\Users\\Ekste\\Documents\\GitHub\\EstablishmentProject\\Backend_test\\Application_Test\\Handlers_Test\\Entities_Test\\GetSalesStatisticsHandler_Test.cs:line 130\r\n--- End of stack trace from previous location ---","DisplayName":"EstablishmentProject.test.Application_Test.Handlers_Test.Entities_Test.GetSalesStatisticsHandler_Test.GetSalesAverageSeatTime_ShouldReturnAverageSeatTime","Messages":[],"ComputerName":"XPS","Duration":"00:00:05.0470251","StartTime":"2024-02-27T14:43:21.4905887+00:00","EndTime":"2024-02-27T14:43:21.490589+00:00","Properties":[]}],"TestRunStatistics":{"ExecutedTests":18,"Stats":{"Passed":16,"Failed":2}},"ActiveTests":[{"Id":"7020be85-2922-d2a6-805c-84586c55d177","FullyQualifiedName":"EstablishmentProject.test.Application_Test.Handlers_Test.Entities_Test.GetSalesStatisticsHandler_Test.GetSalesAverageTimeOfPayment_ShouldReturnAverageTimeOfPayment","DisplayName":"EstablishmentProject.test.Application_Test.Handlers_Test.Entities_Test.GetSalesStatisticsHandler_Test.GetSalesAverageTimeOfPayment_ShouldReturnAverageTimeOfPayment","ExecutorUri":"executor://xunit/VsTestRunner2/netcoreapp","Source":"C:\\Users\\Ekste\\Documents\\GitHub\\EstablishmentProject\\Backend_test\\bin\\Debug\\net7.0\\fine-code-coverage\\build-output\\EstablishmentProject.test.dll","CodeFilePath":null,"LineNumber":0,"Properties":[]}]}}
TpTrace Verbose: 0 : 25140, 13, 2024/02/27, 15:43:21.493, 4984809322669, vstest.console.dll, TestRunRequest:SendTestRunStatsChange: Starting.
TpTrace Verbose: 0 : 25140, 13, 2024/02/27, 15:43:21.493, 4984809323172, vstest.console.dll, InProgress is EstablishmentProject.test.Application_Test.Handlers_Test.Entities_Test.GetSalesStatisticsHandler_Test.GetSalesAverageTimeOfPayment_ShouldReturnAverageTimeOfPayment
TpTrace Verbose: 0 : 25140, 13, 2024/02/27, 15:43:21.493, 4984809323971, vstest.console.dll, MulticastDelegateUtilities.SafeInvoke: TestRun.RunStatsChanged: Invoking callbacks was skipped because there are no subscribers.
TpTrace Information: 0 : 25140, 13, 2024/02/27, 15:43:21.493, 4984809324375, vstest.console.dll, TestRunRequest:SendTestRunStatsChange: Completed.
TpTrace Verbose: 0 : 25140, 13, 2024/02/27, 15:43:21.493, 4984809324704, vstest.console.dll, MulticastDelegateUtilities.SafeInvoke: LengthPrefixCommunicationChannel: MessageReceived: Invoking callback 1/1 for Microsoft.VisualStudio.TestPlatform.CommunicationUtilities.TestRequestSender+<>c__DisplayClass34_0., took 0 ms.
TpTrace Verbose: 0 : 25140, 13, 2024/02/27, 15:43:21.494, 4984809325036, vstest.console.dll, TcpClientExtensions.MessageLoopAsync: Polling on remoteEndPoint: 127.0.0.1:60989 localEndPoint: 127.0.0.1:60988
TpTrace Verbose: 0 : 25140, 4, 2024/02/27, 15:43:21.494, 4984809326651, vstest.console.dll, MulticastDelegateUtilities.SafeInvoke: InternalTestLoggerEvents.SendTestResult: Invoking callback 1/1 for Microsoft.VisualStudio.TestPlatform.CommandLine.Internal.ConsoleLogger., took 0 ms.
TpTrace Verbose: 0 : 25140, 13, 2024/02/27, 15:43:22.495, 4984819339912, vstest.console.dll, TcpClientExtensions.MessageLoopAsync: Polling on remoteEndPoint: 127.0.0.1:60989 localEndPoint: 127.0.0.1:60988
TpTrace Verbose: 0 : 25140, 13, 2024/02/27, 15:43:23.496, 4984829346570, vstest.console.dll, TcpClientExtensions.MessageLoopAsync: Polling on remoteEndPoint: 127.0.0.1:60989 localEndPoint: 127.0.0.1:60988
TpTrace Verbose: 0 : 25140, 13, 2024/02/27, 15:43:24.500, 4984839393257, vstest.console.dll, TcpClientExtensions.MessageLoopAsync: Polling on remoteEndPoint: 127.0.0.1:60989 localEndPoint: 127.0.0.1:60988
TpTrace Verbose: 0 : 25140, 13, 2024/02/27, 15:43:25.508, 4984849464892, vstest.console.dll, TcpClientExtensions.MessageLoopAsync: Polling on remoteEndPoint: 127.0.0.1:60989 localEndPoint: 127.0.0.1:60988
TpTrace Verbose: 0 : 25140, 13, 2024/02/27, 15:43:26.519, 4984859577207, vstest.console.dll, TcpClientExtensions.MessageLoopAsync: Polling on remoteEndPoint: 127.0.0.1:60989 localEndPoint: 127.0.0.1:60988
TpTrace Verbose: 0 : 25140, 13, 2024/02/27, 15:43:27.529, 4984869682782, vstest.console.dll, TcpClientExtensions.MessageLoopAsync: Polling on remoteEndPoint: 127.0.0.1:60989 localEndPoint: 127.0.0.1:60988
TpTrace Verbose: 0 : 25140, 13, 2024/02/27, 15:43:27.534, 4984869729481, vstest.console.dll, TcpClientExtensions.MessageLoopAsync: NotifyDataAvailable remoteEndPoint: 127.0.0.1:60989 localEndPoint: 127.0.0.1:60988
TpTrace Verbose: 0 : 25140, 13, 2024/02/27, 15:43:27.534, 4984869731008, vstest.console.dll, TestRequestSender.OnExecutionMessageReceived: Received message: {"Version":7,"MessageType":"TestExecution.StatsChange","Payload":{"NewTestResults":[{"TestCase":{"Id":"7020be85-2922-d2a6-805c-84586c55d177","FullyQualifiedName":"EstablishmentProject.test.Application_Test.Handlers_Test.Entities_Test.GetSalesStatisticsHandler_Test.GetSalesAverageTimeOfPayment_ShouldReturnAverageTimeOfPayment","DisplayName":"EstablishmentProject.test.Application_Test.Handlers_Test.Entities_Test.GetSalesStatisticsHandler_Test.GetSalesAverageTimeOfPayment_ShouldReturnAverageTimeOfPayment","ExecutorUri":"executor://xunit/VsTestRunner2/netcoreapp","Source":"C:\\Users\\Ekste\\Documents\\GitHub\\EstablishmentProject\\Backend_test\\bin\\Debug\\net7.0\\fine-code-coverage\\build-output\\EstablishmentProject.test.dll","CodeFilePath":null,"LineNumber":0,"Properties":[]},"Attachments":[],"Outcome":1,"ErrorMessage":null,"ErrorStackTrace":null,"DisplayName":"EstablishmentProject.test.Application_Test.Handlers_Test.Entities_Test.GetSalesStatisticsHandler_Test.GetSalesAverageTimeOfPayment_ShouldReturnAverageTimeOfPayment","Messages":[],"ComputerName":"XPS","Duration":"00:00:06.0447479","StartTime":"2024-02-27T14:43:27.5328116+00:00","EndTime":"2024-02-27T14:43:27.5328119+00:00","Properties":[]}],"TestRunStatistics":{"ExecutedTests":19,"Stats":{"Passed":17,"Failed":2}},"ActiveTests":[{"Id":"01092e93-963d-e32d-da2d-b89e07d6ecbf","FullyQualifiedName":"EstablishmentProject.test.Application_Test.Handlers_Test.Entities_Test.GetSalesStatisticsHandler_Test.GetSalesAverageNumberOfItems_ShouldReturnAverageNumberOfItems","DisplayName":"EstablishmentProject.test.Application_Test.Handlers_Test.Entities_Test.GetSalesStatisticsHandler_Test.GetSalesAverageNumberOfItems_ShouldReturnAverageNumberOfItems","ExecutorUri":"executor://xunit/VsTestRunner2/netcoreapp","Source":"C:\\Users\\Ekste\\Documents\\GitHub\\EstablishmentProject\\Backend_test\\bin\\Debug\\net7.0\\fine-code-coverage\\build-output\\EstablishmentProject.test.dll","CodeFilePath":null,"LineNumber":0,"Properties":[]}]}}
TpTrace Verbose: 0 : 25140, 13, 2024/02/27, 15:43:27.534, 4984869733877, vstest.console.dll, TestRunRequest:SendTestRunStatsChange: Starting.
TpTrace Verbose: 0 : 25140, 13, 2024/02/27, 15:43:27.534, 4984869734675, vstest.console.dll, InProgress is EstablishmentProject.test.Application_Test.Handlers_Test.Entities_Test.GetSalesStatisticsHandler_Test.GetSalesAverageNumberOfItems_ShouldReturnAverageNumberOfItems
TpTrace Verbose: 0 : 25140, 13, 2024/02/27, 15:43:27.535, 4984869735355, vstest.console.dll, MulticastDelegateUtilities.SafeInvoke: TestRun.RunStatsChanged: Invoking callbacks was skipped because there are no subscribers.
TpTrace Information: 0 : 25140, 13, 2024/02/27, 15:43:27.535, 4984869735687, vstest.console.dll, TestRunRequest:SendTestRunStatsChange: Completed.
TpTrace Verbose: 0 : 25140, 13, 2024/02/27, 15:43:27.535, 4984869735995, vstest.console.dll, MulticastDelegateUtilities.SafeInvoke: LengthPrefixCommunicationChannel: MessageReceived: Invoking callback 1/1 for Microsoft.VisualStudio.TestPlatform.CommunicationUtilities.TestRequestSender+<>c__DisplayClass34_0., took 0 ms.
TpTrace Verbose: 0 : 25140, 4, 2024/02/27, 15:43:27.535, 4984869736130, vstest.console.dll, MulticastDelegateUtilities.SafeInvoke: InternalTestLoggerEvents.SendTestResult: Invoking callback 1/1 for Microsoft.VisualStudio.TestPlatform.CommandLine.Internal.ConsoleLogger., took 0 ms.
TpTrace Verbose: 0 : 25140, 13, 2024/02/27, 15:43:27.535, 4984869736354, vstest.console.dll, TcpClientExtensions.MessageLoopAsync: Polling on remoteEndPoint: 127.0.0.1:60989 localEndPoint: 127.0.0.1:60988
TpTrace Verbose: 0 : 25140, 13, 2024/02/27, 15:43:28.541, 4984879796336, vstest.console.dll, TcpClientExtensions.MessageLoopAsync: Polling on remoteEndPoint: 127.0.0.1:60989 localEndPoint: 127.0.0.1:60988
TpTrace Verbose: 0 : 25140, 13, 2024/02/27, 15:43:29.550, 4984889890937, vstest.console.dll, TcpClientExtensions.MessageLoopAsync: Polling on remoteEndPoint: 127.0.0.1:60989 localEndPoint: 127.0.0.1:60988
TpTrace Verbose: 0 : 25140, 13, 2024/02/27, 15:43:30.553, 4984899923846, vstest.console.dll, TcpClientExtensions.MessageLoopAsync: Polling on remoteEndPoint: 127.0.0.1:60989 localEndPoint: 127.0.0.1:60988
TpTrace Verbose: 0 : 25140, 13, 2024/02/27, 15:43:31.273, 4984907123248, vstest.console.dll, TcpClientExtensions.MessageLoopAsync: NotifyDataAvailable remoteEndPoint: 127.0.0.1:60989 localEndPoint: 127.0.0.1:60988
TpTrace Verbose: 0 : 25140, 13, 2024/02/27, 15:43:31.274, 4984907125268, vstest.console.dll, TestRequestSender.OnExecutionMessageReceived: Received message: {"Version":7,"MessageType":"TestSession.Message","Payload":{"MessageLevel":2,"Message":"[xUnit.net 00:00:25.11]     EstablishmentProject.test.Application_Test.Handlers_Test.Entities_Test.GetSalesStatisticsHandler_Test.GetSalesAverageNumberOfItems_ShouldReturnAverageNumberOfItems [FAIL]"}}
TpTrace Verbose: 0 : 25140, 13, 2024/02/27, 15:43:31.274, 4984907126732, vstest.console.dll, TestRunRequest:SendTestRunMessage: Starting.
TpTrace Verbose: 0 : 25140, 13, 2024/02/27, 15:43:31.274, 4984907127378, vstest.console.dll, MulticastDelegateUtilities.SafeInvoke: TestRun.LogMessages: Invoking callback 1/1 for Microsoft.VisualStudio.TestPlatform.CommandLine.TestRunResultAggregator., took 0 ms.
TpTrace Information: 0 : 25140, 13, 2024/02/27, 15:43:31.274, 4984907127852, vstest.console.dll, TestRunRequest:SendTestRunMessage: Completed.
TpTrace Verbose: 0 : 25140, 13, 2024/02/27, 15:43:31.274, 4984907128313, vstest.console.dll, MulticastDelegateUtilities.SafeInvoke: LengthPrefixCommunicationChannel: MessageReceived: Invoking callback 1/1 for Microsoft.VisualStudio.TestPlatform.CommunicationUtilities.TestRequestSender+<>c__DisplayClass34_0., took 0 ms.
TpTrace Verbose: 0 : 25140, 4, 2024/02/27, 15:43:31.274, 4984907128436, vstest.console.dll, MulticastDelegateUtilities.SafeInvoke: InternalTestLoggerEvents.SendTestRunMessage: Invoking callback 1/1 for Microsoft.VisualStudio.TestPlatform.CommandLine.Internal.ConsoleLogger., took 0 ms.
TpTrace Verbose: 0 : 25140, 13, 2024/02/27, 15:43:31.274, 4984907129895, vstest.console.dll, TcpClientExtensions.MessageLoopAsync: Polling on remoteEndPoint: 127.0.0.1:60989 localEndPoint: 127.0.0.1:60988
TpTrace Verbose: 0 : 25140, 13, 2024/02/27, 15:43:31.274, 4984907130982, vstest.console.dll, TcpClientExtensions.MessageLoopAsync: NotifyDataAvailable remoteEndPoint: 127.0.0.1:60989 localEndPoint: 127.0.0.1:60988
TpTrace Verbose: 0 : 25140, 13, 2024/02/27, 15:43:31.274, 4984907132080, vstest.console.dll, TestRequestSender.OnExecutionMessageReceived: Received message: {"Version":7,"MessageType":"TestSession.Message","Payload":{"MessageLevel":0,"Message":"[xUnit.net 00:00:25.11]       System.InvalidOperationException : No service for type 'WebApplication1.CommandHandlers.IHandler`2[WebApplication1.Application_Layer.Handlers.SalesHandlers.GetSalesAverageNumberOfItems,WebApplication1.Application_Layer.Handlers.SalesHandlers.GetSalesStatisticsReturn]' has been registered."}}
TpTrace Verbose: 0 : 25140, 13, 2024/02/27, 15:43:31.274, 4984907133690, vstest.console.dll, TestRunRequest:SendTestRunMessage: Starting.
TpTrace Verbose: 0 : 25140, 13, 2024/02/27, 15:43:31.274, 4984907134546, vstest.console.dll, MulticastDelegateUtilities.SafeInvoke: TestRun.LogMessages: Invoking callback 1/1 for Microsoft.VisualStudio.TestPlatform.CommandLine.TestRunResultAggregator., took 0 ms.
TpTrace Verbose: 0 : 25140, 4, 2024/02/27, 15:43:31.274, 4984907134788, vstest.console.dll, MulticastDelegateUtilities.SafeInvoke: InternalTestLoggerEvents.SendTestRunMessage: Invoking callback 1/1 for Microsoft.VisualStudio.TestPlatform.CommandLine.Internal.ConsoleLogger., took 0 ms.
TpTrace Information: 0 : 25140, 13, 2024/02/27, 15:43:31.275, 4984907135642, vstest.console.dll, TestRunRequest:SendTestRunMessage: Completed.
TpTrace Verbose: 0 : 25140, 13, 2024/02/27, 15:43:31.275, 4984907136750, vstest.console.dll, MulticastDelegateUtilities.SafeInvoke: LengthPrefixCommunicationChannel: MessageReceived: Invoking callback 1/1 for Microsoft.VisualStudio.TestPlatform.CommunicationUtilities.TestRequestSender+<>c__DisplayClass34_0., took 0 ms.
TpTrace Verbose: 0 : 25140, 13, 2024/02/27, 15:43:31.275, 4984907137266, vstest.console.dll, TcpClientExtensions.MessageLoopAsync: Polling on remoteEndPoint: 127.0.0.1:60989 localEndPoint: 127.0.0.1:60988
TpTrace Verbose: 0 : 25140, 13, 2024/02/27, 15:43:31.275, 4984907137807, vstest.console.dll, TcpClientExtensions.MessageLoopAsync: NotifyDataAvailable remoteEndPoint: 127.0.0.1:60989 localEndPoint: 127.0.0.1:60988
TpTrace Verbose: 0 : 25140, 13, 2024/02/27, 15:43:31.275, 4984907138352, vstest.console.dll, TestRequestSender.OnExecutionMessageReceived: Received message: {"Version":7,"MessageType":"TestSession.Message","Payload":{"MessageLevel":0,"Message":"[xUnit.net 00:00:25.11]       Stack Trace:"}}
TpTrace Verbose: 0 : 25140, 13, 2024/02/27, 15:43:31.275, 4984907139094, vstest.console.dll, TestRunRequest:SendTestRunMessage: Starting.
TpTrace Verbose: 0 : 25140, 13, 2024/02/27, 15:43:31.275, 4984907140073, vstest.console.dll, MulticastDelegateUtilities.SafeInvoke: TestRun.LogMessages: Invoking callback 1/1 for Microsoft.VisualStudio.TestPlatform.CommandLine.TestRunResultAggregator., took 0 ms.
TpTrace Verbose: 0 : 25140, 4, 2024/02/27, 15:43:31.275, 4984907140278, vstest.console.dll, MulticastDelegateUtilities.SafeInvoke: InternalTestLoggerEvents.SendTestRunMessage: Invoking callback 1/1 for Microsoft.VisualStudio.TestPlatform.CommandLine.Internal.ConsoleLogger., took 0 ms.
TpTrace Information: 0 : 25140, 13, 2024/02/27, 15:43:31.275, 4984907140795, vstest.console.dll, TestRunRequest:SendTestRunMessage: Completed.
TpTrace Verbose: 0 : 25140, 13, 2024/02/27, 15:43:31.275, 4984907142365, vstest.console.dll, MulticastDelegateUtilities.SafeInvoke: LengthPrefixCommunicationChannel: MessageReceived: Invoking callback 1/1 for Microsoft.VisualStudio.TestPlatform.CommunicationUtilities.TestRequestSender+<>c__DisplayClass34_0., took 0 ms.
TpTrace Verbose: 0 : 25140, 13, 2024/02/27, 15:43:31.275, 4984907143025, vstest.console.dll, TcpClientExtensions.MessageLoopAsync: Polling on remoteEndPoint: 127.0.0.1:60989 localEndPoint: 127.0.0.1:60988
TpTrace Verbose: 0 : 25140, 13, 2024/02/27, 15:43:31.275, 4984907143801, vstest.console.dll, TcpClientExtensions.MessageLoopAsync: NotifyDataAvailable remoteEndPoint: 127.0.0.1:60989 localEndPoint: 127.0.0.1:60988
TpTrace Verbose: 0 : 25140, 13, 2024/02/27, 15:43:31.275, 4984907144743, vstest.console.dll, TestRequestSender.OnExecutionMessageReceived: Received message: {"Version":7,"MessageType":"TestSession.Message","Payload":{"MessageLevel":0,"Message":"[xUnit.net 00:00:25.11]            at Microsoft.Extensions.DependencyInjection.ServiceProviderServiceExtensions.GetRequiredService(IServiceProvider provider, Type serviceType)"}}
TpTrace Verbose: 0 : 25140, 13, 2024/02/27, 15:43:31.276, 4984907145679, vstest.console.dll, TestRunRequest:SendTestRunMessage: Starting.
TpTrace Verbose: 0 : 25140, 13, 2024/02/27, 15:43:31.276, 4984907146571, vstest.console.dll, MulticastDelegateUtilities.SafeInvoke: TestRun.LogMessages: Invoking callback 1/1 for Microsoft.VisualStudio.TestPlatform.CommandLine.TestRunResultAggregator., took 0 ms.
TpTrace Information: 0 : 25140, 13, 2024/02/27, 15:43:31.276, 4984907147100, vstest.console.dll, TestRunRequest:SendTestRunMessage: Completed.
TpTrace Verbose: 0 : 25140, 4, 2024/02/27, 15:43:31.276, 4984907146795, vstest.console.dll, MulticastDelegateUtilities.SafeInvoke: InternalTestLoggerEvents.SendTestRunMessage: Invoking callback 1/1 for Microsoft.VisualStudio.TestPlatform.CommandLine.Internal.ConsoleLogger., took 0 ms.
TpTrace Verbose: 0 : 25140, 13, 2024/02/27, 15:43:31.276, 4984907147570, vstest.console.dll, MulticastDelegateUtilities.SafeInvoke: LengthPrefixCommunicationChannel: MessageReceived: Invoking callback 1/1 for Microsoft.VisualStudio.TestPlatform.CommunicationUtilities.TestRequestSender+<>c__DisplayClass34_0., took 0 ms.
TpTrace Verbose: 0 : 25140, 13, 2024/02/27, 15:43:31.276, 4984907148760, vstest.console.dll, TcpClientExtensions.MessageLoopAsync: Polling on remoteEndPoint: 127.0.0.1:60989 localEndPoint: 127.0.0.1:60988
TpTrace Verbose: 0 : 25140, 13, 2024/02/27, 15:43:31.276, 4984907149218, vstest.console.dll, TcpClientExtensions.MessageLoopAsync: NotifyDataAvailable remoteEndPoint: 127.0.0.1:60989 localEndPoint: 127.0.0.1:60988
TpTrace Verbose: 0 : 25140, 13, 2024/02/27, 15:43:31.276, 4984907149860, vstest.console.dll, TestRequestSender.OnExecutionMessageReceived: Received message: {"Version":7,"MessageType":"TestSession.Message","Payload":{"MessageLevel":0,"Message":"[xUnit.net 00:00:25.11]            at Microsoft.Extensions.DependencyInjection.ServiceProviderServiceExtensions.GetRequiredService[T](IServiceProvider provider)"}}
TpTrace Verbose: 0 : 25140, 13, 2024/02/27, 15:43:31.276, 4984907150699, vstest.console.dll, TestRunRequest:SendTestRunMessage: Starting.
TpTrace Verbose: 0 : 25140, 13, 2024/02/27, 15:43:31.276, 4984907151462, vstest.console.dll, MulticastDelegateUtilities.SafeInvoke: TestRun.LogMessages: Invoking callback 1/1 for Microsoft.VisualStudio.TestPlatform.CommandLine.TestRunResultAggregator., took 0 ms.
TpTrace Verbose: 0 : 25140, 4, 2024/02/27, 15:43:31.276, 4984907151462, vstest.console.dll, MulticastDelegateUtilities.SafeInvoke: InternalTestLoggerEvents.SendTestRunMessage: Invoking callback 1/1 for Microsoft.VisualStudio.TestPlatform.CommandLine.Internal.ConsoleLogger., took 0 ms.
TpTrace Information: 0 : 25140, 13, 2024/02/27, 15:43:31.276, 4984907152005, vstest.console.dll, TestRunRequest:SendTestRunMessage: Completed.
TpTrace Verbose: 0 : 25140, 13, 2024/02/27, 15:43:31.276, 4984907154572, vstest.console.dll, MulticastDelegateUtilities.SafeInvoke: LengthPrefixCommunicationChannel: MessageReceived: Invoking callback 1/1 for Microsoft.VisualStudio.TestPlatform.CommunicationUtilities.TestRequestSender+<>c__DisplayClass34_0., took 0 ms.
TpTrace Verbose: 0 : 25140, 13, 2024/02/27, 15:43:31.277, 4984907155293, vstest.console.dll, TcpClientExtensions.MessageLoopAsync: Polling on remoteEndPoint: 127.0.0.1:60989 localEndPoint: 127.0.0.1:60988
TpTrace Verbose: 0 : 25140, 13, 2024/02/27, 15:43:31.277, 4984907155928, vstest.console.dll, TcpClientExtensions.MessageLoopAsync: NotifyDataAvailable remoteEndPoint: 127.0.0.1:60989 localEndPoint: 127.0.0.1:60988
TpTrace Verbose: 0 : 25140, 13, 2024/02/27, 15:43:31.277, 4984907156689, vstest.console.dll, TestRequestSender.OnExecutionMessageReceived: Received message: {"Version":7,"MessageType":"TestSession.Message","Payload":{"MessageLevel":0,"Message":"[xUnit.net 00:00:25.11]         C:\\Users\\Ekste\\Documents\\GitHub\\EstablishmentProject\\Backend_test\\Application_Test\\Handlers_Test\\Entities_Test\\GetSalesStatisticsHandler_Test.cs(76,0): at EstablishmentProject.test.Application_Test.Handlers_Test.Entities_Test.GetSalesStatisticsHandler_Test.GetSalesAverageNumberOfItems_ShouldReturnAverageNumberOfItems()"}}
TpTrace Verbose: 0 : 25140, 13, 2024/02/27, 15:43:31.277, 4984907157665, vstest.console.dll, TestRunRequest:SendTestRunMessage: Starting.
TpTrace Verbose: 0 : 25140, 13, 2024/02/27, 15:43:31.277, 4984907158848, vstest.console.dll, MulticastDelegateUtilities.SafeInvoke: TestRun.LogMessages: Invoking callback 1/1 for Microsoft.VisualStudio.TestPlatform.CommandLine.TestRunResultAggregator., took 0 ms.
TpTrace Verbose: 0 : 25140, 4, 2024/02/27, 15:43:31.277, 4984907159000, vstest.console.dll, MulticastDelegateUtilities.SafeInvoke: InternalTestLoggerEvents.SendTestRunMessage: Invoking callback 1/1 for Microsoft.VisualStudio.TestPlatform.CommandLine.Internal.ConsoleLogger., took 0 ms.
TpTrace Information: 0 : 25140, 13, 2024/02/27, 15:43:31.277, 4984907159497, vstest.console.dll, TestRunRequest:SendTestRunMessage: Completed.
TpTrace Verbose: 0 : 25140, 13, 2024/02/27, 15:43:31.277, 4984907160946, vstest.console.dll, MulticastDelegateUtilities.SafeInvoke: LengthPrefixCommunicationChannel: MessageReceived: Invoking callback 1/1 for Microsoft.VisualStudio.TestPlatform.CommunicationUtilities.TestRequestSender+<>c__DisplayClass34_0., took 0 ms.
TpTrace Verbose: 0 : 25140, 13, 2024/02/27, 15:43:31.277, 4984907161740, vstest.console.dll, TcpClientExtensions.MessageLoopAsync: Polling on remoteEndPoint: 127.0.0.1:60989 localEndPoint: 127.0.0.1:60988
TpTrace Verbose: 0 : 25140, 13, 2024/02/27, 15:43:31.277, 4984907162333, vstest.console.dll, TcpClientExtensions.MessageLoopAsync: NotifyDataAvailable remoteEndPoint: 127.0.0.1:60989 localEndPoint: 127.0.0.1:60988
TpTrace Verbose: 0 : 25140, 13, 2024/02/27, 15:43:31.277, 4984907162956, vstest.console.dll, TestRequestSender.OnExecutionMessageReceived: Received message: {"Version":7,"MessageType":"TestSession.Message","Payload":{"MessageLevel":0,"Message":"[xUnit.net 00:00:25.12]         --- End of stack trace from previous location ---"}}
TpTrace Verbose: 0 : 25140, 13, 2024/02/27, 15:43:31.277, 4984907163839, vstest.console.dll, TestRunRequest:SendTestRunMessage: Starting.
TpTrace Verbose: 0 : 25140, 13, 2024/02/27, 15:43:31.277, 4984907164459, vstest.console.dll, MulticastDelegateUtilities.SafeInvoke: TestRun.LogMessages: Invoking callback 1/1 for Microsoft.VisualStudio.TestPlatform.CommandLine.TestRunResultAggregator., took 0 ms.
TpTrace Information: 0 : 25140, 13, 2024/02/27, 15:43:31.278, 4984907164909, vstest.console.dll, TestRunRequest:SendTestRunMessage: Completed.
TpTrace Verbose: 0 : 25140, 4, 2024/02/27, 15:43:31.277, 4984907164691, vstest.console.dll, MulticastDelegateUtilities.SafeInvoke: InternalTestLoggerEvents.SendTestRunMessage: Invoking callback 1/1 for Microsoft.VisualStudio.TestPlatform.CommandLine.Internal.ConsoleLogger., took 0 ms.
TpTrace Verbose: 0 : 25140, 13, 2024/02/27, 15:43:31.278, 4984907165349, vstest.console.dll, MulticastDelegateUtilities.SafeInvoke: LengthPrefixCommunicationChannel: MessageReceived: Invoking callback 1/1 for Microsoft.VisualStudio.TestPlatform.CommunicationUtilities.TestRequestSender+<>c__DisplayClass34_0., took 0 ms.
TpTrace Verbose: 0 : 25140, 13, 2024/02/27, 15:43:31.278, 4984907166954, vstest.console.dll, TcpClientExtensions.MessageLoopAsync: Polling on remoteEndPoint: 127.0.0.1:60989 localEndPoint: 127.0.0.1:60988
TpTrace Verbose: 0 : 25140, 13, 2024/02/27, 15:43:31.278, 4984907173131, vstest.console.dll, TcpClientExtensions.MessageLoopAsync: NotifyDataAvailable remoteEndPoint: 127.0.0.1:60989 localEndPoint: 127.0.0.1:60988
TpTrace Verbose: 0 : 25140, 13, 2024/02/27, 15:43:31.279, 4984907174922, vstest.console.dll, TestRequestSender.OnExecutionMessageReceived: Received message: {"Version":7,"MessageType":"TestExecution.StatsChange","Payload":{"NewTestResults":[{"TestCase":{"Id":"01092e93-963d-e32d-da2d-b89e07d6ecbf","FullyQualifiedName":"EstablishmentProject.test.Application_Test.Handlers_Test.Entities_Test.GetSalesStatisticsHandler_Test.GetSalesAverageNumberOfItems_ShouldReturnAverageNumberOfItems","DisplayName":"EstablishmentProject.test.Application_Test.Handlers_Test.Entities_Test.GetSalesStatisticsHandler_Test.GetSalesAverageNumberOfItems_ShouldReturnAverageNumberOfItems","ExecutorUri":"executor://xunit/VsTestRunner2/netcoreapp","Source":"C:\\Users\\Ekste\\Documents\\GitHub\\EstablishmentProject\\Backend_test\\bin\\Debug\\net7.0\\fine-code-coverage\\build-output\\EstablishmentProject.test.dll","CodeFilePath":null,"LineNumber":0,"Properties":[]},"Attachments":[],"Outcome":2,"ErrorMessage":"System.InvalidOperationException : No service for type 'WebApplication1.CommandHandlers.IHandler`2[WebApplication1.Application_Layer.Handlers.SalesHandlers.GetSalesAverageNumberOfItems,WebApplication1.Application_Layer.Handlers.SalesHandlers.GetSalesStatisticsReturn]' has been registered.","ErrorStackTrace":"   at Microsoft.Extensions.DependencyInjection.ServiceProviderServiceExtensions.GetRequiredService(IServiceProvider provider, Type serviceType)\r\n   at Microsoft.Extensions.DependencyInjection.ServiceProviderServiceExtensions.GetRequiredService[T](IServiceProvider provider)\r\n   at EstablishmentProject.test.Application_Test.Handlers_Test.Entities_Test.GetSalesStatisticsHandler_Test.GetSalesAverageNumberOfItems_ShouldReturnAverageNumberOfItems() in C:\\Users\\Ekste\\Documents\\GitHub\\EstablishmentProject\\Backend_test\\Application_Test\\Handlers_Test\\Entities_Test\\GetSalesStatisticsHandler_Test.cs:line 76\r\n--- End of stack trace from previous location ---","DisplayName":"EstablishmentProject.test.Application_Test.Handlers_Test.Entities_Test.GetSalesStatisticsHandler_Test.GetSalesAverageNumberOfItems_ShouldReturnAverageNumberOfItems","Messages":[],"ComputerName":"XPS","Duration":"00:00:03.7400405","StartTime":"2024-02-27T14:43:31.2762076+00:00","EndTime":"2024-02-27T14:43:31.2762079+00:00","Properties":[]}],"TestRunStatistics":{"ExecutedTests":20,"Stats":{"Passed":17,"Failed":3}},"ActiveTests":[{"Id":"80af8cd1-0174-10bd-d9f3-876dd18b6f70","FullyQualifiedName":"EstablishmentProject.test.Application_Test.Handlers_Test.Entities_Test.GetSalesStatisticsHandler_Test.GetSalesAverageTimeOfArrival_ShouldReturnAverageTimeOfArrival","DisplayName":"EstablishmentProject.test.Application_Test.Handlers_Test.Entities_Test.GetSalesStatisticsHandler_Test.GetSalesAverageTimeOfArrival_ShouldReturnAverageTimeOfArrival","ExecutorUri":"executor://xunit/VsTestRunner2/netcoreapp","Source":"C:\\Users\\Ekste\\Documents\\GitHub\\EstablishmentProject\\Backend_test\\bin\\Debug\\net7.0\\fine-code-coverage\\build-output\\EstablishmentProject.test.dll","CodeFilePath":null,"LineNumber":0,"Properties":[]}]}}
TpTrace Verbose: 0 : 25140, 13, 2024/02/27, 15:43:31.279, 4984907178830, vstest.console.dll, TestRunRequest:SendTestRunStatsChange: Starting.
TpTrace Verbose: 0 : 25140, 13, 2024/02/27, 15:43:31.279, 4984907179612, vstest.console.dll, InProgress is EstablishmentProject.test.Application_Test.Handlers_Test.Entities_Test.GetSalesStatisticsHandler_Test.GetSalesAverageTimeOfArrival_ShouldReturnAverageTimeOfArrival
TpTrace Verbose: 0 : 25140, 13, 2024/02/27, 15:43:31.279, 4984907180291, vstest.console.dll, MulticastDelegateUtilities.SafeInvoke: TestRun.RunStatsChanged: Invoking callbacks was skipped because there are no subscribers.
TpTrace Information: 0 : 25140, 13, 2024/02/27, 15:43:31.279, 4984907180950, vstest.console.dll, TestRunRequest:SendTestRunStatsChange: Completed.
TpTrace Verbose: 0 : 25140, 13, 2024/02/27, 15:43:31.279, 4984907181503, vstest.console.dll, MulticastDelegateUtilities.SafeInvoke: LengthPrefixCommunicationChannel: MessageReceived: Invoking callback 1/1 for Microsoft.VisualStudio.TestPlatform.CommunicationUtilities.TestRequestSender+<>c__DisplayClass34_0., took 0 ms.
TpTrace Verbose: 0 : 25140, 13, 2024/02/27, 15:43:31.279, 4984907181957, vstest.console.dll, TcpClientExtensions.MessageLoopAsync: Polling on remoteEndPoint: 127.0.0.1:60989 localEndPoint: 127.0.0.1:60988
TpTrace Verbose: 0 : 25140, 4, 2024/02/27, 15:43:31.279, 4984907183869, vstest.console.dll, MulticastDelegateUtilities.SafeInvoke: InternalTestLoggerEvents.SendTestResult: Invoking callback 1/1 for Microsoft.VisualStudio.TestPlatform.CommandLine.Internal.ConsoleLogger., took 0 ms.
TpTrace Verbose: 0 : 25140, 13, 2024/02/27, 15:43:32.290, 4984917287603, vstest.console.dll, TcpClientExtensions.MessageLoopAsync: Polling on remoteEndPoint: 127.0.0.1:60989 localEndPoint: 127.0.0.1:60988
TpTrace Verbose: 0 : 25140, 13, 2024/02/27, 15:43:33.299, 4984927383837, vstest.console.dll, TcpClientExtensions.MessageLoopAsync: Polling on remoteEndPoint: 127.0.0.1:60989 localEndPoint: 127.0.0.1:60988
TpTrace Verbose: 0 : 25140, 13, 2024/02/27, 15:43:34.303, 4984937416094, vstest.console.dll, TcpClientExtensions.MessageLoopAsync: Polling on remoteEndPoint: 127.0.0.1:60989 localEndPoint: 127.0.0.1:60988
TpTrace Verbose: 0 : 25140, 13, 2024/02/27, 15:43:35.309, 4984947482041, vstest.console.dll, TcpClientExtensions.MessageLoopAsync: Polling on remoteEndPoint: 127.0.0.1:60989 localEndPoint: 127.0.0.1:60988
TpTrace Verbose: 0 : 25140, 13, 2024/02/27, 15:43:36.314, 4984957528778, vstest.console.dll, TcpClientExtensions.MessageLoopAsync: Polling on remoteEndPoint: 127.0.0.1:60989 localEndPoint: 127.0.0.1:60988
TpTrace Verbose: 0 : 25140, 13, 2024/02/27, 15:43:37.316, 4984967545119, vstest.console.dll, TcpClientExtensions.MessageLoopAsync: Polling on remoteEndPoint: 127.0.0.1:60989 localEndPoint: 127.0.0.1:60988
TpTrace Verbose: 0 : 25140, 13, 2024/02/27, 15:43:38.330, 4984977687029, vstest.console.dll, TcpClientExtensions.MessageLoopAsync: Polling on remoteEndPoint: 127.0.0.1:60989 localEndPoint: 127.0.0.1:60988
TpTrace Verbose: 0 : 25140, 13, 2024/02/27, 15:43:38.542, 4984979809432, vstest.console.dll, TcpClientExtensions.MessageLoopAsync: NotifyDataAvailable remoteEndPoint: 127.0.0.1:60989 localEndPoint: 127.0.0.1:60988
TpTrace Verbose: 0 : 25140, 13, 2024/02/27, 15:43:38.542, 4984979810663, vstest.console.dll, TestRequestSender.OnExecutionMessageReceived: Received message: {"Version":7,"MessageType":"TestSession.Message","Payload":{"MessageLevel":2,"Message":"[xUnit.net 00:00:32.38]     EstablishmentProject.test.Application_Test.Handlers_Test.Entities_Test.GetSalesStatisticsHandler_Test.GetSalesAverageTimeOfArrival_ShouldReturnAverageTimeOfArrival [FAIL]"}}
TpTrace Verbose: 0 : 25140, 13, 2024/02/27, 15:43:38.542, 4984979812437, vstest.console.dll, TestRunRequest:SendTestRunMessage: Starting.
TpTrace Verbose: 0 : 25140, 13, 2024/02/27, 15:43:38.542, 4984979813057, vstest.console.dll, MulticastDelegateUtilities.SafeInvoke: TestRun.LogMessages: Invoking callback 1/1 for Microsoft.VisualStudio.TestPlatform.CommandLine.TestRunResultAggregator., took 0 ms.
TpTrace Information: 0 : 25140, 13, 2024/02/27, 15:43:38.542, 4984979813376, vstest.console.dll, TestRunRequest:SendTestRunMessage: Completed.
TpTrace Verbose: 0 : 25140, 13, 2024/02/27, 15:43:38.542, 4984979813684, vstest.console.dll, MulticastDelegateUtilities.SafeInvoke: LengthPrefixCommunicationChannel: MessageReceived: Invoking callback 1/1 for Microsoft.VisualStudio.TestPlatform.CommunicationUtilities.TestRequestSender+<>c__DisplayClass34_0., took 0 ms.
TpTrace Verbose: 0 : 25140, 4, 2024/02/27, 15:43:38.542, 4984979813853, vstest.console.dll, MulticastDelegateUtilities.SafeInvoke: InternalTestLoggerEvents.SendTestRunMessage: Invoking callback 1/1 for Microsoft.VisualStudio.TestPlatform.CommandLine.Internal.ConsoleLogger., took 0 ms.
TpTrace Verbose: 0 : 25140, 13, 2024/02/27, 15:43:38.542, 4984979814037, vstest.console.dll, TcpClientExtensions.MessageLoopAsync: Polling on remoteEndPoint: 127.0.0.1:60989 localEndPoint: 127.0.0.1:60988
TpTrace Verbose: 0 : 25140, 13, 2024/02/27, 15:43:38.543, 4984979815486, vstest.console.dll, TcpClientExtensions.MessageLoopAsync: NotifyDataAvailable remoteEndPoint: 127.0.0.1:60989 localEndPoint: 127.0.0.1:60988
TpTrace Verbose: 0 : 25140, 13, 2024/02/27, 15:43:38.543, 4984979816018, vstest.console.dll, TestRequestSender.OnExecutionMessageReceived: Received message: {"Version":7,"MessageType":"TestSession.Message","Payload":{"MessageLevel":0,"Message":"[xUnit.net 00:00:32.38]       System.InvalidOperationException : No service for type 'WebApplication1.CommandHandlers.IHandler`2[WebApplication1.Application_Layer.Handlers.SalesHandlers.GetSalesAverageTimeOfArrival,WebApplication1.Application_Layer.Handlers.SalesHandlers.GetSalesStatisticsReturn]' has been registered."}}
TpTrace Verbose: 0 : 25140, 13, 2024/02/27, 15:43:38.543, 4984979817072, vstest.console.dll, TestRunRequest:SendTestRunMessage: Starting.
TpTrace Verbose: 0 : 25140, 13, 2024/02/27, 15:43:38.543, 4984979818469, vstest.console.dll, MulticastDelegateUtilities.SafeInvoke: TestRun.LogMessages: Invoking callback 1/1 for Microsoft.VisualStudio.TestPlatform.CommandLine.TestRunResultAggregator., took 0 ms.
TpTrace Verbose: 0 : 25140, 4, 2024/02/27, 15:43:38.543, 4984979818592, vstest.console.dll, MulticastDelegateUtilities.SafeInvoke: InternalTestLoggerEvents.SendTestRunMessage: Invoking callback 1/1 for Microsoft.VisualStudio.TestPlatform.CommandLine.Internal.ConsoleLogger., took 0 ms.
TpTrace Information: 0 : 25140, 13, 2024/02/27, 15:43:38.543, 4984979819025, vstest.console.dll, TestRunRequest:SendTestRunMessage: Completed.
TpTrace Verbose: 0 : 25140, 13, 2024/02/27, 15:43:38.543, 4984979820384, vstest.console.dll, MulticastDelegateUtilities.SafeInvoke: LengthPrefixCommunicationChannel: MessageReceived: Invoking callback 1/1 for Microsoft.VisualStudio.TestPlatform.CommunicationUtilities.TestRequestSender+<>c__DisplayClass34_0., took 0 ms.
TpTrace Verbose: 0 : 25140, 13, 2024/02/27, 15:43:38.543, 4984979820943, vstest.console.dll, TcpClientExtensions.MessageLoopAsync: Polling on remoteEndPoint: 127.0.0.1:60989 localEndPoint: 127.0.0.1:60988
TpTrace Verbose: 0 : 25140, 13, 2024/02/27, 15:43:38.543, 4984979821362, vstest.console.dll, TcpClientExtensions.MessageLoopAsync: NotifyDataAvailable remoteEndPoint: 127.0.0.1:60989 localEndPoint: 127.0.0.1:60988
TpTrace Verbose: 0 : 25140, 13, 2024/02/27, 15:43:38.543, 4984979821838, vstest.console.dll, TestRequestSender.OnExecutionMessageReceived: Received message: {"Version":7,"MessageType":"TestSession.Message","Payload":{"MessageLevel":0,"Message":"[xUnit.net 00:00:32.38]       Stack Trace:"}}
TpTrace Verbose: 0 : 25140, 13, 2024/02/27, 15:43:38.543, 4984979822626, vstest.console.dll, TestRunRequest:SendTestRunMessage: Starting.
TpTrace Verbose: 0 : 25140, 13, 2024/02/27, 15:43:38.543, 4984979823547, vstest.console.dll, MulticastDelegateUtilities.SafeInvoke: TestRun.LogMessages: Invoking callback 1/1 for Microsoft.VisualStudio.TestPlatform.CommandLine.TestRunResultAggregator., took 0 ms.
TpTrace Verbose: 0 : 25140, 4, 2024/02/27, 15:43:38.543, 4984979823721, vstest.console.dll, MulticastDelegateUtilities.SafeInvoke: InternalTestLoggerEvents.SendTestRunMessage: Invoking callback 1/1 for Microsoft.VisualStudio.TestPlatform.CommandLine.Internal.ConsoleLogger., took 0 ms.
TpTrace Information: 0 : 25140, 13, 2024/02/27, 15:43:38.543, 4984979824612, vstest.console.dll, TestRunRequest:SendTestRunMessage: Completed.
TpTrace Verbose: 0 : 25140, 13, 2024/02/27, 15:43:38.544, 4984979825235, vstest.console.dll, MulticastDelegateUtilities.SafeInvoke: LengthPrefixCommunicationChannel: MessageReceived: Invoking callback 1/1 for Microsoft.VisualStudio.TestPlatform.CommunicationUtilities.TestRequestSender+<>c__DisplayClass34_0., took 0 ms.
TpTrace Verbose: 0 : 25140, 13, 2024/02/27, 15:43:38.544, 4984979825685, vstest.console.dll, TcpClientExtensions.MessageLoopAsync: Polling on remoteEndPoint: 127.0.0.1:60989 localEndPoint: 127.0.0.1:60988
TpTrace Verbose: 0 : 25140, 13, 2024/02/27, 15:43:38.544, 4984979826087, vstest.console.dll, TcpClientExtensions.MessageLoopAsync: NotifyDataAvailable remoteEndPoint: 127.0.0.1:60989 localEndPoint: 127.0.0.1:60988
TpTrace Verbose: 0 : 25140, 13, 2024/02/27, 15:43:38.544, 4984979826810, vstest.console.dll, TestRequestSender.OnExecutionMessageReceived: Received message: {"Version":7,"MessageType":"TestSession.Message","Payload":{"MessageLevel":0,"Message":"[xUnit.net 00:00:32.38]            at Microsoft.Extensions.DependencyInjection.ServiceProviderServiceExtensions.GetRequiredService(IServiceProvider provider, Type serviceType)"}}
TpTrace Verbose: 0 : 25140, 13, 2024/02/27, 15:43:38.544, 4984979827979, vstest.console.dll, TestRunRequest:SendTestRunMessage: Starting.
TpTrace Verbose: 0 : 25140, 13, 2024/02/27, 15:43:38.544, 4984979828766, vstest.console.dll, MulticastDelegateUtilities.SafeInvoke: TestRun.LogMessages: Invoking callback 1/1 for Microsoft.VisualStudio.TestPlatform.CommandLine.TestRunResultAggregator., took 0 ms.
TpTrace Verbose: 0 : 25140, 4, 2024/02/27, 15:43:38.544, 4984979829086, vstest.console.dll, MulticastDelegateUtilities.SafeInvoke: InternalTestLoggerEvents.SendTestRunMessage: Invoking callback 1/1 for Microsoft.VisualStudio.TestPlatform.CommandLine.Internal.ConsoleLogger., took 0 ms.
TpTrace Information: 0 : 25140, 13, 2024/02/27, 15:43:38.544, 4984979829234, vstest.console.dll, TestRunRequest:SendTestRunMessage: Completed.
TpTrace Verbose: 0 : 25140, 13, 2024/02/27, 15:43:38.544, 4984979830207, vstest.console.dll, MulticastDelegateUtilities.SafeInvoke: LengthPrefixCommunicationChannel: MessageReceived: Invoking callback 1/1 for Microsoft.VisualStudio.TestPlatform.CommunicationUtilities.TestRequestSender+<>c__DisplayClass34_0., took 0 ms.
TpTrace Verbose: 0 : 25140, 13, 2024/02/27, 15:43:38.544, 4984979830557, vstest.console.dll, TcpClientExtensions.MessageLoopAsync: Polling on remoteEndPoint: 127.0.0.1:60989 localEndPoint: 127.0.0.1:60988
TpTrace Verbose: 0 : 25140, 13, 2024/02/27, 15:43:38.544, 4984979830946, vstest.console.dll, TcpClientExtensions.MessageLoopAsync: NotifyDataAvailable remoteEndPoint: 127.0.0.1:60989 localEndPoint: 127.0.0.1:60988
TpTrace Verbose: 0 : 25140, 13, 2024/02/27, 15:43:38.544, 4984979831815, vstest.console.dll, TestRequestSender.OnExecutionMessageReceived: Received message: {"Version":7,"MessageType":"TestSession.Message","Payload":{"MessageLevel":0,"Message":"[xUnit.net 00:00:32.38]            at Microsoft.Extensions.DependencyInjection.ServiceProviderServiceExtensions.GetRequiredService[T](IServiceProvider provider)"}}
TpTrace Verbose: 0 : 25140, 13, 2024/02/27, 15:43:38.544, 4984979832756, vstest.console.dll, TestRunRequest:SendTestRunMessage: Starting.
TpTrace Verbose: 0 : 25140, 13, 2024/02/27, 15:43:38.544, 4984979833385, vstest.console.dll, MulticastDelegateUtilities.SafeInvoke: TestRun.LogMessages: Invoking callback 1/1 for Microsoft.VisualStudio.TestPlatform.CommandLine.TestRunResultAggregator., took 0 ms.
TpTrace Verbose: 0 : 25140, 4, 2024/02/27, 15:43:38.544, 4984979833586, vstest.console.dll, MulticastDelegateUtilities.SafeInvoke: InternalTestLoggerEvents.SendTestRunMessage: Invoking callback 1/1 for Microsoft.VisualStudio.TestPlatform.CommandLine.Internal.ConsoleLogger., took 0 ms.
TpTrace Information: 0 : 25140, 13, 2024/02/27, 15:43:38.544, 4984979834258, vstest.console.dll, TestRunRequest:SendTestRunMessage: Completed.
TpTrace Verbose: 0 : 25140, 13, 2024/02/27, 15:43:38.545, 4984979835097, vstest.console.dll, MulticastDelegateUtilities.SafeInvoke: LengthPrefixCommunicationChannel: MessageReceived: Invoking callback 1/1 for Microsoft.VisualStudio.TestPlatform.CommunicationUtilities.TestRequestSender+<>c__DisplayClass34_0., took 0 ms.
TpTrace Verbose: 0 : 25140, 13, 2024/02/27, 15:43:38.545, 4984979835499, vstest.console.dll, TcpClientExtensions.MessageLoopAsync: Polling on remoteEndPoint: 127.0.0.1:60989 localEndPoint: 127.0.0.1:60988
TpTrace Verbose: 0 : 25140, 13, 2024/02/27, 15:43:38.545, 4984979836155, vstest.console.dll, TcpClientExtensions.MessageLoopAsync: NotifyDataAvailable remoteEndPoint: 127.0.0.1:60989 localEndPoint: 127.0.0.1:60988
TpTrace Verbose: 0 : 25140, 13, 2024/02/27, 15:43:38.545, 4984979836714, vstest.console.dll, TestRequestSender.OnExecutionMessageReceived: Received message: {"Version":7,"MessageType":"TestSession.Message","Payload":{"MessageLevel":0,"Message":"[xUnit.net 00:00:32.38]         C:\\Users\\Ekste\\Documents\\GitHub\\EstablishmentProject\\Backend_test\\Application_Test\\Handlers_Test\\Entities_Test\\GetSalesStatisticsHandler_Test.cs(94,0): at EstablishmentProject.test.Application_Test.Handlers_Test.Entities_Test.GetSalesStatisticsHandler_Test.GetSalesAverageTimeOfArrival_ShouldReturnAverageTimeOfArrival()"}}
TpTrace Verbose: 0 : 25140, 13, 2024/02/27, 15:43:38.545, 4984979837679, vstest.console.dll, TestRunRequest:SendTestRunMessage: Starting.
TpTrace Verbose: 0 : 25140, 13, 2024/02/27, 15:43:38.545, 4984979839116, vstest.console.dll, MulticastDelegateUtilities.SafeInvoke: TestRun.LogMessages: Invoking callback 1/1 for Microsoft.VisualStudio.TestPlatform.CommandLine.TestRunResultAggregator., took 0 ms.
TpTrace Information: 0 : 25140, 13, 2024/02/27, 15:43:38.545, 4984979839708, vstest.console.dll, TestRunRequest:SendTestRunMessage: Completed.
TpTrace Verbose: 0 : 25140, 4, 2024/02/27, 15:43:38.545, 4984979839257, vstest.console.dll, MulticastDelegateUtilities.SafeInvoke: InternalTestLoggerEvents.SendTestRunMessage: Invoking callback 1/1 for Microsoft.VisualStudio.TestPlatform.CommandLine.Internal.ConsoleLogger., took 0 ms.
TpTrace Verbose: 0 : 25140, 13, 2024/02/27, 15:43:38.545, 4984979840226, vstest.console.dll, MulticastDelegateUtilities.SafeInvoke: LengthPrefixCommunicationChannel: MessageReceived: Invoking callback 1/1 for Microsoft.VisualStudio.TestPlatform.CommunicationUtilities.TestRequestSender+<>c__DisplayClass34_0., took 0 ms.
TpTrace Verbose: 0 : 25140, 13, 2024/02/27, 15:43:38.545, 4984979841434, vstest.console.dll, TcpClientExtensions.MessageLoopAsync: Polling on remoteEndPoint: 127.0.0.1:60989 localEndPoint: 127.0.0.1:60988
TpTrace Verbose: 0 : 25140, 13, 2024/02/27, 15:43:38.545, 4984979841986, vstest.console.dll, TcpClientExtensions.MessageLoopAsync: NotifyDataAvailable remoteEndPoint: 127.0.0.1:60989 localEndPoint: 127.0.0.1:60988
TpTrace Verbose: 0 : 25140, 13, 2024/02/27, 15:43:38.545, 4984979842592, vstest.console.dll, TestRequestSender.OnExecutionMessageReceived: Received message: {"Version":7,"MessageType":"TestSession.Message","Payload":{"MessageLevel":0,"Message":"[xUnit.net 00:00:32.38]         --- End of stack trace from previous location ---"}}
TpTrace Verbose: 0 : 25140, 13, 2024/02/27, 15:43:38.545, 4984979843235, vstest.console.dll, TestRunRequest:SendTestRunMessage: Starting.
TpTrace Verbose: 0 : 25140, 13, 2024/02/27, 15:43:38.545, 4984979843897, vstest.console.dll, MulticastDelegateUtilities.SafeInvoke: TestRun.LogMessages: Invoking callback 1/1 for Microsoft.VisualStudio.TestPlatform.CommandLine.TestRunResultAggregator., took 0 ms.
TpTrace Information: 0 : 25140, 13, 2024/02/27, 15:43:38.545, 4984979844422, vstest.console.dll, TestRunRequest:SendTestRunMessage: Completed.
TpTrace Verbose: 0 : 25140, 4, 2024/02/27, 15:43:38.545, 4984979844154, vstest.console.dll, MulticastDelegateUtilities.SafeInvoke: InternalTestLoggerEvents.SendTestRunMessage: Invoking callback 1/1 for Microsoft.VisualStudio.TestPlatform.CommandLine.Internal.ConsoleLogger., took 0 ms.
TpTrace Verbose: 0 : 25140, 13, 2024/02/27, 15:43:38.546, 4984979844899, vstest.console.dll, MulticastDelegateUtilities.SafeInvoke: LengthPrefixCommunicationChannel: MessageReceived: Invoking callback 1/1 for Microsoft.VisualStudio.TestPlatform.CommunicationUtilities.TestRequestSender+<>c__DisplayClass34_0., took 0 ms.
TpTrace Verbose: 0 : 25140, 13, 2024/02/27, 15:43:38.546, 4984979846952, vstest.console.dll, TcpClientExtensions.MessageLoopAsync: Polling on remoteEndPoint: 127.0.0.1:60989 localEndPoint: 127.0.0.1:60988
TpTrace Verbose: 0 : 25140, 13, 2024/02/27, 15:43:38.546, 4984979847605, vstest.console.dll, TcpClientExtensions.MessageLoopAsync: NotifyDataAvailable remoteEndPoint: 127.0.0.1:60989 localEndPoint: 127.0.0.1:60988
TpTrace Verbose: 0 : 25140, 13, 2024/02/27, 15:43:38.546, 4984979848822, vstest.console.dll, TestRequestSender.OnExecutionMessageReceived: Received message: {"Version":7,"MessageType":"TestExecution.StatsChange","Payload":{"NewTestResults":[{"TestCase":{"Id":"80af8cd1-0174-10bd-d9f3-876dd18b6f70","FullyQualifiedName":"EstablishmentProject.test.Application_Test.Handlers_Test.Entities_Test.GetSalesStatisticsHandler_Test.GetSalesAverageTimeOfArrival_ShouldReturnAverageTimeOfArrival","DisplayName":"EstablishmentProject.test.Application_Test.Handlers_Test.Entities_Test.GetSalesStatisticsHandler_Test.GetSalesAverageTimeOfArrival_ShouldReturnAverageTimeOfArrival","ExecutorUri":"executor://xunit/VsTestRunner2/netcoreapp","Source":"C:\\Users\\Ekste\\Documents\\GitHub\\EstablishmentProject\\Backend_test\\bin\\Debug\\net7.0\\fine-code-coverage\\build-output\\EstablishmentProject.test.dll","CodeFilePath":null,"LineNumber":0,"Properties":[]},"Attachments":[],"Outcome":2,"ErrorMessage":"System.InvalidOperationException : No service for type 'WebApplication1.CommandHandlers.IHandler`2[WebApplication1.Application_Layer.Handlers.SalesHandlers.GetSalesAverageTimeOfArrival,WebApplication1.Application_Layer.Handlers.SalesHandlers.GetSalesStatisticsReturn]' has been registered.","ErrorStackTrace":"   at Microsoft.Extensions.DependencyInjection.ServiceProviderServiceExtensions.GetRequiredService(IServiceProvider provider, Type serviceType)\r\n   at Microsoft.Extensions.DependencyInjection.ServiceProviderServiceExtensions.GetRequiredService[T](IServiceProvider provider)\r\n   at EstablishmentProject.test.Application_Test.Handlers_Test.Entities_Test.GetSalesStatisticsHandler_Test.GetSalesAverageTimeOfArrival_ShouldReturnAverageTimeOfArrival() in C:\\Users\\Ekste\\Documents\\GitHub\\EstablishmentProject\\Backend_test\\Application_Test\\Handlers_Test\\Entities_Test\\GetSalesStatisticsHandler_Test.cs:line 94\r\n--- End of stack trace from previous location ---","DisplayName":"EstablishmentProject.test.Application_Test.Handlers_Test.Entities_Test.GetSalesStatisticsHandler_Test.GetSalesAverageTimeOfArrival_ShouldReturnAverageTimeOfArrival","Messages":[],"ComputerName":"XPS","Duration":"00:00:07.2681635","StartTime":"2024-02-27T14:43:38.5438734+00:00","EndTime":"2024-02-27T14:43:38.5438737+00:00","Properties":[]}],"TestRunStatistics":{"ExecutedTests":21,"Stats":{"Passed":17,"Failed":4}},"ActiveTests":[{"Id":"7a28b860-5ef4-ab4f-c983-72c2ca3174bc","FullyQualifiedName":"EstablishmentProject.test.Application_Test.Handlers_Test.Entities_Test.GetSalesStatisticsHandler_Test.GetSalesAverageSpend_ShouldReturnAverageSpend","DisplayName":"EstablishmentProject.test.Application_Test.Handlers_Test.Entities_Test.GetSalesStatisticsHandler_Test.GetSalesAverageSpend_ShouldReturnAverageSpend","ExecutorUri":"executor://xunit/VsTestRunner2/netcoreapp","Source":"C:\\Users\\Ekste\\Documents\\GitHub\\EstablishmentProject\\Backend_test\\bin\\Debug\\net7.0\\fine-code-coverage\\build-output\\EstablishmentProject.test.dll","CodeFilePath":null,"LineNumber":0,"Properties":[]}]}}
TpTrace Verbose: 0 : 25140, 13, 2024/02/27, 15:43:38.546, 4984979852109, vstest.console.dll, TestRunRequest:SendTestRunStatsChange: Starting.
TpTrace Verbose: 0 : 25140, 13, 2024/02/27, 15:43:38.546, 4984979852744, vstest.console.dll, InProgress is EstablishmentProject.test.Application_Test.Handlers_Test.Entities_Test.GetSalesStatisticsHandler_Test.GetSalesAverageSpend_ShouldReturnAverageSpend
TpTrace Verbose: 0 : 25140, 13, 2024/02/27, 15:43:38.546, 4984979853398, vstest.console.dll, MulticastDelegateUtilities.SafeInvoke: TestRun.RunStatsChanged: Invoking callbacks was skipped because there are no subscribers.
TpTrace Information: 0 : 25140, 13, 2024/02/27, 15:43:38.546, 4984979853941, vstest.console.dll, TestRunRequest:SendTestRunStatsChange: Completed.
TpTrace Verbose: 0 : 25140, 13, 2024/02/27, 15:43:38.546, 4984979854756, vstest.console.dll, MulticastDelegateUtilities.SafeInvoke: LengthPrefixCommunicationChannel: MessageReceived: Invoking callback 1/1 for Microsoft.VisualStudio.TestPlatform.CommunicationUtilities.TestRequestSender+<>c__DisplayClass34_0., took 0 ms.
TpTrace Verbose: 0 : 25140, 13, 2024/02/27, 15:43:38.547, 4984979855479, vstest.console.dll, TcpClientExtensions.MessageLoopAsync: Polling on remoteEndPoint: 127.0.0.1:60989 localEndPoint: 127.0.0.1:60988
TpTrace Verbose: 0 : 25140, 4, 2024/02/27, 15:43:38.547, 4984979856254, vstest.console.dll, MulticastDelegateUtilities.SafeInvoke: InternalTestLoggerEvents.SendTestResult: Invoking callback 1/1 for Microsoft.VisualStudio.TestPlatform.CommandLine.Internal.ConsoleLogger., took 0 ms.
TpTrace Verbose: 0 : 25140, 13, 2024/02/27, 15:43:39.561, 4984989999494, vstest.console.dll, TcpClientExtensions.MessageLoopAsync: Polling on remoteEndPoint: 127.0.0.1:60989 localEndPoint: 127.0.0.1:60988
TpTrace Verbose: 0 : 25140, 13, 2024/02/27, 15:43:40.575, 4985000135693, vstest.console.dll, TcpClientExtensions.MessageLoopAsync: Polling on remoteEndPoint: 127.0.0.1:60989 localEndPoint: 127.0.0.1:60988
TpTrace Verbose: 0 : 25140, 13, 2024/02/27, 15:43:41.578, 4985010166804, vstest.console.dll, TcpClientExtensions.MessageLoopAsync: Polling on remoteEndPoint: 127.0.0.1:60989 localEndPoint: 127.0.0.1:60988
TpTrace Verbose: 0 : 25140, 13, 2024/02/27, 15:43:42.589, 4985020284380, vstest.console.dll, TcpClientExtensions.MessageLoopAsync: Polling on remoteEndPoint: 127.0.0.1:60989 localEndPoint: 127.0.0.1:60988
TpTrace Verbose: 0 : 25140, 13, 2024/02/27, 15:43:43.119, 4985025583144, vstest.console.dll, TcpClientExtensions.MessageLoopAsync: NotifyDataAvailable remoteEndPoint: 127.0.0.1:60989 localEndPoint: 127.0.0.1:60988
TpTrace Verbose: 0 : 25140, 13, 2024/02/27, 15:43:43.119, 4985025584390, vstest.console.dll, TestRequestSender.OnExecutionMessageReceived: Received message: {"Version":7,"MessageType":"TestSession.Message","Payload":{"MessageLevel":2,"Message":"[xUnit.net 00:00:36.96]     EstablishmentProject.test.Application_Test.Handlers_Test.Entities_Test.GetSalesStatisticsHandler_Test.GetSalesAverageSpend_ShouldReturnAverageSpend [FAIL]"}}
TpTrace Verbose: 0 : 25140, 13, 2024/02/27, 15:43:43.120, 4985025585267, vstest.console.dll, TestRunRequest:SendTestRunMessage: Starting.
TpTrace Verbose: 0 : 25140, 13, 2024/02/27, 15:43:43.120, 4985025586517, vstest.console.dll, MulticastDelegateUtilities.SafeInvoke: TestRun.LogMessages: Invoking callback 1/1 for Microsoft.VisualStudio.TestPlatform.CommandLine.TestRunResultAggregator., took 0 ms.
TpTrace Information: 0 : 25140, 13, 2024/02/27, 15:43:43.120, 4985025586909, vstest.console.dll, TestRunRequest:SendTestRunMessage: Completed.
TpTrace Verbose: 0 : 25140, 13, 2024/02/27, 15:43:43.120, 4985025587197, vstest.console.dll, MulticastDelegateUtilities.SafeInvoke: LengthPrefixCommunicationChannel: MessageReceived: Invoking callback 1/1 for Microsoft.VisualStudio.TestPlatform.CommunicationUtilities.TestRequestSender+<>c__DisplayClass34_0., took 0 ms.
TpTrace Verbose: 0 : 25140, 13, 2024/02/27, 15:43:43.120, 4985025587491, vstest.console.dll, TcpClientExtensions.MessageLoopAsync: Polling on remoteEndPoint: 127.0.0.1:60989 localEndPoint: 127.0.0.1:60988
TpTrace Verbose: 0 : 25140, 4, 2024/02/27, 15:43:43.120, 4985025587458, vstest.console.dll, MulticastDelegateUtilities.SafeInvoke: InternalTestLoggerEvents.SendTestRunMessage: Invoking callback 1/1 for Microsoft.VisualStudio.TestPlatform.CommandLine.Internal.ConsoleLogger., took 0 ms.
TpTrace Verbose: 0 : 25140, 13, 2024/02/27, 15:43:43.120, 4985025588104, vstest.console.dll, TcpClientExtensions.MessageLoopAsync: NotifyDataAvailable remoteEndPoint: 127.0.0.1:60989 localEndPoint: 127.0.0.1:60988
TpTrace Verbose: 0 : 25140, 13, 2024/02/27, 15:43:43.120, 4985025589676, vstest.console.dll, TestRequestSender.OnExecutionMessageReceived: Received message: {"Version":7,"MessageType":"TestSession.Message","Payload":{"MessageLevel":0,"Message":"[xUnit.net 00:00:36.96]       System.InvalidOperationException : No service for type 'WebApplication1.CommandHandlers.IHandler`2[WebApplication1.Application_Layer.Handlers.SalesHandlers.GetSalesAverageSpend,WebApplication1.Application_Layer.Handlers.SalesHandlers.GetSalesStatisticsReturn]' has been registered."}}
TpTrace Verbose: 0 : 25140, 13, 2024/02/27, 15:43:43.120, 4985025590313, vstest.console.dll, TestRunRequest:SendTestRunMessage: Starting.
TpTrace Verbose: 0 : 25140, 13, 2024/02/27, 15:43:43.120, 4985025590886, vstest.console.dll, MulticastDelegateUtilities.SafeInvoke: TestRun.LogMessages: Invoking callback 1/1 for Microsoft.VisualStudio.TestPlatform.CommandLine.TestRunResultAggregator., took 0 ms.
TpTrace Verbose: 0 : 25140, 4, 2024/02/27, 15:43:43.120, 4985025590944, vstest.console.dll, MulticastDelegateUtilities.SafeInvoke: InternalTestLoggerEvents.SendTestRunMessage: Invoking callback 1/1 for Microsoft.VisualStudio.TestPlatform.CommandLine.Internal.ConsoleLogger., took 0 ms.
TpTrace Information: 0 : 25140, 13, 2024/02/27, 15:43:43.120, 4985025591384, vstest.console.dll, TestRunRequest:SendTestRunMessage: Completed.
TpTrace Verbose: 0 : 25140, 13, 2024/02/27, 15:43:43.120, 4985025592873, vstest.console.dll, MulticastDelegateUtilities.SafeInvoke: LengthPrefixCommunicationChannel: MessageReceived: Invoking callback 1/1 for Microsoft.VisualStudio.TestPlatform.CommunicationUtilities.TestRequestSender+<>c__DisplayClass34_0., took 0 ms.
TpTrace Verbose: 0 : 25140, 13, 2024/02/27, 15:43:43.120, 4985025593425, vstest.console.dll, TcpClientExtensions.MessageLoopAsync: Polling on remoteEndPoint: 127.0.0.1:60989 localEndPoint: 127.0.0.1:60988
TpTrace Verbose: 0 : 25140, 13, 2024/02/27, 15:43:43.120, 4985025594046, vstest.console.dll, TcpClientExtensions.MessageLoopAsync: NotifyDataAvailable remoteEndPoint: 127.0.0.1:60989 localEndPoint: 127.0.0.1:60988
TpTrace Verbose: 0 : 25140, 13, 2024/02/27, 15:43:43.120, 4985025594508, vstest.console.dll, TestRequestSender.OnExecutionMessageReceived: Received message: {"Version":7,"MessageType":"TestSession.Message","Payload":{"MessageLevel":0,"Message":"[xUnit.net 00:00:36.96]       Stack Trace:"}}
TpTrace Verbose: 0 : 25140, 13, 2024/02/27, 15:43:43.121, 4985025594971, vstest.console.dll, TestRunRequest:SendTestRunMessage: Starting.
TpTrace Verbose: 0 : 25140, 13, 2024/02/27, 15:43:43.121, 4985025595377, vstest.console.dll, MulticastDelegateUtilities.SafeInvoke: TestRun.LogMessages: Invoking callback 1/1 for Microsoft.VisualStudio.TestPlatform.CommandLine.TestRunResultAggregator., took 0 ms.
TpTrace Information: 0 : 25140, 13, 2024/02/27, 15:43:43.121, 4985025595826, vstest.console.dll, TestRunRequest:SendTestRunMessage: Completed.
TpTrace Verbose: 0 : 25140, 4, 2024/02/27, 15:43:43.121, 4985025595561, vstest.console.dll, MulticastDelegateUtilities.SafeInvoke: InternalTestLoggerEvents.SendTestRunMessage: Invoking callback 1/1 for Microsoft.VisualStudio.TestPlatform.CommandLine.Internal.ConsoleLogger., took 0 ms.
TpTrace Verbose: 0 : 25140, 13, 2024/02/27, 15:43:43.121, 4985025596238, vstest.console.dll, MulticastDelegateUtilities.SafeInvoke: LengthPrefixCommunicationChannel: MessageReceived: Invoking callback 1/1 for Microsoft.VisualStudio.TestPlatform.CommunicationUtilities.TestRequestSender+<>c__DisplayClass34_0., took 0 ms.
TpTrace Verbose: 0 : 25140, 13, 2024/02/27, 15:43:43.121, 4985025597219, vstest.console.dll, TcpClientExtensions.MessageLoopAsync: Polling on remoteEndPoint: 127.0.0.1:60989 localEndPoint: 127.0.0.1:60988
TpTrace Verbose: 0 : 25140, 13, 2024/02/27, 15:43:43.121, 4985025597598, vstest.console.dll, TcpClientExtensions.MessageLoopAsync: NotifyDataAvailable remoteEndPoint: 127.0.0.1:60989 localEndPoint: 127.0.0.1:60988
TpTrace Verbose: 0 : 25140, 13, 2024/02/27, 15:43:43.121, 4985025598028, vstest.console.dll, TestRequestSender.OnExecutionMessageReceived: Received message: {"Version":7,"MessageType":"TestSession.Message","Payload":{"MessageLevel":0,"Message":"[xUnit.net 00:00:36.96]            at Microsoft.Extensions.DependencyInjection.ServiceProviderServiceExtensions.GetRequiredService(IServiceProvider provider, Type serviceType)"}}
TpTrace Verbose: 0 : 25140, 13, 2024/02/27, 15:43:43.121, 4985025598889, vstest.console.dll, TestRunRequest:SendTestRunMessage: Starting.
TpTrace Verbose: 0 : 25140, 13, 2024/02/27, 15:43:43.121, 4985025599607, vstest.console.dll, MulticastDelegateUtilities.SafeInvoke: TestRun.LogMessages: Invoking callback 1/1 for Microsoft.VisualStudio.TestPlatform.CommandLine.TestRunResultAggregator., took 0 ms.
TpTrace Verbose: 0 : 25140, 4, 2024/02/27, 15:43:43.121, 4985025599792, vstest.console.dll, MulticastDelegateUtilities.SafeInvoke: InternalTestLoggerEvents.SendTestRunMessage: Invoking callback 1/1 for Microsoft.VisualStudio.TestPlatform.CommandLine.Internal.ConsoleLogger., took 0 ms.
TpTrace Information: 0 : 25140, 13, 2024/02/27, 15:43:43.121, 4985025600107, vstest.console.dll, TestRunRequest:SendTestRunMessage: Completed.
TpTrace Verbose: 0 : 25140, 13, 2024/02/27, 15:43:43.121, 4985025601046, vstest.console.dll, MulticastDelegateUtilities.SafeInvoke: LengthPrefixCommunicationChannel: MessageReceived: Invoking callback 1/1 for Microsoft.VisualStudio.TestPlatform.CommunicationUtilities.TestRequestSender+<>c__DisplayClass34_0., took 0 ms.
TpTrace Verbose: 0 : 25140, 13, 2024/02/27, 15:43:43.121, 4985025601353, vstest.console.dll, TcpClientExtensions.MessageLoopAsync: Polling on remoteEndPoint: 127.0.0.1:60989 localEndPoint: 127.0.0.1:60988
TpTrace Verbose: 0 : 25140, 13, 2024/02/27, 15:43:43.121, 4985025601685, vstest.console.dll, TcpClientExtensions.MessageLoopAsync: NotifyDataAvailable remoteEndPoint: 127.0.0.1:60989 localEndPoint: 127.0.0.1:60988
TpTrace Verbose: 0 : 25140, 13, 2024/02/27, 15:43:43.121, 4985025602135, vstest.console.dll, TestRequestSender.OnExecutionMessageReceived: Received message: {"Version":7,"MessageType":"TestSession.Message","Payload":{"MessageLevel":0,"Message":"[xUnit.net 00:00:36.96]            at Microsoft.Extensions.DependencyInjection.ServiceProviderServiceExtensions.GetRequiredService[T](IServiceProvider provider)"}}
TpTrace Verbose: 0 : 25140, 13, 2024/02/27, 15:43:43.121, 4985025602657, vstest.console.dll, TestRunRequest:SendTestRunMessage: Starting.
TpTrace Verbose: 0 : 25140, 13, 2024/02/27, 15:43:43.121, 4985025603051, vstest.console.dll, MulticastDelegateUtilities.SafeInvoke: TestRun.LogMessages: Invoking callback 1/1 for Microsoft.VisualStudio.TestPlatform.CommandLine.TestRunResultAggregator., took 0 ms.
TpTrace Information: 0 : 25140, 13, 2024/02/27, 15:43:43.121, 4985025603496, vstest.console.dll, TestRunRequest:SendTestRunMessage: Completed.
TpTrace Verbose: 0 : 25140, 4, 2024/02/27, 15:43:43.121, 4985025603230, vstest.console.dll, MulticastDelegateUtilities.SafeInvoke: InternalTestLoggerEvents.SendTestRunMessage: Invoking callback 1/1 for Microsoft.VisualStudio.TestPlatform.CommandLine.Internal.ConsoleLogger., took 0 ms.
TpTrace Verbose: 0 : 25140, 13, 2024/02/27, 15:43:43.121, 4985025603855, vstest.console.dll, MulticastDelegateUtilities.SafeInvoke: LengthPrefixCommunicationChannel: MessageReceived: Invoking callback 1/1 for Microsoft.VisualStudio.TestPlatform.CommunicationUtilities.TestRequestSender+<>c__DisplayClass34_0., took 0 ms.
TpTrace Verbose: 0 : 25140, 13, 2024/02/27, 15:43:43.122, 4985025605080, vstest.console.dll, TcpClientExtensions.MessageLoopAsync: Polling on remoteEndPoint: 127.0.0.1:60989 localEndPoint: 127.0.0.1:60988
TpTrace Verbose: 0 : 25140, 13, 2024/02/27, 15:43:43.122, 4985025605492, vstest.console.dll, TcpClientExtensions.MessageLoopAsync: NotifyDataAvailable remoteEndPoint: 127.0.0.1:60989 localEndPoint: 127.0.0.1:60988
TpTrace Verbose: 0 : 25140, 13, 2024/02/27, 15:43:43.122, 4985025606452, vstest.console.dll, TestRequestSender.OnExecutionMessageReceived: Received message: {"Version":7,"MessageType":"TestSession.Message","Payload":{"MessageLevel":0,"Message":"[xUnit.net 00:00:36.96]         C:\\Users\\Ekste\\Documents\\GitHub\\EstablishmentProject\\Backend_test\\Application_Test\\Handlers_Test\\Entities_Test\\GetSalesStatisticsHandler_Test.cs(58,0): at EstablishmentProject.test.Application_Test.Handlers_Test.Entities_Test.GetSalesStatisticsHandler_Test.GetSalesAverageSpend_ShouldReturnAverageSpend()"}}
TpTrace Verbose: 0 : 25140, 13, 2024/02/27, 15:43:43.122, 4985025607369, vstest.console.dll, TestRunRequest:SendTestRunMessage: Starting.
TpTrace Verbose: 0 : 25140, 13, 2024/02/27, 15:43:43.122, 4985025608033, vstest.console.dll, MulticastDelegateUtilities.SafeInvoke: TestRun.LogMessages: Invoking callback 1/1 for Microsoft.VisualStudio.TestPlatform.CommandLine.TestRunResultAggregator., took 0 ms.
TpTrace Verbose: 0 : 25140, 4, 2024/02/27, 15:43:43.122, 4985025608212, vstest.console.dll, MulticastDelegateUtilities.SafeInvoke: InternalTestLoggerEvents.SendTestRunMessage: Invoking callback 1/1 for Microsoft.VisualStudio.TestPlatform.CommandLine.Internal.ConsoleLogger., took 0 ms.
TpTrace Information: 0 : 25140, 13, 2024/02/27, 15:43:43.122, 4985025608530, vstest.console.dll, TestRunRequest:SendTestRunMessage: Completed.
TpTrace Verbose: 0 : 25140, 13, 2024/02/27, 15:43:43.122, 4985025609797, vstest.console.dll, MulticastDelegateUtilities.SafeInvoke: LengthPrefixCommunicationChannel: MessageReceived: Invoking callback 1/1 for Microsoft.VisualStudio.TestPlatform.CommunicationUtilities.TestRequestSender+<>c__DisplayClass34_0., took 0 ms.
TpTrace Verbose: 0 : 25140, 13, 2024/02/27, 15:43:43.122, 4985025610139, vstest.console.dll, TcpClientExtensions.MessageLoopAsync: Polling on remoteEndPoint: 127.0.0.1:60989 localEndPoint: 127.0.0.1:60988
TpTrace Verbose: 0 : 25140, 13, 2024/02/27, 15:43:43.122, 4985025610687, vstest.console.dll, TcpClientExtensions.MessageLoopAsync: NotifyDataAvailable remoteEndPoint: 127.0.0.1:60989 localEndPoint: 127.0.0.1:60988
TpTrace Verbose: 0 : 25140, 13, 2024/02/27, 15:43:43.122, 4985025611382, vstest.console.dll, TestRequestSender.OnExecutionMessageReceived: Received message: {"Version":7,"MessageType":"TestSession.Message","Payload":{"MessageLevel":0,"Message":"[xUnit.net 00:00:36.96]         --- End of stack trace from previous location ---"}}
TpTrace Verbose: 0 : 25140, 13, 2024/02/27, 15:43:43.122, 4985025612104, vstest.console.dll, TestRunRequest:SendTestRunMessage: Starting.
TpTrace Verbose: 0 : 25140, 13, 2024/02/27, 15:43:43.122, 4985025612522, vstest.console.dll, MulticastDelegateUtilities.SafeInvoke: TestRun.LogMessages: Invoking callback 1/1 for Microsoft.VisualStudio.TestPlatform.CommandLine.TestRunResultAggregator., took 0 ms.
TpTrace Verbose: 0 : 25140, 4, 2024/02/27, 15:43:43.122, 4985025612701, vstest.console.dll, MulticastDelegateUtilities.SafeInvoke: InternalTestLoggerEvents.SendTestRunMessage: Invoking callback 1/1 for Microsoft.VisualStudio.TestPlatform.CommandLine.Internal.ConsoleLogger., took 0 ms.
TpTrace Information: 0 : 25140, 13, 2024/02/27, 15:43:43.122, 4985025613020, vstest.console.dll, TestRunRequest:SendTestRunMessage: Completed.
TpTrace Verbose: 0 : 25140, 13, 2024/02/27, 15:43:43.122, 4985025613860, vstest.console.dll, MulticastDelegateUtilities.SafeInvoke: LengthPrefixCommunicationChannel: MessageReceived: Invoking callback 1/1 for Microsoft.VisualStudio.TestPlatform.CommunicationUtilities.TestRequestSender+<>c__DisplayClass34_0., took 0 ms.
TpTrace Verbose: 0 : 25140, 13, 2024/02/27, 15:43:43.122, 4985025614312, vstest.console.dll, TcpClientExtensions.MessageLoopAsync: Polling on remoteEndPoint: 127.0.0.1:60989 localEndPoint: 127.0.0.1:60988
TpTrace Verbose: 0 : 25140, 13, 2024/02/27, 15:43:43.122, 4985025614797, vstest.console.dll, TcpClientExtensions.MessageLoopAsync: NotifyDataAvailable remoteEndPoint: 127.0.0.1:60989 localEndPoint: 127.0.0.1:60988
TpTrace Verbose: 0 : 25140, 13, 2024/02/27, 15:43:43.123, 4985025615976, vstest.console.dll, TestRequestSender.OnExecutionMessageReceived: Received message: {"Version":7,"MessageType":"TestExecution.StatsChange","Payload":{"NewTestResults":[{"TestCase":{"Id":"7a28b860-5ef4-ab4f-c983-72c2ca3174bc","FullyQualifiedName":"EstablishmentProject.test.Application_Test.Handlers_Test.Entities_Test.GetSalesStatisticsHandler_Test.GetSalesAverageSpend_ShouldReturnAverageSpend","DisplayName":"EstablishmentProject.test.Application_Test.Handlers_Test.Entities_Test.GetSalesStatisticsHandler_Test.GetSalesAverageSpend_ShouldReturnAverageSpend","ExecutorUri":"executor://xunit/VsTestRunner2/netcoreapp","Source":"C:\\Users\\Ekste\\Documents\\GitHub\\EstablishmentProject\\Backend_test\\bin\\Debug\\net7.0\\fine-code-coverage\\build-output\\EstablishmentProject.test.dll","CodeFilePath":null,"LineNumber":0,"Properties":[]},"Attachments":[],"Outcome":2,"ErrorMessage":"System.InvalidOperationException : No service for type 'WebApplication1.CommandHandlers.IHandler`2[WebApplication1.Application_Layer.Handlers.SalesHandlers.GetSalesAverageSpend,WebApplication1.Application_Layer.Handlers.SalesHandlers.GetSalesStatisticsReturn]' has been registered.","ErrorStackTrace":"   at Microsoft.Extensions.DependencyInjection.ServiceProviderServiceExtensions.GetRequiredService(IServiceProvider provider, Type serviceType)\r\n   at Microsoft.Extensions.DependencyInjection.ServiceProviderServiceExtensions.GetRequiredService[T](IServiceProvider provider)\r\n   at EstablishmentProject.test.Application_Test.Handlers_Test.Entities_Test.GetSalesStatisticsHandler_Test.GetSalesAverageSpend_ShouldReturnAverageSpend() in C:\\Users\\Ekste\\Documents\\GitHub\\EstablishmentProject\\Backend_test\\Application_Test\\Handlers_Test\\Entities_Test\\GetSalesStatisticsHandler_Test.cs:line 58\r\n--- End of stack trace from previous location ---","DisplayName":"EstablishmentProject.test.Application_Test.Handlers_Test.Entities_Test.GetSalesStatisticsHandler_Test.GetSalesAverageSpend_ShouldReturnAverageSpend","Messages":[],"ComputerName":"XPS","Duration":"00:00:04.5769122","StartTime":"2024-02-27T14:43:43.1213716+00:00","EndTime":"2024-02-27T14:43:43.1213719+00:00","Properties":[]}],"TestRunStatistics":{"ExecutedTests":22,"Stats":{"Passed":17,"Failed":5}},"ActiveTests":[{"Id":"ec270cce-3fe9-a203-3c42-71aede300b5d","FullyQualifiedName":"EstablishmentProject.test.Application_Test.HandlerService_Test.HandlerVerifyTables_Test.VerifyItems_WithValidItemsFromEstablishment_ShouldPassValidation","DisplayName":"EstablishmentProject.test.Application_Test.HandlerService_Test.HandlerVerifyTables_Test.VerifyItems_WithValidItemsFromEstablishment_ShouldPassValidation","ExecutorUri":"executor://xunit/VsTestRunner2/netcoreapp","Source":"C:\\Users\\Ekste\\Documents\\GitHub\\EstablishmentProject\\Backend_test\\bin\\Debug\\net7.0\\fine-code-coverage\\build-output\\EstablishmentProject.test.dll","CodeFilePath":null,"LineNumber":0,"Properties":[]}]}}
TpTrace Verbose: 0 : 25140, 13, 2024/02/27, 15:43:43.123, 4985025620817, vstest.console.dll, TestRunRequest:SendTestRunStatsChange: Starting.
TpTrace Verbose: 0 : 25140, 13, 2024/02/27, 15:43:43.123, 4985025621642, vstest.console.dll, InProgress is EstablishmentProject.test.Application_Test.HandlerService_Test.HandlerVerifyTables_Test.VerifyItems_WithValidItemsFromEstablishment_ShouldPassValidation
TpTrace Verbose: 0 : 25140, 13, 2024/02/27, 15:43:43.123, 4985025622303, vstest.console.dll, MulticastDelegateUtilities.SafeInvoke: TestRun.RunStatsChanged: Invoking callbacks was skipped because there are no subscribers.
TpTrace Information: 0 : 25140, 13, 2024/02/27, 15:43:43.123, 4985025622748, vstest.console.dll, TestRunRequest:SendTestRunStatsChange: Completed.
TpTrace Verbose: 0 : 25140, 13, 2024/02/27, 15:43:43.123, 4985025623165, vstest.console.dll, MulticastDelegateUtilities.SafeInvoke: LengthPrefixCommunicationChannel: MessageReceived: Invoking callback 1/1 for Microsoft.VisualStudio.TestPlatform.CommunicationUtilities.TestRequestSender+<>c__DisplayClass34_0., took 0 ms.
TpTrace Verbose: 0 : 25140, 13, 2024/02/27, 15:43:43.123, 4985025623638, vstest.console.dll, TcpClientExtensions.MessageLoopAsync: Polling on remoteEndPoint: 127.0.0.1:60989 localEndPoint: 127.0.0.1:60988
TpTrace Verbose: 0 : 25140, 4, 2024/02/27, 15:43:43.124, 4985025625972, vstest.console.dll, MulticastDelegateUtilities.SafeInvoke: InternalTestLoggerEvents.SendTestResult: Invoking callback 1/1 for Microsoft.VisualStudio.TestPlatform.CommandLine.Internal.ConsoleLogger., took 0 ms.
TpTrace Verbose: 0 : 25140, 13, 2024/02/27, 15:43:44.137, 4985035757810, vstest.console.dll, TcpClientExtensions.MessageLoopAsync: Polling on remoteEndPoint: 127.0.0.1:60989 localEndPoint: 127.0.0.1:60988
