<?xml version="1.0" encoding="utf-8"?>
<coverage line-rate="0.5649000000000001" branch-rate="0.5659000000000001" version="1.9" timestamp="1707990393" lines-covered="1217" lines-valid="2154" branches-covered="176" branches-valid="311">
  <sources>
    <source>C:\Users\Ekste\Documents\GitHub\EstablishmentProject\Backend\</source>
  </sources>
  <packages>
    <package name="WebApplication1" line-rate="0.5649000000000001" branch-rate="0.5659000000000001" complexity="754">
      <classes>
        <class name="DMIOpenData.DmiWeatherApi" filename="Infrastructure Layer\Implementations\Weather\DmiWeatherApi.cs" line-rate="1" branch-rate="0.5" complexity="3">
          <methods>
            <method name="EuclideanDistance" signature="(System.Double,System.Double,System.Double,System.Double)" line-rate="1" branch-rate="1" complexity="1">
              <lines>
                <line number="98" hits="173" branch="False" />
                <line number="99" hits="173" branch="False" />
                <line number="100" hits="173" branch="False" />
              </lines>
            </method>
            <method name=".ctor" signature="(System.Net.Http.HttpClient)" line-rate="1" branch-rate="0.5" complexity="2">
              <lines>
                <line number="26" hits="2" branch="False" />
                <line number="30" hits="2" branch="False" />
                <line number="31" hits="2" branch="False" />
                <line number="32" hits="2" branch="True" condition-coverage="50% (1/2)">
                  <conditions>
                    <condition number="22" type="jump" coverage="50%" />
                  </conditions>
                </line>
                <line number="33" hits="2" branch="False" />
              </lines>
            </method>
          </methods>
          <lines>
            <line number="98" hits="173" branch="False" />
            <line number="99" hits="173" branch="False" />
            <line number="100" hits="173" branch="False" />
            <line number="26" hits="2" branch="False" />
            <line number="30" hits="2" branch="False" />
            <line number="31" hits="2" branch="False" />
            <line number="32" hits="2" branch="True" condition-coverage="50% (1/2)">
              <conditions>
                <condition number="22" type="jump" coverage="50%" />
              </conditions>
            </line>
            <line number="33" hits="2" branch="False" />
          </lines>
        </class>
        <class name="DMIOpenData.DmiWeatherApi/&lt;&gt;c" filename="Infrastructure Layer\Implementations\Weather\DmiWeatherApi.cs" line-rate="1" branch-rate="1" complexity="10">
          <methods>
            <method name="&lt;GetIdOfClosestStation&gt;b__6_2" signature="(System.Collections.Generic.KeyValuePair`2&lt;System.String,System.Object&gt;)" line-rate="1" branch-rate="1" complexity="1">
              <lines>
                <line number="41" hits="2" branch="False" />
              </lines>
            </method>
            <method name="&lt;GetIdOfClosestStation&gt;b__6_0" signature="(WebApplication1.Services.DmiWeatherApiItems/Feature)" line-rate="1" branch-rate="1" complexity="1">
              <lines>
                <line number="47" hits="5081" branch="False" />
              </lines>
            </method>
            <method name="&lt;GetTemperature&gt;b__7_8" signature="(System.Collections.Generic.KeyValuePair`2&lt;System.String,System.Object&gt;)" line-rate="1" branch-rate="1" complexity="1">
              <lines>
                <line number="72" hits="5" branch="False" />
              </lines>
            </method>
            <method name="&lt;GetTemperature&gt;b__7_0" signature="(Newtonsoft.Json.Linq.JToken)" line-rate="1" branch-rate="1" complexity="1">
              <lines>
                <line number="80" hits="25" branch="False" />
              </lines>
            </method>
            <method name="&lt;GetTemperature&gt;b__7_1" signature="(Newtonsoft.Json.Linq.JObject)" line-rate="1" branch-rate="1" complexity="1">
              <lines>
                <line number="82" hits="49" branch="False" />
              </lines>
            </method>
            <method name="&lt;GetTemperature&gt;b__7_3" signature="(System.ValueTuple`2&lt;System.DateTime,System.Double&gt;)" line-rate="1" branch-rate="1" complexity="1">
              <lines>
                <line number="84" hits="25" branch="False" />
              </lines>
            </method>
            <method name="&lt;GetTemperature&gt;b__7_4" signature="(System.ValueTuple`2&lt;System.DateTime,System.Double&gt;)" line-rate="1" branch-rate="1" complexity="1">
              <lines>
                <line number="88" hits="25" branch="False" />
              </lines>
            </method>
            <method name="&lt;GetTemperature&gt;b__7_5" signature="(System.Collections.Generic.KeyValuePair`2&lt;System.DateTime,System.Collections.Generic.List`1&lt;System.ValueTuple`2&lt;System.DateTime,System.Double&gt;&gt;&gt;)" line-rate="1" branch-rate="1" complexity="1">
              <lines>
                <line number="90" hits="24" branch="False" />
              </lines>
            </method>
            <method name="&lt;GetTemperature&gt;b__7_6" signature="(System.Collections.Generic.KeyValuePair`2&lt;System.DateTime,System.Collections.Generic.List`1&lt;System.ValueTuple`2&lt;System.DateTime,System.Double&gt;&gt;&gt;)" line-rate="1" branch-rate="1" complexity="1">
              <lines>
                <line number="91" hits="48" branch="False" />
              </lines>
            </method>
            <method name="&lt;GetTemperature&gt;b__7_7" signature="(System.Collections.Generic.KeyValuePair`2&lt;System.DateTime,System.Double&gt;)" line-rate="1" branch-rate="1" complexity="1">
              <lines>
                <line number="93" hits="25" branch="False" />
              </lines>
            </method>
          </methods>
          <lines>
            <line number="41" hits="2" branch="False" />
            <line number="47" hits="5081" branch="False" />
            <line number="72" hits="5" branch="False" />
            <line number="80" hits="25" branch="False" />
            <line number="82" hits="49" branch="False" />
            <line number="84" hits="25" branch="False" />
            <line number="88" hits="25" branch="False" />
            <line number="90" hits="24" branch="False" />
            <line number="91" hits="48" branch="False" />
            <line number="93" hits="25" branch="False" />
          </lines>
        </class>
        <class name="DMIOpenData.DmiWeatherApi/&lt;&gt;c__DisplayClass6_0" filename="Infrastructure Layer\Implementations\Weather\DmiWeatherApi.cs" line-rate="1" branch-rate="1" complexity="1">
          <methods>
            <method name="&lt;GetIdOfClosestStation&gt;b__1" signature="(WebApplication1.Services.DmiWeatherApiItems/Feature)" line-rate="1" branch-rate="1" complexity="1">
              <lines>
                <line number="49" hits="174" branch="False" />
              </lines>
            </method>
          </methods>
          <lines>
            <line number="49" hits="174" branch="False" />
          </lines>
        </class>
        <class name="DMIOpenData.DmiWeatherApi/&lt;GetIdOfClosestStation&gt;d__6" filename="Infrastructure Layer\Implementations\Weather\DmiWeatherApi.cs" line-rate="1" branch-rate="1" complexity="1">
          <methods>
            <method name="MoveNext" signature="()" line-rate="1" branch-rate="1" complexity="1">
              <lines>
                <line number="35" hits="1" branch="False" />
                <line number="36" hits="1" branch="False" />
                <line number="37" hits="1" branch="False" />
                <line number="38" hits="1" branch="False" />
                <line number="39" hits="1" branch="False" />
                <line number="42" hits="1" branch="False" />
                <line number="43" hits="1" branch="False" />
                <line number="44" hits="1" branch="False" />
                <line number="45" hits="1" branch="False" />
                <line number="50" hits="1" branch="False" />
                <line number="51" hits="1" branch="False" />
              </lines>
            </method>
          </methods>
          <lines>
            <line number="35" hits="1" branch="False" />
            <line number="36" hits="1" branch="False" />
            <line number="37" hits="1" branch="False" />
            <line number="38" hits="1" branch="False" />
            <line number="39" hits="1" branch="False" />
            <line number="42" hits="1" branch="False" />
            <line number="43" hits="1" branch="False" />
            <line number="44" hits="1" branch="False" />
            <line number="45" hits="1" branch="False" />
            <line number="50" hits="1" branch="False" />
            <line number="51" hits="1" branch="False" />
          </lines>
        </class>
        <class name="DMIOpenData.DmiWeatherApi/&lt;GetTemperature&gt;d__7" filename="Infrastructure Layer\Implementations\Weather\DmiWeatherApi.cs" line-rate="1" branch-rate="1" complexity="4">
          <methods>
            <method name="MoveNext" signature="()" line-rate="1" branch-rate="1" complexity="4">
              <lines>
                <line number="55" hits="2" branch="False" />
                <line number="56" hits="2" branch="True" condition-coverage="100% (2/2)">
                  <conditions>
                    <condition number="59" type="jump" coverage="100%" />
                  </conditions>
                </line>
                <line number="57" hits="1" branch="False" />
                <line number="58" hits="1" branch="False" />
                <line number="61" hits="1" branch="False" />
                <line number="63" hits="1" branch="False" />
                <line number="64" hits="1" branch="False" />
                <line number="65" hits="1" branch="False" />
                <line number="66" hits="1" branch="False" />
                <line number="67" hits="1" branch="False" />
                <line number="68" hits="1" branch="False" />
                <line number="69" hits="1" branch="False" />
                <line number="70" hits="1" branch="False" />
                <line number="73" hits="1" branch="False" />
                <line number="74" hits="1" branch="False" />
                <line number="75" hits="1" branch="False" />
                <line number="76" hits="1" branch="False" />
                <line number="78" hits="1" branch="True" condition-coverage="100% (2/2)">
                  <conditions>
                    <condition number="782" type="jump" coverage="100%" />
                  </conditions>
                </line>
                <line number="87" hits="1" branch="False" />
                <line number="89" hits="1" branch="False" />
                <line number="92" hits="1" branch="False" />
                <line number="94" hits="1" branch="False" />
                <line number="95" hits="1" branch="False" />
              </lines>
            </method>
          </methods>
          <lines>
            <line number="55" hits="2" branch="False" />
            <line number="56" hits="2" branch="True" condition-coverage="100% (2/2)">
              <conditions>
                <condition number="59" type="jump" coverage="100%" />
              </conditions>
            </line>
            <line number="57" hits="1" branch="False" />
            <line number="58" hits="1" branch="False" />
            <line number="61" hits="1" branch="False" />
            <line number="63" hits="1" branch="False" />
            <line number="64" hits="1" branch="False" />
            <line number="65" hits="1" branch="False" />
            <line number="66" hits="1" branch="False" />
            <line number="67" hits="1" branch="False" />
            <line number="68" hits="1" branch="False" />
            <line number="69" hits="1" branch="False" />
            <line number="70" hits="1" branch="False" />
            <line number="73" hits="1" branch="False" />
            <line number="74" hits="1" branch="False" />
            <line number="75" hits="1" branch="False" />
            <line number="76" hits="1" branch="False" />
            <line number="78" hits="1" branch="True" condition-coverage="100% (2/2)">
              <conditions>
                <condition number="782" type="jump" coverage="100%" />
              </conditions>
            </line>
            <line number="87" hits="1" branch="False" />
            <line number="89" hits="1" branch="False" />
            <line number="92" hits="1" branch="False" />
            <line number="94" hits="1" branch="False" />
            <line number="95" hits="1" branch="False" />
          </lines>
        </class>
        <class name="WebApplication1.Program.Program" filename="Program\Program.cs" line-rate="0.9545" branch-rate="1" complexity="7">
          <methods>
            <method name="Main" signature="(System.String[])" line-rate="1" branch-rate="1" complexity="2">
              <lines>
                <line number="13" hits="24" branch="False" />
                <line number="14" hits="24" branch="False" />
                <line number="16" hits="24" branch="False" />
                <line number="18" hits="24" branch="False" />
                <line number="20" hits="24" branch="False" />
                <line number="23" hits="24" branch="False" />
                <line number="24" hits="24" branch="False" />
                <line number="25" hits="24" branch="False" />
                <line number="26" hits="24" branch="False" />
                <line number="27" hits="24" branch="False" />
                <line number="28" hits="48" branch="False" />
                <line number="30" hits="24" branch="False" />
                <line number="32" hits="24" branch="False" />
                <line number="34" hits="24" branch="False" />
                <line number="35" hits="24" branch="False" />
                <line number="36" hits="24" branch="False" />
                <line number="38" hits="24" branch="False" />
                <line number="39" hits="24" branch="False" />
                <line number="40" hits="24" branch="False" />
                <line number="41" hits="24" branch="False" />
                <line number="42" hits="24" branch="False" />
                <line number="44" hits="24" branch="True" condition-coverage="100% (2/2)">
                  <conditions>
                    <condition number="202" type="jump" coverage="100%" />
                  </conditions>
                </line>
                <line number="45" hits="24" branch="False" />
                <line number="46" hits="24" branch="False" />
                <line number="47" hits="24" branch="False" />
                <line number="48" hits="24" branch="False" />
                <line number="49" hits="24" branch="False" />
                <line number="51" hits="24" branch="False" />
                <line number="52" hits="24" branch="False" />
                <line number="53" hits="24" branch="False" />
                <line number="55" hits="24" branch="False" />
                <line number="57" hits="24" branch="False" />
                <line number="58" hits="24" branch="False" />
              </lines>
            </method>
            <method name="AddDatabase" signature="(Microsoft.AspNetCore.Builder.WebApplicationBuilder)" line-rate="1" branch-rate="1" complexity="1">
              <lines>
                <line number="61" hits="24" branch="False" />
                <line number="62" hits="24" branch="False" />
                <line number="64" hits="24" branch="False" />
                <line number="66" hits="24" branch="False" />
                <line number="67" hits="4" branch="False" />
                <line number="68" hits="24" branch="False" />
                <line number="69" hits="4" branch="False" />
                <line number="70" hits="4" branch="False" />
                <line number="71" hits="24" branch="False" />
                <line number="72" hits="28" branch="False" />
                <line number="73" hits="24" branch="False" />
              </lines>
            </method>
            <method name="AddAuthorization" signature="(Microsoft.AspNetCore.Builder.WebApplicationBuilder)" line-rate="1" branch-rate="1" complexity="1">
              <lines>
                <line number="76" hits="24" branch="False" />
                <line number="77" hits="24" branch="False" />
                <line number="78" hits="24" branch="False" />
                <line number="79" hits="48" branch="False" />
                <line number="80" hits="48" branch="False" />
                <line number="81" hits="24" branch="False" />
              </lines>
            </method>
            <method name="AddAuthentication" signature="(Microsoft.AspNetCore.Builder.WebApplicationBuilder)" line-rate="0.862" branch-rate="1" complexity="1">
              <lines>
                <line number="84" hits="24" branch="False" />
                <line number="85" hits="24" branch="False" />
                <line number="86" hits="24" branch="False" />
                <line number="87" hits="24" branch="False" />
                <line number="88" hits="0" branch="False" />
                <line number="89" hits="0" branch="False" />
                <line number="90" hits="0" branch="False" />
                <line number="91" hits="0" branch="False" />
                <line number="92" hits="24" branch="False" />
                <line number="93" hits="1" branch="False" />
                <line number="94" hits="1" branch="False" />
                <line number="95" hits="1" branch="False" />
                <line number="96" hits="1" branch="False" />
                <line number="97" hits="1" branch="False" />
                <line number="98" hits="1" branch="False" />
                <line number="99" hits="1" branch="False" />
                <line number="100" hits="1" branch="False" />
                <line number="101" hits="1" branch="False" />
                <line number="102" hits="1" branch="False" />
                <line number="103" hits="1" branch="False" />
                <line number="104" hits="1" branch="False" />
                <line number="105" hits="13" branch="False" />
                <line number="106" hits="13" branch="False" />
                <line number="107" hits="13" branch="False" />
                <line number="108" hits="13" branch="False" />
                <line number="109" hits="1" branch="False" />
                <line number="110" hits="1" branch="False" />
                <line number="111" hits="24" branch="False" />
                <line number="112" hits="24" branch="False" />
              </lines>
            </method>
            <method name="AddMiddleware" signature="(Microsoft.AspNetCore.Builder.WebApplication)" line-rate="1" branch-rate="1" complexity="1">
              <lines>
                <line number="115" hits="24" branch="False" />
                <line number="116" hits="24" branch="False" />
                <line number="117" hits="24" branch="False" />
              </lines>
            </method>
            <method name="AutoMigrate" signature="(Microsoft.AspNetCore.Builder.WebApplication)" line-rate="1" branch-rate="1" complexity="1">
              <lines>
                <line number="120" hits="24" branch="False" />
                <line number="121" hits="24" branch="False" />
                <line number="122" hits="24" branch="False" />
                <line number="123" hits="24" branch="False" />
                <line number="124" hits="24" branch="False" />
                <line number="125" hits="24" branch="False" />
              </lines>
            </method>
          </methods>
          <lines>
            <line number="13" hits="24" branch="False" />
            <line number="14" hits="24" branch="False" />
            <line number="16" hits="24" branch="False" />
            <line number="18" hits="24" branch="False" />
            <line number="20" hits="24" branch="False" />
            <line number="23" hits="24" branch="False" />
            <line number="24" hits="24" branch="False" />
            <line number="25" hits="24" branch="False" />
            <line number="26" hits="24" branch="False" />
            <line number="27" hits="24" branch="False" />
            <line number="28" hits="48" branch="False" />
            <line number="30" hits="24" branch="False" />
            <line number="32" hits="24" branch="False" />
            <line number="34" hits="24" branch="False" />
            <line number="35" hits="24" branch="False" />
            <line number="36" hits="24" branch="False" />
            <line number="38" hits="24" branch="False" />
            <line number="39" hits="24" branch="False" />
            <line number="40" hits="24" branch="False" />
            <line number="41" hits="24" branch="False" />
            <line number="42" hits="24" branch="False" />
            <line number="44" hits="24" branch="True" condition-coverage="100% (2/2)">
              <conditions>
                <condition number="202" type="jump" coverage="100%" />
              </conditions>
            </line>
            <line number="45" hits="24" branch="False" />
            <line number="46" hits="24" branch="False" />
            <line number="47" hits="24" branch="False" />
            <line number="48" hits="24" branch="False" />
            <line number="49" hits="24" branch="False" />
            <line number="51" hits="24" branch="False" />
            <line number="52" hits="24" branch="False" />
            <line number="53" hits="24" branch="False" />
            <line number="55" hits="24" branch="False" />
            <line number="57" hits="24" branch="False" />
            <line number="58" hits="24" branch="False" />
            <line number="61" hits="24" branch="False" />
            <line number="62" hits="24" branch="False" />
            <line number="64" hits="24" branch="False" />
            <line number="66" hits="24" branch="False" />
            <line number="67" hits="4" branch="False" />
            <line number="68" hits="24" branch="False" />
            <line number="69" hits="4" branch="False" />
            <line number="70" hits="4" branch="False" />
            <line number="71" hits="24" branch="False" />
            <line number="72" hits="28" branch="False" />
            <line number="73" hits="24" branch="False" />
            <line number="76" hits="24" branch="False" />
            <line number="77" hits="24" branch="False" />
            <line number="78" hits="24" branch="False" />
            <line number="79" hits="48" branch="False" />
            <line number="80" hits="48" branch="False" />
            <line number="81" hits="24" branch="False" />
            <line number="84" hits="24" branch="False" />
            <line number="85" hits="24" branch="False" />
            <line number="86" hits="24" branch="False" />
            <line number="87" hits="24" branch="False" />
            <line number="88" hits="0" branch="False" />
            <line number="89" hits="0" branch="False" />
            <line number="90" hits="0" branch="False" />
            <line number="91" hits="0" branch="False" />
            <line number="92" hits="24" branch="False" />
            <line number="93" hits="1" branch="False" />
            <line number="94" hits="1" branch="False" />
            <line number="95" hits="1" branch="False" />
            <line number="96" hits="1" branch="False" />
            <line number="97" hits="1" branch="False" />
            <line number="98" hits="1" branch="False" />
            <line number="99" hits="1" branch="False" />
            <line number="100" hits="1" branch="False" />
            <line number="101" hits="1" branch="False" />
            <line number="102" hits="1" branch="False" />
            <line number="103" hits="1" branch="False" />
            <line number="104" hits="1" branch="False" />
            <line number="105" hits="13" branch="False" />
            <line number="106" hits="13" branch="False" />
            <line number="107" hits="13" branch="False" />
            <line number="108" hits="13" branch="False" />
            <line number="109" hits="1" branch="False" />
            <line number="110" hits="1" branch="False" />
            <line number="111" hits="24" branch="False" />
            <line number="112" hits="24" branch="False" />
            <line number="115" hits="24" branch="False" />
            <line number="116" hits="24" branch="False" />
            <line number="117" hits="24" branch="False" />
            <line number="120" hits="24" branch="False" />
            <line number="121" hits="24" branch="False" />
            <line number="122" hits="24" branch="False" />
            <line number="123" hits="24" branch="False" />
            <line number="124" hits="24" branch="False" />
            <line number="125" hits="24" branch="False" />
          </lines>
        </class>
        <class name="WebApplication1.Program.ServiceCollectionExtension" filename="Program\ServiceCollectionExtension.cs" line-rate="1" branch-rate="1" complexity="3">
          <methods>
            <method name="AddServices" signature="(Microsoft.Extensions.DependencyInjection.IServiceCollection)" line-rate="1" branch-rate="1" complexity="1">
              <lines>
                <line number="22" hits="24" branch="False" />
                <line number="23" hits="24" branch="False" />
                <line number="24" hits="24" branch="False" />
                <line number="25" hits="24" branch="False" />
                <line number="26" hits="24" branch="False" />
                <line number="27" hits="24" branch="False" />
                <line number="28" hits="24" branch="False" />
                <line number="33" hits="24" branch="False" />
                <line number="38" hits="24" branch="False" />
                <line number="39" hits="24" branch="False" />
                <line number="40" hits="24" branch="False" />
              </lines>
            </method>
            <method name="AddRepositories" signature="(Microsoft.Extensions.DependencyInjection.IServiceCollection)" line-rate="1" branch-rate="1" complexity="1">
              <lines>
                <line number="43" hits="24" branch="False" />
                <line number="44" hits="24" branch="False" />
                <line number="45" hits="24" branch="False" />
                <line number="46" hits="24" branch="False" />
                <line number="47" hits="24" branch="False" />
                <line number="48" hits="24" branch="False" />
                <line number="50" hits="24" branch="False" />
              </lines>
            </method>
            <method name="AddCommandHandlers" signature="(Microsoft.Extensions.DependencyInjection.IServiceCollection)" line-rate="1" branch-rate="1" complexity="1">
              <lines>
                <line number="53" hits="24" branch="False" />
                <line number="55" hits="24" branch="False" />
                <line number="56" hits="24" branch="False" />
                <line number="57" hits="24" branch="False" />
                <line number="58" hits="24" branch="False" />
                <line number="61" hits="24" branch="False" />
                <line number="64" hits="24" branch="False" />
                <line number="65" hits="24" branch="False" />
                <line number="68" hits="24" branch="False" />
                <line number="69" hits="24" branch="False" />
                <line number="70" hits="24" branch="False" />
                <line number="74" hits="24" branch="False" />
                <line number="75" hits="24" branch="False" />
                <line number="79" hits="24" branch="False" />
                <line number="80" hits="24" branch="False" />
                <line number="82" hits="24" branch="False" />
                <line number="83" hits="24" branch="False" />
                <line number="84" hits="24" branch="False" />
                <line number="87" hits="24" branch="False" />
                <line number="88" hits="24" branch="False" />
                <line number="95" hits="24" branch="False" />
              </lines>
            </method>
          </methods>
          <lines>
            <line number="22" hits="24" branch="False" />
            <line number="23" hits="24" branch="False" />
            <line number="24" hits="24" branch="False" />
            <line number="25" hits="24" branch="False" />
            <line number="26" hits="24" branch="False" />
            <line number="27" hits="24" branch="False" />
            <line number="28" hits="24" branch="False" />
            <line number="33" hits="24" branch="False" />
            <line number="38" hits="24" branch="False" />
            <line number="39" hits="24" branch="False" />
            <line number="40" hits="24" branch="False" />
            <line number="43" hits="24" branch="False" />
            <line number="44" hits="24" branch="False" />
            <line number="45" hits="24" branch="False" />
            <line number="46" hits="24" branch="False" />
            <line number="47" hits="24" branch="False" />
            <line number="48" hits="24" branch="False" />
            <line number="50" hits="24" branch="False" />
            <line number="53" hits="24" branch="False" />
            <line number="55" hits="24" branch="False" />
            <line number="56" hits="24" branch="False" />
            <line number="57" hits="24" branch="False" />
            <line number="58" hits="24" branch="False" />
            <line number="61" hits="24" branch="False" />
            <line number="64" hits="24" branch="False" />
            <line number="65" hits="24" branch="False" />
            <line number="68" hits="24" branch="False" />
            <line number="69" hits="24" branch="False" />
            <line number="70" hits="24" branch="False" />
            <line number="74" hits="24" branch="False" />
            <line number="75" hits="24" branch="False" />
            <line number="79" hits="24" branch="False" />
            <line number="80" hits="24" branch="False" />
            <line number="82" hits="24" branch="False" />
            <line number="83" hits="24" branch="False" />
            <line number="84" hits="24" branch="False" />
            <line number="87" hits="24" branch="False" />
            <line number="88" hits="24" branch="False" />
            <line number="95" hits="24" branch="False" />
          </lines>
        </class>
        <class name="WebApplication1.Infrastructure.Data.TestDataCreatorService" filename="Infrastructure Layer\TestData\TestDataCreatorService.cs" line-rate="0.5776" branch-rate="0.6764" complexity="44">
          <methods>
            <method name="GetCosineFunction" signature="(System.Double,System.Double,System.Double,System.Double)" line-rate="0.8332999999999999" branch-rate="0.5" complexity="2">
              <lines>
                <line number="33" hits="3" branch="False" />
                <line number="34" hits="3" branch="True" condition-coverage="50% (1/2)">
                  <conditions>
                    <condition number="54" type="jump" coverage="50%" />
                  </conditions>
                </line>
                <line number="35" hits="0" branch="False" />
                <line number="36" hits="0" branch="False" />
                <line number="39" hits="3" branch="False" />
                <line number="40" hits="121" branch="False" />
                <line number="41" hits="121" branch="False" />
                <line number="42" hits="121" branch="False" />
                <line number="43" hits="121" branch="False" />
                <line number="44" hits="121" branch="False" />
                <line number="45" hits="124" branch="False" />
                <line number="46" hits="3" branch="False" />
              </lines>
            </method>
            <method name="GetNormalFunction" signature="(System.Double,System.Double)" line-rate="1" branch-rate="1" complexity="1">
              <lines>
                <line number="50" hits="6" branch="False" />
                <line number="51" hits="251" branch="False" />
                <line number="52" hits="6" branch="False" />
              </lines>
            </method>
            <method name="GetLinearFuncition" signature="(System.Double,System.Double)" line-rate="1" branch-rate="1" complexity="1">
              <lines>
                <line number="55" hits="1" branch="False" />
                <line number="56" hits="168" branch="False" />
                <line number="57" hits="1" branch="False" />
              </lines>
            </method>
            <method name="SLETTES_GenerateDistributionFromTimeline" signature="(System.Collections.Generic.List`1&lt;System.DateTime&gt;,System.Func`2&lt;System.DateTime,System.Int32&gt;,System.Func`2&lt;System.Double,System.Double&gt;)" line-rate="1" branch-rate="1" complexity="2">
              <lines>
                <line number="65" hits="3" branch="False" />
                <line number="66" hits="3" branch="False" />
                <line number="68" hits="567" branch="True" condition-coverage="100% (2/2)">
                  <conditions>
                    <condition number="63" type="jump" coverage="100%" />
                  </conditions>
                </line>
                <line number="69" hits="279" branch="False" />
                <line number="70" hits="279" branch="False" />
                <line number="71" hits="279" branch="False" />
                <line number="72" hits="279" branch="False" />
                <line number="73" hits="279" branch="False" />
                <line number="75" hits="3" branch="False" />
                <line number="76" hits="3" branch="False" />
              </lines>
            </method>
            <method name="GenerateHourlyDistibutionFromTimeline" signature="(System.Collections.Generic.List`1&lt;System.DateTime&gt;,System.Func`2&lt;System.Double,System.Double&gt;)" line-rate="0" branch-rate="0" complexity="2">
              <lines>
                <line number="79" hits="0" branch="False" />
                <line number="80" hits="0" branch="False" />
                <line number="82" hits="0" branch="True" condition-coverage="0% (0/2)">
                  <conditions>
                    <condition number="82" type="jump" coverage="0%" />
                  </conditions>
                </line>
                <line number="83" hits="0" branch="False" />
                <line number="84" hits="0" branch="False" />
                <line number="86" hits="0" branch="False" />
                <line number="88" hits="0" branch="False" />
                <line number="89" hits="0" branch="False" />
                <line number="91" hits="0" branch="False" />
                <line number="92" hits="0" branch="False" />
              </lines>
            </method>
            <method name="GenerateDatelyDistributionFromTimeline" signature="(System.Collections.Generic.List`1&lt;System.DateTime&gt;,System.Func`2&lt;System.Double,System.Double&gt;)" line-rate="0" branch-rate="0" complexity="2">
              <lines>
                <line number="95" hits="0" branch="False" />
                <line number="96" hits="0" branch="False" />
                <line number="98" hits="0" branch="True" condition-coverage="0% (0/2)">
                  <conditions>
                    <condition number="63" type="jump" coverage="0%" />
                  </conditions>
                </line>
                <line number="99" hits="0" branch="False" />
                <line number="100" hits="0" branch="False" />
                <line number="102" hits="0" branch="False" />
                <line number="104" hits="0" branch="False" />
                <line number="105" hits="0" branch="False" />
                <line number="107" hits="0" branch="False" />
                <line number="108" hits="0" branch="False" />
              </lines>
            </method>
            <method name="GenerateDayOfYearDistributionFromTimeline" signature="(System.Collections.Generic.List`1&lt;System.DateTime&gt;,System.Func`2&lt;System.Double,System.Double&gt;)" line-rate="0" branch-rate="0" complexity="2">
              <lines>
                <line number="111" hits="0" branch="False" />
                <line number="112" hits="0" branch="False" />
                <line number="114" hits="0" branch="True" condition-coverage="0% (0/2)">
                  <conditions>
                    <condition number="63" type="jump" coverage="0%" />
                  </conditions>
                </line>
                <line number="115" hits="0" branch="False" />
                <line number="116" hits="0" branch="False" />
                <line number="118" hits="0" branch="False" />
                <line number="120" hits="0" branch="False" />
                <line number="121" hits="0" branch="False" />
                <line number="123" hits="0" branch="False" />
                <line number="124" hits="0" branch="False" />
              </lines>
            </method>
            <method name="GenerateMonthlyDistributionFromTimeline" signature="(System.Collections.Generic.List`1&lt;System.DateTime&gt;,System.Func`2&lt;System.Double,System.Double&gt;)" line-rate="0" branch-rate="0" complexity="2">
              <lines>
                <line number="127" hits="0" branch="False" />
                <line number="128" hits="0" branch="False" />
                <line number="130" hits="0" branch="True" condition-coverage="0% (0/2)">
                  <conditions>
                    <condition number="63" type="jump" coverage="0%" />
                  </conditions>
                </line>
                <line number="131" hits="0" branch="False" />
                <line number="132" hits="0" branch="False" />
                <line number="134" hits="0" branch="False" />
                <line number="136" hits="0" branch="False" />
                <line number="137" hits="0" branch="False" />
                <line number="139" hits="0" branch="False" />
                <line number="140" hits="0" branch="False" />
              </lines>
            </method>
            <method name="GenerateYearlyDistributionFromTimeline" signature="(System.Collections.Generic.List`1&lt;System.DateTime&gt;,System.Func`2&lt;System.Double,System.Double&gt;)" line-rate="0" branch-rate="0" complexity="2">
              <lines>
                <line number="143" hits="0" branch="False" />
                <line number="144" hits="0" branch="False" />
                <line number="146" hits="0" branch="True" condition-coverage="0% (0/2)">
                  <conditions>
                    <condition number="63" type="jump" coverage="0%" />
                  </conditions>
                </line>
                <line number="147" hits="0" branch="False" />
                <line number="148" hits="0" branch="False" />
                <line number="150" hits="0" branch="False" />
                <line number="152" hits="0" branch="False" />
                <line number="153" hits="0" branch="False" />
                <line number="155" hits="0" branch="False" />
                <line number="156" hits="0" branch="False" />
              </lines>
            </method>
            <method name="CreateSimpleOpeningHoursForWeek" signature="(NodaTime.LocalTime,NodaTime.LocalTime)" line-rate="1" branch-rate="1" complexity="2">
              <lines>
                <line number="159" hits="3" branch="False" />
                <line number="160" hits="3" branch="False" />
                <line number="161" hits="48" branch="True" condition-coverage="100% (2/2)">
                  <conditions>
                    <condition number="38" type="jump" coverage="100%" />
                  </conditions>
                </line>
                <line number="162" hits="21" branch="False" />
                <line number="163" hits="21" branch="False" />
                <line number="164" hits="21" branch="False" />
                <line number="165" hits="3" branch="False" />
                <line number="166" hits="3" branch="False" />
              </lines>
            </method>
            <method name="SLETTES_DistrubutionBasedOnTimlineAndOpeningHours" signature="(System.Collections.Generic.List`1&lt;System.DateTime&gt;,System.Collections.Generic.List`1&lt;WebApplication1.Domain_Layer.Entities.OpeningHours&gt;)" line-rate="1" branch-rate="1" complexity="6">
              <lines>
                <line number="169" hits="3" branch="False" />
                <line number="170" hits="51" branch="True" condition-coverage="100% (2/2)">
                  <conditions>
                    <condition number="58" type="jump" coverage="100%" />
                  </conditions>
                </line>
                <line number="171" hits="21" branch="False" />
                <line number="172" hits="1499" branch="True" condition-coverage="100% (4/4)">
                  <conditions>
                    <condition number="18" type="jump" coverage="100%" />
                    <condition number="62" type="jump" coverage="100%" />
                  </conditions>
                </line>
                <line number="173" hits="21" branch="False" />
                <line number="174" hits="3" branch="False" />
                <line number="175" hits="3" branch="False" />
              </lines>
            </method>
            <method name="AggregateDistributions" signature="(System.Collections.Generic.List`1&lt;System.Collections.Generic.Dictionary`2&lt;System.DateTime,System.Int32&gt;&gt;)" line-rate="1" branch-rate="1" complexity="6">
              <lines>
                <line number="178" hits="1" branch="False" />
                <line number="179" hits="1" branch="False" />
                <line number="181" hits="9" branch="True" condition-coverage="100% (2/2)">
                  <conditions>
                    <condition number="162" type="jump" coverage="100%" />
                  </conditions>
                </line>
                <line number="182" hits="3" branch="False" />
                <line number="183" hits="63" branch="True" condition-coverage="100% (2/2)">
                  <conditions>
                    <condition number="135" type="jump" coverage="100%" />
                  </conditions>
                </line>
                <line number="184" hits="27" branch="False" />
                <line number="185" hits="27" branch="False" />
                <line number="186" hits="27" branch="False" />
                <line number="188" hits="27" branch="True" condition-coverage="100% (2/2)">
                  <conditions>
                    <condition number="79" type="jump" coverage="100%" />
                  </conditions>
                </line>
                <line number="189" hits="18" branch="False" />
                <line number="190" hits="18" branch="False" />
                <line number="191" hits="18" branch="False" />
                <line number="193" hits="9" branch="False" />
                <line number="194" hits="9" branch="False" />
                <line number="195" hits="9" branch="False" />
                <line number="196" hits="27" branch="False" />
                <line number="197" hits="3" branch="False" />
                <line number="199" hits="1" branch="False" />
                <line number="200" hits="1" branch="False" />
              </lines>
            </method>
            <method name="SaleGenerator" signature="(System.Collections.Generic.List`1&lt;System.ValueTuple`2&lt;WebApplication1.Domain_Layer.Entities.Item,System.Int32&gt;&gt;,System.Collections.Generic.Dictionary`2&lt;System.DateTime,System.Int32&gt;)" line-rate="1" branch-rate="1" complexity="6">
              <lines>
                <line number="203" hits="1" branch="False" />
                <line number="204" hits="1" branch="False" />
                <line number="207" hits="39" branch="True" condition-coverage="100% (2/2)">
                  <conditions>
                    <condition number="222" type="jump" coverage="100%" />
                  </conditions>
                </line>
                <line number="208" hits="18" branch="False" />
                <line number="209" hits="18" branch="False" />
                <line number="210" hits="18" branch="False" />
                <line number="212" hits="136" branch="True" condition-coverage="100% (2/2)">
                  <conditions>
                    <condition number="209" type="jump" coverage="100%" />
                  </conditions>
                </line>
                <line number="213" hits="50" branch="False" />
                <line number="215" hits="50" branch="False" />
                <line number="216" hits="50" branch="False" />
                <line number="217" hits="50" branch="False" />
                <line number="218" hits="100" branch="False" />
                <line number="219" hits="50" branch="False" />
                <line number="220" hits="50" branch="False" />
                <line number="223" hits="350" branch="True" condition-coverage="100% (2/2)">
                  <conditions>
                    <condition number="164" type="jump" coverage="100%" />
                  </conditions>
                </line>
                <line number="224" hits="100" branch="False" />
                <line number="225" hits="100" branch="False" />
                <line number="226" hits="100" branch="False" />
                <line number="228" hits="50" branch="False" />
                <line number="229" hits="50" branch="False" />
                <line number="230" hits="18" branch="False" />
                <line number="232" hits="1" branch="False" />
                <line number="233" hits="1" branch="False" />
              </lines>
            </method>
            <method name="OpenHoursCalendar" signature="(System.DateTime,System.DateTime,WebApplication1.Utils.TimeResolution,System.Collections.Generic.List`1&lt;WebApplication1.Domain_Layer.Entities.OpeningHours&gt;)" line-rate="1" branch-rate="1" complexity="1">
              <lines>
                <line number="236" hits="2" branch="False" />
                <line number="237" hits="2" branch="False" />
                <line number="238" hits="2" branch="False" />
                <line number="239" hits="2" branch="False" />
              </lines>
            </method>
            <method name="DistributionHour" signature="(System.Collections.Generic.List`1&lt;System.DateTime&gt;,System.Func`2&lt;System.Double,System.Double&gt;)" line-rate="1" branch-rate="1" complexity="1">
              <lines>
                <line number="242" hits="2" branch="False" />
                <line number="243" hits="114" branch="False" />
                <line number="244" hits="2" branch="False" />
              </lines>
            </method>
            <method name="DistributionDay" signature="(System.Collections.Generic.List`1&lt;System.DateTime&gt;,System.Func`2&lt;System.Double,System.Double&gt;)" line-rate="0" branch-rate="1" complexity="1">
              <lines>
                <line number="246" hits="0" branch="False" />
                <line number="247" hits="0" branch="False" />
                <line number="248" hits="0" branch="False" />
              </lines>
            </method>
            <method name="DistributionWeek" signature="(System.Collections.Generic.List`1&lt;System.DateTime&gt;,System.Func`2&lt;System.Double,System.Double&gt;)" line-rate="0" branch-rate="1" complexity="1">
              <lines>
                <line number="250" hits="0" branch="False" />
                <line number="251" hits="0" branch="False" />
                <line number="252" hits="0" branch="False" />
                <line number="253" hits="0" branch="False" />
              </lines>
            </method>
            <method name="DistributionDayOfYear" signature="(System.Collections.Generic.List`1&lt;System.DateTime&gt;,System.Func`2&lt;System.Double,System.Double&gt;)" line-rate="0" branch-rate="1" complexity="1">
              <lines>
                <line number="256" hits="0" branch="False" />
                <line number="257" hits="0" branch="False" />
                <line number="258" hits="0" branch="False" />
              </lines>
            </method>
            <method name="DistributionMonth" signature="(System.Collections.Generic.List`1&lt;System.DateTime&gt;,System.Func`2&lt;System.Double,System.Double&gt;)" line-rate="0" branch-rate="1" complexity="1">
              <lines>
                <line number="261" hits="0" branch="False" />
                <line number="262" hits="0" branch="False" />
                <line number="263" hits="0" branch="False" />
              </lines>
            </method>
            <method name="DistributionYear" signature="(System.Collections.Generic.List`1&lt;System.DateTime&gt;,System.Func`2&lt;System.Double,System.Double&gt;)" line-rate="0" branch-rate="1" complexity="1">
              <lines>
                <line number="266" hits="0" branch="False" />
                <line number="267" hits="0" branch="False" />
                <line number="268" hits="0" branch="False" />
              </lines>
            </method>
            <method name=".ctor" signature="()" line-rate="1" branch-rate="1" complexity="1">
              <lines>
                <line number="60" hits="7" branch="False" />
                <line number="61" hits="7" branch="False" />
                <line number="62" hits="7" branch="False" />
              </lines>
            </method>
          </methods>
          <lines>
            <line number="33" hits="3" branch="False" />
            <line number="34" hits="3" branch="True" condition-coverage="50% (1/2)">
              <conditions>
                <condition number="54" type="jump" coverage="50%" />
              </conditions>
            </line>
            <line number="35" hits="0" branch="False" />
            <line number="36" hits="0" branch="False" />
            <line number="39" hits="3" branch="False" />
            <line number="40" hits="121" branch="False" />
            <line number="41" hits="121" branch="False" />
            <line number="42" hits="121" branch="False" />
            <line number="43" hits="121" branch="False" />
            <line number="44" hits="121" branch="False" />
            <line number="45" hits="124" branch="False" />
            <line number="46" hits="3" branch="False" />
            <line number="50" hits="6" branch="False" />
            <line number="51" hits="251" branch="False" />
            <line number="52" hits="6" branch="False" />
            <line number="55" hits="1" branch="False" />
            <line number="56" hits="168" branch="False" />
            <line number="57" hits="1" branch="False" />
            <line number="65" hits="3" branch="False" />
            <line number="66" hits="3" branch="False" />
            <line number="68" hits="567" branch="True" condition-coverage="100% (2/2)">
              <conditions>
                <condition number="63" type="jump" coverage="100%" />
              </conditions>
            </line>
            <line number="69" hits="279" branch="False" />
            <line number="70" hits="279" branch="False" />
            <line number="71" hits="279" branch="False" />
            <line number="72" hits="279" branch="False" />
            <line number="73" hits="279" branch="False" />
            <line number="75" hits="3" branch="False" />
            <line number="76" hits="3" branch="False" />
            <line number="79" hits="0" branch="False" />
            <line number="80" hits="0" branch="False" />
            <line number="82" hits="0" branch="True" condition-coverage="0% (0/2)">
              <conditions>
                <condition number="82" type="jump" coverage="0%" />
              </conditions>
            </line>
            <line number="83" hits="0" branch="False" />
            <line number="84" hits="0" branch="False" />
            <line number="86" hits="0" branch="False" />
            <line number="88" hits="0" branch="False" />
            <line number="89" hits="0" branch="False" />
            <line number="91" hits="0" branch="False" />
            <line number="92" hits="0" branch="False" />
            <line number="95" hits="0" branch="False" />
            <line number="96" hits="0" branch="False" />
            <line number="98" hits="0" branch="True" condition-coverage="0% (0/2)">
              <conditions>
                <condition number="63" type="jump" coverage="0%" />
              </conditions>
            </line>
            <line number="99" hits="0" branch="False" />
            <line number="100" hits="0" branch="False" />
            <line number="102" hits="0" branch="False" />
            <line number="104" hits="0" branch="False" />
            <line number="105" hits="0" branch="False" />
            <line number="107" hits="0" branch="False" />
            <line number="108" hits="0" branch="False" />
            <line number="111" hits="0" branch="False" />
            <line number="112" hits="0" branch="False" />
            <line number="114" hits="0" branch="True" condition-coverage="0% (0/2)">
              <conditions>
                <condition number="63" type="jump" coverage="0%" />
              </conditions>
            </line>
            <line number="115" hits="0" branch="False" />
            <line number="116" hits="0" branch="False" />
            <line number="118" hits="0" branch="False" />
            <line number="120" hits="0" branch="False" />
            <line number="121" hits="0" branch="False" />
            <line number="123" hits="0" branch="False" />
            <line number="124" hits="0" branch="False" />
            <line number="127" hits="0" branch="False" />
            <line number="128" hits="0" branch="False" />
            <line number="130" hits="0" branch="True" condition-coverage="0% (0/2)">
              <conditions>
                <condition number="63" type="jump" coverage="0%" />
              </conditions>
            </line>
            <line number="131" hits="0" branch="False" />
            <line number="132" hits="0" branch="False" />
            <line number="134" hits="0" branch="False" />
            <line number="136" hits="0" branch="False" />
            <line number="137" hits="0" branch="False" />
            <line number="139" hits="0" branch="False" />
            <line number="140" hits="0" branch="False" />
            <line number="143" hits="0" branch="False" />
            <line number="144" hits="0" branch="False" />
            <line number="146" hits="0" branch="True" condition-coverage="0% (0/2)">
              <conditions>
                <condition number="63" type="jump" coverage="0%" />
              </conditions>
            </line>
            <line number="147" hits="0" branch="False" />
            <line number="148" hits="0" branch="False" />
            <line number="150" hits="0" branch="False" />
            <line number="152" hits="0" branch="False" />
            <line number="153" hits="0" branch="False" />
            <line number="155" hits="0" branch="False" />
            <line number="156" hits="0" branch="False" />
            <line number="159" hits="3" branch="False" />
            <line number="160" hits="3" branch="False" />
            <line number="161" hits="48" branch="True" condition-coverage="100% (2/2)">
              <conditions>
                <condition number="38" type="jump" coverage="100%" />
              </conditions>
            </line>
            <line number="162" hits="21" branch="False" />
            <line number="163" hits="21" branch="False" />
            <line number="164" hits="21" branch="False" />
            <line number="165" hits="3" branch="False" />
            <line number="166" hits="3" branch="False" />
            <line number="169" hits="3" branch="False" />
            <line number="170" hits="51" branch="True" condition-coverage="100% (2/2)">
              <conditions>
                <condition number="58" type="jump" coverage="100%" />
              </conditions>
            </line>
            <line number="171" hits="21" branch="False" />
            <line number="172" hits="1499" branch="True" condition-coverage="100% (4/4)">
              <conditions>
                <condition number="18" type="jump" coverage="100%" />
                <condition number="62" type="jump" coverage="100%" />
              </conditions>
            </line>
            <line number="173" hits="21" branch="False" />
            <line number="174" hits="3" branch="False" />
            <line number="175" hits="3" branch="False" />
            <line number="178" hits="1" branch="False" />
            <line number="179" hits="1" branch="False" />
            <line number="181" hits="9" branch="True" condition-coverage="100% (2/2)">
              <conditions>
                <condition number="162" type="jump" coverage="100%" />
              </conditions>
            </line>
            <line number="182" hits="3" branch="False" />
            <line number="183" hits="63" branch="True" condition-coverage="100% (2/2)">
              <conditions>
                <condition number="135" type="jump" coverage="100%" />
              </conditions>
            </line>
            <line number="184" hits="27" branch="False" />
            <line number="185" hits="27" branch="False" />
            <line number="186" hits="27" branch="False" />
            <line number="188" hits="27" branch="True" condition-coverage="100% (2/2)">
              <conditions>
                <condition number="79" type="jump" coverage="100%" />
              </conditions>
            </line>
            <line number="189" hits="18" branch="False" />
            <line number="190" hits="18" branch="False" />
            <line number="191" hits="18" branch="False" />
            <line number="193" hits="9" branch="False" />
            <line number="194" hits="9" branch="False" />
            <line number="195" hits="9" branch="False" />
            <line number="196" hits="27" branch="False" />
            <line number="197" hits="3" branch="False" />
            <line number="199" hits="1" branch="False" />
            <line number="200" hits="1" branch="False" />
            <line number="203" hits="1" branch="False" />
            <line number="204" hits="1" branch="False" />
            <line number="207" hits="39" branch="True" condition-coverage="100% (2/2)">
              <conditions>
                <condition number="222" type="jump" coverage="100%" />
              </conditions>
            </line>
            <line number="208" hits="18" branch="False" />
            <line number="209" hits="18" branch="False" />
            <line number="210" hits="18" branch="False" />
            <line number="212" hits="136" branch="True" condition-coverage="100% (2/2)">
              <conditions>
                <condition number="209" type="jump" coverage="100%" />
              </conditions>
            </line>
            <line number="213" hits="50" branch="False" />
            <line number="215" hits="50" branch="False" />
            <line number="216" hits="50" branch="False" />
            <line number="217" hits="50" branch="False" />
            <line number="218" hits="100" branch="False" />
            <line number="219" hits="50" branch="False" />
            <line number="220" hits="50" branch="False" />
            <line number="223" hits="350" branch="True" condition-coverage="100% (2/2)">
              <conditions>
                <condition number="164" type="jump" coverage="100%" />
              </conditions>
            </line>
            <line number="224" hits="100" branch="False" />
            <line number="225" hits="100" branch="False" />
            <line number="226" hits="100" branch="False" />
            <line number="228" hits="50" branch="False" />
            <line number="229" hits="50" branch="False" />
            <line number="230" hits="18" branch="False" />
            <line number="232" hits="1" branch="False" />
            <line number="233" hits="1" branch="False" />
            <line number="236" hits="2" branch="False" />
            <line number="237" hits="2" branch="False" />
            <line number="238" hits="2" branch="False" />
            <line number="239" hits="2" branch="False" />
            <line number="242" hits="2" branch="False" />
            <line number="243" hits="114" branch="False" />
            <line number="244" hits="2" branch="False" />
            <line number="246" hits="0" branch="False" />
            <line number="247" hits="0" branch="False" />
            <line number="248" hits="0" branch="False" />
            <line number="250" hits="0" branch="False" />
            <line number="251" hits="0" branch="False" />
            <line number="252" hits="0" branch="False" />
            <line number="253" hits="0" branch="False" />
            <line number="256" hits="0" branch="False" />
            <line number="257" hits="0" branch="False" />
            <line number="258" hits="0" branch="False" />
            <line number="261" hits="0" branch="False" />
            <line number="262" hits="0" branch="False" />
            <line number="263" hits="0" branch="False" />
            <line number="266" hits="0" branch="False" />
            <line number="267" hits="0" branch="False" />
            <line number="268" hits="0" branch="False" />
            <line number="60" hits="7" branch="False" />
            <line number="61" hits="7" branch="False" />
            <line number="62" hits="7" branch="False" />
          </lines>
        </class>
        <class name="WebApplication1.Infrastructure_Layer.Data.EntityTypeConfiguration.EntityConfigurationBase`1" filename="Infrastructure Layer\Data\EntityTypeConfiguration\IEntityConfiguration.cs" line-rate="0" branch-rate="1" complexity="1">
          <methods>
            <method name="Configure" signature="(Microsoft.EntityFrameworkCore.Metadata.Builders.EntityTypeBuilder`1&lt;T&gt;)" line-rate="0" branch-rate="1" complexity="1">
              <lines>
                <line number="13" hits="0" branch="False" />
                <line number="15" hits="0" branch="False" />
              </lines>
            </method>
          </methods>
          <lines>
            <line number="13" hits="0" branch="False" />
            <line number="15" hits="0" branch="False" />
          </lines>
        </class>
        <class name="WebApplication1.Infrastructure_Layer.Data.EntityTypeConfiguration.PriceConfiguration" filename="Infrastructure Layer\Data\EntityTypeConfiguration\PriceConfiguration.cs" line-rate="0" branch-rate="1" complexity="1">
          <methods>
            <method name="Configure" signature="(Microsoft.EntityFrameworkCore.Metadata.Builders.EntityTypeBuilder`1&lt;WebApplication1.Domain_Layer.Entities.Price&gt;)" line-rate="0" branch-rate="1" complexity="1">
              <lines>
                <line number="9" hits="0" branch="False" />
                <line number="10" hits="0" branch="False" />
                <line number="12" hits="0" branch="False" />
                <line number="14" hits="0" branch="False" />
                <line number="15" hits="0" branch="False" />
                <line number="16" hits="0" branch="False" />
                <line number="17" hits="0" branch="False" />
                <line number="19" hits="0" branch="False" />
              </lines>
            </method>
          </methods>
          <lines>
            <line number="9" hits="0" branch="False" />
            <line number="10" hits="0" branch="False" />
            <line number="12" hits="0" branch="False" />
            <line number="14" hits="0" branch="False" />
            <line number="15" hits="0" branch="False" />
            <line number="16" hits="0" branch="False" />
            <line number="17" hits="0" branch="False" />
            <line number="19" hits="0" branch="False" />
          </lines>
        </class>
        <class name="WebApplication1.Infrastructure_Layer.Data.EntityTypeConfiguration.SaleConfiguration" filename="Infrastructure Layer\Data\EntityTypeConfiguration\SaleConfiguration.cs" line-rate="1" branch-rate="1" complexity="1">
          <methods>
            <method name="Configure" signature="(Microsoft.EntityFrameworkCore.Metadata.Builders.EntityTypeBuilder`1&lt;WebApplication1.Domain_Layer.Entities.Sale&gt;)" line-rate="1" branch-rate="1" complexity="1">
              <lines>
                <line number="9" hits="3" branch="False" />
                <line number="12" hits="3" branch="False" />
                <line number="14" hits="3" branch="False" />
                <line number="16" hits="3" branch="False" />
                <line number="18" hits="3" branch="False" />
                <line number="22" hits="3" branch="False" />
              </lines>
            </method>
          </methods>
          <lines>
            <line number="9" hits="3" branch="False" />
            <line number="12" hits="3" branch="False" />
            <line number="14" hits="3" branch="False" />
            <line number="16" hits="3" branch="False" />
            <line number="18" hits="3" branch="False" />
            <line number="22" hits="3" branch="False" />
          </lines>
        </class>
        <class name="WebApplication1.Infrastructure_Layer.DataTransferObjects.ItemDTO" filename="Infrastructure Layer\DataTransferObjects\ItemDTO.cs" line-rate="0" branch-rate="1" complexity="3">
          <methods>
            <method name="get_Name" signature="()" line-rate="0" branch-rate="1" complexity="1">
              <lines>
                <line number="8" hits="0" branch="False" />
              </lines>
            </method>
            <method name="get_Price" signature="()" line-rate="0" branch-rate="1" complexity="1">
              <lines>
                <line number="9" hits="0" branch="False" />
              </lines>
            </method>
            <method name=".ctor" signature="(WebApplication1.Domain_Layer.Entities.Item)" line-rate="0" branch-rate="1" complexity="1">
              <lines>
                <line number="11" hits="0" branch="False" />
                <line number="12" hits="0" branch="False" />
                <line number="13" hits="0" branch="False" />
                <line number="14" hits="0" branch="False" />
                <line number="15" hits="0" branch="False" />
                <line number="16" hits="0" branch="False" />
              </lines>
            </method>
          </methods>
          <lines>
            <line number="8" hits="0" branch="False" />
            <line number="9" hits="0" branch="False" />
            <line number="11" hits="0" branch="False" />
            <line number="12" hits="0" branch="False" />
            <line number="13" hits="0" branch="False" />
            <line number="14" hits="0" branch="False" />
            <line number="15" hits="0" branch="False" />
            <line number="16" hits="0" branch="False" />
          </lines>
        </class>
        <class name="WebApplication1.Infrastructure_Layer.DataTransferObjects.SaleDTO" filename="Infrastructure Layer\DataTransferObjects\SaleDTO.cs" line-rate="1" branch-rate="0.5" complexity="8">
          <methods>
            <method name="get_id" signature="()" line-rate="1" branch-rate="1" complexity="1">
              <lines>
                <line number="7" hits="2" branch="False" />
              </lines>
            </method>
            <method name="get_TimestampArrival" signature="()" line-rate="1" branch-rate="1" complexity="1">
              <lines>
                <line number="8" hits="2" branch="False" />
              </lines>
            </method>
            <method name="get_TimestampPayment" signature="()" line-rate="1" branch-rate="1" complexity="1">
              <lines>
                <line number="9" hits="1" branch="False" />
              </lines>
            </method>
            <method name="get_SalesItems" signature="()" line-rate="1" branch-rate="1" complexity="1">
              <lines>
                <line number="10" hits="2" branch="False" />
              </lines>
            </method>
            <method name="get_Table" signature="()" line-rate="1" branch-rate="1" complexity="1">
              <lines>
                <line number="11" hits="2" branch="False" />
              </lines>
            </method>
            <method name="get_Employee" signature="()" line-rate="1" branch-rate="1" complexity="1">
              <lines>
                <line number="12" hits="1" branch="False" />
              </lines>
            </method>
            <method name=".ctor" signature="(WebApplication1.Domain_Layer.Entities.Sale)" line-rate="1" branch-rate="0.5" complexity="2">
              <lines>
                <line number="15" hits="1" branch="False" />
                <line number="16" hits="1" branch="False" />
                <line number="17" hits="1" branch="False" />
                <line number="18" hits="1" branch="False" />
                <line number="19" hits="1" branch="False" />
                <line number="20" hits="2" branch="False" />
                <line number="21" hits="1" branch="True" condition-coverage="50% (1/2)">
                  <conditions>
                    <condition number="161" type="jump" coverage="50%" />
                  </conditions>
                </line>
                <line number="22" hits="1" branch="False" />
              </lines>
            </method>
          </methods>
          <lines>
            <line number="7" hits="2" branch="False" />
            <line number="8" hits="2" branch="False" />
            <line number="9" hits="1" branch="False" />
            <line number="10" hits="2" branch="False" />
            <line number="11" hits="2" branch="False" />
            <line number="12" hits="1" branch="False" />
            <line number="15" hits="1" branch="False" />
            <line number="16" hits="1" branch="False" />
            <line number="17" hits="1" branch="False" />
            <line number="18" hits="1" branch="False" />
            <line number="19" hits="1" branch="False" />
            <line number="20" hits="2" branch="False" />
            <line number="21" hits="1" branch="True" condition-coverage="50% (1/2)">
              <conditions>
                <condition number="161" type="jump" coverage="50%" />
              </conditions>
            </line>
            <line number="22" hits="1" branch="False" />
          </lines>
        </class>
        <class name="WebApplication1.ControllersBui.UserContextController" filename="Infrastructure Layer\Controllers\UserContextController.cs" line-rate="0" branch-rate="1" complexity="2">
          <methods>
            <method name="GetAccessibleEstablishments" signature="(WebApplication1.Services.IUserContextService)" line-rate="0" branch-rate="1" complexity="1">
              <lines>
                <line number="12" hits="0" branch="False" />
                <line number="13" hits="0" branch="False" />
                <line number="14" hits="0" branch="False" />
                <line number="15" hits="0" branch="False" />
                <line number="16" hits="0" branch="False" />
              </lines>
            </method>
            <method name="GetActiveEstablishment" signature="(WebApplication1.Services.IUserContextService)" line-rate="0" branch-rate="1" complexity="1">
              <lines>
                <line number="20" hits="0" branch="False" />
                <line number="21" hits="0" branch="False" />
                <line number="22" hits="0" branch="False" />
              </lines>
            </method>
          </methods>
          <lines>
            <line number="12" hits="0" branch="False" />
            <line number="13" hits="0" branch="False" />
            <line number="14" hits="0" branch="False" />
            <line number="15" hits="0" branch="False" />
            <line number="16" hits="0" branch="False" />
            <line number="20" hits="0" branch="False" />
            <line number="21" hits="0" branch="False" />
            <line number="22" hits="0" branch="False" />
          </lines>
        </class>
        <class name="WebApplication1.Controllers.AnalysisController/&lt;CorrelationCoefficientAndLag&gt;d__0" filename="Infrastructure Layer\Controllers\AnalysisController.cs" line-rate="0" branch-rate="1" complexity="1">
          <methods>
            <method name="MoveNext" signature="()" line-rate="0" branch-rate="1" complexity="1">
              <lines>
                <line number="38" hits="0" branch="False" />
                <line number="40" hits="0" branch="False" />
                <line number="41" hits="0" branch="False" />
                <line number="42" hits="0" branch="False" />
              </lines>
            </method>
          </methods>
          <lines>
            <line number="38" hits="0" branch="False" />
            <line number="40" hits="0" branch="False" />
            <line number="41" hits="0" branch="False" />
            <line number="42" hits="0" branch="False" />
          </lines>
        </class>
        <class name="WebApplication1.Controllers.AnalysisController/&lt;TimeOfVisitTotalPrice&gt;d__1" filename="Infrastructure Layer\Controllers\AnalysisController.cs" line-rate="0" branch-rate="1" complexity="1">
          <methods>
            <method name="MoveNext" signature="()" line-rate="0" branch-rate="1" complexity="1">
              <lines>
                <line number="55" hits="0" branch="False" />
                <line number="57" hits="0" branch="False" />
                <line number="58" hits="0" branch="False" />
              </lines>
            </method>
          </methods>
          <lines>
            <line number="55" hits="0" branch="False" />
            <line number="57" hits="0" branch="False" />
            <line number="58" hits="0" branch="False" />
          </lines>
        </class>
        <class name="WebApplication1.Controllers.AuthenticationController" filename="Infrastructure Layer\Controllers\AuthenticationController.cs" line-rate="1" branch-rate="1" complexity="2">
          <methods>
            <method name="IsLoggedIn" signature="(WebApplication1.Services.IAuthService)" line-rate="1" branch-rate="1" complexity="1">
              <lines>
                <line number="35" hits="7" branch="False" />
                <line number="36" hits="7" branch="False" />
                <line number="37" hits="7" branch="False" />
              </lines>
            </method>
            <method name="LogOut" signature="()" line-rate="1" branch-rate="1" complexity="1">
              <lines>
                <line number="42" hits="1" branch="False" />
                <line number="43" hits="1" branch="False" />
                <line number="44" hits="1" branch="False" />
                <line number="45" hits="1" branch="False" />
              </lines>
            </method>
          </methods>
          <lines>
            <line number="35" hits="7" branch="False" />
            <line number="36" hits="7" branch="False" />
            <line number="37" hits="7" branch="False" />
            <line number="42" hits="1" branch="False" />
            <line number="43" hits="1" branch="False" />
            <line number="44" hits="1" branch="False" />
            <line number="45" hits="1" branch="False" />
          </lines>
        </class>
        <class name="WebApplication1.Controllers.AuthenticationController/&lt;LogIn&gt;d__0" filename="Infrastructure Layer\Controllers\AuthenticationController.cs" line-rate="0.6666" branch-rate="1" complexity="1">
          <methods>
            <method name="MoveNext" signature="()" line-rate="0.6666" branch-rate="1" complexity="1">
              <lines>
                <line number="19" hits="4" branch="False" />
                <line number="21" hits="4" branch="False" />
                <line number="22" hits="4" branch="False" />
                <line number="23" hits="4" branch="False" />
                <line number="24" hits="4" branch="False" />
                <line number="26" hits="0" branch="False" />
                <line number="27" hits="0" branch="False" />
                <line number="28" hits="0" branch="False" />
                <line number="30" hits="4" branch="False" />
              </lines>
            </method>
          </methods>
          <lines>
            <line number="19" hits="4" branch="False" />
            <line number="21" hits="4" branch="False" />
            <line number="22" hits="4" branch="False" />
            <line number="23" hits="4" branch="False" />
            <line number="24" hits="4" branch="False" />
            <line number="26" hits="0" branch="False" />
            <line number="27" hits="0" branch="False" />
            <line number="28" hits="0" branch="False" />
            <line number="30" hits="4" branch="False" />
          </lines>
        </class>
        <class name="WebApplication1.Controllers.DataSeedController" filename="Infrastructure Layer\Controllers\DataSeedController.cs" line-rate="0" branch-rate="0" complexity="7">
          <methods>
            <method name="SeedDatabase" signature="(WebApplication1.Infrastructure.Data.ITestDataCreatorService,WebApplication1.Domain_Layer.Services.Repositories.IEstablishmentRepository,WebApplication1.Domain_Layer.Services.Repositories.IUserRepository,WebApplication1.Application_Layer.Services.IUnitOfWork)" line-rate="0" branch-rate="0" complexity="6">
              <lines>
                <line number="24" hits="0" branch="False" />
                <line number="25" hits="0" branch="False" />
                <line number="26" hits="0" branch="False" />
                <line number="27" hits="0" branch="False" />
                <line number="28" hits="0" branch="False" />
                <line number="30" hits="0" branch="False" />
                <line number="31" hits="0" branch="False" />
                <line number="32" hits="0" branch="False" />
                <line number="34" hits="0" branch="False" />
                <line number="36" hits="0" branch="False" />
                <line number="37" hits="0" branch="False" />
                <line number="38" hits="0" branch="False" />
                <line number="39" hits="0" branch="False" />
                <line number="40" hits="0" branch="False" />
                <line number="41" hits="0" branch="False" />
                <line number="43" hits="0" branch="False" />
                <line number="44" hits="0" branch="False" />
                <line number="45" hits="0" branch="False" />
                <line number="46" hits="0" branch="False" />
                <line number="47" hits="0" branch="False" />
                <line number="48" hits="0" branch="False" />
                <line number="49" hits="0" branch="False" />
                <line number="51" hits="0" branch="False" />
                <line number="52" hits="0" branch="False" />
[...]
                <line number="40" hits="0" branch="False" />
                <line number="41" hits="0" branch="False" />
              </lines>
            </method>
          </methods>
          <lines>
            <line number="37" hits="0" branch="False" />
            <line number="38" hits="0" branch="False" />
            <line number="39" hits="0" branch="False" />
            <line number="40" hits="0" branch="False" />
            <line number="41" hits="0" branch="False" />
          </lines>
        </class>
        <class name="WebApplication1.CommandHandlers.Clustering_TimeOfVisit_LengthOfVisit_Command" filename="Application Layer\Handlers\MeanShift\Clustering_TimeOfVisitVSTotalPrice.cs" line-rate="1" branch-rate="1" complexity="1">
          <methods>
            <method name=".ctor" signature="(System.Guid,System.Collections.Generic.List`1&lt;System.Guid&gt;)" line-rate="1" branch-rate="1" complexity="1">
              <lines>
                <line number="46" hits="1" branch="False" />
                <line number="47" hits="1" branch="False" />
                <line number="48" hits="1" branch="False" />
              </lines>
            </method>
          </methods>
          <lines>
            <line number="46" hits="1" branch="False" />
            <line number="47" hits="1" branch="False" />
            <line number="48" hits="1" branch="False" />
          </lines>
        </class>
        <class name="WebApplication1.CommandHandlers.ClusteringReturn" filename="Application Layer\Handlers\MeanShift\Clustering_TimeOfVisitVSTotalPrice.cs" line-rate="0.8887999999999999" branch-rate="1" complexity="3">
          <methods>
            <method name="get_clusters" signature="()" line-rate="1" branch-rate="1" complexity="1">
              <lines>
                <line number="62" hits="2" branch="False" />
              </lines>
            </method>
            <method name="get_calculationValues" signature="()" line-rate="0" branch-rate="1" complexity="1">
              <lines>
                <line number="63" hits="0" branch="False" />
              </lines>
            </method>
            <method name=".ctor" signature="(System.Collections.Generic.List`1&lt;System.Collections.Generic.List`1&lt;System.Guid&gt;&gt;,System.Collections.Generic.List`1&lt;System.ValueTuple`2&lt;System.Guid,System.Collections.Generic.List`1&lt;System.Double&gt;&gt;&gt;)" line-rate="1" branch-rate="1" complexity="1">
              <lines>
                <line number="55" hits="1" branch="False" />
                <line number="56" hits="1" branch="False" />
                <line number="57" hits="1" branch="False" />
                <line number="58" hits="1" branch="False" />
                <line number="59" hits="1" branch="False" />
                <line number="60" hits="1" branch="False" />
                <line number="61" hits="1" branch="False" />
              </lines>
            </method>
          </methods>
          <lines>
            <line number="62" hits="2" branch="False" />
            <line number="63" hits="0" branch="False" />
            <line number="55" hits="1" branch="False" />
            <line number="56" hits="1" branch="False" />
            <line number="57" hits="1" branch="False" />
            <line number="58" hits="1" branch="False" />
            <line number="59" hits="1" branch="False" />
            <line number="60" hits="1" branch="False" />
            <line number="61" hits="1" branch="False" />
          </lines>
        </class>
        <class name="WebApplication1.CommandHandlers.Clustering_TimeOfVisitVSTotalPrice" filename="Application Layer\Handlers\MeanShift\Clustering_TimeOfVisitVSTotalPrice.cs" line-rate="1" branch-rate="1" complexity="1">
          <methods>
            <method name=".ctor" signature="(WebApplication1.Application_Layer.Services.IUnitOfWork,WebApplication1.CommandHandlers.IHandler`2&lt;WebApplication1.Application_Layer.CommandsQueriesHandlersReturns.SalesHandlers.GetSalesDTOCommand,WebApplication1.Application_Layer.Handlers.SalesHandlers.GetSalesRawReturn&gt;)" line-rate="1" branch-rate="1" complexity="1">
              <lines>
                <line number="71" hits="1" branch="False" />
                <line number="72" hits="1" branch="False" />
                <line number="73" hits="1" branch="False" />
                <line number="74" hits="1" branch="False" />
                <line number="75" hits="1" branch="False" />
              </lines>
            </method>
          </methods>
          <lines>
            <line number="71" hits="1" branch="False" />
            <line number="72" hits="1" branch="False" />
            <line number="73" hits="1" branch="False" />
            <line number="74" hits="1" branch="False" />
            <line number="75" hits="1" branch="False" />
          </lines>
        </class>
        <class name="WebApplication1.CommandHandlers.Clustering_TimeOfVisitVSTotalPrice/&lt;&gt;c" filename="Application Layer\Handlers\MeanShift\Clustering_TimeOfVisitVSTotalPrice.cs" line-rate="0" branch-rate="1" complexity="4">
          <methods>
            <method name="&lt;Handle&gt;b__3_0" signature="(WebApplication1.Domain_Layer.Entities.Sale)" line-rate="0" branch-rate="1" complexity="1">
              <lines>
                <line number="85" hits="0" branch="False" />
                <line number="86" hits="0" branch="False" />
                <line number="87" hits="0" branch="False" />
                <line number="88" hits="0" branch="False" />
              </lines>
            </method>
            <method name="&lt;Handle&gt;b__3_1" signature="(System.ValueTuple`2&lt;WebApplication1.Domain_Layer.Entities.Sale,System.Collections.Generic.List`1&lt;System.Double&gt;&gt;)" line-rate="0" branch-rate="1" complexity="1">
              <lines>
                <line number="91" hits="0" branch="False" />
              </lines>
            </method>
            <method name="&lt;Handle&gt;b__3_2" signature="(System.ValueTuple`2&lt;WebApplication1.Domain_Layer.Entities.Sale,System.Collections.Generic.List`1&lt;System.Double&gt;&gt;)" line-rate="0" branch-rate="1" complexity="1">
              <lines>
                <line number="100" hits="0" branch="False" />
              </lines>
            </method>
            <method name="&lt;Handle&gt;b__3_3" signature="(System.Collections.Generic.List`1&lt;WebApplication1.Domain_Layer.Entities.Sale&gt;)" line-rate="0" branch-rate="1" complexity="1">
              <lines>
                <line number="102" hits="0" branch="False" />
              </lines>
            </method>
          </methods>
          <lines>
            <line number="85" hits="0" branch="False" />
            <line number="86" hits="0" branch="False" />
            <line number="87" hits="0" branch="False" />
            <line number="88" hits="0" branch="False" />
            <line number="91" hits="0" branch="False" />
            <line number="100" hits="0" branch="False" />
            <line number="102" hits="0" branch="False" />
          </lines>
        </class>
        <class name="WebApplication1.CommandHandlers.Clustering_TimeOfVisitVSTotalPrice/&lt;Handle&gt;d__3" filename="Application Layer\Handlers\MeanShift\Clustering_TimeOfVisitVSTotalPrice.cs" line-rate="0" branch-rate="1" complexity="1">
          <methods>
            <method name="MoveNext" signature="()" line-rate="0" branch-rate="1" complexity="1">
              <lines>
                <line number="78" hits="0" branch="False" />
                <line number="80" hits="0" branch="False" />
                <line number="81" hits="0" branch="False" />
                <line number="84" hits="0" branch="False" />
                <line number="89" hits="0" branch="False" />
                <line number="93" hits="0" branch="False" />
                <line number="97" hits="0" branch="False" />
                <line number="101" hits="0" branch="False" />
                <line number="103" hits="0" branch="False" />
                <line number="104" hits="0" branch="False" />
                <line number="106" hits="0" branch="False" />
              </lines>
            </method>
          </methods>
          <lines>
            <line number="78" hits="0" branch="False" />
            <line number="80" hits="0" branch="False" />
            <line number="81" hits="0" branch="False" />
            <line number="84" hits="0" branch="False" />
            <line number="89" hits="0" branch="False" />
            <line number="93" hits="0" branch="False" />
            <line number="97" hits="0" branch="False" />
            <line number="101" hits="0" branch="False" />
            <line number="103" hits="0" branch="False" />
            <line number="104" hits="0" branch="False" />
            <line number="106" hits="0" branch="False" />
          </lines>
        </class>
        <class name="WebApplication1.CommandHandlers.Clustering_TimeOfVisitVSLengthOfVisit" filename="Application Layer\Handlers\MeanShift\Clustering_TimeOfVisitVSTotalPrice.cs" line-rate="1" branch-rate="1" complexity="1">
          <methods>
            <method name=".ctor" signature="(WebApplication1.Application_Layer.Services.IUnitOfWork)" line-rate="1" branch-rate="1" complexity="1">
              <lines>
                <line number="113" hits="1" branch="False" />
                <line number="114" hits="1" branch="False" />
                <line number="115" hits="1" branch="False" />
                <line number="116" hits="1" branch="False" />
              </lines>
            </method>
          </methods>
          <lines>
            <line number="113" hits="1" branch="False" />
            <line number="114" hits="1" branch="False" />
            <line number="115" hits="1" branch="False" />
            <line number="116" hits="1" branch="False" />
          </lines>
        </class>
        <class name="WebApplication1.CommandHandlers.Clustering_TimeOfVisitVSLengthOfVisit/&lt;&gt;c" filename="Application Layer\Handlers\MeanShift\Clustering_TimeOfVisitVSTotalPrice.cs" line-rate="0" branch-rate="1" complexity="4">
          <methods>
            <method name="&lt;Handle&gt;b__2_0" signature="(WebApplication1.Domain_Layer.Entities.Sale)" line-rate="0" branch-rate="1" complexity="1">
              <lines>
                <line number="124" hits="0" branch="False" />
              </lines>
            </method>
            <method name="&lt;Handle&gt;b__2_1" signature="(WebApplication1.Domain_Layer.Entities.Sale)" line-rate="0" branch-rate="1" complexity="1">
              <lines>
                <line number="125" hits="0" branch="False" />
                <line number="126" hits="0" branch="False" />
                <line number="127" hits="0" branch="False" />
                <line number="128" hits="0" branch="False" />
              </lines>
            </method>
            <method name="&lt;Handle&gt;b__2_2" signature="(System.Collections.Generic.List`1&lt;WebApplication1.Domain_Layer.Entities.Sale&gt;)" line-rate="0" branch-rate="1" complexity="1">
              <lines>
                <line number="139" hits="0" branch="False" />
              </lines>
            </method>
            <method name="&lt;Handle&gt;b__2_3" signature="(System.ValueTuple`2&lt;WebApplication1.Domain_Layer.Entities.Sale,System.Collections.Generic.List`1&lt;System.Double&gt;&gt;)" line-rate="0" branch-rate="1" complexity="1">
              <lines>
                <line number="140" hits="0" branch="False" />
              </lines>
            </method>
          </methods>
          <lines>
            <line number="124" hits="0" branch="False" />
            <line number="125" hits="0" branch="False" />
            <line number="126" hits="0" branch="False" />
            <line number="127" hits="0" branch="False" />
            <line number="128" hits="0" branch="False" />
            <line number="139" hits="0" branch="False" />
            <line number="140" hits="0" branch="False" />
          </lines>
        </class>
        <class name="WebApplication1.CommandHandlers.Clustering_TimeOfVisitVSLengthOfVisit/&lt;Handle&gt;d__2" filename="Application Layer\Handlers\MeanShift\Clustering_TimeOfVisitVSTotalPrice.cs" line-rate="1" branch-rate="1" complexity="1">
          <methods>
            <method name="MoveNext" signature="()" line-rate="1" branch-rate="1" complexity="1">
              <lines>
                <line number="119" hits="1" branch="False" />
                <line number="121" hits="1" branch="False" />
                <line number="123" hits="1" branch="False" />
                <line number="129" hits="1" branch="False" />
                <line number="131" hits="1" branch="False" />
                <line number="134" hits="1" branch="False" />
                <line number="137" hits="1" branch="False" />
                <line number="138" hits="1" branch="False" />
                <line number="141" hits="1" branch="False" />
                <line number="142" hits="1" branch="False" />
                <line number="143" hits="1" branch="False" />
              </lines>
            </method>
          </methods>
          <lines>
            <line number="119" hits="1" branch="False" />
            <line number="121" hits="1" branch="False" />
            <line number="123" hits="1" branch="False" />
            <line number="129" hits="1" branch="False" />
            <line number="131" hits="1" branch="False" />
            <line number="134" hits="1" branch="False" />
            <line number="137" hits="1" branch="False" />
            <line number="138" hits="1" branch="False" />
            <line number="141" hits="1" branch="False" />
            <line number="142" hits="1" branch="False" />
            <line number="143" hits="1" branch="False" />
          </lines>
        </class>
        <class name="WebApplication1.CommandHandlers.MeanShiftClusteringCommand" filename="Application Layer\Handlers\MeanShift\MeanShiftClustering.cs" line-rate="0" branch-rate="1" complexity="2">
          <methods>
            <method name="get_salesSortingParameters" signature="()" line-rate="0" branch-rate="1" complexity="1">
              <lines>
                <line number="19" hits="0" branch="False" />
              </lines>
            </method>
            <method name="setServiceProvider" signature="(System.IServiceProvider)" line-rate="0" branch-rate="1" complexity="1">
              <lines>
                <line number="23" hits="0" branch="False" />
                <line number="24" hits="0" branch="False" />
                <line number="25" hits="0" branch="False" />
              </lines>
            </method>
          </methods>
          <lines>
            <line number="19" hits="0" branch="False" />
            <line number="23" hits="0" branch="False" />
            <line number="24" hits="0" branch="False" />
            <line number="25" hits="0" branch="False" />
          </lines>
        </class>
        <class name="WebApplication1.CommandHandlers.MeanShiftClusteringReturn" filename="Application Layer\Handlers\MeanShift\MeanShiftClustering.cs" line-rate="0" branch-rate="1" complexity="2">
          <methods>
            <method name="get_clusters" signature="()" line-rate="0" branch-rate="1" complexity="1">
              <lines>
                <line number="79" hits="0" branch="False" />
              </lines>
            </method>
            <method name="get_calculations" signature="()" line-rate="0" branch-rate="1" complexity="1">
              <lines>
                <line number="80" hits="0" branch="False" />
              </lines>
            </method>
          </methods>
          <lines>
            <line number="79" hits="0" branch="False" />
            <line number="80" hits="0" branch="False" />
          </lines>
        </class>
        <class name="WebApplication1.CommandHandlers.salesClustering" filename="Application Layer\Handlers\MeanShift\MeanShiftClustering.cs" line-rate="0" branch-rate="1" complexity="1">
          <methods>
            <method name=".ctor" signature="(System.IServiceProvider,WebApplication1.Services.IUserContextService,WebApplication1.Domain_Layer.Services.Repositories.IEstablishmentRepository,WebApplication1.Domain_Layer.Services.Repositories.ISalesRepository)" line-rate="0" branch-rate="1" complexity="1">
              <lines>
                <line number="88" hits="0" branch="False" />
                <line number="89" hits="0" branch="False" />
                <line number="90" hits="0" branch="False" />
                <line number="91" hits="0" branch="False" />
              </lines>
            </method>
          </methods>
          <lines>
            <line number="88" hits="0" branch="False" />
            <line number="89" hits="0" branch="False" />
            <line number="90" hits="0" branch="False" />
            <line number="91" hits="0" branch="False" />
          </lines>
        </class>
        <class name="WebApplication1.CommandHandlers.salesClustering/&lt;&gt;c" filename="Application Layer\Handlers\MeanShift\MeanShiftClustering.cs" line-rate="0" branch-rate="1" complexity="3">
          <methods>
            <method name="&lt;Handle&gt;b__2_0" signature="(System.ValueTuple`2&lt;WebApplication1.Domain_Layer.Entities.Sale,System.Collections.Generic.Dictionary`2&lt;System.String,System.Double&gt;&gt;)" line-rate="0" branch-rate="1" complexity="1">
              <lines>
                <line number="98" hits="0" branch="False" />
              </lines>
            </method>
            <method name="&lt;Handle&gt;b__2_2" signature="(System.Collections.Generic.List`1&lt;WebApplication1.Domain_Layer.Entities.Sale&gt;)" line-rate="0" branch-rate="1" complexity="1">
              <lines>
                <line number="107" hits="0" branch="False" />
              </lines>
            </method>
            <method name="&lt;Handle&gt;b__2_3" signature="(System.ValueTuple`2&lt;WebApplication1.Domain_Layer.Entities.Sale,System.Collections.Generic.Dictionary`2&lt;System.String,System.Double&gt;&gt;)" line-rate="0" branch-rate="1" complexity="1">
              <lines>
                <line number="108" hits="0" branch="False" />
              </lines>
            </method>
          </methods>
          <lines>
            <line number="98" hits="0" branch="False" />
            <line number="107" hits="0" branch="False" />
            <line number="108" hits="0" branch="False" />
          </lines>
        </class>
        <class name="WebApplication1.CommandHandlers.salesClustering/&lt;Handle&gt;d__2" filename="Application Layer\Handlers\MeanShift\MeanShiftClustering.cs" line-rate="0" branch-rate="1" complexity="1">
          <methods>
            <method name="MoveNext" signature="()" line-rate="0" branch-rate="1" complexity="1">
              <lines>
                <line number="94" hits="0" branch="False" />
                <line number="97" hits="0" branch="False" />
                <line number="101" hits="0" branch="False" />
                <line number="105" hits="0" branch="False" />
                <line number="106" hits="0" branch="False" />
                <line number="109" hits="0" branch="False" />
                <line number="110" hits="0" branch="False" />
              </lines>
            </method>
          </methods>
          <lines>
            <line number="94" hits="0" branch="False" />
            <line number="97" hits="0" branch="False" />
            <line number="101" hits="0" branch="False" />
            <line number="105" hits="0" branch="False" />
            <line number="106" hits="0" branch="False" />
            <line number="109" hits="0" branch="False" />
            <line number="110" hits="0" branch="False" />
          </lines>
        </class>
      </classes>
    </package>
  </packages>
</coverage>